Program will start executing in a bit
/apps/sw/miniconda/envs/ai-4/lib/python3.10/site-packages/torch/utils/_device.py:77: UserWarning: To copy construct from a tensor, it is recommended to use sourceTensor.clone().detach() or sourceTensor.clone().detach().requires_grad_(True), rather than torch.tensor(sourceTensor).
  return func(*args, **kwargs)
✅ Using CUDA globally
GPU: Tesla V100-SXM3-32GB
Current directory: /home/cbe05/MaqamDiffusion
lr = 0.001 Loss 1/300 Loss is L =0.047721631824970245 
lr = 0.001 Loss 2/300 Loss is L =0.04017500951886177 
lr = 0.001 Loss 3/300 Loss is L =0.0318596325814724 
lr = 0.001 Loss 4/300 Loss is L =0.03173094615340233 
lr = 0.001 Loss 5/300 Loss is L =0.028829282149672508 
lr = 0.001 Loss 6/300 Loss is L =0.02626015618443489 
lr = 0.001 Loss 7/300 Loss is L =0.024409962818026543 
lr = 0.001 Loss 8/300 Loss is L =0.021508388221263885 
lr = 0.001 Loss 9/300 Loss is L =0.0207515936344862 
lr = 0.001 Loss 10/300 Loss is L =0.01712474599480629 
lr = 0.001 Loss 11/300 Loss is L =0.01551892887800932 
lr = 0.001 Loss 12/300 Loss is L =0.01484628301113844 
lr = 0.001 Loss 13/300 Loss is L =0.014157040975987911 
lr = 0.001 Loss 14/300 Loss is L =0.014071657322347164 
lr = 0.001 Loss 15/300 Loss is L =0.014775547198951244 
lr = 0.001 Loss 16/300 Loss is L =0.01254673209041357 
lr = 0.001 Loss 17/300 Loss is L =0.011346258223056793 
lr = 0.001 Loss 18/300 Loss is L =0.010199695825576782 
lr = 0.001 Loss 19/300 Loss is L =0.009881249628961086 
lr = 0.001 Loss 20/300 Loss is L =0.010130672715604305 
lr = 0.001 Loss 21/300 Loss is L =0.009911245666444302 
lr = 0.001 Loss 22/300 Loss is L =0.00960563588887453 
lr = 0.001 Loss 23/300 Loss is L =0.009375727735459805 
lr = 0.001 Loss 24/300 Loss is L =0.008969925343990326 
lr = 0.001 Loss 25/300 Loss is L =0.009439442306756973 
lr = 0.001 Loss 26/300 Loss is L =0.009550469927489758 
lr = 0.001 Loss 27/300 Loss is L =0.00813558604568243 
lr = 0.001 Loss 28/300 Loss is L =0.00877297017723322 
lr = 0.001 Loss 29/300 Loss is L =0.00933927483856678 
lr = 0.001 Loss 30/300 Loss is L =0.008458076976239681 
lr = 0.001 Loss 31/300 Loss is L =0.007973573170602322 
lr = 0.001 Loss 32/300 Loss is L =0.008782166056334972 
lr = 0.001 Loss 33/300 Loss is L =0.008578387089073658 
lr = 0.001 Loss 34/300 Loss is L =0.008436069823801517 
lr = 0.001 Loss 35/300 Loss is L =0.008120640181005001 
lr = 0.001 Loss 36/300 Loss is L =0.00841917097568512 
lr = 0.001 Loss 37/300 Loss is L =0.00814369972795248 
lr = 0.001 Loss 38/300 Loss is L =0.008404551073908806 
lr = 0.001 Loss 39/300 Loss is L =0.007498353719711304 
lr = 0.001 Loss 40/300 Loss is L =0.008538726717233658 
lr = 0.001 Loss 41/300 Loss is L =0.007457132916897535 
lr = 0.001 Loss 42/300 Loss is L =0.007591934408992529 
lr = 0.001 Loss 43/300 Loss is L =0.006878533400595188 
lr = 0.001 Loss 44/300 Loss is L =0.0077652172185480595 
lr = 0.001 Loss 45/300 Loss is L =0.007140745408833027 
lr = 0.001 Loss 46/300 Loss is L =0.007708865683525801 
lr = 0.001 Loss 47/300 Loss is L =0.008033634163439274 
lr = 0.001 Loss 48/300 Loss is L =0.007248252630233765 
lr = 0.001 Loss 49/300 Loss is L =0.00713247200474143 
lr = 0.001 Loss 50/300 Loss is L =0.007407351862639189 
lr = 0.001 Loss 51/300 Loss is L =0.006737460382282734 
lr = 0.001 Loss 52/300 Loss is L =0.007384258788079023 
lr = 0.001 Loss 53/300 Loss is L =0.007118572480976582 
lr = 0.001 Loss 54/300 Loss is L =0.006766522768884897 
lr = 0.001 Loss 55/300 Loss is L =0.007333351764827967 
lr = 0.001 Loss 56/300 Loss is L =0.007240557111799717 
lr = 0.001 Loss 57/300 Loss is L =0.007315842900425196 
lr = 0.001 Loss 58/300 Loss is L =0.007239443250000477 
lr = 0.001 Loss 59/300 Loss is L =0.006742288824170828 
lr = 0.001 Loss 60/300 Loss is L =0.006990558002144098 
lr = 0.001 Loss 61/300 Loss is L =0.006939314305782318 
lr = 0.001 Loss 62/300 Loss is L =0.006986991968005896 
lr = 0.001 Loss 63/300 Loss is L =0.006787754595279694 
lr = 0.001 Loss 64/300 Loss is L =0.007103101350367069 
lr = 0.001 Loss 65/300 Loss is L =0.0070213088765740395 
lr = 0.001 Loss 66/300 Loss is L =0.007275935262441635 
lr = 0.001 Loss 67/300 Loss is L =0.006835612002760172 
lr = 0.001 Loss 68/300 Loss is L =0.007490116637200117 
lr = 0.001 Loss 69/300 Loss is L =0.006786574609577656 
lr = 0.001 Loss 70/300 Loss is L =0.00682303449138999 
lr = 0.001 Loss 71/300 Loss is L =0.00704742968082428 
lr = 0.001 Loss 72/300 Loss is L =0.00653877854347229 
lr = 0.001 Loss 73/300 Loss is L =0.006702899932861328 
lr = 0.001 Loss 74/300 Loss is L =0.006777593400329351 
lr = 0.001 Loss 75/300 Loss is L =0.00609378470107913 
lr = 0.001 Loss 76/300 Loss is L =0.006363421678543091 
lr = 0.001 Loss 77/300 Loss is L =0.00725121796131134 
lr = 0.001 Loss 78/300 Loss is L =0.006667367648333311 
lr = 0.001 Loss 79/300 Loss is L =0.00670181168243289 
lr = 0.001 Loss 80/300 Loss is L =0.006578556727617979 
lr = 0.001 Loss 81/300 Loss is L =0.006529511418193579 
lr = 0.001 Loss 82/300 Loss is L =0.006767744664102793 
lr = 0.001 Loss 83/300 Loss is L =0.00702403811737895 
lr = 0.001 Loss 84/300 Loss is L =0.006607709918171167 
lr = 0.001 Loss 85/300 Loss is L =0.006237877998501062 
lr = 0.001 Loss 86/300 Loss is L =0.006945629604160786 
lr = 0.001 Loss 87/300 Loss is L =0.006808446254581213 
lr = 0.001 Loss 88/300 Loss is L =0.006956868804991245 
lr = 0.001 Loss 89/300 Loss is L =0.006682272534817457 
lr = 0.001 Loss 90/300 Loss is L =0.006360094528645277 
lr = 0.001 Loss 91/300 Loss is L =0.006619372870773077 
lr = 0.001 Loss 92/300 Loss is L =0.00639286870136857 
lr = 0.001 Loss 93/300 Loss is L =0.006486677564680576 
lr = 0.001 Loss 94/300 Loss is L =0.005991649813950062 
lr = 0.001 Loss 95/300 Loss is L =0.0072273993864655495 
lr = 0.001 Loss 96/300 Loss is L =0.006959389429539442 
lr = 0.001 Loss 97/300 Loss is L =0.006871331017464399 
lr = 0.001 Loss 98/300 Loss is L =0.006863878108561039 
lr = 0.001 Loss 99/300 Loss is L =0.0062430440448224545 
lr = 0.001 Loss 100/300 Loss is L =0.00611540675163269 
lr = 0.001 Loss 101/300 Loss is L =0.0067269220016896725 
lr = 0.001 Loss 102/300 Loss is L =0.006506617646664381 
lr = 0.001 Loss 103/300 Loss is L =0.006517244037240744 
lr = 0.001 Loss 104/300 Loss is L =0.006139994598925114 
lr = 0.001 Loss 105/300 Loss is L =0.0072273025289177895 
lr = 0.001 Loss 106/300 Loss is L =0.0064077661372721195 
lr = 0.001 Loss 107/300 Loss is L =0.00629012007266283 
lr = 0.001 Loss 108/300 Loss is L =0.006043602246791124 
lr = 0.001 Loss 109/300 Loss is L =0.0066111148335039616 
lr = 0.001 Loss 110/300 Loss is L =0.006412532180547714 
lr = 0.001 Loss 111/300 Loss is L =0.006606388371437788 
lr = 0.001 Loss 112/300 Loss is L =0.006525288801640272 
lr = 0.001 Loss 113/300 Loss is L =0.006652544718235731 
lr = 0.001 Loss 114/300 Loss is L =0.006520797964185476 
lr = 0.001 Loss 115/300 Loss is L =0.006669983267784119 
lr = 0.001 Loss 116/300 Loss is L =0.006314051803201437 
lr = 0.001 Loss 117/300 Loss is L =0.00621040491387248 
lr = 0.001 Loss 118/300 Loss is L =0.006740456912666559 
lr = 0.001 Loss 119/300 Loss is L =0.006827234756201506 
lr = 0.001 Loss 120/300 Loss is L =0.006628774106502533 
lr = 0.001 Loss 121/300 Loss is L =0.007035013288259506 
lr = 0.001 Loss 122/300 Loss is L =0.006687843706458807 
lr = 0.001 Loss 123/300 Loss is L =0.006996651645749807 
lr = 0.001 Loss 124/300 Loss is L =0.00684376060962677 
lr = 0.001 Loss 125/300 Loss is L =0.006377817131578922 
lr = 0.001 Loss 126/300 Loss is L =0.006818327587097883 
lr = 0.001 Loss 127/300 Loss is L =0.006186014506965876 
lr = 0.001 Loss 128/300 Loss is L =0.0063999118283391 
lr = 0.001 Loss 129/300 Loss is L =0.00641778577119112 
lr = 0.001 Loss 130/300 Loss is L =0.005910668987780809 
lr = 0.001 Loss 131/300 Loss is L =0.006285740528255701 
lr = 0.001 Loss 132/300 Loss is L =0.005697998218238354 
lr = 0.001 Loss 133/300 Loss is L =0.007101848255842924 
lr = 0.001 Loss 134/300 Loss is L =0.006020904518663883 
lr = 0.001 Loss 135/300 Loss is L =0.006788795348256826 
lr = 0.001 Loss 136/300 Loss is L =0.0063155293464660645 
lr = 0.001 Loss 137/300 Loss is L =0.007044909987598658 
lr = 0.001 Loss 138/300 Loss is L =0.006611169781535864 
lr = 0.001 Loss 139/300 Loss is L =0.006767635233700275 
lr = 0.001 Loss 140/300 Loss is L =0.0063656712882220745 
lr = 0.001 Loss 141/300 Loss is L =0.006781768053770065 
lr = 0.001 Loss 142/300 Loss is L =0.006198623683303595 
lr = 0.001 Loss 143/300 Loss is L =0.006788335740566254 
lr = 0.001 Loss 144/300 Loss is L =0.006319660227745771 
lr = 0.001 Loss 145/300 Loss is L =0.00624567037448287 
lr = 0.001 Loss 146/300 Loss is L =0.0057396190240979195 
lr = 0.001 Loss 147/300 Loss is L =0.0066285766661167145 
lr = 0.001 Loss 148/300 Loss is L =0.006369487382471561 
lr = 0.001 Loss 149/300 Loss is L =0.005927689373493195 
lr = 0.001 Loss 150/300 Loss is L =0.006145519204437733 
lr = 0.001 Loss 151/300 Loss is L =0.006207470316439867 
lr = 0.001 Loss 152/300 Loss is L =0.006240843329578638 
lr = 0.001 Loss 153/300 Loss is L =0.006197576876729727 
lr = 0.001 Loss 154/300 Loss is L =0.00713048642501235 
lr = 0.001 Loss 155/300 Loss is L =0.00622921995818615 
lr = 0.001 Loss 156/300 Loss is L =0.006176882889121771 
lr = 0.001 Loss 157/300 Loss is L =0.006087633781135082 
lr = 0.001 Loss 158/300 Loss is L =0.006325771100819111 
lr = 0.001 Loss 159/300 Loss is L =0.006126738619059324 
lr = 0.001 Loss 160/300 Loss is L =0.005861264653503895 
lr = 0.001 Loss 161/300 Loss is L =0.006787978112697601 
lr = 0.001 Loss 162/300 Loss is L =0.006344303488731384 
lr = 0.001 Loss 163/300 Loss is L =0.0068360017612576485 
lr = 0.001 Loss 164/300 Loss is L =0.006091602612286806 
lr = 0.001 Loss 165/300 Loss is L =0.006111543159931898 
lr = 0.001 Loss 166/300 Loss is L =0.00710609694942832 
lr = 0.001 Loss 167/300 Loss is L =0.007011590991169214 
lr = 0.001 Loss 168/300 Loss is L =0.0063578360714018345 
lr = 0.001 Loss 169/300 Loss is L =0.006599097978323698 
lr = 0.001 Loss 170/300 Loss is L =0.006561988033354282 
lr = 0.001 Loss 171/300 Loss is L =0.006966888904571533 
lr = 0.001 Loss 172/300 Loss is L =0.0066949971951544285 
lr = 0.001 Loss 173/300 Loss is L =0.006361731793731451 
lr = 0.001 Loss 174/300 Loss is L =0.00640033558011055 
lr = 0.001 Loss 175/300 Loss is L =0.006556271109730005 
lr = 0.001 Loss 176/300 Loss is L =0.006148931570351124 
lr = 0.001 Loss 177/300 Loss is L =0.00663894135504961 
lr = 0.001 Loss 178/300 Loss is L =0.006232025567442179 
lr = 0.001 Loss 179/300 Loss is L =0.006940409075468779 
lr = 0.001 Loss 180/300 Loss is L =0.006238672882318497 
lr = 0.001 Loss 181/300 Loss is L =0.006465497892349958 
lr = 0.001 Loss 182/300 Loss is L =0.006854777690023184 
lr = 0.001 Loss 183/300 Loss is L =0.006825109012424946 
lr = 0.001 Loss 184/300 Loss is L =0.0062162503600120544 
lr = 0.001 Loss 185/300 Loss is L =0.006905339192599058 
lr = 0.001 Loss 186/300 Loss is L =0.005869919899851084 
lr = 0.001 Loss 187/300 Loss is L =0.006498551461845636 
lr = 0.001 Loss 188/300 Loss is L =0.0063418494537472725 
lr = 0.001 Loss 189/300 Loss is L =0.006222911179065704 
lr = 0.001 Loss 190/300 Loss is L =0.00597144803032279 
lr = 0.001 Loss 191/300 Loss is L =0.005892676766961813 
lr = 0.001 Loss 192/300 Loss is L =0.006466555874794722 
lr = 0.001 Loss 193/300 Loss is L =0.0069451662711799145 
lr = 0.001 Loss 194/300 Loss is L =0.006751750595867634 
lr = 0.001 Loss 195/300 Loss is L =0.006064321845769882 
lr = 0.001 Loss 196/300 Loss is L =0.006376946810632944 
lr = 0.001 Loss 197/300 Loss is L =0.005861966870725155 
lr = 0.001 Loss 198/300 Loss is L =0.006409041583538055 
lr = 0.001 Loss 199/300 Loss is L =0.007142986636608839 
lr = 0.001 Loss 200/300 Loss is L =0.006031963974237442 
lr = 0.001 Loss 201/300 Loss is L =0.006528673227876425 
lr = 0.001 Loss 202/300 Loss is L =0.006139839068055153 
lr = 0.001 Loss 203/300 Loss is L =0.006091900169849396 
lr = 0.001 Loss 204/300 Loss is L =0.008990123867988586 
lr = 0.001 Loss 205/300 Loss is L =0.0063697355799376965 
lr = 0.001 Loss 206/300 Loss is L =0.006923195905983448 
lr = 0.001 Loss 207/300 Loss is L =0.006438245065510273 
lr = 0.001 Loss 208/300 Loss is L =0.006625324487686157 
lr = 0.001 Loss 209/300 Loss is L =0.006308756303042173 
lr = 0.001 Loss 210/300 Loss is L =0.006730382330715656 
lr = 0.001 Loss 211/300 Loss is L =0.0066367811523377895 
lr = 0.001 Loss 212/300 Loss is L =0.006602186243981123 
lr = 0.001 Loss 213/300 Loss is L =0.0066281333565711975 
lr = 0.001 Loss 214/300 Loss is L =0.0067536369897425175 
lr = 0.001 Loss 215/300 Loss is L =0.0061303237453103065 
lr = 0.001 Loss 216/300 Loss is L =0.006879702210426331 
lr = 0.001 Loss 217/300 Loss is L =0.006412332411855459 
lr = 0.001 Loss 218/300 Loss is L =0.005869728978723288 
lr = 0.001 Loss 219/300 Loss is L =0.00658955005928874 
lr = 0.001 Loss 220/300 Loss is L =0.005956932436674833 
lr = 0.001 Loss 221/300 Loss is L =0.0058334218338131905 
lr = 0.001 Loss 222/300 Loss is L =0.006521250586956739 
lr = 0.001 Loss 223/300 Loss is L =0.005917607806622982 
lr = 0.001 Loss 224/300 Loss is L =0.005790450144559145 
lr = 0.001 Loss 225/300 Loss is L =0.006182907614856958 
lr = 0.001 Loss 226/300 Loss is L =0.006158971227705479 
lr = 0.001 Loss 227/300 Loss is L =0.006720949895679951 
lr = 0.001 Loss 228/300 Loss is L =0.006096318829804659 
lr = 0.001 Loss 229/300 Loss is L =0.005774406716227531 
lr = 0.001 Loss 230/300 Loss is L =0.005946470890194178 
lr = 0.001 Loss 231/300 Loss is L =0.006356813013553619 
lr = 0.001 Loss 232/300 Loss is L =0.006537068169564009 
lr = 0.001 Loss 233/300 Loss is L =0.006691646762192249 
lr = 0.001 Loss 234/300 Loss is L =0.006679108832031488 
lr = 0.001 Loss 235/300 Loss is L =0.006115359254181385 
lr = 0.001 Loss 236/300 Loss is L =0.006557595916092396 
lr = 0.001 Loss 237/300 Loss is L =0.00671538058668375 
lr = 0.001 Loss 238/300 Loss is L =0.0065217697992920876 
lr = 0.001 Loss 239/300 Loss is L =0.005691052880138159 
lr = 0.001 Loss 240/300 Loss is L =0.006284414324909449 
lr = 0.001 Loss 241/300 Loss is L =0.0061834813095629215 
lr = 0.001 Loss 242/300 Loss is L =0.007066094782203436 
lr = 0.001 Loss 243/300 Loss is L =0.006229933816939592 
lr = 0.001 Loss 244/300 Loss is L =0.006567419972270727 
lr = 0.001 Loss 245/300 Loss is L =0.006323265377432108 
lr = 0.001 Loss 246/300 Loss is L =0.00622548395767808 
lr = 0.001 Loss 247/300 Loss is L =0.006293104495853186 
lr = 0.001 Loss 248/300 Loss is L =0.006782510783523321 
lr = 0.001 Loss 249/300 Loss is L =0.006380126811563969 
lr = 0.001 Loss 250/300 Loss is L =0.005848178640007973 
lr = 0.001 Loss 251/300 Loss is L =0.006441115867346525 
lr = 0.001 Loss 252/300 Loss is L =0.0060952515341341496 
lr = 0.001 Loss 253/300 Loss is L =0.0058412435464560986 
lr = 0.001 Loss 254/300 Loss is L =0.0063391998410224915 
lr = 0.001 Loss 255/300 Loss is L =0.006789994891732931 
lr = 0.001 Loss 256/300 Loss is L =0.006533817388117313 
lr = 0.001 Loss 257/300 Loss is L =0.006748070474714041 
lr = 0.001 Loss 258/300 Loss is L =0.006336112506687641 
lr = 0.001 Loss 259/300 Loss is L =0.006690955255180597 
lr = 0.001 Loss 260/300 Loss is L =0.005844843573868275 
lr = 0.001 Loss 261/300 Loss is L =0.0061563230119645596 
lr = 0.001 Loss 262/300 Loss is L =0.005824058782309294 
lr = 0.001 Loss 263/300 Loss is L =0.006621831562370062 
lr = 0.001 Loss 264/300 Loss is L =0.006695935968309641 
lr = 0.001 Loss 265/300 Loss is L =0.006119284778833389 
lr = 0.001 Loss 266/300 Loss is L =0.006521998438984156 
lr = 0.001 Loss 267/300 Loss is L =0.0063684359192848206 
lr = 0.001 Loss 268/300 Loss is L =0.006403821986168623 
lr = 0.001 Loss 269/300 Loss is L =0.006353345699608326 
lr = 0.001 Loss 270/300 Loss is L =0.007019034121185541 
lr = 0.001 Loss 271/300 Loss is L =0.005965695716440678 
lr = 0.001 Loss 272/300 Loss is L =0.0063568907789886 
lr = 0.001 Loss 273/300 Loss is L =0.006535196211189032 
lr = 0.001 Loss 274/300 Loss is L =0.006756051909178495 
lr = 0.001 Loss 275/300 Loss is L =0.00662839924916625 
lr = 0.001 Loss 276/300 Loss is L =0.006286799442023039 
lr = 0.001 Loss 277/300 Loss is L =0.006365104112774134 
lr = 0.001 Loss 278/300 Loss is L =0.006732961628586054 
lr = 0.001 Loss 279/300 Loss is L =0.006971008609980345 
lr = 0.001 Loss 280/300 Loss is L =0.006147210486233234 
lr = 0.001 Loss 281/300 Loss is L =0.006089015398174524 
lr = 0.001 Loss 282/300 Loss is L =0.006581232883036137 
lr = 0.001 Loss 283/300 Loss is L =0.006394749041646719 
lr = 0.001 Loss 284/300 Loss is L =0.006436488125473261 
lr = 0.001 Loss 285/300 Loss is L =0.00653517572209239 
lr = 0.001 Loss 286/300 Loss is L =0.006378290709108114 
lr = 0.001 Loss 287/300 Loss is L =0.006631541531533003 
lr = 0.001 Loss 288/300 Loss is L =0.006109909620136023 
lr = 0.001 Loss 289/300 Loss is L =0.007184377405792475 
lr = 0.001 Loss 290/300 Loss is L =0.006383322179317474 
lr = 0.001 Loss 291/300 Loss is L =0.006205963436514139 
lr = 0.001 Loss 292/300 Loss is L =0.006412703078240156 
lr = 0.001 Loss 293/300 Loss is L =0.006087447050958872 
lr = 0.001 Loss 294/300 Loss is L =0.006478163879364729 
lr = 0.001 Loss 295/300 Loss is L =0.006625233683735132 
lr = 0.001 Loss 296/300 Loss is L =0.006922753062099218 
lr = 0.001 Loss 297/300 Loss is L =0.006486539728939533 
lr = 0.001 Loss 298/300 Loss is L =0.0071090045385062695 
lr = 0.001 Loss 299/300 Loss is L =0.006399438716471195 
lr = 0.001 Loss 300/300 Loss is L =0.006510966457426548 
