Program will start executing in a bit
/apps/sw/miniconda/envs/ai-4/lib/python3.10/site-packages/torch/utils/_device.py:77: UserWarning: To copy construct from a tensor, it is recommended to use sourceTensor.clone().detach() or sourceTensor.clone().detach().requires_grad_(True), rather than torch.tensor(sourceTensor).
  return func(*args, **kwargs)
✅ Using CUDA globally
GPU: Tesla V100-SXM3-32GB
Current directory: /home/cbe05/MaqamDiffusion
Cross_Entropy lr = 1e-05 Loss 1/200 Loss is L =2.0726780891418457 
Cross_Entropy lr = 1e-05 Loss 2/200 Loss is L =2.0743026733398438 
Cross_Entropy lr = 1e-05 Loss 3/200 Loss is L =2.0759804248809814 
Cross_Entropy lr = 1e-05 Loss 4/200 Loss is L =2.0760815143585205 
Cross_Entropy lr = 1e-05 Loss 5/200 Loss is L =2.073201894760132 
Cross_Entropy lr = 1e-05 Loss 6/200 Loss is L =2.073141098022461 
Cross_Entropy lr = 1e-05 Loss 7/200 Loss is L =2.072524309158325 
Cross_Entropy lr = 1e-05 Loss 8/200 Loss is L =2.071096420288086 
Cross_Entropy lr = 1e-05 Loss 9/200 Loss is L =2.072664499282837 
Cross_Entropy lr = 1e-05 Loss 10/200 Loss is L =2.074071168899536 
Cross_Entropy lr = 1e-05 Loss 11/200 Loss is L =2.069174289703369 
Cross_Entropy lr = 1e-05 Loss 12/200 Loss is L =2.0709526538848877 
Cross_Entropy lr = 1e-05 Loss 13/200 Loss is L =2.0721261501312256 
Cross_Entropy lr = 1e-05 Loss 14/200 Loss is L =2.068331003189087 
Cross_Entropy lr = 1e-05 Loss 15/200 Loss is L =2.0663280487060547 
Cross_Entropy lr = 1e-05 Loss 16/200 Loss is L =2.070939779281616 
Cross_Entropy lr = 1e-05 Loss 17/200 Loss is L =2.0701749324798584 
Cross_Entropy lr = 1e-05 Loss 18/200 Loss is L =2.0685296058654785 
Cross_Entropy lr = 1e-05 Loss 19/200 Loss is L =2.069265365600586 
Cross_Entropy lr = 1e-05 Loss 20/200 Loss is L =2.066537618637085 
Cross_Entropy lr = 1e-05 Loss 21/200 Loss is L =2.0716712474823 
Cross_Entropy lr = 1e-05 Loss 22/200 Loss is L =2.072458267211914 
Cross_Entropy lr = 1e-05 Loss 23/200 Loss is L =2.0699448585510254 
Cross_Entropy lr = 1e-05 Loss 24/200 Loss is L =2.0693562030792236 
Cross_Entropy lr = 1e-05 Loss 25/200 Loss is L =2.0713257789611816 
Cross_Entropy lr = 1e-05 Loss 26/200 Loss is L =2.071775436401367 
Cross_Entropy lr = 1e-05 Loss 27/200 Loss is L =2.071978807449341 
Cross_Entropy lr = 1e-05 Loss 28/200 Loss is L =2.0690839290618896 
Cross_Entropy lr = 1e-05 Loss 29/200 Loss is L =2.068514823913574 
Cross_Entropy lr = 1e-05 Loss 30/200 Loss is L =2.072209596633911 
Cross_Entropy lr = 1e-05 Loss 31/200 Loss is L =2.06931471824646 
Cross_Entropy lr = 1e-05 Loss 32/200 Loss is L =2.0730316638946533 
Cross_Entropy lr = 1e-05 Loss 33/200 Loss is L =2.0682241916656494 
Cross_Entropy lr = 1e-05 Loss 34/200 Loss is L =2.0709664821624756 
Cross_Entropy lr = 1e-05 Loss 35/200 Loss is L =2.0681958198547363 
Cross_Entropy lr = 1e-05 Loss 36/200 Loss is L =2.0724923610687256 
Cross_Entropy lr = 1e-05 Loss 37/200 Loss is L =2.070641279220581 
Cross_Entropy lr = 1e-05 Loss 38/200 Loss is L =2.0678460597991943 
Cross_Entropy lr = 1e-05 Loss 39/200 Loss is L =2.0703251361846924 
Cross_Entropy lr = 1e-05 Loss 40/200 Loss is L =2.074732542037964 
Cross_Entropy lr = 1e-05 Loss 41/200 Loss is L =2.0705881118774414 
Cross_Entropy lr = 1e-05 Loss 42/200 Loss is L =2.0702474117279053 
Cross_Entropy lr = 1e-05 Loss 43/200 Loss is L =2.0720927715301514 
Cross_Entropy lr = 1e-05 Loss 44/200 Loss is L =2.073596239089966 
Cross_Entropy lr = 1e-05 Loss 45/200 Loss is L =2.0678322315216064 
Cross_Entropy lr = 1e-05 Loss 46/200 Loss is L =2.0716772079467773 
Cross_Entropy lr = 1e-05 Loss 47/200 Loss is L =2.071220636367798 
Cross_Entropy lr = 1e-05 Loss 48/200 Loss is L =2.069236993789673 
Cross_Entropy lr = 1e-05 Loss 49/200 Loss is L =2.0682790279388428 
Cross_Entropy lr = 1e-05 Loss 50/200 Loss is L =2.074270248413086 
Cross_Entropy lr = 1e-05 Loss 51/200 Loss is L =2.070871353149414 
Cross_Entropy lr = 1e-05 Loss 52/200 Loss is L =2.0695767402648926 
Cross_Entropy lr = 1e-05 Loss 53/200 Loss is L =2.0727479457855225 
Cross_Entropy lr = 1e-05 Loss 54/200 Loss is L =2.0683953762054443 
Cross_Entropy lr = 1e-05 Loss 55/200 Loss is L =2.0681610107421875 
Cross_Entropy lr = 1e-05 Loss 56/200 Loss is L =2.0681569576263428 
Cross_Entropy lr = 1e-05 Loss 57/200 Loss is L =2.0726635456085205 
Cross_Entropy lr = 1e-05 Loss 58/200 Loss is L =2.069218397140503 
Cross_Entropy lr = 1e-05 Loss 59/200 Loss is L =2.0682194232940674 
Cross_Entropy lr = 1e-05 Loss 60/200 Loss is L =2.0693070888519287 
Cross_Entropy lr = 1e-05 Loss 61/200 Loss is L =2.070932149887085 
Cross_Entropy lr = 1e-05 Loss 62/200 Loss is L =2.0720155239105225 
Cross_Entropy lr = 1e-05 Loss 63/200 Loss is L =2.066981554031372 
Cross_Entropy lr = 1e-05 Loss 64/200 Loss is L =2.071632146835327 
Cross_Entropy lr = 1e-05 Loss 65/200 Loss is L =2.068774938583374 
Cross_Entropy lr = 1e-05 Loss 66/200 Loss is L =2.068964719772339 
Cross_Entropy lr = 1e-05 Loss 67/200 Loss is L =2.0697691440582275 
Cross_Entropy lr = 1e-05 Loss 68/200 Loss is L =2.0681912899017334 
Cross_Entropy lr = 1e-05 Loss 69/200 Loss is L =2.071549415588379 
Cross_Entropy lr = 1e-05 Loss 70/200 Loss is L =2.0713253021240234 
Cross_Entropy lr = 1e-05 Loss 71/200 Loss is L =2.068135976791382 
Cross_Entropy lr = 1e-05 Loss 72/200 Loss is L =2.070384979248047 
Cross_Entropy lr = 1e-05 Loss 73/200 Loss is L =2.069234848022461 
Cross_Entropy lr = 1e-05 Loss 74/200 Loss is L =2.068903684616089 
Cross_Entropy lr = 1e-05 Loss 75/200 Loss is L =2.074010133743286 
Cross_Entropy lr = 1e-05 Loss 76/200 Loss is L =2.070131778717041 
Cross_Entropy lr = 1e-05 Loss 77/200 Loss is L =2.0668601989746094 
Cross_Entropy lr = 1e-05 Loss 78/200 Loss is L =2.075132369995117 
Cross_Entropy lr = 1e-05 Loss 79/200 Loss is L =2.0727386474609375 
Cross_Entropy lr = 1e-05 Loss 80/200 Loss is L =2.0730884075164795 
Cross_Entropy lr = 1e-05 Loss 81/200 Loss is L =2.0682761669158936 
Cross_Entropy lr = 1e-05 Loss 82/200 Loss is L =2.0693156719207764 
Cross_Entropy lr = 1e-05 Loss 83/200 Loss is L =2.0707554817199707 
Cross_Entropy lr = 1e-05 Loss 84/200 Loss is L =2.0716984272003174 
Cross_Entropy lr = 1e-05 Loss 85/200 Loss is L =2.071281909942627 
Cross_Entropy lr = 1e-05 Loss 86/200 Loss is L =2.068904161453247 
Cross_Entropy lr = 1e-05 Loss 87/200 Loss is L =2.072096109390259 
Cross_Entropy lr = 1e-05 Loss 88/200 Loss is L =2.0673916339874268 
Cross_Entropy lr = 1e-05 Loss 89/200 Loss is L =2.067838191986084 
Cross_Entropy lr = 1e-05 Loss 90/200 Loss is L =2.0688693523406982 
Cross_Entropy lr = 1e-05 Loss 91/200 Loss is L =2.0705912113189697 
Cross_Entropy lr = 1e-05 Loss 92/200 Loss is L =2.0656847953796387 
Cross_Entropy lr = 1e-05 Loss 93/200 Loss is L =2.068319797515869 
Cross_Entropy lr = 1e-05 Loss 94/200 Loss is L =2.070822238922119 
Cross_Entropy lr = 1e-05 Loss 95/200 Loss is L =2.072868585586548 
Cross_Entropy lr = 1e-05 Loss 96/200 Loss is L =2.0668251514434814 
Cross_Entropy lr = 1e-05 Loss 97/200 Loss is L =2.0733258724212646 
Cross_Entropy lr = 1e-05 Loss 98/200 Loss is L =2.0719716548919678 
Cross_Entropy lr = 1e-05 Loss 99/200 Loss is L =2.0695464611053467 
Cross_Entropy lr = 1e-05 Loss 100/200 Loss is L =2.06974196434021 
Cross_Entropy lr = 1e-05 Loss 101/200 Loss is L =2.073117733001709 
Cross_Entropy lr = 1e-05 Loss 102/200 Loss is L =2.0703530311584473 
Cross_Entropy lr = 1e-05 Loss 103/200 Loss is L =2.0708911418914795 
Cross_Entropy lr = 1e-05 Loss 104/200 Loss is L =2.0687055587768555 
Cross_Entropy lr = 1e-05 Loss 105/200 Loss is L =2.0683093070983887 
Cross_Entropy lr = 1e-05 Loss 106/200 Loss is L =2.0656211376190186 
Cross_Entropy lr = 1e-05 Loss 107/200 Loss is L =2.0701310634613037 
Cross_Entropy lr = 1e-05 Loss 108/200 Loss is L =2.0720202922821045 
Cross_Entropy lr = 1e-05 Loss 109/200 Loss is L =2.069260358810425 
Cross_Entropy lr = 1e-05 Loss 110/200 Loss is L =2.0705935955047607 
Cross_Entropy lr = 1e-05 Loss 111/200 Loss is L =2.0698835849761963 
Cross_Entropy lr = 1e-05 Loss 112/200 Loss is L =2.0747945308685303 
Cross_Entropy lr = 1e-05 Loss 113/200 Loss is L =2.071751117706299 
Cross_Entropy lr = 1e-05 Loss 114/200 Loss is L =2.0719592571258545 
Cross_Entropy lr = 1e-05 Loss 115/200 Loss is L =2.068373918533325 
Cross_Entropy lr = 1e-05 Loss 116/200 Loss is L =2.0709519386291504 
Cross_Entropy lr = 1e-05 Loss 117/200 Loss is L =2.0725502967834473 
Cross_Entropy lr = 1e-05 Loss 118/200 Loss is L =2.071183443069458 
Cross_Entropy lr = 1e-05 Loss 119/200 Loss is L =2.0697319507598877 
Cross_Entropy lr = 1e-05 Loss 120/200 Loss is L =2.0703542232513428 
Cross_Entropy lr = 1e-05 Loss 121/200 Loss is L =2.0695371627807617 
Cross_Entropy lr = 1e-05 Loss 122/200 Loss is L =2.06842041015625 
Cross_Entropy lr = 1e-05 Loss 123/200 Loss is L =2.0712411403656006 
Cross_Entropy lr = 1e-05 Loss 124/200 Loss is L =2.071065664291382 
Cross_Entropy lr = 1e-05 Loss 125/200 Loss is L =2.0674421787261963 
Cross_Entropy lr = 1e-05 Loss 126/200 Loss is L =2.0709891319274902 
Cross_Entropy lr = 1e-05 Loss 127/200 Loss is L =2.069185733795166 
Cross_Entropy lr = 1e-05 Loss 128/200 Loss is L =2.070640802383423 
Cross_Entropy lr = 1e-05 Loss 129/200 Loss is L =2.0687596797943115 
Cross_Entropy lr = 1e-05 Loss 130/200 Loss is L =2.0690109729766846 
Cross_Entropy lr = 1e-05 Loss 131/200 Loss is L =2.0709736347198486 
Cross_Entropy lr = 1e-05 Loss 132/200 Loss is L =2.069246768951416 
Cross_Entropy lr = 1e-05 Loss 133/200 Loss is L =2.065793991088867 
Cross_Entropy lr = 1e-05 Loss 134/200 Loss is L =2.070974826812744 
Cross_Entropy lr = 1e-05 Loss 135/200 Loss is L =2.0705692768096924 
Cross_Entropy lr = 1e-05 Loss 136/200 Loss is L =2.0682194232940674 
Cross_Entropy lr = 1e-05 Loss 137/200 Loss is L =2.0708141326904297 
Cross_Entropy lr = 1e-05 Loss 138/200 Loss is L =2.0671725273132324 
Cross_Entropy lr = 1e-05 Loss 139/200 Loss is L =2.070347547531128 
Cross_Entropy lr = 1e-05 Loss 140/200 Loss is L =2.0657787322998047 
Cross_Entropy lr = 1e-05 Loss 141/200 Loss is L =2.07108473777771 
Cross_Entropy lr = 1e-05 Loss 142/200 Loss is L =2.0713202953338623 
Cross_Entropy lr = 1e-05 Loss 143/200 Loss is L =2.0716471672058105 
Cross_Entropy lr = 1e-05 Loss 144/200 Loss is L =2.0699689388275146 
Cross_Entropy lr = 1e-05 Loss 145/200 Loss is L =2.070836305618286 
Cross_Entropy lr = 1e-05 Loss 146/200 Loss is L =2.0739781856536865 
Cross_Entropy lr = 1e-05 Loss 147/200 Loss is L =2.0690362453460693 
Cross_Entropy lr = 1e-05 Loss 148/200 Loss is L =2.074144124984741 
Cross_Entropy lr = 1e-05 Loss 149/200 Loss is L =2.072601318359375 
Cross_Entropy lr = 1e-05 Loss 150/200 Loss is L =2.0733323097229004 
Cross_Entropy lr = 1e-05 Loss 151/200 Loss is L =2.0707192420959473 
Cross_Entropy lr = 1e-05 Loss 152/200 Loss is L =2.0719716548919678 
Cross_Entropy lr = 1e-05 Loss 153/200 Loss is L =2.0686681270599365 
Cross_Entropy lr = 1e-05 Loss 154/200 Loss is L =2.076174259185791 
Cross_Entropy lr = 1e-05 Loss 155/200 Loss is L =2.0701944828033447 
Cross_Entropy lr = 1e-05 Loss 156/200 Loss is L =2.0692784786224365 
Cross_Entropy lr = 1e-05 Loss 157/200 Loss is L =2.0709331035614014 
Cross_Entropy lr = 1e-05 Loss 158/200 Loss is L =2.0728251934051514 
Cross_Entropy lr = 1e-05 Loss 159/200 Loss is L =2.0718753337860107 
Cross_Entropy lr = 1e-05 Loss 160/200 Loss is L =2.069626569747925 
Cross_Entropy lr = 1e-05 Loss 161/200 Loss is L =2.069687604904175 
Cross_Entropy lr = 1e-05 Loss 162/200 Loss is L =2.0694668292999268 
Cross_Entropy lr = 1e-05 Loss 163/200 Loss is L =2.0672619342803955 
Cross_Entropy lr = 1e-05 Loss 164/200 Loss is L =2.0711042881011963 
Cross_Entropy lr = 1e-05 Loss 165/200 Loss is L =2.0747509002685547 
Cross_Entropy lr = 1e-05 Loss 166/200 Loss is L =2.067722797393799 
Cross_Entropy lr = 1e-05 Loss 167/200 Loss is L =2.0740582942962646 
Cross_Entropy lr = 1e-05 Loss 168/200 Loss is L =2.0708723068237305 
Cross_Entropy lr = 1e-05 Loss 169/200 Loss is L =2.066861867904663 
Cross_Entropy lr = 1e-05 Loss 170/200 Loss is L =2.0690348148345947 
Cross_Entropy lr = 1e-05 Loss 171/200 Loss is L =2.073951482772827 
Cross_Entropy lr = 1e-05 Loss 172/200 Loss is L =2.071317672729492 
Cross_Entropy lr = 1e-05 Loss 173/200 Loss is L =2.0730583667755127 
Cross_Entropy lr = 1e-05 Loss 174/200 Loss is L =2.069221258163452 
Cross_Entropy lr = 1e-05 Loss 175/200 Loss is L =2.069427013397217 
Cross_Entropy lr = 1e-05 Loss 176/200 Loss is L =2.0667197704315186 
Cross_Entropy lr = 1e-05 Loss 177/200 Loss is L =2.069248914718628 
Cross_Entropy lr = 1e-05 Loss 178/200 Loss is L =2.0700082778930664 
Cross_Entropy lr = 1e-05 Loss 179/200 Loss is L =2.068570852279663 
Cross_Entropy lr = 1e-05 Loss 180/200 Loss is L =2.070801258087158 
Cross_Entropy lr = 1e-05 Loss 181/200 Loss is L =2.0683515071868896 
Cross_Entropy lr = 1e-05 Loss 182/200 Loss is L =2.068208694458008 
Cross_Entropy lr = 1e-05 Loss 183/200 Loss is L =2.0698065757751465 
Cross_Entropy lr = 1e-05 Loss 184/200 Loss is L =2.067932605743408 
Cross_Entropy lr = 1e-05 Loss 185/200 Loss is L =2.070643663406372 
Cross_Entropy lr = 1e-05 Loss 186/200 Loss is L =2.0694313049316406 
Cross_Entropy lr = 1e-05 Loss 187/200 Loss is L =2.0727550983428955 
Cross_Entropy lr = 1e-05 Loss 188/200 Loss is L =2.0699706077575684 
Cross_Entropy lr = 1e-05 Loss 189/200 Loss is L =2.0709614753723145 
Cross_Entropy lr = 1e-05 Loss 190/200 Loss is L =2.071259021759033 
Cross_Entropy lr = 1e-05 Loss 191/200 Loss is L =2.0702950954437256 
Cross_Entropy lr = 1e-05 Loss 192/200 Loss is L =2.0707435607910156 
Cross_Entropy lr = 1e-05 Loss 193/200 Loss is L =2.069147825241089 
Cross_Entropy lr = 1e-05 Loss 194/200 Loss is L =2.0709073543548584 
Cross_Entropy lr = 1e-05 Loss 195/200 Loss is L =2.0676896572113037 
Cross_Entropy lr = 1e-05 Loss 196/200 Loss is L =2.068241834640503 
Cross_Entropy lr = 1e-05 Loss 197/200 Loss is L =2.0712597370147705 
Cross_Entropy lr = 1e-05 Loss 198/200 Loss is L =2.0731542110443115 
Cross_Entropy lr = 1e-05 Loss 199/200 Loss is L =2.067392110824585 
Cross_Entropy lr = 1e-05 Loss 200/200 Loss is L =2.068819761276245 
Cross_Entropy lr = 0.0001 Loss 1/200 Loss is L =2.0712993144989014 
Cross_Entropy lr = 0.0001 Loss 2/200 Loss is L =2.0718657970428467 
Cross_Entropy lr = 0.0001 Loss 3/200 Loss is L =2.0652992725372314 
Cross_Entropy lr = 0.0001 Loss 4/200 Loss is L =2.065383195877075 
Cross_Entropy lr = 0.0001 Loss 5/200 Loss is L =2.06555438041687 
Cross_Entropy lr = 0.0001 Loss 6/200 Loss is L =2.0570390224456787 
Cross_Entropy lr = 0.0001 Loss 7/200 Loss is L =2.053497314453125 
Cross_Entropy lr = 0.0001 Loss 8/200 Loss is L =2.048449993133545 
Cross_Entropy lr = 0.0001 Loss 9/200 Loss is L =2.0511443614959717 
Cross_Entropy lr = 0.0001 Loss 10/200 Loss is L =2.0523946285247803 
Cross_Entropy lr = 0.0001 Loss 11/200 Loss is L =2.049879789352417 
Cross_Entropy lr = 0.0001 Loss 12/200 Loss is L =2.042707681655884 
Cross_Entropy lr = 0.0001 Loss 13/200 Loss is L =2.0465521812438965 
Cross_Entropy lr = 0.0001 Loss 14/200 Loss is L =2.0459253787994385 
Cross_Entropy lr = 0.0001 Loss 15/200 Loss is L =2.0477490425109863 
Cross_Entropy lr = 0.0001 Loss 16/200 Loss is L =2.0444562435150146 
Cross_Entropy lr = 0.0001 Loss 17/200 Loss is L =2.0423853397369385 
Cross_Entropy lr = 0.0001 Loss 18/200 Loss is L =2.0509331226348877 
Cross_Entropy lr = 0.0001 Loss 19/200 Loss is L =2.0436954498291016 
Cross_Entropy lr = 0.0001 Loss 20/200 Loss is L =2.0530197620391846 
Cross_Entropy lr = 0.0001 Loss 21/200 Loss is L =2.0489847660064697 
Cross_Entropy lr = 0.0001 Loss 22/200 Loss is L =2.04070782661438 
Cross_Entropy lr = 0.0001 Loss 23/200 Loss is L =2.046224594116211 
Cross_Entropy lr = 0.0001 Loss 24/200 Loss is L =2.0487542152404785 
Cross_Entropy lr = 0.0001 Loss 25/200 Loss is L =2.04191517829895 
Cross_Entropy lr = 0.0001 Loss 26/200 Loss is L =2.0433731079101562 
Cross_Entropy lr = 0.0001 Loss 27/200 Loss is L =2.0554823875427246 
Cross_Entropy lr = 0.0001 Loss 28/200 Loss is L =2.044621706008911 
Cross_Entropy lr = 0.0001 Loss 29/200 Loss is L =2.043024778366089 
Cross_Entropy lr = 0.0001 Loss 30/200 Loss is L =2.0426976680755615 
Cross_Entropy lr = 0.0001 Loss 31/200 Loss is L =2.054685592651367 
Cross_Entropy lr = 0.0001 Loss 32/200 Loss is L =2.049672842025757 
Cross_Entropy lr = 0.0001 Loss 33/200 Loss is L =2.042801856994629 
Cross_Entropy lr = 0.0001 Loss 34/200 Loss is L =2.0511703491210938 
Cross_Entropy lr = 0.0001 Loss 35/200 Loss is L =2.0453076362609863 
Cross_Entropy lr = 0.0001 Loss 36/200 Loss is L =2.0422475337982178 
Cross_Entropy lr = 0.0001 Loss 37/200 Loss is L =2.0438573360443115 
Cross_Entropy lr = 0.0001 Loss 38/200 Loss is L =2.039738178253174 
Cross_Entropy lr = 0.0001 Loss 39/200 Loss is L =2.0424585342407227 
Cross_Entropy lr = 0.0001 Loss 40/200 Loss is L =2.0438296794891357 
Cross_Entropy lr = 0.0001 Loss 41/200 Loss is L =2.0474965572357178 
Cross_Entropy lr = 0.0001 Loss 42/200 Loss is L =2.048602342605591 
Cross_Entropy lr = 0.0001 Loss 43/200 Loss is L =2.041050672531128 
Cross_Entropy lr = 0.0001 Loss 44/200 Loss is L =2.041961669921875 
Cross_Entropy lr = 0.0001 Loss 45/200 Loss is L =2.047743320465088 
Cross_Entropy lr = 0.0001 Loss 46/200 Loss is L =2.043207883834839 
Cross_Entropy lr = 0.0001 Loss 47/200 Loss is L =2.0489413738250732 
Cross_Entropy lr = 0.0001 Loss 48/200 Loss is L =2.0486793518066406 
Cross_Entropy lr = 0.0001 Loss 49/200 Loss is L =2.040672779083252 
Cross_Entropy lr = 0.0001 Loss 50/200 Loss is L =2.0435426235198975 
Cross_Entropy lr = 0.0001 Loss 51/200 Loss is L =2.044161319732666 
Cross_Entropy lr = 0.0001 Loss 52/200 Loss is L =2.0492465496063232 
Cross_Entropy lr = 0.0001 Loss 53/200 Loss is L =2.0555710792541504 
Cross_Entropy lr = 0.0001 Loss 54/200 Loss is L =2.0418918132781982 
Cross_Entropy lr = 0.0001 Loss 55/200 Loss is L =2.043769598007202 
Cross_Entropy lr = 0.0001 Loss 56/200 Loss is L =2.043067216873169 
Cross_Entropy lr = 0.0001 Loss 57/200 Loss is L =2.044649839401245 
Cross_Entropy lr = 0.0001 Loss 58/200 Loss is L =2.0515382289886475 
Cross_Entropy lr = 0.0001 Loss 59/200 Loss is L =2.0461883544921875 
Cross_Entropy lr = 0.0001 Loss 60/200 Loss is L =2.053946018218994 
Cross_Entropy lr = 0.0001 Loss 61/200 Loss is L =2.04982328414917 
Cross_Entropy lr = 0.0001 Loss 62/200 Loss is L =2.0439131259918213 
Cross_Entropy lr = 0.0001 Loss 63/200 Loss is L =2.041013240814209 
Cross_Entropy lr = 0.0001 Loss 64/200 Loss is L =2.04465651512146 
Cross_Entropy lr = 0.0001 Loss 65/200 Loss is L =2.05149507522583 
Cross_Entropy lr = 0.0001 Loss 66/200 Loss is L =2.0453083515167236 
Cross_Entropy lr = 0.0001 Loss 67/200 Loss is L =2.0446300506591797 
Cross_Entropy lr = 0.0001 Loss 68/200 Loss is L =2.0436577796936035 
Cross_Entropy lr = 0.0001 Loss 69/200 Loss is L =2.045973777770996 
Cross_Entropy lr = 0.0001 Loss 70/200 Loss is L =2.0456082820892334 
Cross_Entropy lr = 0.0001 Loss 71/200 Loss is L =2.0529892444610596 
Cross_Entropy lr = 0.0001 Loss 72/200 Loss is L =2.0470569133758545 
Cross_Entropy lr = 0.0001 Loss 73/200 Loss is L =2.043576955795288 
Cross_Entropy lr = 0.0001 Loss 74/200 Loss is L =2.0451200008392334 
Cross_Entropy lr = 0.0001 Loss 75/200 Loss is L =2.0472800731658936 
Cross_Entropy lr = 0.0001 Loss 76/200 Loss is L =2.0447213649749756 
Cross_Entropy lr = 0.0001 Loss 77/200 Loss is L =2.0468270778656006 
Cross_Entropy lr = 0.0001 Loss 78/200 Loss is L =2.049243688583374 
Cross_Entropy lr = 0.0001 Loss 79/200 Loss is L =2.0452818870544434 
Cross_Entropy lr = 0.0001 Loss 80/200 Loss is L =2.052351713180542 
Cross_Entropy lr = 0.0001 Loss 81/200 Loss is L =2.0405633449554443 
Cross_Entropy lr = 0.0001 Loss 82/200 Loss is L =2.0519931316375732 
Cross_Entropy lr = 0.0001 Loss 83/200 Loss is L =2.0469791889190674 
Cross_Entropy lr = 0.0001 Loss 84/200 Loss is L =2.0451114177703857 
Cross_Entropy lr = 0.0001 Loss 85/200 Loss is L =2.0476863384246826 
Cross_Entropy lr = 0.0001 Loss 86/200 Loss is L =2.0462117195129395 
Cross_Entropy lr = 0.0001 Loss 87/200 Loss is L =2.04817795753479 
Cross_Entropy lr = 0.0001 Loss 88/200 Loss is L =2.0446832180023193 
Cross_Entropy lr = 0.0001 Loss 89/200 Loss is L =2.0405213832855225 
Cross_Entropy lr = 0.0001 Loss 90/200 Loss is L =2.043433427810669 
Cross_Entropy lr = 0.0001 Loss 91/200 Loss is L =2.0415589809417725 
Cross_Entropy lr = 0.0001 Loss 92/200 Loss is L =2.04608416557312 
Cross_Entropy lr = 0.0001 Loss 93/200 Loss is L =2.0459911823272705 
Cross_Entropy lr = 0.0001 Loss 94/200 Loss is L =2.0449225902557373 
Cross_Entropy lr = 0.0001 Loss 95/200 Loss is L =2.0456111431121826 
Cross_Entropy lr = 0.0001 Loss 96/200 Loss is L =2.0455539226531982 
Cross_Entropy lr = 0.0001 Loss 97/200 Loss is L =2.0439157485961914 
Cross_Entropy lr = 0.0001 Loss 98/200 Loss is L =2.0447871685028076 
Cross_Entropy lr = 0.0001 Loss 99/200 Loss is L =2.0450189113616943 
Cross_Entropy lr = 0.0001 Loss 100/200 Loss is L =2.038098096847534 
Cross_Entropy lr = 0.0001 Loss 101/200 Loss is L =2.039999008178711 
Cross_Entropy lr = 0.0001 Loss 102/200 Loss is L =2.042137861251831 
Cross_Entropy lr = 0.0001 Loss 103/200 Loss is L =2.042781114578247 
Cross_Entropy lr = 0.0001 Loss 104/200 Loss is L =2.0428361892700195 
Cross_Entropy lr = 0.0001 Loss 105/200 Loss is L =2.0502123832702637 
Cross_Entropy lr = 0.0001 Loss 106/200 Loss is L =2.0431652069091797 
Cross_Entropy lr = 0.0001 Loss 107/200 Loss is L =2.039011240005493 
Cross_Entropy lr = 0.0001 Loss 108/200 Loss is L =2.0502395629882812 
Cross_Entropy lr = 0.0001 Loss 109/200 Loss is L =2.043513536453247 
Cross_Entropy lr = 0.0001 Loss 110/200 Loss is L =2.0509040355682373 
Cross_Entropy lr = 0.0001 Loss 111/200 Loss is L =2.044593095779419 
Cross_Entropy lr = 0.0001 Loss 112/200 Loss is L =2.0422794818878174 
Cross_Entropy lr = 0.0001 Loss 113/200 Loss is L =2.050457000732422 
Cross_Entropy lr = 0.0001 Loss 114/200 Loss is L =2.0522749423980713 
Cross_Entropy lr = 0.0001 Loss 115/200 Loss is L =2.0387539863586426 
Cross_Entropy lr = 0.0001 Loss 116/200 Loss is L =2.042649030685425 
Cross_Entropy lr = 0.0001 Loss 117/200 Loss is L =2.0528342723846436 
Cross_Entropy lr = 0.0001 Loss 118/200 Loss is L =2.045236349105835 
Cross_Entropy lr = 0.0001 Loss 119/200 Loss is L =2.0482518672943115 
Cross_Entropy lr = 0.0001 Loss 120/200 Loss is L =2.0473544597625732 
Cross_Entropy lr = 0.0001 Loss 121/200 Loss is L =2.0450570583343506 
Cross_Entropy lr = 0.0001 Loss 122/200 Loss is L =2.0411672592163086 
Cross_Entropy lr = 0.0001 Loss 123/200 Loss is L =2.0441348552703857 
Cross_Entropy lr = 0.0001 Loss 124/200 Loss is L =2.0441970825195312 
Cross_Entropy lr = 0.0001 Loss 125/200 Loss is L =2.046387195587158 
Cross_Entropy lr = 0.0001 Loss 126/200 Loss is L =2.0416955947875977 
Cross_Entropy lr = 0.0001 Loss 127/200 Loss is L =2.0448429584503174 
Cross_Entropy lr = 0.0001 Loss 128/200 Loss is L =2.0461928844451904 
Cross_Entropy lr = 0.0001 Loss 129/200 Loss is L =2.0462889671325684 
Cross_Entropy lr = 0.0001 Loss 130/200 Loss is L =2.0478267669677734 
Cross_Entropy lr = 0.0001 Loss 131/200 Loss is L =2.053358793258667 
Cross_Entropy lr = 0.0001 Loss 132/200 Loss is L =2.047170400619507 
Cross_Entropy lr = 0.0001 Loss 133/200 Loss is L =2.048292875289917 
Cross_Entropy lr = 0.0001 Loss 134/200 Loss is L =2.04398775100708 
Cross_Entropy lr = 0.0001 Loss 135/200 Loss is L =2.0486819744110107 
Cross_Entropy lr = 0.0001 Loss 136/200 Loss is L =2.043137550354004 
Cross_Entropy lr = 0.0001 Loss 137/200 Loss is L =2.042210102081299 
Cross_Entropy lr = 0.0001 Loss 138/200 Loss is L =2.0443389415740967 
Cross_Entropy lr = 0.0001 Loss 139/200 Loss is L =2.0491554737091064 
Cross_Entropy lr = 0.0001 Loss 140/200 Loss is L =2.047757863998413 
Cross_Entropy lr = 0.0001 Loss 141/200 Loss is L =2.042419195175171 
Cross_Entropy lr = 0.0001 Loss 142/200 Loss is L =2.0462944507598877 
Cross_Entropy lr = 0.0001 Loss 143/200 Loss is L =2.049314260482788 
Cross_Entropy lr = 0.0001 Loss 144/200 Loss is L =2.0493924617767334 
Cross_Entropy lr = 0.0001 Loss 145/200 Loss is L =2.042065382003784 
Cross_Entropy lr = 0.0001 Loss 146/200 Loss is L =2.043947219848633 
Cross_Entropy lr = 0.0001 Loss 147/200 Loss is L =2.046987533569336 
Cross_Entropy lr = 0.0001 Loss 148/200 Loss is L =2.039804220199585 
Cross_Entropy lr = 0.0001 Loss 149/200 Loss is L =2.045778274536133 
Cross_Entropy lr = 0.0001 Loss 150/200 Loss is L =2.0462234020233154 
Cross_Entropy lr = 0.0001 Loss 151/200 Loss is L =2.045581579208374 
Cross_Entropy lr = 0.0001 Loss 152/200 Loss is L =2.040262222290039 
Cross_Entropy lr = 0.0001 Loss 153/200 Loss is L =2.05155611038208 
Cross_Entropy lr = 0.0001 Loss 154/200 Loss is L =2.041463851928711 
Cross_Entropy lr = 0.0001 Loss 155/200 Loss is L =2.044376850128174 
Cross_Entropy lr = 0.0001 Loss 156/200 Loss is L =2.0548369884490967 
Cross_Entropy lr = 0.0001 Loss 157/200 Loss is L =2.0393197536468506 
Cross_Entropy lr = 0.0001 Loss 158/200 Loss is L =2.037160634994507 
Cross_Entropy lr = 0.0001 Loss 159/200 Loss is L =2.045971393585205 
Cross_Entropy lr = 0.0001 Loss 160/200 Loss is L =2.0466201305389404 
Cross_Entropy lr = 0.0001 Loss 161/200 Loss is L =2.04414439201355 
Cross_Entropy lr = 0.0001 Loss 162/200 Loss is L =2.043412446975708 
Cross_Entropy lr = 0.0001 Loss 163/200 Loss is L =2.0428521633148193 
Cross_Entropy lr = 0.0001 Loss 164/200 Loss is L =2.041677474975586 
Cross_Entropy lr = 0.0001 Loss 165/200 Loss is L =2.0375988483428955 
Cross_Entropy lr = 0.0001 Loss 166/200 Loss is L =2.0400760173797607 
Cross_Entropy lr = 0.0001 Loss 167/200 Loss is L =2.043053388595581 
Cross_Entropy lr = 0.0001 Loss 168/200 Loss is L =2.039999485015869 
Cross_Entropy lr = 0.0001 Loss 169/200 Loss is L =2.0475640296936035 
Cross_Entropy lr = 0.0001 Loss 170/200 Loss is L =2.0595357418060303 
Cross_Entropy lr = 0.0001 Loss 171/200 Loss is L =2.0421040058135986 
Cross_Entropy lr = 0.0001 Loss 172/200 Loss is L =2.0485458374023438 
Cross_Entropy lr = 0.0001 Loss 173/200 Loss is L =2.047666549682617 
Cross_Entropy lr = 0.0001 Loss 174/200 Loss is L =2.0506374835968018 
Cross_Entropy lr = 0.0001 Loss 175/200 Loss is L =2.043870210647583 
Cross_Entropy lr = 0.0001 Loss 176/200 Loss is L =2.047522783279419 
Cross_Entropy lr = 0.0001 Loss 177/200 Loss is L =2.046020984649658 
Cross_Entropy lr = 0.0001 Loss 178/200 Loss is L =2.044346570968628 
Cross_Entropy lr = 0.0001 Loss 179/200 Loss is L =2.04853892326355 
Cross_Entropy lr = 0.0001 Loss 180/200 Loss is L =2.0473833084106445 
Cross_Entropy lr = 0.0001 Loss 181/200 Loss is L =2.0414364337921143 
Cross_Entropy lr = 0.0001 Loss 182/200 Loss is L =2.045079469680786 
Cross_Entropy lr = 0.0001 Loss 183/200 Loss is L =2.0488698482513428 
Cross_Entropy lr = 0.0001 Loss 184/200 Loss is L =2.044569969177246 
Cross_Entropy lr = 0.0001 Loss 185/200 Loss is L =2.0415475368499756 
Cross_Entropy lr = 0.0001 Loss 186/200 Loss is L =2.059408664703369 
Cross_Entropy lr = 0.0001 Loss 187/200 Loss is L =2.0526256561279297 
Cross_Entropy lr = 0.0001 Loss 188/200 Loss is L =2.0419061183929443 
Cross_Entropy lr = 0.0001 Loss 189/200 Loss is L =2.04732084274292 
Cross_Entropy lr = 0.0001 Loss 190/200 Loss is L =2.041687250137329 
Cross_Entropy lr = 0.0001 Loss 191/200 Loss is L =2.048142671585083 
Cross_Entropy lr = 0.0001 Loss 192/200 Loss is L =2.0467782020568848 
Cross_Entropy lr = 0.0001 Loss 193/200 Loss is L =2.050089120864868 
Cross_Entropy lr = 0.0001 Loss 194/200 Loss is L =2.04166579246521 
Cross_Entropy lr = 0.0001 Loss 195/200 Loss is L =2.0529842376708984 
Cross_Entropy lr = 0.0001 Loss 196/200 Loss is L =2.0472805500030518 
Cross_Entropy lr = 0.0001 Loss 197/200 Loss is L =2.0422542095184326 
Cross_Entropy lr = 0.0001 Loss 198/200 Loss is L =2.0502889156341553 
Cross_Entropy lr = 0.0001 Loss 199/200 Loss is L =2.057541608810425 
Cross_Entropy lr = 0.0001 Loss 200/200 Loss is L =2.047438383102417 
Cross_Entropy lr = 0.0005 Loss 1/200 Loss is L =2.071265459060669 
Cross_Entropy lr = 0.0005 Loss 2/200 Loss is L =2.0679454803466797 
Cross_Entropy lr = 0.0005 Loss 3/200 Loss is L =2.0605311393737793 
Cross_Entropy lr = 0.0005 Loss 4/200 Loss is L =2.056143283843994 
Cross_Entropy lr = 0.0005 Loss 5/200 Loss is L =2.052457094192505 
Cross_Entropy lr = 0.0005 Loss 6/200 Loss is L =2.0501585006713867 
Cross_Entropy lr = 0.0005 Loss 7/200 Loss is L =2.0509145259857178 
Cross_Entropy lr = 0.0005 Loss 8/200 Loss is L =2.044881582260132 
Cross_Entropy lr = 0.0005 Loss 9/200 Loss is L =2.0384528636932373 
Cross_Entropy lr = 0.0005 Loss 10/200 Loss is L =2.033479928970337 
Cross_Entropy lr = 0.0005 Loss 11/200 Loss is L =2.038334608078003 
Cross_Entropy lr = 0.0005 Loss 12/200 Loss is L =2.029456853866577 
Cross_Entropy lr = 0.0005 Loss 13/200 Loss is L =2.0335235595703125 
Cross_Entropy lr = 0.0005 Loss 14/200 Loss is L =2.031541109085083 
Cross_Entropy lr = 0.0005 Loss 15/200 Loss is L =2.0323121547698975 
Cross_Entropy lr = 0.0005 Loss 16/200 Loss is L =2.0265731811523438 
Cross_Entropy lr = 0.0005 Loss 17/200 Loss is L =2.0319936275482178 
Cross_Entropy lr = 0.0005 Loss 18/200 Loss is L =2.0233981609344482 
Cross_Entropy lr = 0.0005 Loss 19/200 Loss is L =2.0350327491760254 
Cross_Entropy lr = 0.0005 Loss 20/200 Loss is L =2.0323517322540283 
Cross_Entropy lr = 0.0005 Loss 21/200 Loss is L =2.0286858081817627 
Cross_Entropy lr = 0.0005 Loss 22/200 Loss is L =2.0354273319244385 
Cross_Entropy lr = 0.0005 Loss 23/200 Loss is L =2.02945876121521 
Cross_Entropy lr = 0.0005 Loss 24/200 Loss is L =2.0257976055145264 
Cross_Entropy lr = 0.0005 Loss 25/200 Loss is L =2.022862672805786 
Cross_Entropy lr = 0.0005 Loss 26/200 Loss is L =2.034473180770874 
Cross_Entropy lr = 0.0005 Loss 27/200 Loss is L =2.0257375240325928 
Cross_Entropy lr = 0.0005 Loss 28/200 Loss is L =2.0290184020996094 
Cross_Entropy lr = 0.0005 Loss 29/200 Loss is L =2.029088258743286 
Cross_Entropy lr = 0.0005 Loss 30/200 Loss is L =2.029768705368042 
Cross_Entropy lr = 0.0005 Loss 31/200 Loss is L =2.027362108230591 
Cross_Entropy lr = 0.0005 Loss 32/200 Loss is L =2.0281856060028076 
Cross_Entropy lr = 0.0005 Loss 33/200 Loss is L =2.0295369625091553 
Cross_Entropy lr = 0.0005 Loss 34/200 Loss is L =2.0289056301116943 
Cross_Entropy lr = 0.0005 Loss 35/200 Loss is L =2.0297584533691406 
Cross_Entropy lr = 0.0005 Loss 36/200 Loss is L =2.02628493309021 
Cross_Entropy lr = 0.0005 Loss 37/200 Loss is L =2.0297763347625732 
Cross_Entropy lr = 0.0005 Loss 38/200 Loss is L =2.0270779132843018 
Cross_Entropy lr = 0.0005 Loss 39/200 Loss is L =2.028972864151001 
Cross_Entropy lr = 0.0005 Loss 40/200 Loss is L =2.0326507091522217 
Cross_Entropy lr = 0.0005 Loss 41/200 Loss is L =2.0298938751220703 
Cross_Entropy lr = 0.0005 Loss 42/200 Loss is L =2.025024890899658 
Cross_Entropy lr = 0.0005 Loss 43/200 Loss is L =2.0234315395355225 
Cross_Entropy lr = 0.0005 Loss 44/200 Loss is L =2.045469284057617 
Cross_Entropy lr = 0.0005 Loss 45/200 Loss is L =2.0215535163879395 
Cross_Entropy lr = 0.0005 Loss 46/200 Loss is L =2.024137496948242 
Cross_Entropy lr = 0.0005 Loss 47/200 Loss is L =2.031406879425049 
Cross_Entropy lr = 0.0005 Loss 48/200 Loss is L =2.019310712814331 
Cross_Entropy lr = 0.0005 Loss 49/200 Loss is L =2.032870054244995 
Cross_Entropy lr = 0.0005 Loss 50/200 Loss is L =2.0283470153808594 
Cross_Entropy lr = 0.0005 Loss 51/200 Loss is L =2.031315326690674 
Cross_Entropy lr = 0.0005 Loss 52/200 Loss is L =2.0344483852386475 
Cross_Entropy lr = 0.0005 Loss 53/200 Loss is L =2.0259664058685303 
Cross_Entropy lr = 0.0005 Loss 54/200 Loss is L =2.034180164337158 
Cross_Entropy lr = 0.0005 Loss 55/200 Loss is L =2.02329421043396 
Cross_Entropy lr = 0.0005 Loss 56/200 Loss is L =2.023305892944336 
Cross_Entropy lr = 0.0005 Loss 57/200 Loss is L =2.02402925491333 
Cross_Entropy lr = 0.0005 Loss 58/200 Loss is L =2.030562162399292 
Cross_Entropy lr = 0.0005 Loss 59/200 Loss is L =2.0287399291992188 
Cross_Entropy lr = 0.0005 Loss 60/200 Loss is L =2.042619228363037 
Cross_Entropy lr = 0.0005 Loss 61/200 Loss is L =2.023383855819702 
Cross_Entropy lr = 0.0005 Loss 62/200 Loss is L =2.027071952819824 
Cross_Entropy lr = 0.0005 Loss 63/200 Loss is L =2.031336545944214 
Cross_Entropy lr = 0.0005 Loss 64/200 Loss is L =2.0272774696350098 
Cross_Entropy lr = 0.0005 Loss 65/200 Loss is L =2.0215511322021484 
Cross_Entropy lr = 0.0005 Loss 66/200 Loss is L =2.023729085922241 
Cross_Entropy lr = 0.0005 Loss 67/200 Loss is L =2.020719528198242 
Cross_Entropy lr = 0.0005 Loss 68/200 Loss is L =2.0286338329315186 
Cross_Entropy lr = 0.0005 Loss 69/200 Loss is L =2.030259370803833 
Cross_Entropy lr = 0.0005 Loss 70/200 Loss is L =2.031040668487549 
Cross_Entropy lr = 0.0005 Loss 71/200 Loss is L =2.028287172317505 
Cross_Entropy lr = 0.0005 Loss 72/200 Loss is L =2.034527540206909 
Cross_Entropy lr = 0.0005 Loss 73/200 Loss is L =2.0225558280944824 
Cross_Entropy lr = 0.0005 Loss 74/200 Loss is L =2.0292515754699707 
Cross_Entropy lr = 0.0005 Loss 75/200 Loss is L =2.0446488857269287 
Cross_Entropy lr = 0.0005 Loss 76/200 Loss is L =2.027716875076294 
Cross_Entropy lr = 0.0005 Loss 77/200 Loss is L =2.0326950550079346 
Cross_Entropy lr = 0.0005 Loss 78/200 Loss is L =2.0279948711395264 
Cross_Entropy lr = 0.0005 Loss 79/200 Loss is L =2.0236263275146484 
Cross_Entropy lr = 0.0005 Loss 80/200 Loss is L =2.027775287628174 
Cross_Entropy lr = 0.0005 Loss 81/200 Loss is L =2.034538984298706 
Cross_Entropy lr = 0.0005 Loss 82/200 Loss is L =2.038700580596924 
Cross_Entropy lr = 0.0005 Loss 83/200 Loss is L =2.028684139251709 
Cross_Entropy lr = 0.0005 Loss 84/200 Loss is L =2.035362720489502 
Cross_Entropy lr = 0.0005 Loss 85/200 Loss is L =2.0254764556884766 
Cross_Entropy lr = 0.0005 Loss 86/200 Loss is L =2.028681516647339 
Cross_Entropy lr = 0.0005 Loss 87/200 Loss is L =2.0284276008605957 
Cross_Entropy lr = 0.0005 Loss 88/200 Loss is L =2.019982099533081 
Cross_Entropy lr = 0.0005 Loss 89/200 Loss is L =2.0156915187835693 
Cross_Entropy lr = 0.0005 Loss 90/200 Loss is L =2.0179812908172607 
Cross_Entropy lr = 0.0005 Loss 91/200 Loss is L =2.026884078979492 
Cross_Entropy lr = 0.0005 Loss 92/200 Loss is L =2.026615858078003 
Cross_Entropy lr = 0.0005 Loss 93/200 Loss is L =2.0309808254241943 
Cross_Entropy lr = 0.0005 Loss 94/200 Loss is L =2.0267786979675293 
Cross_Entropy lr = 0.0005 Loss 95/200 Loss is L =2.0277488231658936 
Cross_Entropy lr = 0.0005 Loss 96/200 Loss is L =2.0311989784240723 
Cross_Entropy lr = 0.0005 Loss 97/200 Loss is L =2.0300824642181396 
Cross_Entropy lr = 0.0005 Loss 98/200 Loss is L =2.0338234901428223 
Cross_Entropy lr = 0.0005 Loss 99/200 Loss is L =2.027589797973633 
Cross_Entropy lr = 0.0005 Loss 100/200 Loss is L =2.0258147716522217 
Cross_Entropy lr = 0.0005 Loss 101/200 Loss is L =2.0238230228424072 
Cross_Entropy lr = 0.0005 Loss 102/200 Loss is L =2.036360263824463 
Cross_Entropy lr = 0.0005 Loss 103/200 Loss is L =2.0174362659454346 
Cross_Entropy lr = 0.0005 Loss 104/200 Loss is L =2.0333967208862305 
Cross_Entropy lr = 0.0005 Loss 105/200 Loss is L =2.0211455821990967 
Cross_Entropy lr = 0.0005 Loss 106/200 Loss is L =2.029522657394409 
Cross_Entropy lr = 0.0005 Loss 107/200 Loss is L =2.0295650959014893 
Cross_Entropy lr = 0.0005 Loss 108/200 Loss is L =2.0208306312561035 
Cross_Entropy lr = 0.0005 Loss 109/200 Loss is L =2.025871753692627 
Cross_Entropy lr = 0.0005 Loss 110/200 Loss is L =2.0229544639587402 
Cross_Entropy lr = 0.0005 Loss 111/200 Loss is L =2.023653030395508 
Cross_Entropy lr = 0.0005 Loss 112/200 Loss is L =2.0326778888702393 
Cross_Entropy lr = 0.0005 Loss 113/200 Loss is L =2.0327327251434326 
Cross_Entropy lr = 0.0005 Loss 114/200 Loss is L =2.0368049144744873 
Cross_Entropy lr = 0.0005 Loss 115/200 Loss is L =2.0304906368255615 
Cross_Entropy lr = 0.0005 Loss 116/200 Loss is L =2.028277635574341 
Cross_Entropy lr = 0.0005 Loss 117/200 Loss is L =2.029980421066284 
Cross_Entropy lr = 0.0005 Loss 118/200 Loss is L =2.025329351425171 
Cross_Entropy lr = 0.0005 Loss 119/200 Loss is L =2.0308549404144287 
Cross_Entropy lr = 0.0005 Loss 120/200 Loss is L =2.025254011154175 
Cross_Entropy lr = 0.0005 Loss 121/200 Loss is L =2.029614210128784 
Cross_Entropy lr = 0.0005 Loss 122/200 Loss is L =2.028656005859375 
Cross_Entropy lr = 0.0005 Loss 123/200 Loss is L =2.023223400115967 
Cross_Entropy lr = 0.0005 Loss 124/200 Loss is L =2.026259422302246 
Cross_Entropy lr = 0.0005 Loss 125/200 Loss is L =2.0290181636810303 
Cross_Entropy lr = 0.0005 Loss 126/200 Loss is L =2.02748966217041 
Cross_Entropy lr = 0.0005 Loss 127/200 Loss is L =2.0304558277130127 
Cross_Entropy lr = 0.0005 Loss 128/200 Loss is L =2.027646064758301 
Cross_Entropy lr = 0.0005 Loss 129/200 Loss is L =2.0236103534698486 
Cross_Entropy lr = 0.0005 Loss 130/200 Loss is L =2.0315442085266113 
Cross_Entropy lr = 0.0005 Loss 131/200 Loss is L =2.025320529937744 
Cross_Entropy lr = 0.0005 Loss 132/200 Loss is L =2.022725820541382 
Cross_Entropy lr = 0.0005 Loss 133/200 Loss is L =2.0335443019866943 
Cross_Entropy lr = 0.0005 Loss 134/200 Loss is L =2.0290207862854004 
Cross_Entropy lr = 0.0005 Loss 135/200 Loss is L =2.0308997631073 
Cross_Entropy lr = 0.0005 Loss 136/200 Loss is L =2.0252685546875 
Cross_Entropy lr = 0.0005 Loss 137/200 Loss is L =2.0254714488983154 
Cross_Entropy lr = 0.0005 Loss 138/200 Loss is L =2.0233848094940186 
Cross_Entropy lr = 0.0005 Loss 139/200 Loss is L =2.027940273284912 
Cross_Entropy lr = 0.0005 Loss 140/200 Loss is L =2.025266647338867 
Cross_Entropy lr = 0.0005 Loss 141/200 Loss is L =2.026702880859375 
Cross_Entropy lr = 0.0005 Loss 142/200 Loss is L =2.0286920070648193 
Cross_Entropy lr = 0.0005 Loss 143/200 Loss is L =2.0377163887023926 
Cross_Entropy lr = 0.0005 Loss 144/200 Loss is L =2.030930280685425 
Cross_Entropy lr = 0.0005 Loss 145/200 Loss is L =2.0308220386505127 
Cross_Entropy lr = 0.0005 Loss 146/200 Loss is L =2.0289883613586426 
Cross_Entropy lr = 0.0005 Loss 147/200 Loss is L =2.0263776779174805 
Cross_Entropy lr = 0.0005 Loss 148/200 Loss is L =2.027388095855713 
Cross_Entropy lr = 0.0005 Loss 149/200 Loss is L =2.0248935222625732 
Cross_Entropy lr = 0.0005 Loss 150/200 Loss is L =2.026179790496826 
Cross_Entropy lr = 0.0005 Loss 151/200 Loss is L =2.028162717819214 
Cross_Entropy lr = 0.0005 Loss 152/200 Loss is L =2.0219171047210693 
Cross_Entropy lr = 0.0005 Loss 153/200 Loss is L =2.022736072540283 
Cross_Entropy lr = 0.0005 Loss 154/200 Loss is L =2.034294843673706 
Cross_Entropy lr = 0.0005 Loss 155/200 Loss is L =2.030225992202759 
Cross_Entropy lr = 0.0005 Loss 156/200 Loss is L =2.0258586406707764 
Cross_Entropy lr = 0.0005 Loss 157/200 Loss is L =2.030874252319336 
Cross_Entropy lr = 0.0005 Loss 158/200 Loss is L =2.0266215801239014 
Cross_Entropy lr = 0.0005 Loss 159/200 Loss is L =2.035980701446533 
Cross_Entropy lr = 0.0005 Loss 160/200 Loss is L =2.0328073501586914 
Cross_Entropy lr = 0.0005 Loss 161/200 Loss is L =2.035015821456909 
Cross_Entropy lr = 0.0005 Loss 162/200 Loss is L =2.026292085647583 
Cross_Entropy lr = 0.0005 Loss 163/200 Loss is L =2.025355577468872 
Cross_Entropy lr = 0.0005 Loss 164/200 Loss is L =2.028856039047241 
Cross_Entropy lr = 0.0005 Loss 165/200 Loss is L =2.02055025100708 
Cross_Entropy lr = 0.0005 Loss 166/200 Loss is L =2.030416250228882 
Cross_Entropy lr = 0.0005 Loss 167/200 Loss is L =2.023771286010742 
Cross_Entropy lr = 0.0005 Loss 168/200 Loss is L =2.027508497238159 
Cross_Entropy lr = 0.0005 Loss 169/200 Loss is L =2.018754720687866 
Cross_Entropy lr = 0.0005 Loss 170/200 Loss is L =2.0321779251098633 
Cross_Entropy lr = 0.0005 Loss 171/200 Loss is L =2.0303587913513184 
Cross_Entropy lr = 0.0005 Loss 172/200 Loss is L =2.0297741889953613 
Cross_Entropy lr = 0.0005 Loss 173/200 Loss is L =2.0244929790496826 
Cross_Entropy lr = 0.0005 Loss 174/200 Loss is L =2.0317115783691406 
Cross_Entropy lr = 0.0005 Loss 175/200 Loss is L =2.0253727436065674 
Cross_Entropy lr = 0.0005 Loss 176/200 Loss is L =2.0286061763763428 
Cross_Entropy lr = 0.0005 Loss 177/200 Loss is L =2.0306007862091064 
Cross_Entropy lr = 0.0005 Loss 178/200 Loss is L =2.025991201400757 
Cross_Entropy lr = 0.0005 Loss 179/200 Loss is L =2.026150941848755 
Cross_Entropy lr = 0.0005 Loss 180/200 Loss is L =2.034724712371826 
Cross_Entropy lr = 0.0005 Loss 181/200 Loss is L =2.0285563468933105 
Cross_Entropy lr = 0.0005 Loss 182/200 Loss is L =2.0292508602142334 
Cross_Entropy lr = 0.0005 Loss 183/200 Loss is L =2.0301194190979004 
Cross_Entropy lr = 0.0005 Loss 184/200 Loss is L =2.029996633529663 
Cross_Entropy lr = 0.0005 Loss 185/200 Loss is L =2.0333287715911865 
Cross_Entropy lr = 0.0005 Loss 186/200 Loss is L =2.0251526832580566 
Cross_Entropy lr = 0.0005 Loss 187/200 Loss is L =2.0265862941741943 
Cross_Entropy lr = 0.0005 Loss 188/200 Loss is L =2.026258945465088 
Cross_Entropy lr = 0.0005 Loss 189/200 Loss is L =2.023078203201294 
Cross_Entropy lr = 0.0005 Loss 190/200 Loss is L =2.0285747051239014 
Cross_Entropy lr = 0.0005 Loss 191/200 Loss is L =2.0230071544647217 
Cross_Entropy lr = 0.0005 Loss 192/200 Loss is L =2.033052921295166 
Cross_Entropy lr = 0.0005 Loss 193/200 Loss is L =2.025296926498413 
Cross_Entropy lr = 0.0005 Loss 194/200 Loss is L =2.036250352859497 
Cross_Entropy lr = 0.0005 Loss 195/200 Loss is L =2.032768726348877 
Cross_Entropy lr = 0.0005 Loss 196/200 Loss is L =2.0294039249420166 
Cross_Entropy lr = 0.0005 Loss 197/200 Loss is L =2.0195624828338623 
Cross_Entropy lr = 0.0005 Loss 198/200 Loss is L =2.031249761581421 
Cross_Entropy lr = 0.0005 Loss 199/200 Loss is L =2.0293290615081787 
Cross_Entropy lr = 0.0005 Loss 200/200 Loss is L =2.0308141708374023 
Cross_Entropy lr = 0.001 Loss 1/200 Loss is L =2.0708870887756348 
Cross_Entropy lr = 0.001 Loss 2/200 Loss is L =2.061290740966797 
Cross_Entropy lr = 0.001 Loss 3/200 Loss is L =2.0494868755340576 
Cross_Entropy lr = 0.001 Loss 4/200 Loss is L =2.0462148189544678 
Cross_Entropy lr = 0.001 Loss 5/200 Loss is L =2.0428566932678223 
Cross_Entropy lr = 0.001 Loss 6/200 Loss is L =2.0382556915283203 
Cross_Entropy lr = 0.001 Loss 7/200 Loss is L =2.03605055809021 
Cross_Entropy lr = 0.001 Loss 8/200 Loss is L =2.033217430114746 
Cross_Entropy lr = 0.001 Loss 9/200 Loss is L =2.0260062217712402 
Cross_Entropy lr = 0.001 Loss 10/200 Loss is L =2.007672071456909 
Cross_Entropy lr = 0.001 Loss 11/200 Loss is L =2.0109405517578125 
Cross_Entropy lr = 0.001 Loss 12/200 Loss is L =2.001793622970581 
Cross_Entropy lr = 0.001 Loss 13/200 Loss is L =1.9976886510849 
Cross_Entropy lr = 0.001 Loss 14/200 Loss is L =1.9963515996932983 
Cross_Entropy lr = 0.001 Loss 15/200 Loss is L =2.006159782409668 
Cross_Entropy lr = 0.001 Loss 16/200 Loss is L =2.011829137802124 
Cross_Entropy lr = 0.001 Loss 17/200 Loss is L =1.9997673034667969 
Cross_Entropy lr = 0.001 Loss 18/200 Loss is L =1.9918756484985352 
Cross_Entropy lr = 0.001 Loss 19/200 Loss is L =1.9960815906524658 
Cross_Entropy lr = 0.001 Loss 20/200 Loss is L =1.9944199323654175 
Cross_Entropy lr = 0.001 Loss 21/200 Loss is L =1.993085503578186 
Cross_Entropy lr = 0.001 Loss 22/200 Loss is L =1.9869024753570557 
Cross_Entropy lr = 0.001 Loss 23/200 Loss is L =1.987837791442871 
Cross_Entropy lr = 0.001 Loss 24/200 Loss is L =1.9892901182174683 
Cross_Entropy lr = 0.001 Loss 25/200 Loss is L =1.9934666156768799 
Cross_Entropy lr = 0.001 Loss 26/200 Loss is L =1.9923862218856812 
Cross_Entropy lr = 0.001 Loss 27/200 Loss is L =1.985103964805603 
Cross_Entropy lr = 0.001 Loss 28/200 Loss is L =1.9859956502914429 
Cross_Entropy lr = 0.001 Loss 29/200 Loss is L =1.9882240295410156 
Cross_Entropy lr = 0.001 Loss 30/200 Loss is L =1.9880638122558594 
Cross_Entropy lr = 0.001 Loss 31/200 Loss is L =1.995390772819519 
Cross_Entropy lr = 0.001 Loss 32/200 Loss is L =1.9847147464752197 
Cross_Entropy lr = 0.001 Loss 33/200 Loss is L =1.9859580993652344 
Cross_Entropy lr = 0.001 Loss 34/200 Loss is L =1.9934395551681519 
Cross_Entropy lr = 0.001 Loss 35/200 Loss is L =1.990991234779358 
Cross_Entropy lr = 0.001 Loss 36/200 Loss is L =1.9798765182495117 
Cross_Entropy lr = 0.001 Loss 37/200 Loss is L =1.9945167303085327 
Cross_Entropy lr = 0.001 Loss 38/200 Loss is L =1.9958107471466064 
Cross_Entropy lr = 0.001 Loss 39/200 Loss is L =1.9878406524658203 
Cross_Entropy lr = 0.001 Loss 40/200 Loss is L =1.9869730472564697 
Cross_Entropy lr = 0.001 Loss 41/200 Loss is L =1.9953014850616455 
Cross_Entropy lr = 0.001 Loss 42/200 Loss is L =1.9914880990982056 
Cross_Entropy lr = 0.001 Loss 43/200 Loss is L =1.987517237663269 
Cross_Entropy lr = 0.001 Loss 44/200 Loss is L =1.9863313436508179 
Cross_Entropy lr = 0.001 Loss 45/200 Loss is L =1.9853581190109253 
Cross_Entropy lr = 0.001 Loss 46/200 Loss is L =1.9887455701828003 
Cross_Entropy lr = 0.001 Loss 47/200 Loss is L =1.9904049634933472 
Cross_Entropy lr = 0.001 Loss 48/200 Loss is L =1.9865459203720093 
Cross_Entropy lr = 0.001 Loss 49/200 Loss is L =1.9875128269195557 
Cross_Entropy lr = 0.001 Loss 50/200 Loss is L =1.9850581884384155 
Cross_Entropy lr = 0.001 Loss 51/200 Loss is L =1.9852348566055298 
Cross_Entropy lr = 0.001 Loss 52/200 Loss is L =1.987526535987854 
Cross_Entropy lr = 0.001 Loss 53/200 Loss is L =1.9820765256881714 
Cross_Entropy lr = 0.001 Loss 54/200 Loss is L =1.9982388019561768 
Cross_Entropy lr = 0.001 Loss 55/200 Loss is L =1.9783804416656494 
Cross_Entropy lr = 0.001 Loss 56/200 Loss is L =1.9843720197677612 
Cross_Entropy lr = 0.001 Loss 57/200 Loss is L =1.991211175918579 
Cross_Entropy lr = 0.001 Loss 58/200 Loss is L =1.9847328662872314 
Cross_Entropy lr = 0.001 Loss 59/200 Loss is L =2.0014901161193848 
Cross_Entropy lr = 0.001 Loss 60/200 Loss is L =1.9852904081344604 
Cross_Entropy lr = 0.001 Loss 61/200 Loss is L =1.9914859533309937 
Cross_Entropy lr = 0.001 Loss 62/200 Loss is L =1.9860397577285767 
Cross_Entropy lr = 0.001 Loss 63/200 Loss is L =1.990264892578125 
Cross_Entropy lr = 0.001 Loss 64/200 Loss is L =1.98883056640625 
Cross_Entropy lr = 0.001 Loss 65/200 Loss is L =1.9898912906646729 
Cross_Entropy lr = 0.001 Loss 66/200 Loss is L =1.9816820621490479 
Cross_Entropy lr = 0.001 Loss 67/200 Loss is L =1.988440752029419 
Cross_Entropy lr = 0.001 Loss 68/200 Loss is L =1.9903541803359985 
Cross_Entropy lr = 0.001 Loss 69/200 Loss is L =1.983376383781433 
Cross_Entropy lr = 0.001 Loss 70/200 Loss is L =1.993345856666565 
Cross_Entropy lr = 0.001 Loss 71/200 Loss is L =1.9860954284667969 
Cross_Entropy lr = 0.001 Loss 72/200 Loss is L =1.991528868675232 
Cross_Entropy lr = 0.001 Loss 73/200 Loss is L =1.9959862232208252 
Cross_Entropy lr = 0.001 Loss 74/200 Loss is L =1.9854029417037964 
Cross_Entropy lr = 0.001 Loss 75/200 Loss is L =1.9934873580932617 
Cross_Entropy lr = 0.001 Loss 76/200 Loss is L =1.9867820739746094 
Cross_Entropy lr = 0.001 Loss 77/200 Loss is L =1.9885212182998657 
Cross_Entropy lr = 0.001 Loss 78/200 Loss is L =1.9853538274765015 
Cross_Entropy lr = 0.001 Loss 79/200 Loss is L =1.9835704565048218 
Cross_Entropy lr = 0.001 Loss 80/200 Loss is L =1.9899225234985352 
Cross_Entropy lr = 0.001 Loss 81/200 Loss is L =1.9896377325057983 
Cross_Entropy lr = 0.001 Loss 82/200 Loss is L =1.9933273792266846 
Cross_Entropy lr = 0.001 Loss 83/200 Loss is L =1.9908689260482788 
Cross_Entropy lr = 0.001 Loss 84/200 Loss is L =1.9953917264938354 
Cross_Entropy lr = 0.001 Loss 85/200 Loss is L =1.9897682666778564 
Cross_Entropy lr = 0.001 Loss 86/200 Loss is L =1.9798797369003296 
Cross_Entropy lr = 0.001 Loss 87/200 Loss is L =1.9908424615859985 
Cross_Entropy lr = 0.001 Loss 88/200 Loss is L =1.9918485879898071 
Cross_Entropy lr = 0.001 Loss 89/200 Loss is L =1.9977467060089111 
Cross_Entropy lr = 0.001 Loss 90/200 Loss is L =1.9888451099395752 
Cross_Entropy lr = 0.001 Loss 91/200 Loss is L =1.9871124029159546 
Cross_Entropy lr = 0.001 Loss 92/200 Loss is L =1.9930378198623657 
Cross_Entropy lr = 0.001 Loss 93/200 Loss is L =1.9899704456329346 
Cross_Entropy lr = 0.001 Loss 94/200 Loss is L =1.993329644203186 
Cross_Entropy lr = 0.001 Loss 95/200 Loss is L =1.9865728616714478 
Cross_Entropy lr = 0.001 Loss 96/200 Loss is L =1.9913952350616455 
Cross_Entropy lr = 0.001 Loss 97/200 Loss is L =1.9873756170272827 
Cross_Entropy lr = 0.001 Loss 98/200 Loss is L =1.9875707626342773 
Cross_Entropy lr = 0.001 Loss 99/200 Loss is L =1.9920333623886108 
Cross_Entropy lr = 0.001 Loss 100/200 Loss is L =1.9884189367294312 
Cross_Entropy lr = 0.001 Loss 101/200 Loss is L =1.9916470050811768 
Cross_Entropy lr = 0.001 Loss 102/200 Loss is L =1.9931856393814087 
Cross_Entropy lr = 0.001 Loss 103/200 Loss is L =1.9865295886993408 
Cross_Entropy lr = 0.001 Loss 104/200 Loss is L =1.9912865161895752 
Cross_Entropy lr = 0.001 Loss 105/200 Loss is L =1.9916397333145142 
Cross_Entropy lr = 0.001 Loss 106/200 Loss is L =1.9899152517318726 
Cross_Entropy lr = 0.001 Loss 107/200 Loss is L =1.9855045080184937 
Cross_Entropy lr = 0.001 Loss 108/200 Loss is L =1.9861630201339722 
Cross_Entropy lr = 0.001 Loss 109/200 Loss is L =1.9848030805587769 
Cross_Entropy lr = 0.001 Loss 110/200 Loss is L =1.994244933128357 
Cross_Entropy lr = 0.001 Loss 111/200 Loss is L =1.9859704971313477 
Cross_Entropy lr = 0.001 Loss 112/200 Loss is L =1.9828987121582031 
Cross_Entropy lr = 0.001 Loss 113/200 Loss is L =1.988046646118164 
Cross_Entropy lr = 0.001 Loss 114/200 Loss is L =1.9941459894180298 
Cross_Entropy lr = 0.001 Loss 115/200 Loss is L =1.986820101737976 
Cross_Entropy lr = 0.001 Loss 116/200 Loss is L =1.9974288940429688 
Cross_Entropy lr = 0.001 Loss 117/200 Loss is L =1.9983370304107666 
Cross_Entropy lr = 0.001 Loss 118/200 Loss is L =1.995599627494812 
Cross_Entropy lr = 0.001 Loss 119/200 Loss is L =1.9913815259933472 
Cross_Entropy lr = 0.001 Loss 120/200 Loss is L =1.9930375814437866 
Cross_Entropy lr = 0.001 Loss 121/200 Loss is L =1.993054986000061 
Cross_Entropy lr = 0.001 Loss 122/200 Loss is L =1.9930185079574585 
Cross_Entropy lr = 0.001 Loss 123/200 Loss is L =1.9964860677719116 
Cross_Entropy lr = 0.001 Loss 124/200 Loss is L =1.9849270582199097 
Cross_Entropy lr = 0.001 Loss 125/200 Loss is L =1.9886184930801392 
Cross_Entropy lr = 0.001 Loss 126/200 Loss is L =1.9844741821289062 
Cross_Entropy lr = 0.001 Loss 127/200 Loss is L =1.9761533737182617 
Cross_Entropy lr = 0.001 Loss 128/200 Loss is L =1.9959983825683594 
Cross_Entropy lr = 0.001 Loss 129/200 Loss is L =1.9874151945114136 
Cross_Entropy lr = 0.001 Loss 130/200 Loss is L =1.996778130531311 
Cross_Entropy lr = 0.001 Loss 131/200 Loss is L =1.9799708127975464 
Cross_Entropy lr = 0.001 Loss 132/200 Loss is L =1.9912503957748413 
Cross_Entropy lr = 0.001 Loss 133/200 Loss is L =1.9989811182022095 
Cross_Entropy lr = 0.001 Loss 134/200 Loss is L =1.986069917678833 
Cross_Entropy lr = 0.001 Loss 135/200 Loss is L =1.9877513647079468 
Cross_Entropy lr = 0.001 Loss 136/200 Loss is L =1.9953416585922241 
Cross_Entropy lr = 0.001 Loss 137/200 Loss is L =1.9916431903839111 
Cross_Entropy lr = 0.001 Loss 138/200 Loss is L =1.984462022781372 
Cross_Entropy lr = 0.001 Loss 139/200 Loss is L =1.9982744455337524 
Cross_Entropy lr = 0.001 Loss 140/200 Loss is L =1.9936926364898682 
Cross_Entropy lr = 0.001 Loss 141/200 Loss is L =1.9853378534317017 
Cross_Entropy lr = 0.001 Loss 142/200 Loss is L =1.9832546710968018 
Cross_Entropy lr = 0.001 Loss 143/200 Loss is L =1.9854904413223267 
Cross_Entropy lr = 0.001 Loss 144/200 Loss is L =1.992242693901062 
Cross_Entropy lr = 0.001 Loss 145/200 Loss is L =1.9874781370162964 
Cross_Entropy lr = 0.001 Loss 146/200 Loss is L =1.9901764392852783 
Cross_Entropy lr = 0.001 Loss 147/200 Loss is L =1.9854910373687744 
Cross_Entropy lr = 0.001 Loss 148/200 Loss is L =1.9888718128204346 
Cross_Entropy lr = 0.001 Loss 149/200 Loss is L =1.9943342208862305 
Cross_Entropy lr = 0.001 Loss 150/200 Loss is L =1.993825912475586 
Cross_Entropy lr = 0.001 Loss 151/200 Loss is L =1.9854425191879272 
Cross_Entropy lr = 0.001 Loss 152/200 Loss is L =1.9881311655044556 
Cross_Entropy lr = 0.001 Loss 153/200 Loss is L =1.9945287704467773 
Cross_Entropy lr = 0.001 Loss 154/200 Loss is L =1.9993942975997925 
Cross_Entropy lr = 0.001 Loss 155/200 Loss is L =1.9885472059249878 
Cross_Entropy lr = 0.001 Loss 156/200 Loss is L =1.9899238348007202 
Cross_Entropy lr = 0.001 Loss 157/200 Loss is L =1.9863017797470093 
Cross_Entropy lr = 0.001 Loss 158/200 Loss is L =1.9884251356124878 
Cross_Entropy lr = 0.001 Loss 159/200 Loss is L =1.9880186319351196 
Cross_Entropy lr = 0.001 Loss 160/200 Loss is L =1.9915536642074585 
Cross_Entropy lr = 0.001 Loss 161/200 Loss is L =1.9865528345108032 
Cross_Entropy lr = 0.001 Loss 162/200 Loss is L =1.9949716329574585 
Cross_Entropy lr = 0.001 Loss 163/200 Loss is L =1.9846622943878174 
Cross_Entropy lr = 0.001 Loss 164/200 Loss is L =1.9905509948730469 
Cross_Entropy lr = 0.001 Loss 165/200 Loss is L =1.9925756454467773 
Cross_Entropy lr = 0.001 Loss 166/200 Loss is L =1.9952586889266968 
Cross_Entropy lr = 0.001 Loss 167/200 Loss is L =1.9883564710617065 
Cross_Entropy lr = 0.001 Loss 168/200 Loss is L =1.9931634664535522 
Cross_Entropy lr = 0.001 Loss 169/200 Loss is L =1.9879978895187378 
Cross_Entropy lr = 0.001 Loss 170/200 Loss is L =1.9876142740249634 
Cross_Entropy lr = 0.001 Loss 171/200 Loss is L =1.9867019653320312 
Cross_Entropy lr = 0.001 Loss 172/200 Loss is L =1.9846538305282593 
Cross_Entropy lr = 0.001 Loss 173/200 Loss is L =1.9932873249053955 
Cross_Entropy lr = 0.001 Loss 174/200 Loss is L =1.9858635663986206 
Cross_Entropy lr = 0.001 Loss 175/200 Loss is L =1.9860271215438843 
Cross_Entropy lr = 0.001 Loss 176/200 Loss is L =1.995165467262268 
Cross_Entropy lr = 0.001 Loss 177/200 Loss is L =1.9903637170791626 
Cross_Entropy lr = 0.001 Loss 178/200 Loss is L =1.9966871738433838 
Cross_Entropy lr = 0.001 Loss 179/200 Loss is L =1.983223557472229 
Cross_Entropy lr = 0.001 Loss 180/200 Loss is L =1.982369303703308 
Cross_Entropy lr = 0.001 Loss 181/200 Loss is L =1.9993871450424194 
Cross_Entropy lr = 0.001 Loss 182/200 Loss is L =1.9926369190216064 
Cross_Entropy lr = 0.001 Loss 183/200 Loss is L =1.9980446100234985 
Cross_Entropy lr = 0.001 Loss 184/200 Loss is L =1.9844483137130737 
Cross_Entropy lr = 0.001 Loss 185/200 Loss is L =1.988136649131775 
Cross_Entropy lr = 0.001 Loss 186/200 Loss is L =1.9820785522460938 
Cross_Entropy lr = 0.001 Loss 187/200 Loss is L =1.9791265726089478 
Cross_Entropy lr = 0.001 Loss 188/200 Loss is L =1.990396499633789 
Cross_Entropy lr = 0.001 Loss 189/200 Loss is L =1.995160698890686 
Cross_Entropy lr = 0.001 Loss 190/200 Loss is L =1.9857624769210815 
Cross_Entropy lr = 0.001 Loss 191/200 Loss is L =1.9877674579620361 
Cross_Entropy lr = 0.001 Loss 192/200 Loss is L =1.988961100578308 
Cross_Entropy lr = 0.001 Loss 193/200 Loss is L =2.001974105834961 
Cross_Entropy lr = 0.001 Loss 194/200 Loss is L =1.9907997846603394 
Cross_Entropy lr = 0.001 Loss 195/200 Loss is L =1.9824689626693726 
Cross_Entropy lr = 0.001 Loss 196/200 Loss is L =1.9881401062011719 
Cross_Entropy lr = 0.001 Loss 197/200 Loss is L =1.9968712329864502 
Cross_Entropy lr = 0.001 Loss 198/200 Loss is L =1.9893722534179688 
Cross_Entropy lr = 0.001 Loss 199/200 Loss is L =1.9901643991470337 
Cross_Entropy lr = 0.001 Loss 200/200 Loss is L =1.9979994297027588 
Cross_Entropy lr = 0.005 Loss 1/200 Loss is L =2.0726852416992188 
Cross_Entropy lr = 0.005 Loss 2/200 Loss is L =2.061429500579834 
Cross_Entropy lr = 0.005 Loss 3/200 Loss is L =2.0554254055023193 
Cross_Entropy lr = 0.005 Loss 4/200 Loss is L =2.051419973373413 
Cross_Entropy lr = 0.005 Loss 5/200 Loss is L =2.0148353576660156 
Cross_Entropy lr = 0.005 Loss 6/200 Loss is L =2.0052056312561035 
Cross_Entropy lr = 0.005 Loss 7/200 Loss is L =1.9817726612091064 
Cross_Entropy lr = 0.005 Loss 8/200 Loss is L =1.947946548461914 
Cross_Entropy lr = 0.005 Loss 9/200 Loss is L =1.9002580642700195 
Cross_Entropy lr = 0.005 Loss 10/200 Loss is L =1.9036235809326172 
Cross_Entropy lr = 0.005 Loss 11/200 Loss is L =1.8240877389907837 
Cross_Entropy lr = 0.005 Loss 12/200 Loss is L =1.816457748413086 
Cross_Entropy lr = 0.005 Loss 13/200 Loss is L =1.8369810581207275 
Cross_Entropy lr = 0.005 Loss 14/200 Loss is L =1.8290716409683228 
Cross_Entropy lr = 0.005 Loss 15/200 Loss is L =1.8457539081573486 
Cross_Entropy lr = 0.005 Loss 16/200 Loss is L =1.7981609106063843 
Cross_Entropy lr = 0.005 Loss 17/200 Loss is L =1.7902796268463135 
Cross_Entropy lr = 0.005 Loss 18/200 Loss is L =1.7876827716827393 
Cross_Entropy lr = 0.005 Loss 19/200 Loss is L =1.8183746337890625 
Cross_Entropy lr = 0.005 Loss 20/200 Loss is L =1.7861799001693726 
Cross_Entropy lr = 0.005 Loss 21/200 Loss is L =1.7878879308700562 
Cross_Entropy lr = 0.005 Loss 22/200 Loss is L =1.7847250699996948 
Cross_Entropy lr = 0.005 Loss 23/200 Loss is L =1.777162790298462 
Cross_Entropy lr = 0.005 Loss 24/200 Loss is L =1.7978241443634033 
Cross_Entropy lr = 0.005 Loss 25/200 Loss is L =1.8055981397628784 
Cross_Entropy lr = 0.005 Loss 26/200 Loss is L =1.7891606092453003 
Cross_Entropy lr = 0.005 Loss 27/200 Loss is L =1.7644189596176147 
Cross_Entropy lr = 0.005 Loss 28/200 Loss is L =1.7845600843429565 
Cross_Entropy lr = 0.005 Loss 29/200 Loss is L =1.7937653064727783 
Cross_Entropy lr = 0.005 Loss 30/200 Loss is L =1.7626208066940308 
Cross_Entropy lr = 0.005 Loss 31/200 Loss is L =1.7782024145126343 
Cross_Entropy lr = 0.005 Loss 32/200 Loss is L =1.7953029870986938 
Cross_Entropy lr = 0.005 Loss 33/200 Loss is L =1.8011020421981812 
Cross_Entropy lr = 0.005 Loss 34/200 Loss is L =1.7919400930404663 
Cross_Entropy lr = 0.005 Loss 35/200 Loss is L =1.7815083265304565 
Cross_Entropy lr = 0.005 Loss 36/200 Loss is L =1.7876007556915283 
Cross_Entropy lr = 0.005 Loss 37/200 Loss is L =1.7914752960205078 
Cross_Entropy lr = 0.005 Loss 38/200 Loss is L =1.789687156677246 
Cross_Entropy lr = 0.005 Loss 39/200 Loss is L =1.7748123407363892 
Cross_Entropy lr = 0.005 Loss 40/200 Loss is L =1.7888435125350952 
Cross_Entropy lr = 0.005 Loss 41/200 Loss is L =1.8071339130401611 
Cross_Entropy lr = 0.005 Loss 42/200 Loss is L =1.7372705936431885 
Cross_Entropy lr = 0.005 Loss 43/200 Loss is L =1.785546898841858 
Cross_Entropy lr = 0.005 Loss 44/200 Loss is L =1.772864580154419 
Cross_Entropy lr = 0.005 Loss 45/200 Loss is L =1.764147162437439 
Cross_Entropy lr = 0.005 Loss 46/200 Loss is L =1.803383708000183 
Cross_Entropy lr = 0.005 Loss 47/200 Loss is L =1.8014723062515259 
Cross_Entropy lr = 0.005 Loss 48/200 Loss is L =1.748217225074768 
Cross_Entropy lr = 0.005 Loss 49/200 Loss is L =1.7763832807540894 
Cross_Entropy lr = 0.005 Loss 50/200 Loss is L =1.7915098667144775 
Cross_Entropy lr = 0.005 Loss 51/200 Loss is L =1.787967324256897 
Cross_Entropy lr = 0.005 Loss 52/200 Loss is L =1.7895851135253906 
Cross_Entropy lr = 0.005 Loss 53/200 Loss is L =1.798287272453308 
Cross_Entropy lr = 0.005 Loss 54/200 Loss is L =1.7686668634414673 
Cross_Entropy lr = 0.005 Loss 55/200 Loss is L =1.8095062971115112 
Cross_Entropy lr = 0.005 Loss 56/200 Loss is L =1.7951322793960571 
Cross_Entropy lr = 0.005 Loss 57/200 Loss is L =1.8277724981307983 
Cross_Entropy lr = 0.005 Loss 58/200 Loss is L =1.8011133670806885 
Cross_Entropy lr = 0.005 Loss 59/200 Loss is L =1.7951990365982056 
Cross_Entropy lr = 0.005 Loss 60/200 Loss is L =1.8024349212646484 
Cross_Entropy lr = 0.005 Loss 61/200 Loss is L =1.7552670240402222 
Cross_Entropy lr = 0.005 Loss 62/200 Loss is L =1.7903419733047485 
Cross_Entropy lr = 0.005 Loss 63/200 Loss is L =1.7561359405517578 
Cross_Entropy lr = 0.005 Loss 64/200 Loss is L =1.7958345413208008 
Cross_Entropy lr = 0.005 Loss 65/200 Loss is L =1.798415184020996 
Cross_Entropy lr = 0.005 Loss 66/200 Loss is L =1.7886501550674438 
Cross_Entropy lr = 0.005 Loss 67/200 Loss is L =1.7838703393936157 
Cross_Entropy lr = 0.005 Loss 68/200 Loss is L =1.7857341766357422 
Cross_Entropy lr = 0.005 Loss 69/200 Loss is L =1.7812021970748901 
Cross_Entropy lr = 0.005 Loss 70/200 Loss is L =1.8152004480361938 
Cross_Entropy lr = 0.005 Loss 71/200 Loss is L =1.7686372995376587 
Cross_Entropy lr = 0.005 Loss 72/200 Loss is L =1.781711459159851 
Cross_Entropy lr = 0.005 Loss 73/200 Loss is L =1.775234580039978 
Cross_Entropy lr = 0.005 Loss 74/200 Loss is L =1.759918212890625 
Cross_Entropy lr = 0.005 Loss 75/200 Loss is L =1.7648495435714722 
Cross_Entropy lr = 0.005 Loss 76/200 Loss is L =1.8026520013809204 
Cross_Entropy lr = 0.005 Loss 77/200 Loss is L =1.7777451276779175 
Cross_Entropy lr = 0.005 Loss 78/200 Loss is L =1.8010189533233643 
Cross_Entropy lr = 0.005 Loss 79/200 Loss is L =1.8104733228683472 
Cross_Entropy lr = 0.005 Loss 80/200 Loss is L =1.798812747001648 
Cross_Entropy lr = 0.005 Loss 81/200 Loss is L =1.777260661125183 
Cross_Entropy lr = 0.005 Loss 82/200 Loss is L =1.7908716201782227 
Cross_Entropy lr = 0.005 Loss 83/200 Loss is L =1.7582765817642212 
Cross_Entropy lr = 0.005 Loss 84/200 Loss is L =1.7853726148605347 
Cross_Entropy lr = 0.005 Loss 85/200 Loss is L =1.7978321313858032 
Cross_Entropy lr = 0.005 Loss 86/200 Loss is L =1.7520350217819214 
Cross_Entropy lr = 0.005 Loss 87/200 Loss is L =1.779718041419983 
Cross_Entropy lr = 0.005 Loss 88/200 Loss is L =1.8076581954956055 
Cross_Entropy lr = 0.005 Loss 89/200 Loss is L =1.7931709289550781 
Cross_Entropy lr = 0.005 Loss 90/200 Loss is L =1.7754360437393188 
Cross_Entropy lr = 0.005 Loss 91/200 Loss is L =1.7926673889160156 
Cross_Entropy lr = 0.005 Loss 92/200 Loss is L =1.7911386489868164 
Cross_Entropy lr = 0.005 Loss 93/200 Loss is L =1.7649929523468018 
Cross_Entropy lr = 0.005 Loss 94/200 Loss is L =1.7717323303222656 
Cross_Entropy lr = 0.005 Loss 95/200 Loss is L =1.7705081701278687 
Cross_Entropy lr = 0.005 Loss 96/200 Loss is L =1.7676661014556885 
Cross_Entropy lr = 0.005 Loss 97/200 Loss is L =1.8120745420455933 
Cross_Entropy lr = 0.005 Loss 98/200 Loss is L =1.7954624891281128 
Cross_Entropy lr = 0.005 Loss 99/200 Loss is L =1.7759462594985962 
Cross_Entropy lr = 0.005 Loss 100/200 Loss is L =1.7659097909927368 
Cross_Entropy lr = 0.005 Loss 101/200 Loss is L =1.8383331298828125 
Cross_Entropy lr = 0.005 Loss 102/200 Loss is L =1.7789028882980347 
Cross_Entropy lr = 0.005 Loss 103/200 Loss is L =1.7834030389785767 
Cross_Entropy lr = 0.005 Loss 104/200 Loss is L =1.797532320022583 
Cross_Entropy lr = 0.005 Loss 105/200 Loss is L =1.7660640478134155 
Cross_Entropy lr = 0.005 Loss 106/200 Loss is L =1.7919597625732422 
Cross_Entropy lr = 0.005 Loss 107/200 Loss is L =1.7613308429718018 
Cross_Entropy lr = 0.005 Loss 108/200 Loss is L =1.8203842639923096 
Cross_Entropy lr = 0.005 Loss 109/200 Loss is L =1.806024193763733 
Cross_Entropy lr = 0.005 Loss 110/200 Loss is L =1.8084553480148315 
Cross_Entropy lr = 0.005 Loss 111/200 Loss is L =1.791033148765564 
Cross_Entropy lr = 0.005 Loss 112/200 Loss is L =1.8045015335083008 
Cross_Entropy lr = 0.005 Loss 113/200 Loss is L =1.7785125970840454 
Cross_Entropy lr = 0.005 Loss 114/200 Loss is L =1.7595452070236206 
Cross_Entropy lr = 0.005 Loss 115/200 Loss is L =1.7847667932510376 
Cross_Entropy lr = 0.005 Loss 116/200 Loss is L =1.748291254043579 
Cross_Entropy lr = 0.005 Loss 117/200 Loss is L =1.8115040063858032 
Cross_Entropy lr = 0.005 Loss 118/200 Loss is L =1.746713638305664 
Cross_Entropy lr = 0.005 Loss 119/200 Loss is L =1.7526005506515503 
Cross_Entropy lr = 0.005 Loss 120/200 Loss is L =1.7664676904678345 
Cross_Entropy lr = 0.005 Loss 121/200 Loss is L =1.7628307342529297 
Cross_Entropy lr = 0.005 Loss 122/200 Loss is L =1.7729663848876953 
Cross_Entropy lr = 0.005 Loss 123/200 Loss is L =1.8145722150802612 
Cross_Entropy lr = 0.005 Loss 124/200 Loss is L =1.7947492599487305 
Cross_Entropy lr = 0.005 Loss 125/200 Loss is L =1.7566221952438354 
Cross_Entropy lr = 0.005 Loss 126/200 Loss is L =1.7670059204101562 
Cross_Entropy lr = 0.005 Loss 127/200 Loss is L =1.7793859243392944 
Cross_Entropy lr = 0.005 Loss 128/200 Loss is L =1.7954057455062866 
Cross_Entropy lr = 0.005 Loss 129/200 Loss is L =1.7903099060058594 
Cross_Entropy lr = 0.005 Loss 130/200 Loss is L =1.7756236791610718 
Cross_Entropy lr = 0.005 Loss 131/200 Loss is L =1.8040488958358765 
Cross_Entropy lr = 0.005 Loss 132/200 Loss is L =1.8123571872711182 
Cross_Entropy lr = 0.005 Loss 133/200 Loss is L =1.7689872980117798 
Cross_Entropy lr = 0.005 Loss 134/200 Loss is L =1.7945822477340698 
Cross_Entropy lr = 0.005 Loss 135/200 Loss is L =1.7947269678115845 
Cross_Entropy lr = 0.005 Loss 136/200 Loss is L =1.7912753820419312 
Cross_Entropy lr = 0.005 Loss 137/200 Loss is L =1.776352882385254 
Cross_Entropy lr = 0.005 Loss 138/200 Loss is L =1.7945213317871094 
Cross_Entropy lr = 0.005 Loss 139/200 Loss is L =1.7847527265548706 
Cross_Entropy lr = 0.005 Loss 140/200 Loss is L =1.7983120679855347 
Cross_Entropy lr = 0.005 Loss 141/200 Loss is L =1.8032547235488892 
Cross_Entropy lr = 0.005 Loss 142/200 Loss is L =1.8044168949127197 
Cross_Entropy lr = 0.005 Loss 143/200 Loss is L =1.7990816831588745 
Cross_Entropy lr = 0.005 Loss 144/200 Loss is L =1.7972573041915894 
Cross_Entropy lr = 0.005 Loss 145/200 Loss is L =1.7682037353515625 
Cross_Entropy lr = 0.005 Loss 146/200 Loss is L =1.7501248121261597 
Cross_Entropy lr = 0.005 Loss 147/200 Loss is L =1.789829134941101 
Cross_Entropy lr = 0.005 Loss 148/200 Loss is L =1.7687797546386719 
Cross_Entropy lr = 0.005 Loss 149/200 Loss is L =1.8049688339233398 
Cross_Entropy lr = 0.005 Loss 150/200 Loss is L =1.7636669874191284 
Cross_Entropy lr = 0.005 Loss 151/200 Loss is L =1.7895116806030273 
Cross_Entropy lr = 0.005 Loss 152/200 Loss is L =1.7849750518798828 
Cross_Entropy lr = 0.005 Loss 153/200 Loss is L =1.8083057403564453 
Cross_Entropy lr = 0.005 Loss 154/200 Loss is L =1.7615184783935547 
Cross_Entropy lr = 0.005 Loss 155/200 Loss is L =1.7759593725204468 
Cross_Entropy lr = 0.005 Loss 156/200 Loss is L =1.74298095703125 
Cross_Entropy lr = 0.005 Loss 157/200 Loss is L =1.8052104711532593 
Cross_Entropy lr = 0.005 Loss 158/200 Loss is L =1.7541627883911133 
Cross_Entropy lr = 0.005 Loss 159/200 Loss is L =1.785021185874939 
Cross_Entropy lr = 0.005 Loss 160/200 Loss is L =1.7935078144073486 
Cross_Entropy lr = 0.005 Loss 161/200 Loss is L =1.7926743030548096 
Cross_Entropy lr = 0.005 Loss 162/200 Loss is L =1.7718271017074585 
Cross_Entropy lr = 0.005 Loss 163/200 Loss is L =1.7896854877471924 
Cross_Entropy lr = 0.005 Loss 164/200 Loss is L =1.7700004577636719 
Cross_Entropy lr = 0.005 Loss 165/200 Loss is L =1.7957655191421509 
Cross_Entropy lr = 0.005 Loss 166/200 Loss is L =1.771765947341919 
Cross_Entropy lr = 0.005 Loss 167/200 Loss is L =1.769321084022522 
Cross_Entropy lr = 0.005 Loss 168/200 Loss is L =1.7962602376937866 
Cross_Entropy lr = 0.005 Loss 169/200 Loss is L =1.7985057830810547 
Cross_Entropy lr = 0.005 Loss 170/200 Loss is L =1.7956956624984741 
Cross_Entropy lr = 0.005 Loss 171/200 Loss is L =1.7904237508773804 
Cross_Entropy lr = 0.005 Loss 172/200 Loss is L =1.793643593788147 
Cross_Entropy lr = 0.005 Loss 173/200 Loss is L =1.7883204221725464 
Cross_Entropy lr = 0.005 Loss 174/200 Loss is L =1.75457763671875 
Cross_Entropy lr = 0.005 Loss 175/200 Loss is L =1.778659462928772 
Cross_Entropy lr = 0.005 Loss 176/200 Loss is L =1.7752933502197266 
Cross_Entropy lr = 0.005 Loss 177/200 Loss is L =1.803277611732483 
Cross_Entropy lr = 0.005 Loss 178/200 Loss is L =1.7873481512069702 
Cross_Entropy lr = 0.005 Loss 179/200 Loss is L =1.779232382774353 
Cross_Entropy lr = 0.005 Loss 180/200 Loss is L =1.779528260231018 
Cross_Entropy lr = 0.005 Loss 181/200 Loss is L =1.7548916339874268 
Cross_Entropy lr = 0.005 Loss 182/200 Loss is L =1.7990105152130127 
Cross_Entropy lr = 0.005 Loss 183/200 Loss is L =1.7673015594482422 
Cross_Entropy lr = 0.005 Loss 184/200 Loss is L =1.8151781558990479 
Cross_Entropy lr = 0.005 Loss 185/200 Loss is L =1.8083305358886719 
Cross_Entropy lr = 0.005 Loss 186/200 Loss is L =1.7707241773605347 
Cross_Entropy lr = 0.005 Loss 187/200 Loss is L =1.7688426971435547 
Cross_Entropy lr = 0.005 Loss 188/200 Loss is L =1.774117350578308 
Cross_Entropy lr = 0.005 Loss 189/200 Loss is L =1.756121039390564 
Cross_Entropy lr = 0.005 Loss 190/200 Loss is L =1.7635492086410522 
Cross_Entropy lr = 0.005 Loss 191/200 Loss is L =1.7815641164779663 
Cross_Entropy lr = 0.005 Loss 192/200 Loss is L =1.7694826126098633 
Cross_Entropy lr = 0.005 Loss 193/200 Loss is L =1.7825431823730469 
Cross_Entropy lr = 0.005 Loss 194/200 Loss is L =1.79560124874115 
Cross_Entropy lr = 0.005 Loss 195/200 Loss is L =1.7926536798477173 
Cross_Entropy lr = 0.005 Loss 196/200 Loss is L =1.7676483392715454 
Cross_Entropy lr = 0.005 Loss 197/200 Loss is L =1.7395744323730469 
Cross_Entropy lr = 0.005 Loss 198/200 Loss is L =1.786290168762207 
Cross_Entropy lr = 0.005 Loss 199/200 Loss is L =1.782361626625061 
Cross_Entropy lr = 0.005 Loss 200/200 Loss is L =1.777024507522583 
Cross_Entropy lr = 0.01 Loss 1/200 Loss is L =2.0525052547454834 
Cross_Entropy lr = 0.01 Loss 2/200 Loss is L =2.04394793510437 
Cross_Entropy lr = 0.01 Loss 3/200 Loss is L =2.019219160079956 
Cross_Entropy lr = 0.01 Loss 4/200 Loss is L =1.981055498123169 
Cross_Entropy lr = 0.01 Loss 5/200 Loss is L =1.9205642938613892 
Cross_Entropy lr = 0.01 Loss 6/200 Loss is L =1.9174041748046875 
Cross_Entropy lr = 0.01 Loss 7/200 Loss is L =1.8864355087280273 
Cross_Entropy lr = 0.01 Loss 8/200 Loss is L =1.829980731010437 
Cross_Entropy lr = 0.01 Loss 9/200 Loss is L =1.7727705240249634 
Cross_Entropy lr = 0.01 Loss 10/200 Loss is L =1.686583399772644 
Cross_Entropy lr = 0.01 Loss 11/200 Loss is L =1.6303993463516235 
Cross_Entropy lr = 0.01 Loss 12/200 Loss is L =1.5726956129074097 
Cross_Entropy lr = 0.01 Loss 13/200 Loss is L =1.6529861688613892 
Cross_Entropy lr = 0.01 Loss 14/200 Loss is L =1.5990055799484253 
Cross_Entropy lr = 0.01 Loss 15/200 Loss is L =1.6206845045089722 
Cross_Entropy lr = 0.01 Loss 16/200 Loss is L =1.525092363357544 
Cross_Entropy lr = 0.01 Loss 17/200 Loss is L =1.6944926977157593 
Cross_Entropy lr = 0.01 Loss 18/200 Loss is L =1.5320132970809937 
Cross_Entropy lr = 0.01 Loss 19/200 Loss is L =1.6073070764541626 
Cross_Entropy lr = 0.01 Loss 20/200 Loss is L =1.576019525527954 
Cross_Entropy lr = 0.01 Loss 21/200 Loss is L =1.580865502357483 
Cross_Entropy lr = 0.01 Loss 22/200 Loss is L =1.5609139204025269 
Cross_Entropy lr = 0.01 Loss 23/200 Loss is L =1.6230465173721313 
Cross_Entropy lr = 0.01 Loss 24/200 Loss is L =1.5601392984390259 
Cross_Entropy lr = 0.01 Loss 25/200 Loss is L =1.546881079673767 
Cross_Entropy lr = 0.01 Loss 26/200 Loss is L =1.5289195775985718 
Cross_Entropy lr = 0.01 Loss 27/200 Loss is L =1.559727430343628 
Cross_Entropy lr = 0.01 Loss 28/200 Loss is L =1.5846859216690063 
Cross_Entropy lr = 0.01 Loss 29/200 Loss is L =1.5637038946151733 
Cross_Entropy lr = 0.01 Loss 30/200 Loss is L =1.572690486907959 
Cross_Entropy lr = 0.01 Loss 31/200 Loss is L =1.5571300983428955 
Cross_Entropy lr = 0.01 Loss 32/200 Loss is L =1.5513280630111694 
Cross_Entropy lr = 0.01 Loss 33/200 Loss is L =1.5653117895126343 
Cross_Entropy lr = 0.01 Loss 34/200 Loss is L =1.5163604021072388 
Cross_Entropy lr = 0.01 Loss 35/200 Loss is L =1.5165225267410278 
Cross_Entropy lr = 0.01 Loss 36/200 Loss is L =1.5014047622680664 
Cross_Entropy lr = 0.01 Loss 37/200 Loss is L =1.5396174192428589 
Cross_Entropy lr = 0.01 Loss 38/200 Loss is L =1.5951694250106812 
Cross_Entropy lr = 0.01 Loss 39/200 Loss is L =1.5496281385421753 
Cross_Entropy lr = 0.01 Loss 40/200 Loss is L =1.5724655389785767 
Cross_Entropy lr = 0.01 Loss 41/200 Loss is L =1.600301742553711 
Cross_Entropy lr = 0.01 Loss 42/200 Loss is L =1.561654806137085 
Cross_Entropy lr = 0.01 Loss 43/200 Loss is L =1.5838119983673096 
Cross_Entropy lr = 0.01 Loss 44/200 Loss is L =1.5727618932724 
Cross_Entropy lr = 0.01 Loss 45/200 Loss is L =1.5624140501022339 
Cross_Entropy lr = 0.01 Loss 46/200 Loss is L =1.5657646656036377 
Cross_Entropy lr = 0.01 Loss 47/200 Loss is L =1.5466059446334839 
Cross_Entropy lr = 0.01 Loss 48/200 Loss is L =1.5370397567749023 
Cross_Entropy lr = 0.01 Loss 49/200 Loss is L =1.6112613677978516 
Cross_Entropy lr = 0.01 Loss 50/200 Loss is L =1.5425761938095093 
Cross_Entropy lr = 0.01 Loss 51/200 Loss is L =1.5454493761062622 
Cross_Entropy lr = 0.01 Loss 52/200 Loss is L =1.5354048013687134 
Cross_Entropy lr = 0.01 Loss 53/200 Loss is L =1.5753225088119507 
Cross_Entropy lr = 0.01 Loss 54/200 Loss is L =1.5584648847579956 
Cross_Entropy lr = 0.01 Loss 55/200 Loss is L =1.5802537202835083 
Cross_Entropy lr = 0.01 Loss 56/200 Loss is L =1.5281492471694946 
Cross_Entropy lr = 0.01 Loss 57/200 Loss is L =1.5653080940246582 
Cross_Entropy lr = 0.01 Loss 58/200 Loss is L =1.5334500074386597 
Cross_Entropy lr = 0.01 Loss 59/200 Loss is L =1.569299340248108 
Cross_Entropy lr = 0.01 Loss 60/200 Loss is L =1.5658769607543945 
Cross_Entropy lr = 0.01 Loss 61/200 Loss is L =1.5769529342651367 
Cross_Entropy lr = 0.01 Loss 62/200 Loss is L =1.578525185585022 
Cross_Entropy lr = 0.01 Loss 63/200 Loss is L =1.6123164892196655 
Cross_Entropy lr = 0.01 Loss 64/200 Loss is L =1.621781587600708 
Cross_Entropy lr = 0.01 Loss 65/200 Loss is L =1.5658577680587769 
Cross_Entropy lr = 0.01 Loss 66/200 Loss is L =1.6156044006347656 
Cross_Entropy lr = 0.01 Loss 67/200 Loss is L =1.5084213018417358 
Cross_Entropy lr = 0.01 Loss 68/200 Loss is L =1.6059178113937378 
Cross_Entropy lr = 0.01 Loss 69/200 Loss is L =1.520742416381836 
Cross_Entropy lr = 0.01 Loss 70/200 Loss is L =1.5075677633285522 
Cross_Entropy lr = 0.01 Loss 71/200 Loss is L =1.5764433145523071 
Cross_Entropy lr = 0.01 Loss 72/200 Loss is L =1.5047235488891602 
Cross_Entropy lr = 0.01 Loss 73/200 Loss is L =1.6154505014419556 
Cross_Entropy lr = 0.01 Loss 74/200 Loss is L =1.5576084852218628 
Cross_Entropy lr = 0.01 Loss 75/200 Loss is L =1.6107187271118164 
Cross_Entropy lr = 0.01 Loss 76/200 Loss is L =1.566731333732605 
Cross_Entropy lr = 0.01 Loss 77/200 Loss is L =1.5384714603424072 
Cross_Entropy lr = 0.01 Loss 78/200 Loss is L =1.5817162990570068 
Cross_Entropy lr = 0.01 Loss 79/200 Loss is L =1.5138750076293945 
Cross_Entropy lr = 0.01 Loss 80/200 Loss is L =1.558787226676941 
Cross_Entropy lr = 0.01 Loss 81/200 Loss is L =1.5312674045562744 
Cross_Entropy lr = 0.01 Loss 82/200 Loss is L =1.5655255317687988 
Cross_Entropy lr = 0.01 Loss 83/200 Loss is L =1.5557861328125 
Cross_Entropy lr = 0.01 Loss 84/200 Loss is L =1.5925959348678589 
Cross_Entropy lr = 0.01 Loss 85/200 Loss is L =1.4933242797851562 
Cross_Entropy lr = 0.01 Loss 86/200 Loss is L =1.6012909412384033 
Cross_Entropy lr = 0.01 Loss 87/200 Loss is L =1.580356478691101 
Cross_Entropy lr = 0.01 Loss 88/200 Loss is L =1.4959796667099 
Cross_Entropy lr = 0.01 Loss 89/200 Loss is L =1.5762602090835571 
Cross_Entropy lr = 0.01 Loss 90/200 Loss is L =1.5631248950958252 
Cross_Entropy lr = 0.01 Loss 91/200 Loss is L =1.5648994445800781 
Cross_Entropy lr = 0.01 Loss 92/200 Loss is L =1.538007140159607 
Cross_Entropy lr = 0.01 Loss 93/200 Loss is L =1.5248019695281982 
Cross_Entropy lr = 0.01 Loss 94/200 Loss is L =1.6037033796310425 
Cross_Entropy lr = 0.01 Loss 95/200 Loss is L =1.5348024368286133 
Cross_Entropy lr = 0.01 Loss 96/200 Loss is L =1.542796015739441 
Cross_Entropy lr = 0.01 Loss 97/200 Loss is L =1.5382694005966187 
Cross_Entropy lr = 0.01 Loss 98/200 Loss is L =1.5689729452133179 
Cross_Entropy lr = 0.01 Loss 99/200 Loss is L =1.5393375158309937 
Cross_Entropy lr = 0.01 Loss 100/200 Loss is L =1.6115429401397705 
Cross_Entropy lr = 0.01 Loss 101/200 Loss is L =1.537858247756958 
Cross_Entropy lr = 0.01 Loss 102/200 Loss is L =1.60806405544281 
Cross_Entropy lr = 0.01 Loss 103/200 Loss is L =1.5908405780792236 
Cross_Entropy lr = 0.01 Loss 104/200 Loss is L =1.4960567951202393 
Cross_Entropy lr = 0.01 Loss 105/200 Loss is L =1.5778883695602417 
Cross_Entropy lr = 0.01 Loss 106/200 Loss is L =1.5523825883865356 
Cross_Entropy lr = 0.01 Loss 107/200 Loss is L =1.6071470975875854 
Cross_Entropy lr = 0.01 Loss 108/200 Loss is L =1.5671452283859253 
Cross_Entropy lr = 0.01 Loss 109/200 Loss is L =1.577629566192627 
Cross_Entropy lr = 0.01 Loss 110/200 Loss is L =1.5697789192199707 
Cross_Entropy lr = 0.01 Loss 111/200 Loss is L =1.5129441022872925 
Cross_Entropy lr = 0.01 Loss 112/200 Loss is L =1.5717852115631104 
Cross_Entropy lr = 0.01 Loss 113/200 Loss is L =1.5680874586105347 
Cross_Entropy lr = 0.01 Loss 114/200 Loss is L =1.5765224695205688 
Cross_Entropy lr = 0.01 Loss 115/200 Loss is L =1.5459449291229248 
Cross_Entropy lr = 0.01 Loss 116/200 Loss is L =1.5872710943222046 
Cross_Entropy lr = 0.01 Loss 117/200 Loss is L =1.5599983930587769 
Cross_Entropy lr = 0.01 Loss 118/200 Loss is L =1.5549954175949097 
Cross_Entropy lr = 0.01 Loss 119/200 Loss is L =1.5938175916671753 
Cross_Entropy lr = 0.01 Loss 120/200 Loss is L =1.5358173847198486 
Cross_Entropy lr = 0.01 Loss 121/200 Loss is L =1.5787012577056885 
Cross_Entropy lr = 0.01 Loss 122/200 Loss is L =1.5389262437820435 
Cross_Entropy lr = 0.01 Loss 123/200 Loss is L =1.5155009031295776 
Cross_Entropy lr = 0.01 Loss 124/200 Loss is L =1.5395433902740479 
Cross_Entropy lr = 0.01 Loss 125/200 Loss is L =1.591665506362915 
Cross_Entropy lr = 0.01 Loss 126/200 Loss is L =1.5670745372772217 
Cross_Entropy lr = 0.01 Loss 127/200 Loss is L =1.563269019126892 
Cross_Entropy lr = 0.01 Loss 128/200 Loss is L =1.5335267782211304 
Cross_Entropy lr = 0.01 Loss 129/200 Loss is L =1.5923571586608887 
Cross_Entropy lr = 0.01 Loss 130/200 Loss is L =1.5757198333740234 
Cross_Entropy lr = 0.01 Loss 131/200 Loss is L =1.5674175024032593 
Cross_Entropy lr = 0.01 Loss 132/200 Loss is L =1.538952112197876 
Cross_Entropy lr = 0.01 Loss 133/200 Loss is L =1.5693353414535522 
Cross_Entropy lr = 0.01 Loss 134/200 Loss is L =1.5511964559555054 
Cross_Entropy lr = 0.01 Loss 135/200 Loss is L =1.5190235376358032 
Cross_Entropy lr = 0.01 Loss 136/200 Loss is L =1.5413070917129517 
Cross_Entropy lr = 0.01 Loss 137/200 Loss is L =1.535469889640808 
Cross_Entropy lr = 0.01 Loss 138/200 Loss is L =1.5942057371139526 
Cross_Entropy lr = 0.01 Loss 139/200 Loss is L =1.5574053525924683 
Cross_Entropy lr = 0.01 Loss 140/200 Loss is L =1.4799633026123047 
Cross_Entropy lr = 0.01 Loss 141/200 Loss is L =1.5408865213394165 
Cross_Entropy lr = 0.01 Loss 142/200 Loss is L =1.5498087406158447 
Cross_Entropy lr = 0.01 Loss 143/200 Loss is L =1.5807539224624634 
Cross_Entropy lr = 0.01 Loss 144/200 Loss is L =1.572269082069397 
Cross_Entropy lr = 0.01 Loss 145/200 Loss is L =1.5893311500549316 
Cross_Entropy lr = 0.01 Loss 146/200 Loss is L =1.5593583583831787 
Cross_Entropy lr = 0.01 Loss 147/200 Loss is L =1.5733120441436768 
Cross_Entropy lr = 0.01 Loss 148/200 Loss is L =1.5402508974075317 
Cross_Entropy lr = 0.01 Loss 149/200 Loss is L =1.580586314201355 
Cross_Entropy lr = 0.01 Loss 150/200 Loss is L =1.5254909992218018 
Cross_Entropy lr = 0.01 Loss 151/200 Loss is L =1.5228618383407593 
Cross_Entropy lr = 0.01 Loss 152/200 Loss is L =1.573116421699524 
Cross_Entropy lr = 0.01 Loss 153/200 Loss is L =1.5399354696273804 
Cross_Entropy lr = 0.01 Loss 154/200 Loss is L =1.5660887956619263 
Cross_Entropy lr = 0.01 Loss 155/200 Loss is L =1.4977538585662842 
Cross_Entropy lr = 0.01 Loss 156/200 Loss is L =1.5608876943588257 
Cross_Entropy lr = 0.01 Loss 157/200 Loss is L =1.52272367477417 
Cross_Entropy lr = 0.01 Loss 158/200 Loss is L =1.5625481605529785 
Cross_Entropy lr = 0.01 Loss 159/200 Loss is L =1.5430482625961304 
Cross_Entropy lr = 0.01 Loss 160/200 Loss is L =1.559749960899353 
Cross_Entropy lr = 0.01 Loss 161/200 Loss is L =1.5347861051559448 
Cross_Entropy lr = 0.01 Loss 162/200 Loss is L =1.5443271398544312 
Cross_Entropy lr = 0.01 Loss 163/200 Loss is L =1.633198618888855 
Cross_Entropy lr = 0.01 Loss 164/200 Loss is L =1.5317062139511108 
Cross_Entropy lr = 0.01 Loss 165/200 Loss is L =1.5506293773651123 
Cross_Entropy lr = 0.01 Loss 166/200 Loss is L =1.5927590131759644 
Cross_Entropy lr = 0.01 Loss 167/200 Loss is L =1.566592812538147 
Cross_Entropy lr = 0.01 Loss 168/200 Loss is L =1.5318387746810913 
Cross_Entropy lr = 0.01 Loss 169/200 Loss is L =1.5528373718261719 
Cross_Entropy lr = 0.01 Loss 170/200 Loss is L =1.531840205192566 
Cross_Entropy lr = 0.01 Loss 171/200 Loss is L =1.5779222249984741 
Cross_Entropy lr = 0.01 Loss 172/200 Loss is L =1.587107539176941 
Cross_Entropy lr = 0.01 Loss 173/200 Loss is L =1.5765427350997925 
Cross_Entropy lr = 0.01 Loss 174/200 Loss is L =1.6000499725341797 
Cross_Entropy lr = 0.01 Loss 175/200 Loss is L =1.574142336845398 
Cross_Entropy lr = 0.01 Loss 176/200 Loss is L =1.5225855112075806 
Cross_Entropy lr = 0.01 Loss 177/200 Loss is L =1.596384882926941 
Cross_Entropy lr = 0.01 Loss 178/200 Loss is L =1.6258057355880737 
Cross_Entropy lr = 0.01 Loss 179/200 Loss is L =1.5310906171798706 
Cross_Entropy lr = 0.01 Loss 180/200 Loss is L =1.5705575942993164 
Cross_Entropy lr = 0.01 Loss 181/200 Loss is L =1.584731101989746 
Cross_Entropy lr = 0.01 Loss 182/200 Loss is L =1.5844775438308716 
Cross_Entropy lr = 0.01 Loss 183/200 Loss is L =1.5562744140625 
Cross_Entropy lr = 0.01 Loss 184/200 Loss is L =1.5416020154953003 
Cross_Entropy lr = 0.01 Loss 185/200 Loss is L =1.5027930736541748 
Cross_Entropy lr = 0.01 Loss 186/200 Loss is L =1.5572667121887207 
Cross_Entropy lr = 0.01 Loss 187/200 Loss is L =1.5463632345199585 
Cross_Entropy lr = 0.01 Loss 188/200 Loss is L =1.546952486038208 
Cross_Entropy lr = 0.01 Loss 189/200 Loss is L =1.5560024976730347 
Cross_Entropy lr = 0.01 Loss 190/200 Loss is L =1.5560296773910522 
Cross_Entropy lr = 0.01 Loss 191/200 Loss is L =1.5408549308776855 
Cross_Entropy lr = 0.01 Loss 192/200 Loss is L =1.5261598825454712 
Cross_Entropy lr = 0.01 Loss 193/200 Loss is L =1.5585917234420776 
Cross_Entropy lr = 0.01 Loss 194/200 Loss is L =1.514042854309082 
Cross_Entropy lr = 0.01 Loss 195/200 Loss is L =1.5578604936599731 
Cross_Entropy lr = 0.01 Loss 196/200 Loss is L =1.559888243675232 
Cross_Entropy lr = 0.01 Loss 197/200 Loss is L =1.5711956024169922 
Cross_Entropy lr = 0.01 Loss 198/200 Loss is L =1.557463526725769 
Cross_Entropy lr = 0.01 Loss 199/200 Loss is L =1.5511542558670044 
Cross_Entropy lr = 0.01 Loss 200/200 Loss is L =1.6385157108306885 
Cross_Entropy lr = 0.5 Loss 1/200 Loss is L =2.002682685852051 
Cross_Entropy lr = 0.5 Loss 2/200 Loss is L =1.9517691135406494 
Cross_Entropy lr = 0.5 Loss 3/200 Loss is L =1.8093210458755493 
Cross_Entropy lr = 0.5 Loss 4/200 Loss is L =1.582051157951355 
Cross_Entropy lr = 0.5 Loss 5/200 Loss is L =1.6674082279205322 
Cross_Entropy lr = 0.5 Loss 6/200 Loss is L =1.745713472366333 
Cross_Entropy lr = 0.5 Loss 7/200 Loss is L =1.602563500404358 
Cross_Entropy lr = 0.5 Loss 8/200 Loss is L =1.6405214071273804 
Cross_Entropy lr = 0.5 Loss 9/200 Loss is L =1.5762029886245728 
Cross_Entropy lr = 0.5 Loss 10/200 Loss is L =1.596897006034851 
Cross_Entropy lr = 0.5 Loss 11/200 Loss is L =1.4513771533966064 
Cross_Entropy lr = 0.5 Loss 12/200 Loss is L =1.4806318283081055 
Cross_Entropy lr = 0.5 Loss 13/200 Loss is L =1.5457767248153687 
Cross_Entropy lr = 0.5 Loss 14/200 Loss is L =1.373111367225647 
Cross_Entropy lr = 0.5 Loss 15/200 Loss is L =1.367018222808838 
Cross_Entropy lr = 0.5 Loss 16/200 Loss is L =1.414667010307312 
Cross_Entropy lr = 0.5 Loss 17/200 Loss is L =1.3825950622558594 
Cross_Entropy lr = 0.5 Loss 18/200 Loss is L =1.43205988407135 
Cross_Entropy lr = 0.5 Loss 19/200 Loss is L =1.3866212368011475 
Cross_Entropy lr = 0.5 Loss 20/200 Loss is L =1.357648253440857 
Cross_Entropy lr = 0.5 Loss 21/200 Loss is L =1.3238465785980225 
Cross_Entropy lr = 0.5 Loss 22/200 Loss is L =1.387136459350586 
Cross_Entropy lr = 0.5 Loss 23/200 Loss is L =1.4223270416259766 
Cross_Entropy lr = 0.5 Loss 24/200 Loss is L =1.3470133543014526 
Cross_Entropy lr = 0.5 Loss 25/200 Loss is L =1.4149812459945679 
Cross_Entropy lr = 0.5 Loss 26/200 Loss is L =1.386897087097168 
Cross_Entropy lr = 0.5 Loss 27/200 Loss is L =1.4052952527999878 
Cross_Entropy lr = 0.5 Loss 28/200 Loss is L =1.3932453393936157 
Cross_Entropy lr = 0.5 Loss 29/200 Loss is L =1.3582000732421875 
Cross_Entropy lr = 0.5 Loss 30/200 Loss is L =1.4195772409439087 
Cross_Entropy lr = 0.5 Loss 31/200 Loss is L =1.3520060777664185 
Cross_Entropy lr = 0.5 Loss 32/200 Loss is L =1.391985297203064 
Cross_Entropy lr = 0.5 Loss 33/200 Loss is L =1.364344596862793 
Cross_Entropy lr = 0.5 Loss 34/200 Loss is L =1.386661410331726 
Cross_Entropy lr = 0.5 Loss 35/200 Loss is L =1.3497332334518433 
Cross_Entropy lr = 0.5 Loss 36/200 Loss is L =1.3650422096252441 
Cross_Entropy lr = 0.5 Loss 37/200 Loss is L =1.3077592849731445 
Cross_Entropy lr = 0.5 Loss 38/200 Loss is L =1.3525371551513672 
Cross_Entropy lr = 0.5 Loss 39/200 Loss is L =1.376937747001648 
Cross_Entropy lr = 0.5 Loss 40/200 Loss is L =1.383870005607605 
Cross_Entropy lr = 0.5 Loss 41/200 Loss is L =1.3542184829711914 
Cross_Entropy lr = 0.5 Loss 42/200 Loss is L =1.3931514024734497 
Cross_Entropy lr = 0.5 Loss 43/200 Loss is L =1.3955110311508179 
Cross_Entropy lr = 0.5 Loss 44/200 Loss is L =1.3757370710372925 
Cross_Entropy lr = 0.5 Loss 45/200 Loss is L =1.3649861812591553 
Cross_Entropy lr = 0.5 Loss 46/200 Loss is L =1.3220974206924438 
Cross_Entropy lr = 0.5 Loss 47/200 Loss is L =1.4303834438323975 
Cross_Entropy lr = 0.5 Loss 48/200 Loss is L =1.3855626583099365 
Cross_Entropy lr = 0.5 Loss 49/200 Loss is L =1.411943793296814 
Cross_Entropy lr = 0.5 Loss 50/200 Loss is L =1.4394733905792236 
Cross_Entropy lr = 0.5 Loss 51/200 Loss is L =1.3888270854949951 
Cross_Entropy lr = 0.5 Loss 52/200 Loss is L =1.3866146802902222 
Cross_Entropy lr = 0.5 Loss 53/200 Loss is L =1.3965955972671509 
Cross_Entropy lr = 0.5 Loss 54/200 Loss is L =1.335412621498108 
Cross_Entropy lr = 0.5 Loss 55/200 Loss is L =1.330193281173706 
Cross_Entropy lr = 0.5 Loss 56/200 Loss is L =1.3682760000228882 
Cross_Entropy lr = 0.5 Loss 57/200 Loss is L =1.3833507299423218 
Cross_Entropy lr = 0.5 Loss 58/200 Loss is L =1.41178297996521 
Cross_Entropy lr = 0.5 Loss 59/200 Loss is L =1.44792640209198 
Cross_Entropy lr = 0.5 Loss 60/200 Loss is L =1.3853191137313843 
Cross_Entropy lr = 0.5 Loss 61/200 Loss is L =1.4383357763290405 
Cross_Entropy lr = 0.5 Loss 62/200 Loss is L =1.387286901473999 
Cross_Entropy lr = 0.5 Loss 63/200 Loss is L =1.3610605001449585 
Cross_Entropy lr = 0.5 Loss 64/200 Loss is L =1.394393801689148 
Cross_Entropy lr = 0.5 Loss 65/200 Loss is L =1.3570549488067627 
Cross_Entropy lr = 0.5 Loss 66/200 Loss is L =1.376469612121582 
Cross_Entropy lr = 0.5 Loss 67/200 Loss is L =1.3791990280151367 
Cross_Entropy lr = 0.5 Loss 68/200 Loss is L =1.3581507205963135 
Cross_Entropy lr = 0.5 Loss 69/200 Loss is L =1.3803924322128296 
Cross_Entropy lr = 0.5 Loss 70/200 Loss is L =1.307869791984558 
Cross_Entropy lr = 0.5 Loss 71/200 Loss is L =1.380231261253357 
Cross_Entropy lr = 0.5 Loss 72/200 Loss is L =1.3861297369003296 
Cross_Entropy lr = 0.5 Loss 73/200 Loss is L =1.3815536499023438 
Cross_Entropy lr = 0.5 Loss 74/200 Loss is L =1.3764275312423706 
Cross_Entropy lr = 0.5 Loss 75/200 Loss is L =1.4200066328048706 
Cross_Entropy lr = 0.5 Loss 76/200 Loss is L =1.351128101348877 
Cross_Entropy lr = 0.5 Loss 77/200 Loss is L =1.376799464225769 
Cross_Entropy lr = 0.5 Loss 78/200 Loss is L =1.3882832527160645 
Cross_Entropy lr = 0.5 Loss 79/200 Loss is L =1.3392415046691895 
Cross_Entropy lr = 0.5 Loss 80/200 Loss is L =1.349141001701355 
Cross_Entropy lr = 0.5 Loss 81/200 Loss is L =1.3801580667495728 
Cross_Entropy lr = 0.5 Loss 82/200 Loss is L =1.4138745069503784 
Cross_Entropy lr = 0.5 Loss 83/200 Loss is L =1.3747127056121826 
Cross_Entropy lr = 0.5 Loss 84/200 Loss is L =1.3301500082015991 
Cross_Entropy lr = 0.5 Loss 85/200 Loss is L =1.3384716510772705 
Cross_Entropy lr = 0.5 Loss 86/200 Loss is L =1.3583120107650757 
Cross_Entropy lr = 0.5 Loss 87/200 Loss is L =1.3758571147918701 
Cross_Entropy lr = 0.5 Loss 88/200 Loss is L =1.3908127546310425 
Cross_Entropy lr = 0.5 Loss 89/200 Loss is L =1.411223292350769 
Cross_Entropy lr = 0.5 Loss 90/200 Loss is L =1.3988972902297974 
Cross_Entropy lr = 0.5 Loss 91/200 Loss is L =1.3470205068588257 
Cross_Entropy lr = 0.5 Loss 92/200 Loss is L =1.3050647974014282 
Cross_Entropy lr = 0.5 Loss 93/200 Loss is L =1.3740042448043823 
Cross_Entropy lr = 0.5 Loss 94/200 Loss is L =1.3786659240722656 
Cross_Entropy lr = 0.5 Loss 95/200 Loss is L =1.3657569885253906 
Cross_Entropy lr = 0.5 Loss 96/200 Loss is L =1.4009374380111694 
Cross_Entropy lr = 0.5 Loss 97/200 Loss is L =1.3937886953353882 
Cross_Entropy lr = 0.5 Loss 98/200 Loss is L =1.4218240976333618 
Cross_Entropy lr = 0.5 Loss 99/200 Loss is L =1.4388974905014038 
Cross_Entropy lr = 0.5 Loss 100/200 Loss is L =1.3434985876083374 
Cross_Entropy lr = 0.5 Loss 101/200 Loss is L =1.3676084280014038 
Cross_Entropy lr = 0.5 Loss 102/200 Loss is L =1.355615258216858 
Cross_Entropy lr = 0.5 Loss 103/200 Loss is L =1.3328173160552979 
Cross_Entropy lr = 0.5 Loss 104/200 Loss is L =1.3952916860580444 
Cross_Entropy lr = 0.5 Loss 105/200 Loss is L =1.361312747001648 
Cross_Entropy lr = 0.5 Loss 106/200 Loss is L =1.4097923040390015 
Cross_Entropy lr = 0.5 Loss 107/200 Loss is L =1.395194172859192 
Cross_Entropy lr = 0.5 Loss 108/200 Loss is L =1.3679999113082886 
Cross_Entropy lr = 0.5 Loss 109/200 Loss is L =1.3339520692825317 
Cross_Entropy lr = 0.5 Loss 110/200 Loss is L =1.409531831741333 
Cross_Entropy lr = 0.5 Loss 111/200 Loss is L =1.364169716835022 
Cross_Entropy lr = 0.5 Loss 112/200 Loss is L =1.3218897581100464 
Cross_Entropy lr = 0.5 Loss 113/200 Loss is L =1.3525947332382202 
Cross_Entropy lr = 0.5 Loss 114/200 Loss is L =1.3275426626205444 
Cross_Entropy lr = 0.5 Loss 115/200 Loss is L =1.3486696481704712 
Cross_Entropy lr = 0.5 Loss 116/200 Loss is L =1.4174680709838867 
Cross_Entropy lr = 0.5 Loss 117/200 Loss is L =1.3940043449401855 
Cross_Entropy lr = 0.5 Loss 118/200 Loss is L =1.4234079122543335 
Cross_Entropy lr = 0.5 Loss 119/200 Loss is L =1.3968430757522583 
Cross_Entropy lr = 0.5 Loss 120/200 Loss is L =1.4085321426391602 
Cross_Entropy lr = 0.5 Loss 121/200 Loss is L =1.4245084524154663 
Cross_Entropy lr = 0.5 Loss 122/200 Loss is L =1.3723210096359253 
Cross_Entropy lr = 0.5 Loss 123/200 Loss is L =1.3759222030639648 
Cross_Entropy lr = 0.5 Loss 124/200 Loss is L =1.3714466094970703 
Cross_Entropy lr = 0.5 Loss 125/200 Loss is L =1.316802740097046 
Cross_Entropy lr = 0.5 Loss 126/200 Loss is L =1.365698218345642 
Cross_Entropy lr = 0.5 Loss 127/200 Loss is L =1.3350982666015625 
Cross_Entropy lr = 0.5 Loss 128/200 Loss is L =1.3420485258102417 
Cross_Entropy lr = 0.5 Loss 129/200 Loss is L =1.3446733951568604 
Cross_Entropy lr = 0.5 Loss 130/200 Loss is L =1.4167883396148682 
Cross_Entropy lr = 0.5 Loss 131/200 Loss is L =1.3766181468963623 
Cross_Entropy lr = 0.5 Loss 132/200 Loss is L =1.3640598058700562 
Cross_Entropy lr = 0.5 Loss 133/200 Loss is L =1.3443810939788818 
Cross_Entropy lr = 0.5 Loss 134/200 Loss is L =1.3392935991287231 
Cross_Entropy lr = 0.5 Loss 135/200 Loss is L =1.380408763885498 
Cross_Entropy lr = 0.5 Loss 136/200 Loss is L =1.3867896795272827 
Cross_Entropy lr = 0.5 Loss 137/200 Loss is L =1.4493554830551147 
Cross_Entropy lr = 0.5 Loss 138/200 Loss is L =1.3713724613189697 
Cross_Entropy lr = 0.5 Loss 139/200 Loss is L =1.4147475957870483 
Cross_Entropy lr = 0.5 Loss 140/200 Loss is L =1.323563575744629 
Cross_Entropy lr = 0.5 Loss 141/200 Loss is L =1.3605543375015259 
Cross_Entropy lr = 0.5 Loss 142/200 Loss is L =1.3721433877944946 
Cross_Entropy lr = 0.5 Loss 143/200 Loss is L =1.3961862325668335 
Cross_Entropy lr = 0.5 Loss 144/200 Loss is L =1.399215817451477 
Cross_Entropy lr = 0.5 Loss 145/200 Loss is L =1.3438154458999634 
Cross_Entropy lr = 0.5 Loss 146/200 Loss is L =1.3245335817337036 
Cross_Entropy lr = 0.5 Loss 147/200 Loss is L =1.3730295896530151 
Cross_Entropy lr = 0.5 Loss 148/200 Loss is L =1.44135320186615 
Cross_Entropy lr = 0.5 Loss 149/200 Loss is L =1.4064432382583618 
Cross_Entropy lr = 0.5 Loss 150/200 Loss is L =1.4064964056015015 
Cross_Entropy lr = 0.5 Loss 151/200 Loss is L =1.3537167310714722 
Cross_Entropy lr = 0.5 Loss 152/200 Loss is L =1.3981741666793823 
Cross_Entropy lr = 0.5 Loss 153/200 Loss is L =1.4356187582015991 
Cross_Entropy lr = 0.5 Loss 154/200 Loss is L =1.3699387311935425 
Cross_Entropy lr = 0.5 Loss 155/200 Loss is L =1.3104139566421509 
Cross_Entropy lr = 0.5 Loss 156/200 Loss is L =1.3663939237594604 
Cross_Entropy lr = 0.5 Loss 157/200 Loss is L =1.370405673980713 
Cross_Entropy lr = 0.5 Loss 158/200 Loss is L =1.3949021100997925 
Cross_Entropy lr = 0.5 Loss 159/200 Loss is L =1.3261550664901733 
Cross_Entropy lr = 0.5 Loss 160/200 Loss is L =1.4024313688278198 
Cross_Entropy lr = 0.5 Loss 161/200 Loss is L =1.336727499961853 
Cross_Entropy lr = 0.5 Loss 162/200 Loss is L =1.3608410358428955 
Cross_Entropy lr = 0.5 Loss 163/200 Loss is L =1.4017658233642578 
Cross_Entropy lr = 0.5 Loss 164/200 Loss is L =1.3433350324630737 
Cross_Entropy lr = 0.5 Loss 165/200 Loss is L =1.4168704748153687 
Cross_Entropy lr = 0.5 Loss 166/200 Loss is L =1.341442584991455 
Cross_Entropy lr = 0.5 Loss 167/200 Loss is L =1.380468726158142 
Cross_Entropy lr = 0.5 Loss 168/200 Loss is L =1.3883188962936401 
Cross_Entropy lr = 0.5 Loss 169/200 Loss is L =1.4228695631027222 
Cross_Entropy lr = 0.5 Loss 170/200 Loss is L =1.3526391983032227 
Cross_Entropy lr = 0.5 Loss 171/200 Loss is L =1.353276252746582 
Cross_Entropy lr = 0.5 Loss 172/200 Loss is L =1.3605923652648926 
Cross_Entropy lr = 0.5 Loss 173/200 Loss is L =1.3576351404190063 
Cross_Entropy lr = 0.5 Loss 174/200 Loss is L =1.370938777923584 
Cross_Entropy lr = 0.5 Loss 175/200 Loss is L =1.367161512374878 
Cross_Entropy lr = 0.5 Loss 176/200 Loss is L =1.3498876094818115 
Cross_Entropy lr = 0.5 Loss 177/200 Loss is L =1.4155046939849854 
Cross_Entropy lr = 0.5 Loss 178/200 Loss is L =1.3650038242340088 
Cross_Entropy lr = 0.5 Loss 179/200 Loss is L =1.3264334201812744 
Cross_Entropy lr = 0.5 Loss 180/200 Loss is L =1.4078701734542847 
Cross_Entropy lr = 0.5 Loss 181/200 Loss is L =1.4218000173568726 
Cross_Entropy lr = 0.5 Loss 182/200 Loss is L =1.4315088987350464 
Cross_Entropy lr = 0.5 Loss 183/200 Loss is L =1.3553565740585327 
Cross_Entropy lr = 0.5 Loss 184/200 Loss is L =1.349992036819458 
Cross_Entropy lr = 0.5 Loss 185/200 Loss is L =1.38469660282135 
Cross_Entropy lr = 0.5 Loss 186/200 Loss is L =1.3548370599746704 
Cross_Entropy lr = 0.5 Loss 187/200 Loss is L =1.3609007596969604 
Cross_Entropy lr = 0.5 Loss 188/200 Loss is L =1.3555738925933838 
Cross_Entropy lr = 0.5 Loss 189/200 Loss is L =1.4435720443725586 
Cross_Entropy lr = 0.5 Loss 190/200 Loss is L =1.3197568655014038 
Cross_Entropy lr = 0.5 Loss 191/200 Loss is L =1.4427379369735718 
Cross_Entropy lr = 0.5 Loss 192/200 Loss is L =1.3625171184539795 
Cross_Entropy lr = 0.5 Loss 193/200 Loss is L =1.4168579578399658 
Cross_Entropy lr = 0.5 Loss 194/200 Loss is L =1.3793245553970337 
Cross_Entropy lr = 0.5 Loss 195/200 Loss is L =1.3930699825286865 
Cross_Entropy lr = 0.5 Loss 196/200 Loss is L =1.379224419593811 
Cross_Entropy lr = 0.5 Loss 197/200 Loss is L =1.367639422416687 
Cross_Entropy lr = 0.5 Loss 198/200 Loss is L =1.4130102396011353 
Cross_Entropy lr = 0.5 Loss 199/200 Loss is L =1.3524140119552612 
Cross_Entropy lr = 0.5 Loss 200/200 Loss is L =1.402321219444275 
