Program will start executing in a bit
/apps/sw/miniconda/envs/ai-4/lib/python3.10/site-packages/torch/utils/_device.py:77: UserWarning: To copy construct from a tensor, it is recommended to use sourceTensor.clone().detach() or sourceTensor.clone().detach().requires_grad_(True), rather than torch.tensor(sourceTensor).
  return func(*args, **kwargs)
✅ Using CUDA globally
GPU: Tesla V100-SXM3-32GB
✅ Using CUDA globally
GPU: Tesla V100-SXM3-32GB
Current directory: /home/cbe05/MaqamDiffusion
lr = 0.001 Loss 1/150 Loss is L =0.05219130590558052 
lr = 0.001 Loss 2/150 Loss is L =0.04147576540708542 
lr = 0.001 Loss 3/150 Loss is L =0.04018319770693779 
lr = 0.001 Loss 4/150 Loss is L =0.03185567632317543 
lr = 0.001 Loss 5/150 Loss is L =0.03490784391760826 
lr = 0.001 Loss 6/150 Loss is L =0.030238483101129532 
lr = 0.001 Loss 7/150 Loss is L =0.02645518258213997 
lr = 0.001 Loss 8/150 Loss is L =0.025170058012008667 
lr = 0.001 Loss 9/150 Loss is L =0.024739675223827362 
lr = 0.001 Loss 10/150 Loss is L =0.020941253751516342 
lr = 0.001 Loss 11/150 Loss is L =0.02230459824204445 
lr = 0.001 Loss 12/150 Loss is L =0.019699787721037865 
lr = 0.001 Loss 13/150 Loss is L =0.017926901578903198 
lr = 0.001 Loss 14/150 Loss is L =0.016813471913337708 
lr = 0.001 Loss 15/150 Loss is L =0.019136900082230568 
lr = 0.001 Loss 16/150 Loss is L =0.01735175959765911 
lr = 0.001 Loss 17/150 Loss is L =0.01406536903232336 
lr = 0.001 Loss 18/150 Loss is L =0.013898909091949463 
lr = 0.001 Loss 19/150 Loss is L =0.01213875412940979 
lr = 0.001 Loss 20/150 Loss is L =0.013818398118019104 
lr = 0.001 Loss 21/150 Loss is L =0.012941556051373482 
lr = 0.001 Loss 22/150 Loss is L =0.013004074804484844 
lr = 0.001 Loss 23/150 Loss is L =0.01023961417376995 
lr = 0.001 Loss 24/150 Loss is L =0.011052288115024567 
lr = 0.001 Loss 25/150 Loss is L =0.009683161973953247 
lr = 0.001 Loss 26/150 Loss is L =0.010633337311446667 
lr = 0.001 Loss 27/150 Loss is L =0.009666203521192074 
lr = 0.001 Loss 28/150 Loss is L =0.008915224112570286 
lr = 0.001 Loss 29/150 Loss is L =0.010307340882718563 
lr = 0.001 Loss 30/150 Loss is L =0.013186297379434109 
lr = 0.001 Loss 31/150 Loss is L =0.008353838697075844 
lr = 0.001 Loss 32/150 Loss is L =0.009133521467447281 
lr = 0.001 Loss 33/150 Loss is L =0.009226488880813122 
lr = 0.001 Loss 34/150 Loss is L =0.008710105903446674 
lr = 0.001 Loss 35/150 Loss is L =0.009065157733857632 
lr = 0.001 Loss 36/150 Loss is L =0.00914022047072649 
lr = 0.001 Loss 37/150 Loss is L =0.00891431700438261 
lr = 0.001 Loss 38/150 Loss is L =0.008885098621249199 
lr = 0.001 Loss 39/150 Loss is L =0.007690961007028818 
lr = 0.001 Loss 40/150 Loss is L =0.00822338368743658 
lr = 0.001 Loss 41/150 Loss is L =0.009140516631305218 
lr = 0.001 Loss 42/150 Loss is L =0.008802996948361397 
lr = 0.001 Loss 43/150 Loss is L =0.009248482994735241 
lr = 0.001 Loss 44/150 Loss is L =0.01046004705131054 
lr = 0.001 Loss 45/150 Loss is L =0.008493241854012012 
lr = 0.001 Loss 46/150 Loss is L =0.008641349151730537 
lr = 0.001 Loss 47/150 Loss is L =0.00850097369402647 
lr = 0.001 Loss 48/150 Loss is L =0.007765579503029585 
lr = 0.001 Loss 49/150 Loss is L =0.00875865388661623 
lr = 0.001 Loss 50/150 Loss is L =0.006756690796464682 
lr = 0.001 Loss 51/150 Loss is L =0.007643304765224457 
lr = 0.001 Loss 52/150 Loss is L =0.007496085949242115 
lr = 0.001 Loss 53/150 Loss is L =0.007694598287343979 
lr = 0.001 Loss 54/150 Loss is L =0.008200659416615963 
lr = 0.001 Loss 55/150 Loss is L =0.00950467400252819 
lr = 0.001 Loss 56/150 Loss is L =0.007867283187806606 
lr = 0.001 Loss 57/150 Loss is L =0.008019442670047283 
lr = 0.001 Loss 58/150 Loss is L =0.008642914704978466 
lr = 0.001 Loss 59/150 Loss is L =0.008644680492579937 
lr = 0.001 Loss 60/150 Loss is L =0.008971060626208782 
lr = 0.001 Loss 61/150 Loss is L =0.00814881082624197 
lr = 0.001 Loss 62/150 Loss is L =0.008164717815816402 
lr = 0.001 Loss 63/150 Loss is L =0.00829597283154726 
lr = 0.001 Loss 64/150 Loss is L =0.007513521704822779 
lr = 0.001 Loss 65/150 Loss is L =0.007802318315953016 
lr = 0.001 Loss 66/150 Loss is L =0.0074272663332521915 
lr = 0.001 Loss 67/150 Loss is L =0.0067551108077168465 
lr = 0.001 Loss 68/150 Loss is L =0.0079532815143466 
lr = 0.001 Loss 69/150 Loss is L =0.009412180632352829 
lr = 0.001 Loss 70/150 Loss is L =0.007682442665100098 
lr = 0.001 Loss 71/150 Loss is L =0.008314509876072407 
lr = 0.001 Loss 72/150 Loss is L =0.008279270492494106 
lr = 0.001 Loss 73/150 Loss is L =0.0077233328483998775 
lr = 0.001 Loss 74/150 Loss is L =0.00637910095974803 
lr = 0.001 Loss 75/150 Loss is L =0.008915701881051064 
lr = 0.001 Loss 76/150 Loss is L =0.007292223162949085 
lr = 0.001 Loss 77/150 Loss is L =0.008599940687417984 
lr = 0.001 Loss 78/150 Loss is L =0.007386290933936834 
lr = 0.001 Loss 79/150 Loss is L =0.008207003585994244 
lr = 0.001 Loss 80/150 Loss is L =0.009237299673259258 
lr = 0.001 Loss 81/150 Loss is L =0.007562808692455292 
lr = 0.001 Loss 82/150 Loss is L =0.006933947559446096 
lr = 0.001 Loss 83/150 Loss is L =0.0067822919227182865 
lr = 0.001 Loss 84/150 Loss is L =0.009423702023923397 
lr = 0.001 Loss 85/150 Loss is L =0.007238131016492844 
lr = 0.001 Loss 86/150 Loss is L =0.008484273217618465 
lr = 0.001 Loss 87/150 Loss is L =0.008457175455987453 
lr = 0.001 Loss 88/150 Loss is L =0.007998591288924217 
lr = 0.001 Loss 89/150 Loss is L =0.007990914396941662 
lr = 0.001 Loss 90/150 Loss is L =0.007679407484829426 
lr = 0.001 Loss 91/150 Loss is L =0.008974241092801094 
lr = 0.001 Loss 92/150 Loss is L =0.008260704576969147 
lr = 0.001 Loss 93/150 Loss is L =0.00721819419413805 
lr = 0.001 Loss 94/150 Loss is L =0.008212714456021786 
lr = 0.001 Loss 95/150 Loss is L =0.008484583348035812 
lr = 0.001 Loss 96/150 Loss is L =0.007590504828840494 
lr = 0.001 Loss 97/150 Loss is L =0.010096169076859951 
lr = 0.001 Loss 98/150 Loss is L =0.008123772218823433 
lr = 0.001 Loss 99/150 Loss is L =0.00908382423222065 
lr = 0.001 Loss 100/150 Loss is L =0.008481082506477833 
lr = 0.001 Loss 101/150 Loss is L =0.008134795352816582 
lr = 0.001 Loss 102/150 Loss is L =0.007935441099107265 
lr = 0.001 Loss 103/150 Loss is L =0.007461209781467915 
lr = 0.001 Loss 104/150 Loss is L =0.00796789862215519 
lr = 0.001 Loss 105/150 Loss is L =0.008657874539494514 
lr = 0.001 Loss 106/150 Loss is L =0.009434117935597897 
lr = 0.001 Loss 107/150 Loss is L =0.0074929045513272285 
lr = 0.001 Loss 108/150 Loss is L =0.008126168511807919 
lr = 0.001 Loss 109/150 Loss is L =0.007734350394457579 
lr = 0.001 Loss 110/150 Loss is L =0.006344968918710947 
lr = 0.001 Loss 111/150 Loss is L =0.007902075536549091 
lr = 0.001 Loss 112/150 Loss is L =0.007837597280740738 
lr = 0.001 Loss 113/150 Loss is L =0.009677046909928322 
lr = 0.001 Loss 114/150 Loss is L =0.007228914648294449 
lr = 0.001 Loss 115/150 Loss is L =0.007909323088824749 
lr = 0.001 Loss 116/150 Loss is L =0.008214997127652168 
lr = 0.001 Loss 117/150 Loss is L =0.008624397218227386 
lr = 0.001 Loss 118/150 Loss is L =0.007284145802259445 
lr = 0.001 Loss 119/150 Loss is L =0.007653675973415375 
lr = 0.001 Loss 120/150 Loss is L =0.008573124185204506 
lr = 0.001 Loss 121/150 Loss is L =0.007318984251469374 
lr = 0.001 Loss 122/150 Loss is L =0.008711894042789936 
lr = 0.001 Loss 123/150 Loss is L =0.009750301949679852 
lr = 0.001 Loss 124/150 Loss is L =0.00857992097735405 
lr = 0.001 Loss 125/150 Loss is L =0.007376498077064753 
lr = 0.001 Loss 126/150 Loss is L =0.008006863296031952 
lr = 0.001 Loss 127/150 Loss is L =0.007878289557993412 
lr = 0.001 Loss 128/150 Loss is L =0.007823566906154156 
lr = 0.001 Loss 129/150 Loss is L =0.009450586512684822 
lr = 0.001 Loss 130/150 Loss is L =0.00758035434409976 
lr = 0.001 Loss 131/150 Loss is L =0.008631892502307892 
lr = 0.001 Loss 132/150 Loss is L =0.007107243873178959 
lr = 0.001 Loss 133/150 Loss is L =0.008457941934466362 
lr = 0.001 Loss 134/150 Loss is L =0.007266082800924778 
lr = 0.001 Loss 135/150 Loss is L =0.007993301376700401 
lr = 0.001 Loss 136/150 Loss is L =0.007176558952778578 
lr = 0.001 Loss 137/150 Loss is L =0.008191512897610664 
lr = 0.001 Loss 138/150 Loss is L =0.008187146857380867 
lr = 0.001 Loss 139/150 Loss is L =0.007758344057947397 
lr = 0.001 Loss 140/150 Loss is L =0.008349564857780933 
lr = 0.001 Loss 141/150 Loss is L =0.007605365011841059 
lr = 0.001 Loss 142/150 Loss is L =0.008006738498806953 
lr = 0.001 Loss 143/150 Loss is L =0.007714749779552221 
lr = 0.001 Loss 144/150 Loss is L =0.008244394324719906 
lr = 0.001 Loss 145/150 Loss is L =0.007162545807659626 
lr = 0.001 Loss 146/150 Loss is L =0.006377907004207373 
lr = 0.001 Loss 147/150 Loss is L =0.00733775133267045 
lr = 0.001 Loss 148/150 Loss is L =0.008608905598521233 
lr = 0.001 Loss 149/150 Loss is L =0.006914444267749786 
lr = 0.001 Loss 150/150 Loss is L =0.008196447975933552 
Traceback (most recent call last):
  File "/home/cbe05/MaqamDiffusion/src/testing/autoencoder_training.py", line 65, in <module>
    train_a, test_a, train_l, test_l = train_and_test_per_epoch(
  File "/home/cbe05/MaqamDiffusion/src/testing/helper_training_functions.py", line 315, in train_and_test_per_epoch
    output = classifer(encoded_images)
  File "/apps/sw/miniconda/envs/ai-4/lib/python3.10/site-packages/torch/nn/modules/module.py", line 1518, in _wrapped_call_impl
    return self._call_impl(*args, **kwargs)
  File "/apps/sw/miniconda/envs/ai-4/lib/python3.10/site-packages/torch/nn/modules/module.py", line 1527, in _call_impl
    return forward_call(*args, **kwargs)
  File "/home/cbe05/MaqamDiffusion/src/testing/models/Autencoder.py", line 85, in forward
    return self.classify(x)
  File "/apps/sw/miniconda/envs/ai-4/lib/python3.10/site-packages/torch/nn/modules/module.py", line 1518, in _wrapped_call_impl
    return self._call_impl(*args, **kwargs)
  File "/apps/sw/miniconda/envs/ai-4/lib/python3.10/site-packages/torch/nn/modules/module.py", line 1527, in _call_impl
    return forward_call(*args, **kwargs)
  File "/apps/sw/miniconda/envs/ai-4/lib/python3.10/site-packages/torch/nn/modules/container.py", line 215, in forward
    input = module(input)
  File "/apps/sw/miniconda/envs/ai-4/lib/python3.10/site-packages/torch/nn/modules/module.py", line 1518, in _wrapped_call_impl
    return self._call_impl(*args, **kwargs)
  File "/apps/sw/miniconda/envs/ai-4/lib/python3.10/site-packages/torch/nn/modules/module.py", line 1527, in _call_impl
    return forward_call(*args, **kwargs)
  File "/apps/sw/miniconda/envs/ai-4/lib/python3.10/site-packages/torch/nn/modules/linear.py", line 114, in forward
    return F.linear(input, self.weight, self.bias)
  File "/apps/sw/miniconda/envs/ai-4/lib/python3.10/site-packages/torch/utils/_device.py", line 77, in __torch_function__
    return func(*args, **kwargs)
RuntimeError: mat1 and mat2 shapes cannot be multiplied (40x131072 and 2048x512)
