Program will start executing in a bit
/apps/sw/miniconda/envs/ai-4/lib/python3.10/site-packages/torch/utils/_device.py:77: UserWarning: To copy construct from a tensor, it is recommended to use sourceTensor.clone().detach() or sourceTensor.clone().detach().requires_grad_(True), rather than torch.tensor(sourceTensor).
  return func(*args, **kwargs)
✅ Using CUDA globally
GPU: Tesla V100-PCIE-32GB
Current directory: /home/cbe05/MaqamDiffusion
lr = 0.001 Loss 1/300 Loss is L =0.048090822994709015 
lr = 0.001 Loss 2/300 Loss is L =0.04437049850821495 
lr = 0.001 Loss 3/300 Loss is L =0.037589699029922485 
lr = 0.001 Loss 4/300 Loss is L =0.03141314908862114 
lr = 0.001 Loss 5/300 Loss is L =0.029036402702331543 
lr = 0.001 Loss 6/300 Loss is L =0.027533594518899918 
lr = 0.001 Loss 7/300 Loss is L =0.027440950274467468 
lr = 0.001 Loss 8/300 Loss is L =0.02139780856668949 
lr = 0.001 Loss 9/300 Loss is L =0.020182600244879723 
lr = 0.001 Loss 10/300 Loss is L =0.016732458025217056 
lr = 0.001 Loss 11/300 Loss is L =0.016874467954039574 
lr = 0.001 Loss 12/300 Loss is L =0.014809704385697842 
lr = 0.001 Loss 13/300 Loss is L =0.012944811955094337 
lr = 0.001 Loss 14/300 Loss is L =0.01349598914384842 
lr = 0.001 Loss 15/300 Loss is L =0.011967773549258709 
lr = 0.001 Loss 16/300 Loss is L =0.010635177604854107 
lr = 0.001 Loss 17/300 Loss is L =0.011309637688100338 
lr = 0.001 Loss 18/300 Loss is L =0.008941056206822395 
lr = 0.001 Loss 19/300 Loss is L =0.008614808320999146 
lr = 0.001 Loss 20/300 Loss is L =0.009797043167054653 
lr = 0.001 Loss 21/300 Loss is L =0.01086758729070425 
lr = 0.001 Loss 22/300 Loss is L =0.008198576979339123 
lr = 0.001 Loss 23/300 Loss is L =0.008702415972948074 
lr = 0.001 Loss 24/300 Loss is L =0.009264721535146236 
lr = 0.001 Loss 25/300 Loss is L =0.008861375972628593 
lr = 0.001 Loss 26/300 Loss is L =0.008609418757259846 
lr = 0.001 Loss 27/300 Loss is L =0.009289180859923363 
lr = 0.001 Loss 28/300 Loss is L =0.009007008746266365 
lr = 0.001 Loss 29/300 Loss is L =0.010002103634178638 
lr = 0.001 Loss 30/300 Loss is L =0.008820513263344765 
lr = 0.001 Loss 31/300 Loss is L =0.007846537046134472 
lr = 0.001 Loss 32/300 Loss is L =0.008836646564304829 
lr = 0.001 Loss 33/300 Loss is L =0.008855071850121021 
lr = 0.001 Loss 34/300 Loss is L =0.008588159456849098 
lr = 0.001 Loss 35/300 Loss is L =0.009483424946665764 
lr = 0.001 Loss 36/300 Loss is L =0.008200804702937603 
lr = 0.001 Loss 37/300 Loss is L =0.008530950173735619 
lr = 0.001 Loss 38/300 Loss is L =0.008608139120042324 
lr = 0.001 Loss 39/300 Loss is L =0.008685285225510597 
lr = 0.001 Loss 40/300 Loss is L =0.007921400479972363 
lr = 0.001 Loss 41/300 Loss is L =0.008703294210135937 
lr = 0.001 Loss 42/300 Loss is L =0.00936481636017561 
lr = 0.001 Loss 43/300 Loss is L =0.008607502095401287 
lr = 0.001 Loss 44/300 Loss is L =0.009053078480064869 
lr = 0.001 Loss 45/300 Loss is L =0.007754248566925526 
lr = 0.001 Loss 46/300 Loss is L =0.009173444472253323 
lr = 0.001 Loss 47/300 Loss is L =0.00905270129442215 
lr = 0.001 Loss 48/300 Loss is L =0.007242657244205475 
lr = 0.001 Loss 49/300 Loss is L =0.0073915510438382626 
lr = 0.001 Loss 50/300 Loss is L =0.008958560414612293 
lr = 0.001 Loss 51/300 Loss is L =0.007681986782699823 
lr = 0.001 Loss 52/300 Loss is L =0.00790380872786045 
lr = 0.001 Loss 53/300 Loss is L =0.007821242325007915 
lr = 0.001 Loss 54/300 Loss is L =0.008194759488105774 
lr = 0.001 Loss 55/300 Loss is L =0.00891763623803854 
lr = 0.001 Loss 56/300 Loss is L =0.008157582953572273 
lr = 0.001 Loss 57/300 Loss is L =0.007911446504294872 
lr = 0.001 Loss 58/300 Loss is L =0.007919936440885067 
lr = 0.001 Loss 59/300 Loss is L =0.007126724813133478 
lr = 0.001 Loss 60/300 Loss is L =0.008325447328388691 
lr = 0.001 Loss 61/300 Loss is L =0.00714204553514719 
lr = 0.001 Loss 62/300 Loss is L =0.007815194316208363 
lr = 0.001 Loss 63/300 Loss is L =0.007781587075442076 
lr = 0.001 Loss 64/300 Loss is L =0.008917981758713722 
lr = 0.001 Loss 65/300 Loss is L =0.009033333510160446 
lr = 0.001 Loss 66/300 Loss is L =0.00849182903766632 
lr = 0.001 Loss 67/300 Loss is L =0.007144163828343153 
lr = 0.001 Loss 68/300 Loss is L =0.008262165822088718 
lr = 0.001 Loss 69/300 Loss is L =0.007547337561845779 
lr = 0.001 Loss 70/300 Loss is L =0.008718932047486305 
lr = 0.001 Loss 71/300 Loss is L =0.007976903580129147 
lr = 0.001 Loss 72/300 Loss is L =0.0074751838110387325 
lr = 0.001 Loss 73/300 Loss is L =0.008087019436061382 
lr = 0.001 Loss 74/300 Loss is L =0.008092070929706097 
lr = 0.001 Loss 75/300 Loss is L =0.0068561844527721405 
lr = 0.001 Loss 76/300 Loss is L =0.007383921183645725 
lr = 0.001 Loss 77/300 Loss is L =0.008283263072371483 
lr = 0.001 Loss 78/300 Loss is L =0.007521581836044788 
lr = 0.001 Loss 79/300 Loss is L =0.007641433272510767 
lr = 0.001 Loss 80/300 Loss is L =0.008155584335327148 
lr = 0.001 Loss 81/300 Loss is L =0.007526008877903223 
lr = 0.001 Loss 82/300 Loss is L =0.007766067516058683 
lr = 0.001 Loss 83/300 Loss is L =0.007926397025585175 
lr = 0.001 Loss 84/300 Loss is L =0.009199860505759716 
lr = 0.001 Loss 85/300 Loss is L =0.007922979071736336 
lr = 0.001 Loss 86/300 Loss is L =0.007479607593268156 
lr = 0.001 Loss 87/300 Loss is L =0.007881506346166134 
lr = 0.001 Loss 88/300 Loss is L =0.007577646058052778 
lr = 0.001 Loss 89/300 Loss is L =0.007221936713904142 
lr = 0.001 Loss 90/300 Loss is L =0.006901651620864868 
lr = 0.001 Loss 91/300 Loss is L =0.008129746653139591 
lr = 0.001 Loss 92/300 Loss is L =0.007711049169301987 
lr = 0.001 Loss 93/300 Loss is L =0.0068317293189466 
lr = 0.001 Loss 94/300 Loss is L =0.00779112009331584 
lr = 0.001 Loss 95/300 Loss is L =0.008785944432020187 
lr = 0.001 Loss 96/300 Loss is L =0.008077281527221203 
lr = 0.001 Loss 97/300 Loss is L =0.007828975096344948 
lr = 0.001 Loss 98/300 Loss is L =0.008863728493452072 
lr = 0.001 Loss 99/300 Loss is L =0.00844139140099287 
lr = 0.001 Loss 100/300 Loss is L =0.008002756163477898 
lr = 0.001 Loss 101/300 Loss is L =0.008011246100068092 
lr = 0.001 Loss 102/300 Loss is L =0.007735823281109333 
lr = 0.001 Loss 103/300 Loss is L =0.007144467439502478 
lr = 0.001 Loss 104/300 Loss is L =0.007037102710455656 
lr = 0.001 Loss 105/300 Loss is L =0.007698267698287964 
lr = 0.001 Loss 106/300 Loss is L =0.007516227662563324 
lr = 0.001 Loss 107/300 Loss is L =0.007478899788111448 
lr = 0.001 Loss 108/300 Loss is L =0.007731045130640268 
lr = 0.001 Loss 109/300 Loss is L =0.008146419189870358 
lr = 0.001 Loss 110/300 Loss is L =0.007675931788980961 
lr = 0.001 Loss 111/300 Loss is L =0.0077428980730473995 
lr = 0.001 Loss 112/300 Loss is L =0.007894134148955345 
lr = 0.001 Loss 113/300 Loss is L =0.007874155417084694 
lr = 0.001 Loss 114/300 Loss is L =0.00801585242152214 
lr = 0.001 Loss 115/300 Loss is L =0.007987985387444496 
lr = 0.001 Loss 116/300 Loss is L =0.008125794120132923 
lr = 0.001 Loss 117/300 Loss is L =0.0077503337524831295 
lr = 0.001 Loss 118/300 Loss is L =0.007140373345464468 
lr = 0.001 Loss 119/300 Loss is L =0.008161342702805996 
lr = 0.001 Loss 120/300 Loss is L =0.008281590417027473 
lr = 0.001 Loss 121/300 Loss is L =0.007484901696443558 
lr = 0.001 Loss 122/300 Loss is L =0.007995793595910072 
lr = 0.001 Loss 123/300 Loss is L =0.007424432784318924 
lr = 0.001 Loss 124/300 Loss is L =0.007702680770307779 
lr = 0.001 Loss 125/300 Loss is L =0.008106804452836514 
lr = 0.001 Loss 126/300 Loss is L =0.007238350808620453 
lr = 0.001 Loss 127/300 Loss is L =0.0076706307008862495 
lr = 0.001 Loss 128/300 Loss is L =0.006996575742959976 
lr = 0.001 Loss 129/300 Loss is L =0.008251394145190716 
lr = 0.001 Loss 130/300 Loss is L =0.007377100642770529 
lr = 0.001 Loss 131/300 Loss is L =0.007739811670035124 
lr = 0.001 Loss 132/300 Loss is L =0.008144199848175049 
lr = 0.001 Loss 133/300 Loss is L =0.007076901383697987 
lr = 0.001 Loss 134/300 Loss is L =0.008011138997972012 
lr = 0.001 Loss 135/300 Loss is L =0.007563375867903233 
lr = 0.001 Loss 136/300 Loss is L =0.007462409324944019 
lr = 0.001 Loss 137/300 Loss is L =0.007180444896221161 
lr = 0.001 Loss 138/300 Loss is L =0.007761435117572546 
lr = 0.001 Loss 139/300 Loss is L =0.0073325964622199535 
lr = 0.001 Loss 140/300 Loss is L =0.008203032426536083 
lr = 0.001 Loss 141/300 Loss is L =0.007860364392399788 
lr = 0.001 Loss 142/300 Loss is L =0.006874755024909973 
lr = 0.001 Loss 143/300 Loss is L =0.007692188955843449 
lr = 0.001 Loss 144/300 Loss is L =0.007739354856312275 
lr = 0.001 Loss 145/300 Loss is L =0.007338242139667273 
lr = 0.001 Loss 146/300 Loss is L =0.00707229832187295 
lr = 0.001 Loss 147/300 Loss is L =0.00795723032206297 
lr = 0.001 Loss 148/300 Loss is L =0.008435728028416634 
lr = 0.001 Loss 149/300 Loss is L =0.00730284396559 
lr = 0.001 Loss 150/300 Loss is L =0.0075080543756484985 
lr = 0.001 Loss 151/300 Loss is L =0.007408724166452885 
lr = 0.001 Loss 152/300 Loss is L =0.007595691364258528 
lr = 0.001 Loss 153/300 Loss is L =0.007672267500311136 
lr = 0.001 Loss 154/300 Loss is L =0.007356066256761551 
lr = 0.001 Loss 155/300 Loss is L =0.007637588772922754 
lr = 0.001 Loss 156/300 Loss is L =0.008098093792796135 
lr = 0.001 Loss 157/300 Loss is L =0.008288625627756119 
lr = 0.001 Loss 158/300 Loss is L =0.007541607599705458 
lr = 0.001 Loss 159/300 Loss is L =0.007861378602683544 
lr = 0.001 Loss 160/300 Loss is L =0.007158535998314619 
lr = 0.001 Loss 161/300 Loss is L =0.007006925530731678 
lr = 0.001 Loss 162/300 Loss is L =0.007552014198154211 
lr = 0.001 Loss 163/300 Loss is L =0.008144442923367023 
lr = 0.001 Loss 164/300 Loss is L =0.00707038352265954 
lr = 0.001 Loss 165/300 Loss is L =0.007260795217007399 
lr = 0.001 Loss 166/300 Loss is L =0.00786349456757307 
lr = 0.001 Loss 167/300 Loss is L =0.008113696239888668 
lr = 0.001 Loss 168/300 Loss is L =0.007805630099028349 
lr = 0.001 Loss 169/300 Loss is L =0.008362538181245327 
lr = 0.001 Loss 170/300 Loss is L =0.007440763060003519 
lr = 0.001 Loss 171/300 Loss is L =0.007085749413818121 
lr = 0.001 Loss 172/300 Loss is L =0.008101633749902248 
lr = 0.001 Loss 173/300 Loss is L =0.008210914209485054 
lr = 0.001 Loss 174/300 Loss is L =0.007134741637855768 
lr = 0.001 Loss 175/300 Loss is L =0.00738493213430047 
lr = 0.001 Loss 176/300 Loss is L =0.007291701622307301 
lr = 0.001 Loss 177/300 Loss is L =0.007039729040116072 
lr = 0.001 Loss 178/300 Loss is L =0.007028813939541578 
lr = 0.001 Loss 179/300 Loss is L =0.007575100753456354 
lr = 0.001 Loss 180/300 Loss is L =0.007483534049242735 
lr = 0.001 Loss 181/300 Loss is L =0.0074621825478971004 
lr = 0.001 Loss 182/300 Loss is L =0.007289168890565634 
lr = 0.001 Loss 183/300 Loss is L =0.007575973868370056 
lr = 0.001 Loss 184/300 Loss is L =0.007479900028556585 
lr = 0.001 Loss 185/300 Loss is L =0.0075691090896725655 
lr = 0.001 Loss 186/300 Loss is L =0.008289671503007412 
lr = 0.001 Loss 187/300 Loss is L =0.007276772055774927 
lr = 0.001 Loss 188/300 Loss is L =0.007448630873113871 
lr = 0.001 Loss 189/300 Loss is L =0.006531173828989267 
lr = 0.001 Loss 190/300 Loss is L =0.007724774070084095 
lr = 0.001 Loss 191/300 Loss is L =0.007846086286008358 
lr = 0.001 Loss 192/300 Loss is L =0.00790664553642273 
lr = 0.001 Loss 193/300 Loss is L =0.007093849126249552 
lr = 0.001 Loss 194/300 Loss is L =0.007796645164489746 
lr = 0.001 Loss 195/300 Loss is L =0.007924660108983517 
lr = 0.001 Loss 196/300 Loss is L =0.007919753901660442 
lr = 0.001 Loss 197/300 Loss is L =0.008144894614815712 
lr = 0.001 Loss 198/300 Loss is L =0.006819088943302631 
lr = 0.001 Loss 199/300 Loss is L =0.007333375047892332 
lr = 0.001 Loss 200/300 Loss is L =0.007661984767764807 
lr = 0.001 Loss 201/300 Loss is L =0.00763876736164093 
lr = 0.001 Loss 202/300 Loss is L =0.007972403429448605 
lr = 0.001 Loss 203/300 Loss is L =0.007388661149889231 
lr = 0.001 Loss 204/300 Loss is L =0.006839002948254347 
lr = 0.001 Loss 205/300 Loss is L =0.007684499025344849 
lr = 0.001 Loss 206/300 Loss is L =0.007797424681484699 
lr = 0.001 Loss 207/300 Loss is L =0.00806401390582323 
lr = 0.001 Loss 208/300 Loss is L =0.007217528764158487 
lr = 0.001 Loss 209/300 Loss is L =0.008246898651123047 
lr = 0.001 Loss 210/300 Loss is L =0.008106403984129429 
lr = 0.001 Loss 211/300 Loss is L =0.007345844991505146 
lr = 0.001 Loss 212/300 Loss is L =0.0068609341979026794 
lr = 0.001 Loss 213/300 Loss is L =0.007344597484916449 
lr = 0.001 Loss 214/300 Loss is L =0.007593302521854639 
lr = 0.001 Loss 215/300 Loss is L =0.007154577411711216 
lr = 0.001 Loss 216/300 Loss is L =0.0076995170675218105 
lr = 0.001 Loss 217/300 Loss is L =0.007951604202389717 
lr = 0.001 Loss 218/300 Loss is L =0.007984613999724388 
lr = 0.001 Loss 219/300 Loss is L =0.007875459268689156 
lr = 0.001 Loss 220/300 Loss is L =0.007339331787079573 
lr = 0.001 Loss 221/300 Loss is L =0.008091219700872898 
lr = 0.001 Loss 222/300 Loss is L =0.007104386575520039 
lr = 0.001 Loss 223/300 Loss is L =0.008578166365623474 
lr = 0.001 Loss 224/300 Loss is L =0.007865460589528084 
lr = 0.001 Loss 225/300 Loss is L =0.007631558459252119 
lr = 0.001 Loss 226/300 Loss is L =0.008112996816635132 
lr = 0.001 Loss 227/300 Loss is L =0.0072992476634681225 
lr = 0.001 Loss 228/300 Loss is L =0.007594755385071039 
lr = 0.001 Loss 229/300 Loss is L =0.006580514367669821 
lr = 0.001 Loss 230/300 Loss is L =0.008241977542638779 
lr = 0.001 Loss 231/300 Loss is L =0.008246959187090397 
lr = 0.001 Loss 232/300 Loss is L =0.0077066319063305855 
lr = 0.001 Loss 233/300 Loss is L =0.007350325584411621 
lr = 0.001 Loss 234/300 Loss is L =0.00795217975974083 
lr = 0.001 Loss 235/300 Loss is L =0.0074602351523935795 
lr = 0.001 Loss 236/300 Loss is L =0.008175328373908997 
lr = 0.001 Loss 237/300 Loss is L =0.007553499191999435 
lr = 0.001 Loss 238/300 Loss is L =0.007447011303156614 
lr = 0.001 Loss 239/300 Loss is L =0.0077676489017903805 
lr = 0.001 Loss 240/300 Loss is L =0.006910745054483414 
lr = 0.001 Loss 241/300 Loss is L =0.007851259782910347 
lr = 0.001 Loss 242/300 Loss is L =0.007656626403331757 
lr = 0.001 Loss 243/300 Loss is L =0.0075762332417070866 
lr = 0.001 Loss 244/300 Loss is L =0.008417625911533833 
lr = 0.001 Loss 245/300 Loss is L =0.007711619138717651 
lr = 0.001 Loss 246/300 Loss is L =0.00832454115152359 
lr = 0.001 Loss 247/300 Loss is L =0.006922953762114048 
lr = 0.001 Loss 248/300 Loss is L =0.007042159326374531 
lr = 0.001 Loss 249/300 Loss is L =0.007729773409664631 
lr = 0.001 Loss 250/300 Loss is L =0.007693402469158173 
lr = 0.001 Loss 251/300 Loss is L =0.008423537015914917 
lr = 0.001 Loss 252/300 Loss is L =0.00834138598293066 
lr = 0.001 Loss 253/300 Loss is L =0.00846127700060606 
lr = 0.001 Loss 254/300 Loss is L =0.008212687447667122 
lr = 0.001 Loss 255/300 Loss is L =0.007914592511951923 
lr = 0.001 Loss 256/300 Loss is L =0.007430909667164087 
lr = 0.001 Loss 257/300 Loss is L =0.008140151388943195 
lr = 0.001 Loss 258/300 Loss is L =0.007480011321604252 
lr = 0.001 Loss 259/300 Loss is L =0.007771420758217573 
lr = 0.001 Loss 260/300 Loss is L =0.007436439394950867 
lr = 0.001 Loss 261/300 Loss is L =0.007434006314724684 
lr = 0.001 Loss 262/300 Loss is L =0.007620428688824177 
lr = 0.001 Loss 263/300 Loss is L =0.00842093862593174 
lr = 0.001 Loss 264/300 Loss is L =0.007366176228970289 
lr = 0.001 Loss 265/300 Loss is L =0.007029540371149778 
lr = 0.001 Loss 266/300 Loss is L =0.008213589899241924 
lr = 0.001 Loss 267/300 Loss is L =0.008316092193126678 
lr = 0.001 Loss 268/300 Loss is L =0.007971343584358692 
lr = 0.001 Loss 269/300 Loss is L =0.007806175388395786 
lr = 0.001 Loss 270/300 Loss is L =0.006847105920314789 
lr = 0.001 Loss 271/300 Loss is L =0.006557479500770569 
lr = 0.001 Loss 272/300 Loss is L =0.007431946694850922 
lr = 0.001 Loss 273/300 Loss is L =0.008016081526875496 
lr = 0.001 Loss 274/300 Loss is L =0.00753807881847024 
lr = 0.001 Loss 275/300 Loss is L =0.007346668746322393 
lr = 0.001 Loss 276/300 Loss is L =0.008073118515312672 
lr = 0.001 Loss 277/300 Loss is L =0.007909982465207577 
lr = 0.001 Loss 278/300 Loss is L =0.007322680205106735 
lr = 0.001 Loss 279/300 Loss is L =0.007743381895124912 
lr = 0.001 Loss 280/300 Loss is L =0.007518160622566938 
lr = 0.001 Loss 281/300 Loss is L =0.008013163693249226 
lr = 0.001 Loss 282/300 Loss is L =0.007399996276944876 
lr = 0.001 Loss 283/300 Loss is L =0.007602178957313299 
lr = 0.001 Loss 284/300 Loss is L =0.007526963949203491 
lr = 0.001 Loss 285/300 Loss is L =0.006891145836561918 
lr = 0.001 Loss 286/300 Loss is L =0.007915128022432327 
lr = 0.001 Loss 287/300 Loss is L =0.007384555879980326 
lr = 0.001 Loss 288/300 Loss is L =0.007909581065177917 
lr = 0.001 Loss 289/300 Loss is L =0.009028360247612 
lr = 0.001 Loss 290/300 Loss is L =0.007868182845413685 
lr = 0.001 Loss 291/300 Loss is L =0.007879428565502167 
lr = 0.001 Loss 292/300 Loss is L =0.00828736275434494 
lr = 0.001 Loss 293/300 Loss is L =0.0070329285226762295 
lr = 0.001 Loss 294/300 Loss is L =0.007619436364620924 
lr = 0.001 Loss 295/300 Loss is L =0.007817156612873077 
lr = 0.001 Loss 296/300 Loss is L =0.008307489566504955 
lr = 0.001 Loss 297/300 Loss is L =0.007570736110210419 
lr = 0.001 Loss 298/300 Loss is L =0.006288004107773304 
lr = 0.001 Loss 299/300 Loss is L =0.007649154867976904 
lr = 0.001 Loss 300/300 Loss is L =0.006873135920614004 
