Program will start executing in a bit
/apps/sw/miniconda/envs/ai-4/lib/python3.10/site-packages/torch/utils/_device.py:77: UserWarning: To copy construct from a tensor, it is recommended to use sourceTensor.clone().detach() or sourceTensor.clone().detach().requires_grad_(True), rather than torch.tensor(sourceTensor).
  return func(*args, **kwargs)
✅ Using CUDA globally
GPU: Tesla V100-PCIE-32GB
✅ Using CUDA globally
GPU: Tesla V100-PCIE-32GB
Current directory: /home/cbe05/MaqamDiffusion
lr = 0.001 Loss 1/150 Loss is L =0.05558071658015251 
lr = 0.001 Loss 2/150 Loss is L =0.04422628879547119 
lr = 0.001 Loss 3/150 Loss is L =0.044556137174367905 
lr = 0.001 Loss 4/150 Loss is L =0.037542037665843964 
lr = 0.001 Loss 5/150 Loss is L =0.03454863652586937 
lr = 0.001 Loss 6/150 Loss is L =0.03466410934925079 
lr = 0.001 Loss 7/150 Loss is L =0.028807098045945168 
lr = 0.001 Loss 8/150 Loss is L =0.026807604357600212 
lr = 0.001 Loss 9/150 Loss is L =0.023796193301677704 
lr = 0.001 Loss 10/150 Loss is L =0.022659266367554665 
lr = 0.001 Loss 11/150 Loss is L =0.02231348119676113 
lr = 0.001 Loss 12/150 Loss is L =0.02479739487171173 
lr = 0.001 Loss 13/150 Loss is L =0.020264849066734314 
lr = 0.001 Loss 14/150 Loss is L =0.022040273994207382 
lr = 0.001 Loss 15/150 Loss is L =0.02166816033422947 
lr = 0.001 Loss 16/150 Loss is L =0.018632924184203148 
lr = 0.001 Loss 17/150 Loss is L =0.020081833004951477 
lr = 0.001 Loss 18/150 Loss is L =0.019387556239962578 
lr = 0.001 Loss 19/150 Loss is L =0.02019348554313183 
lr = 0.001 Loss 20/150 Loss is L =0.019599592313170433 
lr = 0.001 Loss 21/150 Loss is L =0.02331540733575821 
lr = 0.001 Loss 22/150 Loss is L =0.018709123134613037 
lr = 0.001 Loss 23/150 Loss is L =0.017414379864931107 
lr = 0.001 Loss 24/150 Loss is L =0.018653791397809982 
lr = 0.001 Loss 25/150 Loss is L =0.018531013280153275 
lr = 0.001 Loss 26/150 Loss is L =0.016913874074816704 
lr = 0.001 Loss 27/150 Loss is L =0.020467212423682213 
lr = 0.001 Loss 28/150 Loss is L =0.01975892297923565 
lr = 0.001 Loss 29/150 Loss is L =0.017581000924110413 
lr = 0.001 Loss 30/150 Loss is L =0.017264340072870255 
lr = 0.001 Loss 31/150 Loss is L =0.01839209720492363 
lr = 0.001 Loss 32/150 Loss is L =0.01813950017094612 
lr = 0.001 Loss 33/150 Loss is L =0.016568413004279137 
lr = 0.001 Loss 34/150 Loss is L =0.01640423946082592 
lr = 0.001 Loss 35/150 Loss is L =0.018518006429076195 
lr = 0.001 Loss 36/150 Loss is L =0.015855085104703903 
lr = 0.001 Loss 37/150 Loss is L =0.017139781266450882 
lr = 0.001 Loss 38/150 Loss is L =0.01796996220946312 
lr = 0.001 Loss 39/150 Loss is L =0.01698155142366886 
lr = 0.001 Loss 40/150 Loss is L =0.01749802567064762 
lr = 0.001 Loss 41/150 Loss is L =0.016505582258105278 
lr = 0.001 Loss 42/150 Loss is L =0.017169475555419922 
lr = 0.001 Loss 43/150 Loss is L =0.01710829697549343 
lr = 0.001 Loss 44/150 Loss is L =0.016291320323944092 
lr = 0.001 Loss 45/150 Loss is L =0.016625089570879936 
lr = 0.001 Loss 46/150 Loss is L =0.01885681226849556 
lr = 0.001 Loss 47/150 Loss is L =0.016368338838219643 
lr = 0.001 Loss 48/150 Loss is L =0.019356293603777885 
lr = 0.001 Loss 49/150 Loss is L =0.01635766588151455 
lr = 0.001 Loss 50/150 Loss is L =0.01696009561419487 
lr = 0.001 Loss 51/150 Loss is L =0.01882092095911503 
lr = 0.001 Loss 52/150 Loss is L =0.018153950572013855 
lr = 0.001 Loss 53/150 Loss is L =0.016561368480324745 
lr = 0.001 Loss 54/150 Loss is L =0.016619568690657616 
lr = 0.001 Loss 55/150 Loss is L =0.016649072989821434 
lr = 0.001 Loss 56/150 Loss is L =0.018752817064523697 
lr = 0.001 Loss 57/150 Loss is L =0.016590172424912453 
lr = 0.001 Loss 58/150 Loss is L =0.017742125317454338 
lr = 0.001 Loss 59/150 Loss is L =0.017725955694913864 
lr = 0.001 Loss 60/150 Loss is L =0.016185378655791283 
lr = 0.001 Loss 61/150 Loss is L =0.018064899370074272 
lr = 0.001 Loss 62/150 Loss is L =0.017473146319389343 
lr = 0.001 Loss 63/150 Loss is L =0.01764960028231144 
lr = 0.001 Loss 64/150 Loss is L =0.01565893553197384 
lr = 0.001 Loss 65/150 Loss is L =0.016837893053889275 
lr = 0.001 Loss 66/150 Loss is L =0.01757180504500866 
lr = 0.001 Loss 67/150 Loss is L =0.018646547570824623 
lr = 0.001 Loss 68/150 Loss is L =0.016346151009202003 
lr = 0.001 Loss 69/150 Loss is L =0.018044760450720787 
lr = 0.001 Loss 70/150 Loss is L =0.016756588593125343 
lr = 0.001 Loss 71/150 Loss is L =0.016319002956151962 
lr = 0.001 Loss 72/150 Loss is L =0.018722599372267723 
lr = 0.001 Loss 73/150 Loss is L =0.016424380242824554 
lr = 0.001 Loss 74/150 Loss is L =0.018045956268906593 
lr = 0.001 Loss 75/150 Loss is L =0.018939753994345665 
lr = 0.001 Loss 76/150 Loss is L =0.016142847016453743 
lr = 0.001 Loss 77/150 Loss is L =0.016933610662817955 
lr = 0.001 Loss 78/150 Loss is L =0.016935046762228012 
lr = 0.001 Loss 79/150 Loss is L =0.01665477454662323 
lr = 0.001 Loss 80/150 Loss is L =0.01713181473314762 
lr = 0.001 Loss 81/150 Loss is L =0.01783958077430725 
lr = 0.001 Loss 82/150 Loss is L =0.01725764386355877 
lr = 0.001 Loss 83/150 Loss is L =0.01910589262843132 
lr = 0.001 Loss 84/150 Loss is L =0.015674972906708717 
lr = 0.001 Loss 85/150 Loss is L =0.014708608388900757 
lr = 0.001 Loss 86/150 Loss is L =0.017947005107998848 
lr = 0.001 Loss 87/150 Loss is L =0.01731083355844021 
lr = 0.001 Loss 88/150 Loss is L =0.016435569152235985 
lr = 0.001 Loss 89/150 Loss is L =0.016777170822024345 
lr = 0.001 Loss 90/150 Loss is L =0.017072750255465508 
lr = 0.001 Loss 91/150 Loss is L =0.016326358541846275 
lr = 0.001 Loss 92/150 Loss is L =0.018270893022418022 
lr = 0.001 Loss 93/150 Loss is L =0.015950554981827736 
lr = 0.001 Loss 94/150 Loss is L =0.018492382019758224 
lr = 0.001 Loss 95/150 Loss is L =0.015174873173236847 
lr = 0.001 Loss 96/150 Loss is L =0.018607793375849724 
lr = 0.001 Loss 97/150 Loss is L =0.016235608607530594 
lr = 0.001 Loss 98/150 Loss is L =0.017700105905532837 
lr = 0.001 Loss 99/150 Loss is L =0.01588515192270279 
lr = 0.001 Loss 100/150 Loss is L =0.017928581684827805 
lr = 0.001 Loss 101/150 Loss is L =0.017139174044132233 
lr = 0.001 Loss 102/150 Loss is L =0.01606615260243416 
lr = 0.001 Loss 103/150 Loss is L =0.017969539389014244 
lr = 0.001 Loss 104/150 Loss is L =0.016341274604201317 
lr = 0.001 Loss 105/150 Loss is L =0.01536779385060072 
lr = 0.001 Loss 106/150 Loss is L =0.018588418141007423 
lr = 0.001 Loss 107/150 Loss is L =0.015243432484567165 
lr = 0.001 Loss 108/150 Loss is L =0.015075253322720528 
lr = 0.001 Loss 109/150 Loss is L =0.016179535537958145 
lr = 0.001 Loss 110/150 Loss is L =0.01875460520386696 
lr = 0.001 Loss 111/150 Loss is L =0.018033301457762718 
lr = 0.001 Loss 112/150 Loss is L =0.01835622265934944 
lr = 0.001 Loss 113/150 Loss is L =0.01887086220085621 
lr = 0.001 Loss 114/150 Loss is L =0.01614179089665413 
lr = 0.001 Loss 115/150 Loss is L =0.015473976731300354 
lr = 0.001 Loss 116/150 Loss is L =0.01744222268462181 
lr = 0.001 Loss 117/150 Loss is L =0.018078112974762917 
lr = 0.001 Loss 118/150 Loss is L =0.01589313894510269 
lr = 0.001 Loss 119/150 Loss is L =0.016804853454232216 
lr = 0.001 Loss 120/150 Loss is L =0.01709011197090149 
lr = 0.001 Loss 121/150 Loss is L =0.01667298749089241 
lr = 0.001 Loss 122/150 Loss is L =0.016163278371095657 
lr = 0.001 Loss 123/150 Loss is L =0.018032459542155266 
lr = 0.001 Loss 124/150 Loss is L =0.016936933621764183 
lr = 0.001 Loss 125/150 Loss is L =0.01689610257744789 
lr = 0.001 Loss 126/150 Loss is L =0.017224395647644997 
lr = 0.001 Loss 127/150 Loss is L =0.016551095992326736 
lr = 0.001 Loss 128/150 Loss is L =0.01647796854376793 
lr = 0.001 Loss 129/150 Loss is L =0.01593337394297123 
lr = 0.001 Loss 130/150 Loss is L =0.014949462376534939 
lr = 0.001 Loss 131/150 Loss is L =0.017287997528910637 
lr = 0.001 Loss 132/150 Loss is L =0.016118982806801796 
lr = 0.001 Loss 133/150 Loss is L =0.017158180475234985 
lr = 0.001 Loss 134/150 Loss is L =0.014609609730541706 
lr = 0.001 Loss 135/150 Loss is L =0.017590422183275223 
lr = 0.001 Loss 136/150 Loss is L =0.015551400370895863 
lr = 0.001 Loss 137/150 Loss is L =0.01667754165828228 
lr = 0.001 Loss 138/150 Loss is L =0.016983767971396446 
lr = 0.001 Loss 139/150 Loss is L =0.01611931249499321 
lr = 0.001 Loss 140/150 Loss is L =0.01765286549925804 
lr = 0.001 Loss 141/150 Loss is L =0.016526594758033752 
lr = 0.001 Loss 142/150 Loss is L =0.017414897680282593 
lr = 0.001 Loss 143/150 Loss is L =0.01590554416179657 
lr = 0.001 Loss 144/150 Loss is L =0.01576540432870388 
lr = 0.001 Loss 145/150 Loss is L =0.016260642558336258 
lr = 0.001 Loss 146/150 Loss is L =0.016250504180788994 
lr = 0.001 Loss 147/150 Loss is L =0.0163612999022007 
lr = 0.001 Loss 148/150 Loss is L =0.017131568863987923 
lr = 0.001 Loss 149/150 Loss is L =0.017249537631869316 
lr = 0.001 Loss 150/150 Loss is L =0.016621384769678116 
torch.Size([40, 2048])
torch.Size([40, 2048])
torch.Size([40, 2048])
torch.Size([40, 2048])
torch.Size([40, 2048])
torch.Size([40, 2048])
torch.Size([40, 2048])
torch.Size([40, 2048])
torch.Size([40, 2048])
torch.Size([40, 2048])
torch.Size([40, 2048])
torch.Size([40, 2048])
torch.Size([40, 2048])
torch.Size([40, 2048])
torch.Size([40, 2048])
torch.Size([40, 2048])
torch.Size([40, 2048])
torch.Size([40, 2048])
torch.Size([40, 2048])
torch.Size([40, 2048])
torch.Size([40, 2048])
torch.Size([40, 2048])
torch.Size([40, 2048])
torch.Size([40, 2048])
torch.Size([40, 2048])
torch.Size([40, 2048])
torch.Size([40, 2048])
torch.Size([20, 2048])
torch.Size([40, 2048])
torch.Size([40, 2048])
torch.Size([40, 2048])
torch.Size([40, 2048])
torch.Size([40, 2048])
torch.Size([40, 2048])
torch.Size([40, 2048])
torch.Size([40, 2048])
torch.Size([40, 2048])
torch.Size([40, 2048])
torch.Size([40, 2048])
torch.Size([40, 2048])
torch.Size([40, 2048])
torch.Size([40, 2048])
torch.Size([40, 2048])
torch.Size([40, 2048])
torch.Size([40, 2048])
torch.Size([40, 2048])
torch.Size([40, 2048])
torch.Size([40, 2048])
torch.Size([40, 2048])
torch.Size([40, 2048])
torch.Size([40, 2048])
torch.Size([40, 2048])
torch.Size([40, 2048])
torch.Size([40, 2048])
torch.Size([40, 2048])
torch.Size([20, 2048])
torch.Size([40, 2048])
torch.Size([40, 2048])
torch.Size([40, 2048])
torch.Size([40, 2048])
torch.Size([40, 2048])
torch.Size([40, 2048])
torch.Size([40, 2048])
torch.Size([40, 2048])
torch.Size([40, 2048])
torch.Size([40, 2048])
torch.Size([40, 2048])
torch.Size([40, 2048])
torch.Size([40, 2048])
torch.Size([40, 2048])
torch.Size([40, 2048])
torch.Size([40, 2048])
torch.Size([40, 2048])
torch.Size([40, 2048])
torch.Size([40, 2048])
torch.Size([40, 2048])
torch.Size([40, 2048])
torch.Size([40, 2048])
torch.Size([40, 2048])
torch.Size([40, 2048])
torch.Size([40, 2048])
torch.Size([40, 2048])
torch.Size([40, 2048])
torch.Size([20, 2048])
torch.Size([40, 2048])
torch.Size([40, 2048])
torch.Size([40, 2048])
torch.Size([40, 2048])
torch.Size([40, 2048])
torch.Size([40, 2048])
torch.Size([40, 2048])
torch.Size([40, 2048])
torch.Size([40, 2048])
torch.Size([40, 2048])
torch.Size([40, 2048])
torch.Size([40, 2048])
torch.Size([40, 2048])
torch.Size([40, 2048])
torch.Size([40, 2048])
torch.Size([40, 2048])
torch.Size([40, 2048])
torch.Size([40, 2048])
torch.Size([40, 2048])
torch.Size([40, 2048])
torch.Size([40, 2048])
torch.Size([40, 2048])
torch.Size([40, 2048])
torch.Size([40, 2048])
torch.Size([40, 2048])
torch.Size([40, 2048])
torch.Size([40, 2048])
torch.Size([20, 2048])
torch.Size([40, 2048])
torch.Size([40, 2048])
torch.Size([40, 2048])
torch.Size([40, 2048])
torch.Size([40, 2048])
torch.Size([40, 2048])
torch.Size([40, 2048])
torch.Size([40, 2048])
torch.Size([40, 2048])
torch.Size([40, 2048])
torch.Size([40, 2048])
torch.Size([40, 2048])
torch.Size([40, 2048])
torch.Size([40, 2048])
torch.Size([40, 2048])
torch.Size([40, 2048])
torch.Size([40, 2048])
torch.Size([40, 2048])
torch.Size([40, 2048])
torch.Size([40, 2048])
torch.Size([40, 2048])
torch.Size([40, 2048])
torch.Size([40, 2048])
torch.Size([40, 2048])
torch.Size([40, 2048])
torch.Size([40, 2048])
torch.Size([40, 2048])
torch.Size([20, 2048])
torch.Size([40, 2048])
torch.Size([40, 2048])
torch.Size([40, 2048])
torch.Size([40, 2048])
torch.Size([40, 2048])
torch.Size([40, 2048])
torch.Size([40, 2048])
torch.Size([40, 2048])
torch.Size([40, 2048])
torch.Size([40, 2048])
torch.Size([40, 2048])
torch.Size([40, 2048])
torch.Size([40, 2048])
torch.Size([40, 2048])
torch.Size([40, 2048])
torch.Size([40, 2048])
torch.Size([40, 2048])
torch.Size([40, 2048])
torch.Size([40, 2048])
torch.Size([40, 2048])
torch.Size([40, 2048])
torch.Size([40, 2048])
torch.Size([40, 2048])
torch.Size([40, 2048])
torch.Size([40, 2048])
torch.Size([40, 2048])
torch.Size([40, 2048])
torch.Size([20, 2048])
torch.Size([40, 2048])
torch.Size([40, 2048])
torch.Size([40, 2048])
torch.Size([40, 2048])
torch.Size([40, 2048])
torch.Size([40, 2048])
torch.Size([40, 2048])
torch.Size([40, 2048])
torch.Size([40, 2048])
torch.Size([40, 2048])
torch.Size([40, 2048])
torch.Size([40, 2048])
torch.Size([40, 2048])
torch.Size([40, 2048])
torch.Size([40, 2048])
torch.Size([40, 2048])
torch.Size([40, 2048])
torch.Size([40, 2048])
torch.Size([40, 2048])
torch.Size([40, 2048])
torch.Size([40, 2048])
torch.Size([40, 2048])
torch.Size([40, 2048])
torch.Size([40, 2048])
torch.Size([40, 2048])
torch.Size([40, 2048])
torch.Size([40, 2048])
torch.Size([20, 2048])
torch.Size([40, 2048])
torch.Size([40, 2048])
torch.Size([40, 2048])
torch.Size([40, 2048])
torch.Size([40, 2048])
torch.Size([40, 2048])
torch.Size([40, 2048])
torch.Size([40, 2048])
torch.Size([40, 2048])
torch.Size([40, 2048])
torch.Size([40, 2048])
torch.Size([40, 2048])
torch.Size([40, 2048])
torch.Size([40, 2048])
torch.Size([40, 2048])
torch.Size([40, 2048])
torch.Size([40, 2048])
torch.Size([40, 2048])
torch.Size([40, 2048])
torch.Size([40, 2048])
torch.Size([40, 2048])
torch.Size([40, 2048])
torch.Size([40, 2048])
torch.Size([40, 2048])
torch.Size([40, 2048])
torch.Size([40, 2048])
torch.Size([40, 2048])
torch.Size([20, 2048])
torch.Size([40, 2048])
torch.Size([40, 2048])
torch.Size([40, 2048])
torch.Size([40, 2048])
torch.Size([40, 2048])
torch.Size([40, 2048])
torch.Size([40, 2048])
torch.Size([40, 2048])
torch.Size([40, 2048])
torch.Size([40, 2048])
torch.Size([40, 2048])
torch.Size([40, 2048])
torch.Size([40, 2048])
torch.Size([40, 2048])
torch.Size([40, 2048])
torch.Size([40, 2048])
torch.Size([40, 2048])
torch.Size([40, 2048])
torch.Size([40, 2048])
torch.Size([40, 2048])
torch.Size([40, 2048])
torch.Size([40, 2048])
torch.Size([40, 2048])
torch.Size([40, 2048])
torch.Size([40, 2048])
torch.Size([40, 2048])
torch.Size([40, 2048])
torch.Size([20, 2048])
torch.Size([40, 2048])
torch.Size([40, 2048])
torch.Size([40, 2048])
torch.Size([40, 2048])
torch.Size([40, 2048])
torch.Size([40, 2048])
torch.Size([40, 2048])
torch.Size([40, 2048])
torch.Size([40, 2048])
torch.Size([40, 2048])
torch.Size([40, 2048])
torch.Size([40, 2048])
torch.Size([40, 2048])
torch.Size([40, 2048])
torch.Size([40, 2048])
torch.Size([40, 2048])
torch.Size([40, 2048])
torch.Size([40, 2048])
torch.Size([40, 2048])
torch.Size([40, 2048])
torch.Size([40, 2048])
torch.Size([40, 2048])
torch.Size([40, 2048])
torch.Size([40, 2048])
torch.Size([40, 2048])
torch.Size([40, 2048])
torch.Size([40, 2048])
torch.Size([20, 2048])
torch.Size([40, 2048])
torch.Size([40, 2048])
torch.Size([40, 2048])
torch.Size([40, 2048])
torch.Size([40, 2048])
torch.Size([40, 2048])
torch.Size([40, 2048])
torch.Size([40, 2048])
torch.Size([40, 2048])
torch.Size([40, 2048])
torch.Size([40, 2048])
torch.Size([40, 2048])
torch.Size([40, 2048])
torch.Size([40, 2048])
torch.Size([40, 2048])
torch.Size([40, 2048])
torch.Size([40, 2048])
torch.Size([40, 2048])
torch.Size([40, 2048])
torch.Size([40, 2048])
torch.Size([40, 2048])
torch.Size([40, 2048])
torch.Size([40, 2048])
torch.Size([40, 2048])
torch.Size([40, 2048])
torch.Size([40, 2048])
torch.Size([40, 2048])
torch.Size([20, 2048])
torch.Size([40, 2048])
torch.Size([40, 2048])
torch.Size([40, 2048])
torch.Size([40, 2048])
torch.Size([40, 2048])
torch.Size([40, 2048])
torch.Size([40, 2048])
torch.Size([40, 2048])
torch.Size([40, 2048])
torch.Size([40, 2048])
torch.Size([40, 2048])
torch.Size([40, 2048])
torch.Size([40, 2048])
torch.Size([40, 2048])
torch.Size([40, 2048])
torch.Size([40, 2048])
torch.Size([40, 2048])
torch.Size([40, 2048])
torch.Size([40, 2048])
torch.Size([40, 2048])
torch.Size([40, 2048])
torch.Size([40, 2048])
torch.Size([40, 2048])
torch.Size([40, 2048])
torch.Size([40, 2048])
torch.Size([40, 2048])
torch.Size([40, 2048])
torch.Size([20, 2048])
torch.Size([40, 2048])
torch.Size([40, 2048])
torch.Size([40, 2048])
torch.Size([40, 2048])
torch.Size([40, 2048])
torch.Size([40, 2048])
torch.Size([40, 2048])
torch.Size([40, 2048])
torch.Size([40, 2048])
torch.Size([40, 2048])
torch.Size([40, 2048])
torch.Size([40, 2048])
torch.Size([40, 2048])
torch.Size([40, 2048])
torch.Size([40, 2048])
torch.Size([40, 2048])
torch.Size([40, 2048])
torch.Size([40, 2048])
torch.Size([40, 2048])
torch.Size([40, 2048])
torch.Size([40, 2048])
torch.Size([40, 2048])
torch.Size([40, 2048])
torch.Size([40, 2048])
torch.Size([40, 2048])
torch.Size([40, 2048])
torch.Size([40, 2048])
torch.Size([20, 2048])
torch.Size([40, 2048])
torch.Size([40, 2048])
torch.Size([40, 2048])
torch.Size([40, 2048])
torch.Size([40, 2048])
torch.Size([40, 2048])
torch.Size([40, 2048])
torch.Size([40, 2048])
torch.Size([40, 2048])
torch.Size([40, 2048])
torch.Size([40, 2048])
torch.Size([40, 2048])
torch.Size([40, 2048])
torch.Size([40, 2048])
torch.Size([40, 2048])
torch.Size([40, 2048])
torch.Size([40, 2048])
torch.Size([40, 2048])
torch.Size([40, 2048])
torch.Size([40, 2048])
torch.Size([40, 2048])
torch.Size([40, 2048])
torch.Size([40, 2048])
torch.Size([40, 2048])
torch.Size([40, 2048])
torch.Size([40, 2048])
torch.Size([40, 2048])
torch.Size([20, 2048])
torch.Size([40, 2048])
torch.Size([40, 2048])
torch.Size([40, 2048])
torch.Size([40, 2048])
torch.Size([40, 2048])
torch.Size([40, 2048])
torch.Size([40, 2048])
torch.Size([40, 2048])
torch.Size([40, 2048])
torch.Size([40, 2048])
torch.Size([40, 2048])
torch.Size([40, 2048])
torch.Size([40, 2048])
torch.Size([40, 2048])
torch.Size([40, 2048])
torch.Size([40, 2048])
torch.Size([40, 2048])
torch.Size([40, 2048])
torch.Size([40, 2048])
torch.Size([40, 2048])
torch.Size([40, 2048])
torch.Size([40, 2048])
torch.Size([40, 2048])
torch.Size([40, 2048])
torch.Size([40, 2048])
torch.Size([40, 2048])
torch.Size([40, 2048])
torch.Size([20, 2048])
torch.Size([40, 2048])
torch.Size([40, 2048])
torch.Size([40, 2048])
torch.Size([40, 2048])
torch.Size([40, 2048])
torch.Size([40, 2048])
torch.Size([40, 2048])
torch.Size([40, 2048])
torch.Size([40, 2048])
torch.Size([40, 2048])
torch.Size([40, 2048])
torch.Size([40, 2048])
torch.Size([40, 2048])
torch.Size([40, 2048])
torch.Size([40, 2048])
torch.Size([40, 2048])
torch.Size([40, 2048])
torch.Size([40, 2048])
torch.Size([40, 2048])
torch.Size([40, 2048])
torch.Size([40, 2048])
torch.Size([40, 2048])
torch.Size([40, 2048])
torch.Size([40, 2048])
torch.Size([40, 2048])
torch.Size([40, 2048])
torch.Size([40, 2048])
torch.Size([20, 2048])
torch.Size([40, 2048])
torch.Size([40, 2048])
torch.Size([40, 2048])
torch.Size([40, 2048])
torch.Size([40, 2048])
torch.Size([40, 2048])
torch.Size([40, 2048])
torch.Size([40, 2048])
torch.Size([40, 2048])
torch.Size([40, 2048])
torch.Size([40, 2048])
torch.Size([40, 2048])
torch.Size([40, 2048])
torch.Size([40, 2048])
torch.Size([40, 2048])
torch.Size([40, 2048])
torch.Size([40, 2048])
torch.Size([40, 2048])
torch.Size([40, 2048])
torch.Size([40, 2048])
torch.Size([40, 2048])
torch.Size([40, 2048])
torch.Size([40, 2048])
torch.Size([40, 2048])
torch.Size([40, 2048])
torch.Size([40, 2048])
torch.Size([40, 2048])
torch.Size([20, 2048])
torch.Size([40, 2048])
torch.Size([40, 2048])
torch.Size([40, 2048])
torch.Size([40, 2048])
torch.Size([40, 2048])
torch.Size([40, 2048])
torch.Size([40, 2048])
torch.Size([40, 2048])
torch.Size([40, 2048])
torch.Size([40, 2048])
torch.Size([40, 2048])
torch.Size([40, 2048])
torch.Size([40, 2048])
torch.Size([40, 2048])
torch.Size([40, 2048])
torch.Size([40, 2048])
torch.Size([40, 2048])
torch.Size([40, 2048])
torch.Size([40, 2048])
torch.Size([40, 2048])
torch.Size([40, 2048])
torch.Size([40, 2048])
torch.Size([40, 2048])
torch.Size([40, 2048])
torch.Size([40, 2048])
torch.Size([40, 2048])
torch.Size([40, 2048])
torch.Size([20, 2048])
torch.Size([40, 2048])
torch.Size([40, 2048])
torch.Size([40, 2048])
torch.Size([40, 2048])
torch.Size([40, 2048])
torch.Size([40, 2048])
torch.Size([40, 2048])
torch.Size([40, 2048])
torch.Size([40, 2048])
torch.Size([40, 2048])
torch.Size([40, 2048])
torch.Size([40, 2048])
torch.Size([40, 2048])
torch.Size([40, 2048])
torch.Size([40, 2048])
torch.Size([40, 2048])
torch.Size([40, 2048])
torch.Size([40, 2048])
torch.Size([40, 2048])
torch.Size([40, 2048])
torch.Size([40, 2048])
torch.Size([40, 2048])
torch.Size([40, 2048])
torch.Size([40, 2048])
torch.Size([40, 2048])
torch.Size([40, 2048])
torch.Size([40, 2048])
torch.Size([20, 2048])
torch.Size([40, 2048])
torch.Size([40, 2048])
torch.Size([40, 2048])
torch.Size([40, 2048])
torch.Size([40, 2048])
torch.Size([40, 2048])
torch.Size([40, 2048])
torch.Size([40, 2048])
torch.Size([40, 2048])
torch.Size([40, 2048])
torch.Size([40, 2048])
torch.Size([40, 2048])
torch.Size([40, 2048])
torch.Size([40, 2048])
torch.Size([40, 2048])
torch.Size([40, 2048])
torch.Size([40, 2048])
torch.Size([40, 2048])
torch.Size([40, 2048])
torch.Size([40, 2048])
torch.Size([40, 2048])
torch.Size([40, 2048])
torch.Size([40, 2048])
torch.Size([40, 2048])
torch.Size([40, 2048])
torch.Size([40, 2048])
torch.Size([40, 2048])
torch.Size([20, 2048])
torch.Size([40, 2048])
torch.Size([40, 2048])
torch.Size([40, 2048])
torch.Size([40, 2048])
torch.Size([40, 2048])
torch.Size([40, 2048])
torch.Size([40, 2048])
torch.Size([40, 2048])
torch.Size([40, 2048])
torch.Size([40, 2048])
torch.Size([40, 2048])
torch.Size([40, 2048])
torch.Size([40, 2048])
torch.Size([40, 2048])
torch.Size([40, 2048])
torch.Size([40, 2048])
torch.Size([40, 2048])
torch.Size([40, 2048])
torch.Size([40, 2048])
torch.Size([40, 2048])
torch.Size([40, 2048])
torch.Size([40, 2048])
torch.Size([40, 2048])
torch.Size([40, 2048])
torch.Size([40, 2048])
torch.Size([40, 2048])
torch.Size([40, 2048])
torch.Size([20, 2048])
torch.Size([40, 2048])
torch.Size([40, 2048])
torch.Size([40, 2048])
torch.Size([40, 2048])
torch.Size([40, 2048])
torch.Size([40, 2048])
torch.Size([40, 2048])
torch.Size([40, 2048])
torch.Size([40, 2048])
torch.Size([40, 2048])
torch.Size([40, 2048])
torch.Size([40, 2048])
torch.Size([40, 2048])
torch.Size([40, 2048])
torch.Size([40, 2048])
torch.Size([40, 2048])
torch.Size([40, 2048])
torch.Size([40, 2048])
torch.Size([40, 2048])
torch.Size([40, 2048])
torch.Size([40, 2048])
torch.Size([40, 2048])
torch.Size([40, 2048])
torch.Size([40, 2048])
torch.Size([40, 2048])
torch.Size([40, 2048])
torch.Size([40, 2048])
torch.Size([20, 2048])
torch.Size([40, 2048])
torch.Size([40, 2048])
torch.Size([40, 2048])
torch.Size([40, 2048])
torch.Size([40, 2048])
torch.Size([40, 2048])
torch.Size([40, 2048])
torch.Size([40, 2048])
torch.Size([40, 2048])
torch.Size([40, 2048])
torch.Size([40, 2048])
torch.Size([40, 2048])
torch.Size([40, 2048])
torch.Size([40, 2048])
torch.Size([40, 2048])
torch.Size([40, 2048])
torch.Size([40, 2048])
torch.Size([40, 2048])
torch.Size([40, 2048])
torch.Size([40, 2048])
torch.Size([40, 2048])
torch.Size([40, 2048])
torch.Size([40, 2048])
torch.Size([40, 2048])
torch.Size([40, 2048])
torch.Size([40, 2048])
torch.Size([40, 2048])
torch.Size([20, 2048])
torch.Size([40, 2048])
torch.Size([40, 2048])
torch.Size([40, 2048])
torch.Size([40, 2048])
torch.Size([40, 2048])
torch.Size([40, 2048])
torch.Size([40, 2048])
torch.Size([40, 2048])
torch.Size([40, 2048])
torch.Size([40, 2048])
torch.Size([40, 2048])
torch.Size([40, 2048])
torch.Size([40, 2048])
torch.Size([40, 2048])
torch.Size([40, 2048])
torch.Size([40, 2048])
torch.Size([40, 2048])
torch.Size([40, 2048])
torch.Size([40, 2048])
torch.Size([40, 2048])
torch.Size([40, 2048])
torch.Size([40, 2048])
torch.Size([40, 2048])
torch.Size([40, 2048])
torch.Size([40, 2048])
torch.Size([40, 2048])
torch.Size([40, 2048])
torch.Size([20, 2048])
torch.Size([40, 2048])
torch.Size([40, 2048])
torch.Size([40, 2048])
torch.Size([40, 2048])
torch.Size([40, 2048])
torch.Size([40, 2048])
torch.Size([40, 2048])
torch.Size([40, 2048])
torch.Size([40, 2048])
torch.Size([40, 2048])
torch.Size([40, 2048])
torch.Size([40, 2048])
torch.Size([40, 2048])
torch.Size([40, 2048])
torch.Size([40, 2048])
torch.Size([40, 2048])
torch.Size([40, 2048])
torch.Size([40, 2048])
torch.Size([40, 2048])
torch.Size([40, 2048])
torch.Size([40, 2048])
torch.Size([40, 2048])
torch.Size([40, 2048])
torch.Size([40, 2048])
torch.Size([40, 2048])
torch.Size([40, 2048])
torch.Size([40, 2048])
torch.Size([20, 2048])
torch.Size([40, 2048])
torch.Size([40, 2048])
torch.Size([40, 2048])
torch.Size([40, 2048])
torch.Size([40, 2048])
torch.Size([40, 2048])
torch.Size([40, 2048])
torch.Size([40, 2048])
torch.Size([40, 2048])
torch.Size([40, 2048])
torch.Size([40, 2048])
torch.Size([40, 2048])
torch.Size([40, 2048])
torch.Size([40, 2048])
torch.Size([40, 2048])
torch.Size([40, 2048])
torch.Size([40, 2048])
torch.Size([40, 2048])
torch.Size([40, 2048])
torch.Size([40, 2048])
torch.Size([40, 2048])
torch.Size([40, 2048])
torch.Size([40, 2048])
torch.Size([40, 2048])
torch.Size([40, 2048])
torch.Size([40, 2048])
torch.Size([40, 2048])
torch.Size([20, 2048])
torch.Size([40, 2048])
torch.Size([40, 2048])
torch.Size([40, 2048])
torch.Size([40, 2048])
torch.Size([40, 2048])
torch.Size([40, 2048])
torch.Size([40, 2048])
torch.Size([40, 2048])
torch.Size([40, 2048])
torch.Size([40, 2048])
torch.Size([40, 2048])
torch.Size([40, 2048])
torch.Size([40, 2048])
torch.Size([40, 2048])
torch.Size([40, 2048])
torch.Size([40, 2048])
torch.Size([40, 2048])
torch.Size([40, 2048])
torch.Size([40, 2048])
torch.Size([40, 2048])
torch.Size([40, 2048])
torch.Size([40, 2048])
torch.Size([40, 2048])
torch.Size([40, 2048])
torch.Size([40, 2048])
torch.Size([40, 2048])
torch.Size([40, 2048])
torch.Size([20, 2048])
torch.Size([40, 2048])
torch.Size([40, 2048])
torch.Size([40, 2048])
torch.Size([40, 2048])
torch.Size([40, 2048])
torch.Size([40, 2048])
torch.Size([40, 2048])
torch.Size([40, 2048])
torch.Size([40, 2048])
torch.Size([40, 2048])
torch.Size([40, 2048])
torch.Size([40, 2048])
torch.Size([40, 2048])
torch.Size([40, 2048])
torch.Size([40, 2048])
torch.Size([40, 2048])
torch.Size([40, 2048])
torch.Size([40, 2048])
torch.Size([40, 2048])
torch.Size([40, 2048])
torch.Size([40, 2048])
torch.Size([40, 2048])
torch.Size([40, 2048])
torch.Size([40, 2048])
torch.Size([40, 2048])
torch.Size([40, 2048])
torch.Size([40, 2048])
torch.Size([20, 2048])
torch.Size([40, 2048])
torch.Size([40, 2048])
torch.Size([40, 2048])
torch.Size([40, 2048])
torch.Size([40, 2048])
torch.Size([40, 2048])
torch.Size([40, 2048])
torch.Size([40, 2048])
torch.Size([40, 2048])
torch.Size([40, 2048])
torch.Size([40, 2048])
torch.Size([40, 2048])
torch.Size([40, 2048])
torch.Size([40, 2048])
torch.Size([40, 2048])
torch.Size([40, 2048])
torch.Size([40, 2048])
torch.Size([40, 2048])
torch.Size([40, 2048])
torch.Size([40, 2048])
torch.Size([40, 2048])
torch.Size([40, 2048])
torch.Size([40, 2048])
torch.Size([40, 2048])
torch.Size([40, 2048])
torch.Size([40, 2048])
torch.Size([40, 2048])
torch.Size([20, 2048])
torch.Size([40, 2048])
torch.Size([40, 2048])
torch.Size([40, 2048])
torch.Size([40, 2048])
torch.Size([40, 2048])
torch.Size([40, 2048])
torch.Size([40, 2048])
torch.Size([40, 2048])
torch.Size([40, 2048])
torch.Size([40, 2048])
torch.Size([40, 2048])
torch.Size([40, 2048])
torch.Size([40, 2048])
torch.Size([40, 2048])
torch.Size([40, 2048])
torch.Size([40, 2048])
torch.Size([40, 2048])
torch.Size([40, 2048])
torch.Size([40, 2048])
torch.Size([40, 2048])
torch.Size([40, 2048])
torch.Size([40, 2048])
torch.Size([40, 2048])
torch.Size([40, 2048])
torch.Size([40, 2048])
torch.Size([40, 2048])
torch.Size([40, 2048])
torch.Size([20, 2048])
torch.Size([40, 2048])
torch.Size([40, 2048])
torch.Size([40, 2048])
torch.Size([40, 2048])
torch.Size([40, 2048])
torch.Size([40, 2048])
torch.Size([40, 2048])
torch.Size([40, 2048])
torch.Size([40, 2048])
torch.Size([40, 2048])
torch.Size([40, 2048])
torch.Size([40, 2048])
torch.Size([40, 2048])
torch.Size([40, 2048])
torch.Size([40, 2048])
torch.Size([40, 2048])
torch.Size([40, 2048])
torch.Size([40, 2048])
torch.Size([40, 2048])
torch.Size([40, 2048])
torch.Size([40, 2048])
torch.Size([40, 2048])
torch.Size([40, 2048])
torch.Size([40, 2048])
torch.Size([40, 2048])
torch.Size([40, 2048])
torch.Size([40, 2048])
torch.Size([20, 2048])
torch.Size([40, 2048])
torch.Size([40, 2048])
torch.Size([40, 2048])
torch.Size([40, 2048])
torch.Size([40, 2048])
torch.Size([40, 2048])
torch.Size([40, 2048])
torch.Size([40, 2048])
torch.Size([40, 2048])
torch.Size([40, 2048])
torch.Size([40, 2048])
torch.Size([40, 2048])
torch.Size([40, 2048])
torch.Size([40, 2048])
torch.Size([40, 2048])
torch.Size([40, 2048])
torch.Size([40, 2048])
torch.Size([40, 2048])
torch.Size([40, 2048])
torch.Size([40, 2048])
torch.Size([40, 2048])
torch.Size([40, 2048])
torch.Size([40, 2048])
torch.Size([40, 2048])
torch.Size([40, 2048])
torch.Size([40, 2048])
torch.Size([40, 2048])
torch.Size([20, 2048])
torch.Size([40, 2048])
torch.Size([40, 2048])
torch.Size([40, 2048])
torch.Size([40, 2048])
torch.Size([40, 2048])
torch.Size([40, 2048])
torch.Size([40, 2048])
torch.Size([40, 2048])
torch.Size([40, 2048])
torch.Size([40, 2048])
torch.Size([40, 2048])
torch.Size([40, 2048])
torch.Size([40, 2048])
torch.Size([40, 2048])
torch.Size([40, 2048])
torch.Size([40, 2048])
torch.Size([40, 2048])
torch.Size([40, 2048])
torch.Size([40, 2048])
torch.Size([40, 2048])
torch.Size([40, 2048])
torch.Size([40, 2048])
torch.Size([40, 2048])
torch.Size([40, 2048])
torch.Size([40, 2048])
torch.Size([40, 2048])
torch.Size([40, 2048])
torch.Size([20, 2048])
torch.Size([40, 2048])
torch.Size([40, 2048])
torch.Size([40, 2048])
torch.Size([40, 2048])
torch.Size([40, 2048])
torch.Size([40, 2048])
torch.Size([40, 2048])
torch.Size([40, 2048])
torch.Size([40, 2048])
torch.Size([40, 2048])
torch.Size([40, 2048])
torch.Size([40, 2048])
torch.Size([40, 2048])
torch.Size([40, 2048])
torch.Size([40, 2048])
torch.Size([40, 2048])
torch.Size([40, 2048])
torch.Size([40, 2048])
torch.Size([40, 2048])
torch.Size([40, 2048])
torch.Size([40, 2048])
torch.Size([40, 2048])
torch.Size([40, 2048])
torch.Size([40, 2048])
torch.Size([40, 2048])
torch.Size([40, 2048])
torch.Size([40, 2048])
torch.Size([20, 2048])
torch.Size([40, 2048])
torch.Size([40, 2048])
torch.Size([40, 2048])
torch.Size([40, 2048])
torch.Size([40, 2048])
torch.Size([40, 2048])
torch.Size([40, 2048])
torch.Size([40, 2048])
torch.Size([40, 2048])
torch.Size([40, 2048])
torch.Size([40, 2048])
torch.Size([40, 2048])
torch.Size([40, 2048])
torch.Size([40, 2048])
torch.Size([40, 2048])
torch.Size([40, 2048])
torch.Size([40, 2048])
torch.Size([40, 2048])
torch.Size([40, 2048])
torch.Size([40, 2048])
torch.Size([40, 2048])
torch.Size([40, 2048])
torch.Size([40, 2048])
torch.Size([40, 2048])
torch.Size([40, 2048])
torch.Size([40, 2048])
torch.Size([40, 2048])
torch.Size([20, 2048])
torch.Size([40, 2048])
torch.Size([40, 2048])
torch.Size([40, 2048])
torch.Size([40, 2048])
torch.Size([40, 2048])
torch.Size([40, 2048])
torch.Size([40, 2048])
torch.Size([40, 2048])
torch.Size([40, 2048])
torch.Size([40, 2048])
torch.Size([40, 2048])
torch.Size([40, 2048])
torch.Size([40, 2048])
torch.Size([40, 2048])
torch.Size([40, 2048])
torch.Size([40, 2048])
torch.Size([40, 2048])
torch.Size([40, 2048])
torch.Size([40, 2048])
torch.Size([40, 2048])
torch.Size([40, 2048])
torch.Size([40, 2048])
torch.Size([40, 2048])
torch.Size([40, 2048])
torch.Size([40, 2048])
torch.Size([40, 2048])
torch.Size([40, 2048])
torch.Size([20, 2048])
torch.Size([40, 2048])
torch.Size([40, 2048])
torch.Size([40, 2048])
torch.Size([40, 2048])
torch.Size([40, 2048])
torch.Size([40, 2048])
torch.Size([40, 2048])
torch.Size([40, 2048])
torch.Size([40, 2048])
torch.Size([40, 2048])
torch.Size([40, 2048])
torch.Size([40, 2048])
torch.Size([40, 2048])
torch.Size([40, 2048])
torch.Size([40, 2048])
torch.Size([40, 2048])
torch.Size([40, 2048])
torch.Size([40, 2048])
torch.Size([40, 2048])
torch.Size([40, 2048])
torch.Size([40, 2048])
torch.Size([40, 2048])
torch.Size([40, 2048])
torch.Size([40, 2048])
torch.Size([40, 2048])
torch.Size([40, 2048])
torch.Size([40, 2048])
torch.Size([20, 2048])
torch.Size([40, 2048])
torch.Size([40, 2048])
torch.Size([40, 2048])
torch.Size([40, 2048])
torch.Size([40, 2048])
torch.Size([40, 2048])
torch.Size([40, 2048])
torch.Size([40, 2048])
torch.Size([40, 2048])
torch.Size([40, 2048])
torch.Size([40, 2048])
torch.Size([40, 2048])
torch.Size([40, 2048])
torch.Size([40, 2048])
torch.Size([40, 2048])
torch.Size([40, 2048])
torch.Size([40, 2048])
torch.Size([40, 2048])
torch.Size([40, 2048])
torch.Size([40, 2048])
torch.Size([40, 2048])
torch.Size([40, 2048])
torch.Size([40, 2048])
torch.Size([40, 2048])
torch.Size([40, 2048])
torch.Size([40, 2048])
torch.Size([40, 2048])
torch.Size([20, 2048])
torch.Size([40, 2048])
torch.Size([40, 2048])
torch.Size([40, 2048])
torch.Size([40, 2048])
torch.Size([40, 2048])
torch.Size([40, 2048])
torch.Size([40, 2048])
torch.Size([40, 2048])
torch.Size([40, 2048])
torch.Size([40, 2048])
torch.Size([40, 2048])
torch.Size([40, 2048])
torch.Size([40, 2048])
torch.Size([40, 2048])
torch.Size([40, 2048])
torch.Size([40, 2048])
torch.Size([40, 2048])
torch.Size([40, 2048])
torch.Size([40, 2048])
torch.Size([40, 2048])
torch.Size([40, 2048])
torch.Size([40, 2048])
torch.Size([40, 2048])
torch.Size([40, 2048])
torch.Size([40, 2048])
torch.Size([40, 2048])
torch.Size([40, 2048])
torch.Size([20, 2048])
torch.Size([40, 2048])
torch.Size([40, 2048])
torch.Size([40, 2048])
torch.Size([40, 2048])
torch.Size([40, 2048])
torch.Size([40, 2048])
torch.Size([40, 2048])
torch.Size([40, 2048])
torch.Size([40, 2048])
torch.Size([40, 2048])
torch.Size([40, 2048])
torch.Size([40, 2048])
torch.Size([40, 2048])
torch.Size([40, 2048])
torch.Size([40, 2048])
torch.Size([40, 2048])
torch.Size([40, 2048])
torch.Size([40, 2048])
torch.Size([40, 2048])
torch.Size([40, 2048])
torch.Size([40, 2048])
torch.Size([40, 2048])
torch.Size([40, 2048])
torch.Size([40, 2048])
torch.Size([40, 2048])
torch.Size([40, 2048])
torch.Size([40, 2048])
torch.Size([20, 2048])
torch.Size([40, 2048])
torch.Size([40, 2048])
torch.Size([40, 2048])
torch.Size([40, 2048])
torch.Size([40, 2048])
torch.Size([40, 2048])
torch.Size([40, 2048])
torch.Size([40, 2048])
torch.Size([40, 2048])
torch.Size([40, 2048])
torch.Size([40, 2048])
torch.Size([40, 2048])
torch.Size([40, 2048])
torch.Size([40, 2048])
torch.Size([40, 2048])
torch.Size([40, 2048])
torch.Size([40, 2048])
torch.Size([40, 2048])
torch.Size([40, 2048])
torch.Size([40, 2048])
torch.Size([40, 2048])
torch.Size([40, 2048])
torch.Size([40, 2048])
torch.Size([40, 2048])
torch.Size([40, 2048])
torch.Size([40, 2048])
torch.Size([40, 2048])
torch.Size([20, 2048])
torch.Size([40, 2048])
torch.Size([40, 2048])
torch.Size([40, 2048])
torch.Size([40, 2048])
torch.Size([40, 2048])
torch.Size([40, 2048])
torch.Size([40, 2048])
torch.Size([40, 2048])
torch.Size([40, 2048])
torch.Size([40, 2048])
torch.Size([40, 2048])
torch.Size([40, 2048])
torch.Size([40, 2048])
torch.Size([40, 2048])
torch.Size([40, 2048])
torch.Size([40, 2048])
torch.Size([40, 2048])
torch.Size([40, 2048])
torch.Size([40, 2048])
torch.Size([40, 2048])
torch.Size([40, 2048])
torch.Size([40, 2048])
torch.Size([40, 2048])
torch.Size([40, 2048])
torch.Size([40, 2048])
torch.Size([40, 2048])
torch.Size([40, 2048])
torch.Size([20, 2048])
torch.Size([40, 2048])
torch.Size([40, 2048])
torch.Size([40, 2048])
torch.Size([40, 2048])
torch.Size([40, 2048])
torch.Size([40, 2048])
torch.Size([40, 2048])
torch.Size([40, 2048])
torch.Size([40, 2048])
torch.Size([40, 2048])
torch.Size([40, 2048])
torch.Size([40, 2048])
torch.Size([40, 2048])
torch.Size([40, 2048])
torch.Size([40, 2048])
torch.Size([40, 2048])
torch.Size([40, 2048])
torch.Size([40, 2048])
torch.Size([40, 2048])
torch.Size([40, 2048])
torch.Size([40, 2048])
torch.Size([40, 2048])
torch.Size([40, 2048])
torch.Size([40, 2048])
torch.Size([40, 2048])
torch.Size([40, 2048])
torch.Size([40, 2048])
torch.Size([20, 2048])
torch.Size([40, 2048])
torch.Size([40, 2048])
torch.Size([40, 2048])
torch.Size([40, 2048])
torch.Size([40, 2048])
torch.Size([40, 2048])
torch.Size([40, 2048])
torch.Size([40, 2048])
torch.Size([40, 2048])
torch.Size([40, 2048])
torch.Size([40, 2048])
torch.Size([40, 2048])
torch.Size([40, 2048])
torch.Size([40, 2048])
torch.Size([40, 2048])
torch.Size([40, 2048])
torch.Size([40, 2048])
torch.Size([40, 2048])
torch.Size([40, 2048])
torch.Size([40, 2048])
torch.Size([40, 2048])
torch.Size([40, 2048])
torch.Size([40, 2048])
torch.Size([40, 2048])
torch.Size([40, 2048])
torch.Size([40, 2048])
torch.Size([40, 2048])
torch.Size([20, 2048])
torch.Size([40, 2048])
torch.Size([40, 2048])
torch.Size([40, 2048])
torch.Size([40, 2048])
torch.Size([40, 2048])
torch.Size([40, 2048])
torch.Size([40, 2048])
torch.Size([40, 2048])
torch.Size([40, 2048])
torch.Size([40, 2048])
torch.Size([40, 2048])
torch.Size([40, 2048])
torch.Size([40, 2048])
torch.Size([40, 2048])
torch.Size([40, 2048])
torch.Size([40, 2048])
torch.Size([40, 2048])
torch.Size([40, 2048])
torch.Size([40, 2048])
torch.Size([40, 2048])
torch.Size([40, 2048])
torch.Size([40, 2048])
torch.Size([40, 2048])
torch.Size([40, 2048])
torch.Size([40, 2048])
torch.Size([40, 2048])
torch.Size([40, 2048])
torch.Size([20, 2048])
torch.Size([40, 2048])
torch.Size([40, 2048])
torch.Size([40, 2048])
torch.Size([40, 2048])
torch.Size([40, 2048])
torch.Size([40, 2048])
torch.Size([40, 2048])
torch.Size([40, 2048])
torch.Size([40, 2048])
torch.Size([40, 2048])
torch.Size([40, 2048])
torch.Size([40, 2048])
torch.Size([40, 2048])
torch.Size([40, 2048])
torch.Size([40, 2048])
torch.Size([40, 2048])
torch.Size([40, 2048])
torch.Size([40, 2048])
torch.Size([40, 2048])
torch.Size([40, 2048])
torch.Size([40, 2048])
torch.Size([40, 2048])
torch.Size([40, 2048])
torch.Size([40, 2048])
torch.Size([40, 2048])
torch.Size([40, 2048])
torch.Size([40, 2048])
torch.Size([20, 2048])
torch.Size([40, 2048])
torch.Size([40, 2048])
torch.Size([40, 2048])
torch.Size([40, 2048])
torch.Size([40, 2048])
torch.Size([40, 2048])
torch.Size([40, 2048])
torch.Size([40, 2048])
torch.Size([40, 2048])
torch.Size([40, 2048])
torch.Size([40, 2048])
torch.Size([40, 2048])
torch.Size([40, 2048])
torch.Size([40, 2048])
torch.Size([40, 2048])
torch.Size([40, 2048])
torch.Size([40, 2048])
torch.Size([40, 2048])
torch.Size([40, 2048])
torch.Size([40, 2048])
torch.Size([40, 2048])
torch.Size([40, 2048])
torch.Size([40, 2048])
torch.Size([40, 2048])
torch.Size([40, 2048])
torch.Size([40, 2048])
torch.Size([40, 2048])
torch.Size([20, 2048])
torch.Size([40, 2048])
torch.Size([40, 2048])
torch.Size([40, 2048])
torch.Size([40, 2048])
torch.Size([40, 2048])
torch.Size([40, 2048])
torch.Size([40, 2048])
torch.Size([40, 2048])
torch.Size([40, 2048])
torch.Size([40, 2048])
torch.Size([40, 2048])
torch.Size([40, 2048])
torch.Size([40, 2048])
torch.Size([40, 2048])
torch.Size([40, 2048])
torch.Size([40, 2048])
torch.Size([40, 2048])
torch.Size([40, 2048])
torch.Size([40, 2048])
torch.Size([40, 2048])
torch.Size([40, 2048])
torch.Size([40, 2048])
torch.Size([40, 2048])
torch.Size([40, 2048])
torch.Size([40, 2048])
torch.Size([40, 2048])
torch.Size([40, 2048])
torch.Size([20, 2048])
torch.Size([40, 2048])
torch.Size([40, 2048])
torch.Size([40, 2048])
torch.Size([40, 2048])
torch.Size([40, 2048])
torch.Size([40, 2048])
torch.Size([40, 2048])
torch.Size([40, 2048])
torch.Size([40, 2048])
torch.Size([40, 2048])
torch.Size([40, 2048])
torch.Size([40, 2048])
torch.Size([40, 2048])
torch.Size([40, 2048])
torch.Size([40, 2048])
torch.Size([40, 2048])
torch.Size([40, 2048])
torch.Size([40, 2048])
torch.Size([40, 2048])
torch.Size([40, 2048])
torch.Size([40, 2048])
torch.Size([40, 2048])
torch.Size([40, 2048])
torch.Size([40, 2048])
torch.Size([40, 2048])
torch.Size([40, 2048])
torch.Size([40, 2048])
torch.Size([20, 2048])
torch.Size([40, 2048])
torch.Size([40, 2048])
torch.Size([40, 2048])
torch.Size([40, 2048])
torch.Size([40, 2048])
torch.Size([40, 2048])
torch.Size([40, 2048])
torch.Size([40, 2048])
torch.Size([40, 2048])
torch.Size([40, 2048])
torch.Size([40, 2048])
torch.Size([40, 2048])
torch.Size([40, 2048])
torch.Size([40, 2048])
torch.Size([40, 2048])
torch.Size([40, 2048])
torch.Size([40, 2048])
torch.Size([40, 2048])
torch.Size([40, 2048])
torch.Size([40, 2048])
torch.Size([40, 2048])
torch.Size([40, 2048])
torch.Size([40, 2048])
torch.Size([40, 2048])
torch.Size([40, 2048])
torch.Size([40, 2048])
torch.Size([40, 2048])
torch.Size([20, 2048])
torch.Size([40, 2048])
torch.Size([40, 2048])
torch.Size([40, 2048])
torch.Size([40, 2048])
torch.Size([40, 2048])
torch.Size([40, 2048])
torch.Size([40, 2048])
torch.Size([40, 2048])
torch.Size([40, 2048])
torch.Size([40, 2048])
torch.Size([40, 2048])
torch.Size([40, 2048])
torch.Size([40, 2048])
torch.Size([40, 2048])
torch.Size([40, 2048])
torch.Size([40, 2048])
torch.Size([40, 2048])
torch.Size([40, 2048])
torch.Size([40, 2048])
torch.Size([40, 2048])
torch.Size([40, 2048])
torch.Size([40, 2048])
torch.Size([40, 2048])
torch.Size([40, 2048])
torch.Size([40, 2048])
torch.Size([40, 2048])
torch.Size([40, 2048])
torch.Size([20, 2048])
torch.Size([40, 2048])
torch.Size([40, 2048])
torch.Size([40, 2048])
torch.Size([40, 2048])
torch.Size([40, 2048])
torch.Size([40, 2048])
torch.Size([40, 2048])
torch.Size([40, 2048])
torch.Size([40, 2048])
torch.Size([40, 2048])
torch.Size([40, 2048])
torch.Size([40, 2048])
torch.Size([40, 2048])
torch.Size([40, 2048])
torch.Size([40, 2048])
torch.Size([40, 2048])
torch.Size([40, 2048])
torch.Size([40, 2048])
torch.Size([40, 2048])
torch.Size([40, 2048])
torch.Size([40, 2048])
torch.Size([40, 2048])
torch.Size([40, 2048])
torch.Size([40, 2048])
torch.Size([40, 2048])
torch.Size([40, 2048])
torch.Size([40, 2048])
torch.Size([20, 2048])
torch.Size([40, 2048])
torch.Size([40, 2048])
torch.Size([40, 2048])
torch.Size([40, 2048])
torch.Size([40, 2048])
torch.Size([40, 2048])
torch.Size([40, 2048])
torch.Size([40, 2048])
torch.Size([40, 2048])
torch.Size([40, 2048])
torch.Size([40, 2048])
torch.Size([40, 2048])
torch.Size([40, 2048])
torch.Size([40, 2048])
torch.Size([40, 2048])
torch.Size([40, 2048])
torch.Size([40, 2048])
torch.Size([40, 2048])
torch.Size([40, 2048])
torch.Size([40, 2048])
torch.Size([40, 2048])
torch.Size([40, 2048])
torch.Size([40, 2048])
torch.Size([40, 2048])
torch.Size([40, 2048])
torch.Size([40, 2048])
torch.Size([40, 2048])
torch.Size([20, 2048])
torch.Size([40, 2048])
torch.Size([40, 2048])
torch.Size([40, 2048])
torch.Size([40, 2048])
torch.Size([40, 2048])
torch.Size([40, 2048])
torch.Size([40, 2048])
torch.Size([40, 2048])
torch.Size([40, 2048])
torch.Size([40, 2048])
torch.Size([40, 2048])
torch.Size([40, 2048])
torch.Size([40, 2048])
torch.Size([40, 2048])
torch.Size([40, 2048])
torch.Size([40, 2048])
torch.Size([40, 2048])
torch.Size([40, 2048])
torch.Size([40, 2048])
torch.Size([40, 2048])
torch.Size([40, 2048])
torch.Size([40, 2048])
torch.Size([40, 2048])
torch.Size([40, 2048])
torch.Size([40, 2048])
torch.Size([40, 2048])
torch.Size([40, 2048])
torch.Size([20, 2048])
torch.Size([40, 2048])
torch.Size([40, 2048])
torch.Size([40, 2048])
torch.Size([40, 2048])
torch.Size([40, 2048])
torch.Size([40, 2048])
torch.Size([40, 2048])
torch.Size([40, 2048])
torch.Size([40, 2048])
torch.Size([40, 2048])
torch.Size([40, 2048])
torch.Size([40, 2048])
torch.Size([40, 2048])
torch.Size([40, 2048])
torch.Size([40, 2048])
torch.Size([40, 2048])
torch.Size([40, 2048])
torch.Size([40, 2048])
torch.Size([40, 2048])
torch.Size([40, 2048])
torch.Size([40, 2048])
torch.Size([40, 2048])
torch.Size([40, 2048])
torch.Size([40, 2048])
torch.Size([40, 2048])
torch.Size([40, 2048])
torch.Size([40, 2048])
torch.Size([20, 2048])
torch.Size([40, 2048])
torch.Size([40, 2048])
torch.Size([40, 2048])
torch.Size([40, 2048])
torch.Size([40, 2048])
torch.Size([40, 2048])
torch.Size([40, 2048])
torch.Size([40, 2048])
torch.Size([40, 2048])
torch.Size([40, 2048])
torch.Size([40, 2048])
torch.Size([40, 2048])
torch.Size([40, 2048])
torch.Size([40, 2048])
torch.Size([40, 2048])
torch.Size([40, 2048])
torch.Size([40, 2048])
torch.Size([40, 2048])
torch.Size([40, 2048])
torch.Size([40, 2048])
torch.Size([40, 2048])
torch.Size([40, 2048])
torch.Size([40, 2048])
torch.Size([40, 2048])
torch.Size([40, 2048])
torch.Size([40, 2048])
torch.Size([40, 2048])
torch.Size([20, 2048])
torch.Size([40, 2048])
torch.Size([40, 2048])
torch.Size([40, 2048])
torch.Size([40, 2048])
torch.Size([40, 2048])
torch.Size([40, 2048])
torch.Size([40, 2048])
torch.Size([40, 2048])
torch.Size([40, 2048])
torch.Size([40, 2048])
torch.Size([40, 2048])
torch.Size([40, 2048])
torch.Size([40, 2048])
torch.Size([40, 2048])
torch.Size([40, 2048])
torch.Size([40, 2048])
torch.Size([40, 2048])
torch.Size([40, 2048])
torch.Size([40, 2048])
torch.Size([40, 2048])
torch.Size([40, 2048])
torch.Size([40, 2048])
torch.Size([40, 2048])
torch.Size([40, 2048])
torch.Size([40, 2048])
torch.Size([40, 2048])
torch.Size([40, 2048])
torch.Size([20, 2048])
torch.Size([40, 2048])
torch.Size([40, 2048])
torch.Size([40, 2048])
torch.Size([40, 2048])
torch.Size([40, 2048])
torch.Size([40, 2048])
torch.Size([40, 2048])
torch.Size([40, 2048])
torch.Size([40, 2048])
torch.Size([40, 2048])
torch.Size([40, 2048])
torch.Size([40, 2048])
torch.Size([40, 2048])
torch.Size([40, 2048])
torch.Size([40, 2048])
torch.Size([40, 2048])
torch.Size([40, 2048])
torch.Size([40, 2048])
torch.Size([40, 2048])
torch.Size([40, 2048])
torch.Size([40, 2048])
torch.Size([40, 2048])
torch.Size([40, 2048])
torch.Size([40, 2048])
torch.Size([40, 2048])
torch.Size([40, 2048])
torch.Size([40, 2048])
torch.Size([20, 2048])
torch.Size([40, 2048])
torch.Size([40, 2048])
torch.Size([40, 2048])
torch.Size([40, 2048])
torch.Size([40, 2048])
torch.Size([40, 2048])
torch.Size([40, 2048])
torch.Size([40, 2048])
torch.Size([40, 2048])
torch.Size([40, 2048])
torch.Size([40, 2048])
torch.Size([40, 2048])
torch.Size([40, 2048])
torch.Size([40, 2048])
torch.Size([40, 2048])
torch.Size([40, 2048])
torch.Size([40, 2048])
torch.Size([40, 2048])
torch.Size([40, 2048])
torch.Size([40, 2048])
torch.Size([40, 2048])
torch.Size([40, 2048])
torch.Size([40, 2048])
torch.Size([40, 2048])
torch.Size([40, 2048])
torch.Size([40, 2048])
torch.Size([40, 2048])
torch.Size([20, 2048])
torch.Size([40, 2048])
torch.Size([40, 2048])
torch.Size([40, 2048])
torch.Size([40, 2048])
torch.Size([40, 2048])
torch.Size([40, 2048])
torch.Size([40, 2048])
torch.Size([40, 2048])
torch.Size([40, 2048])
torch.Size([40, 2048])
torch.Size([40, 2048])
torch.Size([40, 2048])
torch.Size([40, 2048])
torch.Size([40, 2048])
torch.Size([40, 2048])
torch.Size([40, 2048])
torch.Size([40, 2048])
torch.Size([40, 2048])
torch.Size([40, 2048])
torch.Size([40, 2048])
torch.Size([40, 2048])
torch.Size([40, 2048])
torch.Size([40, 2048])
torch.Size([40, 2048])
torch.Size([40, 2048])
torch.Size([40, 2048])
torch.Size([40, 2048])
torch.Size([20, 2048])
torch.Size([40, 2048])
torch.Size([40, 2048])
torch.Size([40, 2048])
torch.Size([40, 2048])
torch.Size([40, 2048])
torch.Size([40, 2048])
torch.Size([40, 2048])
torch.Size([40, 2048])
torch.Size([40, 2048])
torch.Size([40, 2048])
torch.Size([40, 2048])
torch.Size([40, 2048])
torch.Size([40, 2048])
torch.Size([40, 2048])
torch.Size([40, 2048])
torch.Size([40, 2048])
torch.Size([40, 2048])
torch.Size([40, 2048])
torch.Size([40, 2048])
torch.Size([40, 2048])
torch.Size([40, 2048])
torch.Size([40, 2048])
torch.Size([40, 2048])
torch.Size([40, 2048])
torch.Size([40, 2048])
torch.Size([40, 2048])
torch.Size([40, 2048])
torch.Size([20, 2048])
torch.Size([40, 2048])
torch.Size([40, 2048])
torch.Size([40, 2048])
torch.Size([40, 2048])
torch.Size([40, 2048])
torch.Size([40, 2048])
torch.Size([40, 2048])
torch.Size([40, 2048])
torch.Size([40, 2048])
torch.Size([40, 2048])
torch.Size([40, 2048])
torch.Size([40, 2048])
torch.Size([40, 2048])
torch.Size([40, 2048])
torch.Size([40, 2048])
torch.Size([40, 2048])
torch.Size([40, 2048])
torch.Size([40, 2048])
torch.Size([40, 2048])
torch.Size([40, 2048])
torch.Size([40, 2048])
torch.Size([40, 2048])
torch.Size([40, 2048])
torch.Size([40, 2048])
torch.Size([40, 2048])
torch.Size([40, 2048])
torch.Size([40, 2048])
torch.Size([20, 2048])
torch.Size([40, 2048])
torch.Size([40, 2048])
torch.Size([40, 2048])
torch.Size([40, 2048])
torch.Size([40, 2048])
torch.Size([40, 2048])
torch.Size([40, 2048])
torch.Size([40, 2048])
torch.Size([40, 2048])
torch.Size([40, 2048])
torch.Size([40, 2048])
torch.Size([40, 2048])
torch.Size([40, 2048])
torch.Size([40, 2048])
torch.Size([40, 2048])
torch.Size([40, 2048])
torch.Size([40, 2048])
torch.Size([40, 2048])
torch.Size([40, 2048])
torch.Size([40, 2048])
torch.Size([40, 2048])
torch.Size([40, 2048])
torch.Size([40, 2048])
torch.Size([40, 2048])
torch.Size([40, 2048])
torch.Size([40, 2048])
torch.Size([40, 2048])
torch.Size([20, 2048])
torch.Size([40, 2048])
torch.Size([40, 2048])
torch.Size([40, 2048])
torch.Size([40, 2048])
torch.Size([40, 2048])
torch.Size([40, 2048])
torch.Size([40, 2048])
torch.Size([40, 2048])
torch.Size([40, 2048])
torch.Size([40, 2048])
torch.Size([40, 2048])
torch.Size([40, 2048])
torch.Size([40, 2048])
torch.Size([40, 2048])
torch.Size([40, 2048])
torch.Size([40, 2048])
torch.Size([40, 2048])
torch.Size([40, 2048])
torch.Size([40, 2048])
torch.Size([40, 2048])
torch.Size([40, 2048])
torch.Size([40, 2048])
torch.Size([40, 2048])
torch.Size([40, 2048])
torch.Size([40, 2048])
torch.Size([40, 2048])
torch.Size([40, 2048])
torch.Size([20, 2048])
torch.Size([40, 2048])
torch.Size([40, 2048])
torch.Size([40, 2048])
torch.Size([40, 2048])
torch.Size([40, 2048])
torch.Size([40, 2048])
torch.Size([40, 2048])
torch.Size([40, 2048])
torch.Size([40, 2048])
torch.Size([40, 2048])
torch.Size([40, 2048])
torch.Size([40, 2048])
torch.Size([40, 2048])
torch.Size([40, 2048])
torch.Size([40, 2048])
torch.Size([40, 2048])
torch.Size([40, 2048])
torch.Size([40, 2048])
torch.Size([40, 2048])
torch.Size([40, 2048])
torch.Size([40, 2048])
torch.Size([40, 2048])
torch.Size([40, 2048])
torch.Size([40, 2048])
torch.Size([40, 2048])
torch.Size([40, 2048])
torch.Size([40, 2048])
torch.Size([20, 2048])
torch.Size([40, 2048])
torch.Size([40, 2048])
torch.Size([40, 2048])
torch.Size([40, 2048])
torch.Size([40, 2048])
torch.Size([40, 2048])
torch.Size([40, 2048])
torch.Size([40, 2048])
torch.Size([40, 2048])
torch.Size([40, 2048])
torch.Size([40, 2048])
torch.Size([40, 2048])
torch.Size([40, 2048])
torch.Size([40, 2048])
torch.Size([40, 2048])
torch.Size([40, 2048])
torch.Size([40, 2048])
torch.Size([40, 2048])
torch.Size([40, 2048])
torch.Size([40, 2048])
torch.Size([40, 2048])
torch.Size([40, 2048])
torch.Size([40, 2048])
torch.Size([40, 2048])
torch.Size([40, 2048])
torch.Size([40, 2048])
torch.Size([40, 2048])
torch.Size([20, 2048])
torch.Size([40, 2048])
torch.Size([40, 2048])
torch.Size([40, 2048])
torch.Size([40, 2048])
torch.Size([40, 2048])
torch.Size([40, 2048])
torch.Size([40, 2048])
torch.Size([40, 2048])
torch.Size([40, 2048])
torch.Size([40, 2048])
torch.Size([40, 2048])
torch.Size([40, 2048])
torch.Size([40, 2048])
torch.Size([40, 2048])
torch.Size([40, 2048])
torch.Size([40, 2048])
torch.Size([40, 2048])
torch.Size([40, 2048])
torch.Size([40, 2048])
torch.Size([40, 2048])
torch.Size([40, 2048])
torch.Size([40, 2048])
torch.Size([40, 2048])
torch.Size([40, 2048])
torch.Size([40, 2048])
torch.Size([40, 2048])
torch.Size([40, 2048])
torch.Size([20, 2048])
torch.Size([40, 2048])
torch.Size([40, 2048])
torch.Size([40, 2048])
torch.Size([40, 2048])
torch.Size([40, 2048])
torch.Size([40, 2048])
torch.Size([40, 2048])
torch.Size([40, 2048])
torch.Size([40, 2048])
torch.Size([40, 2048])
torch.Size([40, 2048])
torch.Size([40, 2048])
torch.Size([40, 2048])
torch.Size([40, 2048])
torch.Size([40, 2048])
torch.Size([40, 2048])
torch.Size([40, 2048])
torch.Size([40, 2048])
torch.Size([40, 2048])
torch.Size([40, 2048])
torch.Size([40, 2048])
torch.Size([40, 2048])
torch.Size([40, 2048])
torch.Size([40, 2048])
torch.Size([40, 2048])
torch.Size([40, 2048])
torch.Size([40, 2048])
torch.Size([20, 2048])
torch.Size([40, 2048])
torch.Size([40, 2048])
torch.Size([40, 2048])
torch.Size([40, 2048])
torch.Size([40, 2048])
torch.Size([40, 2048])
torch.Size([40, 2048])
torch.Size([40, 2048])
torch.Size([40, 2048])
torch.Size([40, 2048])
torch.Size([40, 2048])
torch.Size([40, 2048])
torch.Size([40, 2048])
torch.Size([40, 2048])
torch.Size([40, 2048])
torch.Size([40, 2048])
torch.Size([40, 2048])
torch.Size([40, 2048])
torch.Size([40, 2048])
torch.Size([40, 2048])
torch.Size([40, 2048])
torch.Size([40, 2048])
torch.Size([40, 2048])
torch.Size([40, 2048])
torch.Size([40, 2048])
torch.Size([40, 2048])
torch.Size([40, 2048])
torch.Size([20, 2048])
torch.Size([40, 2048])
torch.Size([40, 2048])
torch.Size([40, 2048])
torch.Size([40, 2048])
torch.Size([40, 2048])
torch.Size([40, 2048])
torch.Size([40, 2048])
torch.Size([40, 2048])
torch.Size([40, 2048])
torch.Size([40, 2048])
torch.Size([40, 2048])
torch.Size([40, 2048])
torch.Size([40, 2048])
torch.Size([40, 2048])
torch.Size([40, 2048])
torch.Size([40, 2048])
torch.Size([40, 2048])
torch.Size([40, 2048])
torch.Size([40, 2048])
torch.Size([40, 2048])
torch.Size([40, 2048])
torch.Size([40, 2048])
torch.Size([40, 2048])
torch.Size([40, 2048])
torch.Size([40, 2048])
torch.Size([40, 2048])
torch.Size([40, 2048])
torch.Size([20, 2048])
torch.Size([40, 2048])
torch.Size([40, 2048])
torch.Size([40, 2048])
torch.Size([40, 2048])
torch.Size([40, 2048])
torch.Size([40, 2048])
torch.Size([40, 2048])
torch.Size([40, 2048])
torch.Size([40, 2048])
torch.Size([40, 2048])
torch.Size([40, 2048])
torch.Size([40, 2048])
torch.Size([40, 2048])
torch.Size([40, 2048])
torch.Size([40, 2048])
torch.Size([40, 2048])
torch.Size([40, 2048])
torch.Size([40, 2048])
torch.Size([40, 2048])
torch.Size([40, 2048])
torch.Size([40, 2048])
torch.Size([40, 2048])
torch.Size([40, 2048])
torch.Size([40, 2048])
torch.Size([40, 2048])
torch.Size([40, 2048])
torch.Size([40, 2048])
torch.Size([20, 2048])
torch.Size([40, 2048])
torch.Size([40, 2048])
torch.Size([40, 2048])
torch.Size([40, 2048])
torch.Size([40, 2048])
torch.Size([40, 2048])
torch.Size([40, 2048])
torch.Size([40, 2048])
torch.Size([40, 2048])
torch.Size([40, 2048])
torch.Size([40, 2048])
torch.Size([40, 2048])
torch.Size([40, 2048])
torch.Size([40, 2048])
torch.Size([40, 2048])
torch.Size([40, 2048])
torch.Size([40, 2048])
torch.Size([40, 2048])
torch.Size([40, 2048])
torch.Size([40, 2048])
torch.Size([40, 2048])
torch.Size([40, 2048])
torch.Size([40, 2048])
torch.Size([40, 2048])
torch.Size([40, 2048])
torch.Size([40, 2048])
torch.Size([40, 2048])
torch.Size([20, 2048])
torch.Size([40, 2048])
torch.Size([40, 2048])
torch.Size([40, 2048])
torch.Size([40, 2048])
torch.Size([40, 2048])
torch.Size([40, 2048])
torch.Size([40, 2048])
torch.Size([40, 2048])
torch.Size([40, 2048])
torch.Size([40, 2048])
torch.Size([40, 2048])
torch.Size([40, 2048])
torch.Size([40, 2048])
torch.Size([40, 2048])
torch.Size([40, 2048])
torch.Size([40, 2048])
torch.Size([40, 2048])
torch.Size([40, 2048])
torch.Size([40, 2048])
torch.Size([40, 2048])
torch.Size([40, 2048])
torch.Size([40, 2048])
torch.Size([40, 2048])
torch.Size([40, 2048])
torch.Size([40, 2048])
torch.Size([40, 2048])
torch.Size([40, 2048])
torch.Size([20, 2048])
torch.Size([40, 2048])
torch.Size([40, 2048])
torch.Size([40, 2048])
torch.Size([40, 2048])
torch.Size([40, 2048])
torch.Size([40, 2048])
torch.Size([40, 2048])
torch.Size([40, 2048])
torch.Size([40, 2048])
torch.Size([40, 2048])
torch.Size([40, 2048])
torch.Size([40, 2048])
torch.Size([40, 2048])
torch.Size([40, 2048])
torch.Size([40, 2048])
torch.Size([40, 2048])
torch.Size([40, 2048])
torch.Size([40, 2048])
torch.Size([40, 2048])
torch.Size([40, 2048])
torch.Size([40, 2048])
torch.Size([40, 2048])
torch.Size([40, 2048])
torch.Size([40, 2048])
torch.Size([40, 2048])
torch.Size([40, 2048])
torch.Size([40, 2048])
torch.Size([20, 2048])
torch.Size([40, 2048])
torch.Size([40, 2048])
torch.Size([40, 2048])
torch.Size([40, 2048])
torch.Size([40, 2048])
torch.Size([40, 2048])
torch.Size([40, 2048])
torch.Size([40, 2048])
torch.Size([40, 2048])
torch.Size([40, 2048])
torch.Size([40, 2048])
torch.Size([40, 2048])
torch.Size([40, 2048])
torch.Size([40, 2048])
torch.Size([40, 2048])
torch.Size([40, 2048])
torch.Size([40, 2048])
torch.Size([40, 2048])
torch.Size([40, 2048])
torch.Size([40, 2048])
torch.Size([40, 2048])
torch.Size([40, 2048])
torch.Size([40, 2048])
torch.Size([40, 2048])
torch.Size([40, 2048])
torch.Size([40, 2048])
torch.Size([40, 2048])
torch.Size([20, 2048])
torch.Size([40, 2048])
torch.Size([40, 2048])
torch.Size([40, 2048])
torch.Size([40, 2048])
torch.Size([40, 2048])
torch.Size([40, 2048])
torch.Size([40, 2048])
torch.Size([40, 2048])
torch.Size([40, 2048])
torch.Size([40, 2048])
torch.Size([40, 2048])
torch.Size([40, 2048])
torch.Size([40, 2048])
torch.Size([40, 2048])
torch.Size([40, 2048])
torch.Size([40, 2048])
torch.Size([40, 2048])
torch.Size([40, 2048])
torch.Size([40, 2048])
torch.Size([40, 2048])
torch.Size([40, 2048])
torch.Size([40, 2048])
torch.Size([40, 2048])
torch.Size([40, 2048])
torch.Size([40, 2048])
torch.Size([40, 2048])
torch.Size([40, 2048])
torch.Size([20, 2048])
torch.Size([40, 2048])
torch.Size([40, 2048])
torch.Size([40, 2048])
torch.Size([40, 2048])
torch.Size([40, 2048])
torch.Size([40, 2048])
torch.Size([40, 2048])
torch.Size([40, 2048])
torch.Size([40, 2048])
torch.Size([40, 2048])
torch.Size([40, 2048])
torch.Size([40, 2048])
torch.Size([40, 2048])
torch.Size([40, 2048])
torch.Size([40, 2048])
torch.Size([40, 2048])
torch.Size([40, 2048])
torch.Size([40, 2048])
torch.Size([40, 2048])
torch.Size([40, 2048])
torch.Size([40, 2048])
torch.Size([40, 2048])
torch.Size([40, 2048])
torch.Size([40, 2048])
torch.Size([40, 2048])
torch.Size([40, 2048])
torch.Size([40, 2048])
torch.Size([20, 2048])
torch.Size([40, 2048])
torch.Size([40, 2048])
torch.Size([40, 2048])
torch.Size([40, 2048])
torch.Size([40, 2048])
torch.Size([40, 2048])
torch.Size([40, 2048])
torch.Size([40, 2048])
torch.Size([40, 2048])
torch.Size([40, 2048])
torch.Size([40, 2048])
torch.Size([40, 2048])
torch.Size([40, 2048])
torch.Size([40, 2048])
torch.Size([40, 2048])
torch.Size([40, 2048])
torch.Size([40, 2048])
torch.Size([40, 2048])
torch.Size([40, 2048])
torch.Size([40, 2048])
torch.Size([40, 2048])
torch.Size([40, 2048])
torch.Size([40, 2048])
torch.Size([40, 2048])
torch.Size([40, 2048])
torch.Size([40, 2048])
torch.Size([40, 2048])
torch.Size([20, 2048])
torch.Size([40, 2048])
torch.Size([40, 2048])
torch.Size([40, 2048])
torch.Size([40, 2048])
torch.Size([40, 2048])
torch.Size([40, 2048])
torch.Size([40, 2048])
torch.Size([40, 2048])
torch.Size([40, 2048])
torch.Size([40, 2048])
torch.Size([40, 2048])
torch.Size([40, 2048])
torch.Size([40, 2048])
torch.Size([40, 2048])
torch.Size([40, 2048])
torch.Size([40, 2048])
torch.Size([40, 2048])
torch.Size([40, 2048])
torch.Size([40, 2048])
torch.Size([40, 2048])
torch.Size([40, 2048])
torch.Size([40, 2048])
torch.Size([40, 2048])
torch.Size([40, 2048])
torch.Size([40, 2048])
torch.Size([40, 2048])
torch.Size([40, 2048])
torch.Size([20, 2048])
torch.Size([40, 2048])
torch.Size([40, 2048])
torch.Size([40, 2048])
torch.Size([40, 2048])
torch.Size([40, 2048])
torch.Size([40, 2048])
torch.Size([40, 2048])
torch.Size([40, 2048])
torch.Size([40, 2048])
torch.Size([40, 2048])
torch.Size([40, 2048])
torch.Size([40, 2048])
torch.Size([40, 2048])
torch.Size([40, 2048])
torch.Size([40, 2048])
torch.Size([40, 2048])
torch.Size([40, 2048])
torch.Size([40, 2048])
torch.Size([40, 2048])
torch.Size([40, 2048])
torch.Size([40, 2048])
torch.Size([40, 2048])
torch.Size([40, 2048])
torch.Size([40, 2048])
torch.Size([40, 2048])
torch.Size([40, 2048])
torch.Size([40, 2048])
torch.Size([20, 2048])
torch.Size([40, 2048])
torch.Size([40, 2048])
torch.Size([40, 2048])
torch.Size([40, 2048])
torch.Size([40, 2048])
torch.Size([40, 2048])
torch.Size([40, 2048])
torch.Size([40, 2048])
torch.Size([40, 2048])
torch.Size([40, 2048])
torch.Size([40, 2048])
torch.Size([40, 2048])
torch.Size([40, 2048])
torch.Size([40, 2048])
torch.Size([40, 2048])
torch.Size([40, 2048])
torch.Size([40, 2048])
torch.Size([40, 2048])
torch.Size([40, 2048])
torch.Size([40, 2048])
torch.Size([40, 2048])
torch.Size([40, 2048])
torch.Size([40, 2048])
torch.Size([40, 2048])
torch.Size([40, 2048])
torch.Size([40, 2048])
torch.Size([40, 2048])
torch.Size([20, 2048])
torch.Size([40, 2048])
torch.Size([40, 2048])
torch.Size([40, 2048])
torch.Size([40, 2048])
torch.Size([40, 2048])
torch.Size([40, 2048])
torch.Size([40, 2048])
torch.Size([40, 2048])
torch.Size([40, 2048])
torch.Size([40, 2048])
torch.Size([40, 2048])
torch.Size([40, 2048])
torch.Size([40, 2048])
torch.Size([40, 2048])
torch.Size([40, 2048])
torch.Size([40, 2048])
torch.Size([40, 2048])
torch.Size([40, 2048])
torch.Size([40, 2048])
torch.Size([40, 2048])
torch.Size([40, 2048])
torch.Size([40, 2048])
torch.Size([40, 2048])
torch.Size([40, 2048])
torch.Size([40, 2048])
torch.Size([40, 2048])
torch.Size([40, 2048])
torch.Size([20, 2048])
torch.Size([40, 2048])
torch.Size([40, 2048])
torch.Size([40, 2048])
torch.Size([40, 2048])
torch.Size([40, 2048])
torch.Size([40, 2048])
torch.Size([40, 2048])
torch.Size([40, 2048])
torch.Size([40, 2048])
torch.Size([40, 2048])
torch.Size([40, 2048])
torch.Size([40, 2048])
torch.Size([40, 2048])
torch.Size([40, 2048])
torch.Size([40, 2048])
torch.Size([40, 2048])
torch.Size([40, 2048])
torch.Size([40, 2048])
torch.Size([40, 2048])
torch.Size([40, 2048])
torch.Size([40, 2048])
torch.Size([40, 2048])
torch.Size([40, 2048])
torch.Size([40, 2048])
torch.Size([40, 2048])
torch.Size([40, 2048])
torch.Size([40, 2048])
torch.Size([20, 2048])
torch.Size([40, 2048])
torch.Size([40, 2048])
torch.Size([40, 2048])
torch.Size([40, 2048])
torch.Size([40, 2048])
torch.Size([40, 2048])
torch.Size([40, 2048])
torch.Size([40, 2048])
torch.Size([40, 2048])
torch.Size([40, 2048])
torch.Size([40, 2048])
torch.Size([40, 2048])
torch.Size([40, 2048])
torch.Size([40, 2048])
torch.Size([40, 2048])
torch.Size([40, 2048])
torch.Size([40, 2048])
torch.Size([40, 2048])
torch.Size([40, 2048])
torch.Size([40, 2048])
torch.Size([40, 2048])
torch.Size([40, 2048])
torch.Size([40, 2048])
torch.Size([40, 2048])
torch.Size([40, 2048])
torch.Size([40, 2048])
torch.Size([40, 2048])
torch.Size([20, 2048])
torch.Size([40, 2048])
torch.Size([40, 2048])
torch.Size([40, 2048])
torch.Size([40, 2048])
torch.Size([40, 2048])
torch.Size([40, 2048])
torch.Size([40, 2048])
torch.Size([40, 2048])
torch.Size([40, 2048])
torch.Size([40, 2048])
torch.Size([40, 2048])
torch.Size([40, 2048])
torch.Size([40, 2048])
torch.Size([40, 2048])
torch.Size([40, 2048])
torch.Size([40, 2048])
torch.Size([40, 2048])
torch.Size([40, 2048])
torch.Size([40, 2048])
torch.Size([40, 2048])
torch.Size([40, 2048])
torch.Size([40, 2048])
torch.Size([40, 2048])
torch.Size([40, 2048])
torch.Size([40, 2048])
torch.Size([40, 2048])
torch.Size([40, 2048])
torch.Size([20, 2048])
torch.Size([40, 2048])
torch.Size([40, 2048])
torch.Size([40, 2048])
torch.Size([40, 2048])
torch.Size([40, 2048])
torch.Size([40, 2048])
torch.Size([40, 2048])
torch.Size([40, 2048])
torch.Size([40, 2048])
torch.Size([40, 2048])
torch.Size([40, 2048])
torch.Size([40, 2048])
torch.Size([40, 2048])
torch.Size([40, 2048])
torch.Size([40, 2048])
torch.Size([40, 2048])
torch.Size([40, 2048])
torch.Size([40, 2048])
torch.Size([40, 2048])
torch.Size([40, 2048])
torch.Size([40, 2048])
torch.Size([40, 2048])
torch.Size([40, 2048])
torch.Size([40, 2048])
torch.Size([40, 2048])
torch.Size([40, 2048])
torch.Size([40, 2048])
torch.Size([20, 2048])
torch.Size([40, 2048])
torch.Size([40, 2048])
torch.Size([40, 2048])
torch.Size([40, 2048])
torch.Size([40, 2048])
torch.Size([40, 2048])
torch.Size([40, 2048])
torch.Size([40, 2048])
torch.Size([40, 2048])
torch.Size([40, 2048])
torch.Size([40, 2048])
torch.Size([40, 2048])
torch.Size([40, 2048])
torch.Size([40, 2048])
torch.Size([40, 2048])
torch.Size([40, 2048])
torch.Size([40, 2048])
torch.Size([40, 2048])
torch.Size([40, 2048])
torch.Size([40, 2048])
torch.Size([40, 2048])
torch.Size([40, 2048])
torch.Size([40, 2048])
torch.Size([40, 2048])
torch.Size([40, 2048])
torch.Size([40, 2048])
torch.Size([40, 2048])
torch.Size([20, 2048])
torch.Size([40, 2048])
torch.Size([40, 2048])
torch.Size([40, 2048])
torch.Size([40, 2048])
torch.Size([40, 2048])
torch.Size([40, 2048])
torch.Size([40, 2048])
torch.Size([40, 2048])
torch.Size([40, 2048])
torch.Size([40, 2048])
torch.Size([40, 2048])
torch.Size([40, 2048])
torch.Size([40, 2048])
torch.Size([40, 2048])
torch.Size([40, 2048])
torch.Size([40, 2048])
torch.Size([40, 2048])
torch.Size([40, 2048])
torch.Size([40, 2048])
torch.Size([40, 2048])
torch.Size([40, 2048])
torch.Size([40, 2048])
torch.Size([40, 2048])
torch.Size([40, 2048])
torch.Size([40, 2048])
torch.Size([40, 2048])
torch.Size([40, 2048])
torch.Size([20, 2048])
torch.Size([40, 2048])
torch.Size([40, 2048])
torch.Size([40, 2048])
torch.Size([40, 2048])
torch.Size([40, 2048])
torch.Size([40, 2048])
torch.Size([40, 2048])
torch.Size([40, 2048])
torch.Size([40, 2048])
torch.Size([40, 2048])
torch.Size([40, 2048])
torch.Size([40, 2048])
torch.Size([40, 2048])
torch.Size([40, 2048])
torch.Size([40, 2048])
torch.Size([40, 2048])
torch.Size([40, 2048])
torch.Size([40, 2048])
torch.Size([40, 2048])
torch.Size([40, 2048])
torch.Size([40, 2048])
torch.Size([40, 2048])
torch.Size([40, 2048])
torch.Size([40, 2048])
torch.Size([40, 2048])
torch.Size([40, 2048])
torch.Size([40, 2048])
torch.Size([20, 2048])
torch.Size([40, 2048])
torch.Size([40, 2048])
torch.Size([40, 2048])
torch.Size([40, 2048])
torch.Size([40, 2048])
torch.Size([40, 2048])
torch.Size([40, 2048])
torch.Size([40, 2048])
torch.Size([40, 2048])
torch.Size([40, 2048])
torch.Size([40, 2048])
torch.Size([40, 2048])
torch.Size([40, 2048])
torch.Size([40, 2048])
torch.Size([40, 2048])
torch.Size([40, 2048])
torch.Size([40, 2048])
torch.Size([40, 2048])
torch.Size([40, 2048])
torch.Size([40, 2048])
torch.Size([40, 2048])
torch.Size([40, 2048])
torch.Size([40, 2048])
torch.Size([40, 2048])
torch.Size([40, 2048])
torch.Size([40, 2048])
torch.Size([40, 2048])
torch.Size([20, 2048])
torch.Size([40, 2048])
torch.Size([40, 2048])
torch.Size([40, 2048])
torch.Size([40, 2048])
torch.Size([40, 2048])
torch.Size([40, 2048])
torch.Size([40, 2048])
torch.Size([40, 2048])
torch.Size([40, 2048])
torch.Size([40, 2048])
torch.Size([40, 2048])
torch.Size([40, 2048])
torch.Size([40, 2048])
torch.Size([40, 2048])
torch.Size([40, 2048])
torch.Size([40, 2048])
torch.Size([40, 2048])
torch.Size([40, 2048])
torch.Size([40, 2048])
torch.Size([40, 2048])
torch.Size([40, 2048])
torch.Size([40, 2048])
torch.Size([40, 2048])
torch.Size([40, 2048])
torch.Size([40, 2048])
torch.Size([40, 2048])
torch.Size([40, 2048])
torch.Size([20, 2048])
torch.Size([40, 2048])
torch.Size([40, 2048])
torch.Size([40, 2048])
torch.Size([40, 2048])
torch.Size([40, 2048])
torch.Size([40, 2048])
torch.Size([40, 2048])
torch.Size([40, 2048])
torch.Size([40, 2048])
torch.Size([40, 2048])
torch.Size([40, 2048])
torch.Size([40, 2048])
torch.Size([40, 2048])
torch.Size([40, 2048])
torch.Size([40, 2048])
torch.Size([40, 2048])
torch.Size([40, 2048])
torch.Size([40, 2048])
torch.Size([40, 2048])
torch.Size([40, 2048])
torch.Size([40, 2048])
torch.Size([40, 2048])
torch.Size([40, 2048])
torch.Size([40, 2048])
torch.Size([40, 2048])
torch.Size([40, 2048])
torch.Size([40, 2048])
torch.Size([20, 2048])
torch.Size([40, 2048])
torch.Size([40, 2048])
torch.Size([40, 2048])
torch.Size([40, 2048])
torch.Size([40, 2048])
torch.Size([40, 2048])
torch.Size([40, 2048])
torch.Size([40, 2048])
torch.Size([40, 2048])
torch.Size([40, 2048])
torch.Size([40, 2048])
torch.Size([40, 2048])
torch.Size([40, 2048])
torch.Size([40, 2048])
torch.Size([40, 2048])
torch.Size([40, 2048])
torch.Size([40, 2048])
torch.Size([40, 2048])
torch.Size([40, 2048])
torch.Size([40, 2048])
torch.Size([40, 2048])
torch.Size([40, 2048])
torch.Size([40, 2048])
torch.Size([40, 2048])
torch.Size([40, 2048])
torch.Size([40, 2048])
torch.Size([40, 2048])
torch.Size([20, 2048])
torch.Size([40, 2048])
torch.Size([40, 2048])
torch.Size([40, 2048])
torch.Size([40, 2048])
torch.Size([40, 2048])
torch.Size([40, 2048])
torch.Size([40, 2048])
torch.Size([40, 2048])
torch.Size([40, 2048])
torch.Size([40, 2048])
torch.Size([40, 2048])
torch.Size([40, 2048])
torch.Size([40, 2048])
torch.Size([40, 2048])
torch.Size([40, 2048])
torch.Size([40, 2048])
torch.Size([40, 2048])
torch.Size([40, 2048])
torch.Size([40, 2048])
torch.Size([40, 2048])
torch.Size([40, 2048])
torch.Size([40, 2048])
torch.Size([40, 2048])
torch.Size([40, 2048])
torch.Size([40, 2048])
torch.Size([40, 2048])
torch.Size([40, 2048])
torch.Size([20, 2048])
torch.Size([40, 2048])
torch.Size([40, 2048])
torch.Size([40, 2048])
torch.Size([40, 2048])
torch.Size([40, 2048])
torch.Size([40, 2048])
torch.Size([40, 2048])
torch.Size([40, 2048])
torch.Size([40, 2048])
torch.Size([40, 2048])
torch.Size([40, 2048])
torch.Size([40, 2048])
torch.Size([40, 2048])
torch.Size([40, 2048])
torch.Size([40, 2048])
torch.Size([40, 2048])
torch.Size([40, 2048])
torch.Size([40, 2048])
torch.Size([40, 2048])
torch.Size([40, 2048])
torch.Size([40, 2048])
torch.Size([40, 2048])
torch.Size([40, 2048])
torch.Size([40, 2048])
torch.Size([40, 2048])
torch.Size([40, 2048])
torch.Size([40, 2048])
torch.Size([20, 2048])
torch.Size([40, 2048])
torch.Size([40, 2048])
torch.Size([40, 2048])
torch.Size([40, 2048])
torch.Size([40, 2048])
torch.Size([40, 2048])
torch.Size([40, 2048])
torch.Size([40, 2048])
torch.Size([40, 2048])
torch.Size([40, 2048])
torch.Size([40, 2048])
torch.Size([40, 2048])
torch.Size([40, 2048])
torch.Size([40, 2048])
torch.Size([40, 2048])
torch.Size([40, 2048])
torch.Size([40, 2048])
torch.Size([40, 2048])
torch.Size([40, 2048])
torch.Size([40, 2048])
torch.Size([40, 2048])
torch.Size([40, 2048])
torch.Size([40, 2048])
torch.Size([40, 2048])
torch.Size([40, 2048])
torch.Size([40, 2048])
torch.Size([40, 2048])
torch.Size([20, 2048])
torch.Size([40, 2048])
torch.Size([40, 2048])
torch.Size([40, 2048])
torch.Size([40, 2048])
torch.Size([40, 2048])
torch.Size([40, 2048])
torch.Size([40, 2048])
torch.Size([40, 2048])
torch.Size([40, 2048])
torch.Size([40, 2048])
torch.Size([40, 2048])
torch.Size([40, 2048])
torch.Size([40, 2048])
torch.Size([40, 2048])
torch.Size([40, 2048])
torch.Size([40, 2048])
torch.Size([40, 2048])
torch.Size([40, 2048])
torch.Size([40, 2048])
torch.Size([40, 2048])
torch.Size([40, 2048])
torch.Size([40, 2048])
torch.Size([40, 2048])
torch.Size([40, 2048])
torch.Size([40, 2048])
torch.Size([40, 2048])
torch.Size([40, 2048])
torch.Size([20, 2048])
torch.Size([40, 2048])
torch.Size([40, 2048])
torch.Size([40, 2048])
torch.Size([40, 2048])
torch.Size([40, 2048])
torch.Size([40, 2048])
torch.Size([40, 2048])
torch.Size([40, 2048])
torch.Size([40, 2048])
torch.Size([40, 2048])
torch.Size([40, 2048])
torch.Size([40, 2048])
torch.Size([40, 2048])
torch.Size([40, 2048])
torch.Size([40, 2048])
torch.Size([40, 2048])
torch.Size([40, 2048])
torch.Size([40, 2048])
torch.Size([40, 2048])
torch.Size([40, 2048])
torch.Size([40, 2048])
torch.Size([40, 2048])
torch.Size([40, 2048])
torch.Size([40, 2048])
torch.Size([40, 2048])
torch.Size([40, 2048])
torch.Size([40, 2048])
torch.Size([20, 2048])
torch.Size([40, 2048])
torch.Size([40, 2048])
torch.Size([40, 2048])
torch.Size([40, 2048])
torch.Size([40, 2048])
torch.Size([40, 2048])
torch.Size([40, 2048])
torch.Size([40, 2048])
torch.Size([40, 2048])
torch.Size([40, 2048])
torch.Size([40, 2048])
torch.Size([40, 2048])
torch.Size([40, 2048])
torch.Size([40, 2048])
torch.Size([40, 2048])
torch.Size([40, 2048])
torch.Size([40, 2048])
torch.Size([40, 2048])
torch.Size([40, 2048])
torch.Size([40, 2048])
torch.Size([40, 2048])
torch.Size([40, 2048])
torch.Size([40, 2048])
torch.Size([40, 2048])
torch.Size([40, 2048])
torch.Size([40, 2048])
torch.Size([40, 2048])
torch.Size([20, 2048])
torch.Size([40, 2048])
torch.Size([40, 2048])
torch.Size([40, 2048])
torch.Size([40, 2048])
torch.Size([40, 2048])
torch.Size([40, 2048])
torch.Size([40, 2048])
torch.Size([40, 2048])
torch.Size([40, 2048])
torch.Size([40, 2048])
torch.Size([40, 2048])
torch.Size([40, 2048])
torch.Size([40, 2048])
torch.Size([40, 2048])
torch.Size([40, 2048])
torch.Size([40, 2048])
torch.Size([40, 2048])
torch.Size([40, 2048])
torch.Size([40, 2048])
torch.Size([40, 2048])
torch.Size([40, 2048])
torch.Size([40, 2048])
torch.Size([40, 2048])
torch.Size([40, 2048])
torch.Size([40, 2048])
torch.Size([40, 2048])
torch.Size([40, 2048])
torch.Size([20, 2048])
