Program will start executing in a bit
/apps/sw/miniconda/envs/ai-4/lib/python3.10/site-packages/torch/utils/_device.py:77: UserWarning: To copy construct from a tensor, it is recommended to use sourceTensor.clone().detach() or sourceTensor.clone().detach().requires_grad_(True), rather than torch.tensor(sourceTensor).
  return func(*args, **kwargs)
✅ Using CUDA globally
GPU: Tesla V100-SXM3-32GB
Current directory: /home/cbe05/MaqamDiffusion
Cross_Entropy lr = 1e-05 Loss 1/200 Loss is L =2.074510335922241 
Cross_Entropy lr = 1e-05 Loss 2/200 Loss is L =2.0779833793640137 
Cross_Entropy lr = 1e-05 Loss 3/200 Loss is L =2.074622392654419 
Cross_Entropy lr = 1e-05 Loss 4/200 Loss is L =2.076131582260132 
Cross_Entropy lr = 1e-05 Loss 5/200 Loss is L =2.070322036743164 
Cross_Entropy lr = 1e-05 Loss 6/200 Loss is L =2.0723378658294678 
Cross_Entropy lr = 1e-05 Loss 7/200 Loss is L =2.0749404430389404 
Cross_Entropy lr = 1e-05 Loss 8/200 Loss is L =2.0703437328338623 
Cross_Entropy lr = 1e-05 Loss 9/200 Loss is L =2.0713608264923096 
Cross_Entropy lr = 1e-05 Loss 10/200 Loss is L =2.071809768676758 
Cross_Entropy lr = 1e-05 Loss 11/200 Loss is L =2.0676090717315674 
Cross_Entropy lr = 1e-05 Loss 12/200 Loss is L =2.0703275203704834 
Cross_Entropy lr = 1e-05 Loss 13/200 Loss is L =2.0683655738830566 
Cross_Entropy lr = 1e-05 Loss 14/200 Loss is L =2.0693325996398926 
Cross_Entropy lr = 1e-05 Loss 15/200 Loss is L =2.0731618404388428 
Cross_Entropy lr = 1e-05 Loss 16/200 Loss is L =2.067965269088745 
Cross_Entropy lr = 1e-05 Loss 17/200 Loss is L =2.0742032527923584 
Cross_Entropy lr = 1e-05 Loss 18/200 Loss is L =2.0713284015655518 
Cross_Entropy lr = 1e-05 Loss 19/200 Loss is L =2.0683791637420654 
Cross_Entropy lr = 1e-05 Loss 20/200 Loss is L =2.0659124851226807 
Cross_Entropy lr = 1e-05 Loss 21/200 Loss is L =2.0710256099700928 
Cross_Entropy lr = 1e-05 Loss 22/200 Loss is L =2.0717296600341797 
Cross_Entropy lr = 1e-05 Loss 23/200 Loss is L =2.069730758666992 
Cross_Entropy lr = 1e-05 Loss 24/200 Loss is L =2.0699737071990967 
Cross_Entropy lr = 1e-05 Loss 25/200 Loss is L =2.070732355117798 
Cross_Entropy lr = 1e-05 Loss 26/200 Loss is L =2.0642495155334473 
Cross_Entropy lr = 1e-05 Loss 27/200 Loss is L =2.0662407875061035 
Cross_Entropy lr = 1e-05 Loss 28/200 Loss is L =2.0674023628234863 
Cross_Entropy lr = 1e-05 Loss 29/200 Loss is L =2.062084674835205 
Cross_Entropy lr = 1e-05 Loss 30/200 Loss is L =2.067092180252075 
Cross_Entropy lr = 1e-05 Loss 31/200 Loss is L =2.0660622119903564 
Cross_Entropy lr = 1e-05 Loss 32/200 Loss is L =2.0642812252044678 
Cross_Entropy lr = 1e-05 Loss 33/200 Loss is L =2.0706708431243896 
Cross_Entropy lr = 1e-05 Loss 34/200 Loss is L =2.065715789794922 
Cross_Entropy lr = 1e-05 Loss 35/200 Loss is L =2.0699918270111084 
Cross_Entropy lr = 1e-05 Loss 36/200 Loss is L =2.06479811668396 
Cross_Entropy lr = 1e-05 Loss 37/200 Loss is L =2.0707242488861084 
Cross_Entropy lr = 1e-05 Loss 38/200 Loss is L =2.0624260902404785 
Cross_Entropy lr = 1e-05 Loss 39/200 Loss is L =2.0713908672332764 
Cross_Entropy lr = 1e-05 Loss 40/200 Loss is L =2.063524007797241 
Cross_Entropy lr = 1e-05 Loss 41/200 Loss is L =2.066504955291748 
Cross_Entropy lr = 1e-05 Loss 42/200 Loss is L =2.0660290718078613 
Cross_Entropy lr = 1e-05 Loss 43/200 Loss is L =2.0607707500457764 
Cross_Entropy lr = 1e-05 Loss 44/200 Loss is L =2.0653812885284424 
Cross_Entropy lr = 1e-05 Loss 45/200 Loss is L =2.0676777362823486 
Cross_Entropy lr = 1e-05 Loss 46/200 Loss is L =2.0667436122894287 
Cross_Entropy lr = 1e-05 Loss 47/200 Loss is L =2.064823865890503 
Cross_Entropy lr = 1e-05 Loss 48/200 Loss is L =2.061727285385132 
Cross_Entropy lr = 1e-05 Loss 49/200 Loss is L =2.0671486854553223 
Cross_Entropy lr = 1e-05 Loss 50/200 Loss is L =2.0666329860687256 
Cross_Entropy lr = 1e-05 Loss 51/200 Loss is L =2.0671467781066895 
Cross_Entropy lr = 1e-05 Loss 52/200 Loss is L =2.067960500717163 
Cross_Entropy lr = 1e-05 Loss 53/200 Loss is L =2.0627169609069824 
Cross_Entropy lr = 1e-05 Loss 54/200 Loss is L =2.0624587535858154 
Cross_Entropy lr = 1e-05 Loss 55/200 Loss is L =2.065077543258667 
Cross_Entropy lr = 1e-05 Loss 56/200 Loss is L =2.064591646194458 
Cross_Entropy lr = 1e-05 Loss 57/200 Loss is L =2.061621904373169 
Cross_Entropy lr = 1e-05 Loss 58/200 Loss is L =2.0645861625671387 
Cross_Entropy lr = 1e-05 Loss 59/200 Loss is L =2.05977725982666 
Cross_Entropy lr = 1e-05 Loss 60/200 Loss is L =2.0688016414642334 
Cross_Entropy lr = 1e-05 Loss 61/200 Loss is L =2.0652718544006348 
Cross_Entropy lr = 1e-05 Loss 62/200 Loss is L =2.061645746231079 
Cross_Entropy lr = 1e-05 Loss 63/200 Loss is L =2.0623626708984375 
Cross_Entropy lr = 1e-05 Loss 64/200 Loss is L =2.063702344894409 
Cross_Entropy lr = 1e-05 Loss 65/200 Loss is L =2.066723346710205 
Cross_Entropy lr = 1e-05 Loss 66/200 Loss is L =2.0586392879486084 
Cross_Entropy lr = 1e-05 Loss 67/200 Loss is L =2.0620675086975098 
Cross_Entropy lr = 1e-05 Loss 68/200 Loss is L =2.055415630340576 
Cross_Entropy lr = 1e-05 Loss 69/200 Loss is L =2.0655910968780518 
Cross_Entropy lr = 1e-05 Loss 70/200 Loss is L =2.0673668384552 
Cross_Entropy lr = 1e-05 Loss 71/200 Loss is L =2.0637729167938232 
Cross_Entropy lr = 1e-05 Loss 72/200 Loss is L =2.070096254348755 
Cross_Entropy lr = 1e-05 Loss 73/200 Loss is L =2.0707404613494873 
Cross_Entropy lr = 1e-05 Loss 74/200 Loss is L =2.06013560295105 
Cross_Entropy lr = 1e-05 Loss 75/200 Loss is L =2.061600923538208 
Cross_Entropy lr = 1e-05 Loss 76/200 Loss is L =2.062359094619751 
Cross_Entropy lr = 1e-05 Loss 77/200 Loss is L =2.0684876441955566 
Cross_Entropy lr = 1e-05 Loss 78/200 Loss is L =2.0694873332977295 
Cross_Entropy lr = 1e-05 Loss 79/200 Loss is L =2.0632259845733643 
Cross_Entropy lr = 1e-05 Loss 80/200 Loss is L =2.057758331298828 
Cross_Entropy lr = 1e-05 Loss 81/200 Loss is L =2.073591709136963 
Cross_Entropy lr = 1e-05 Loss 82/200 Loss is L =2.0654938220977783 
Cross_Entropy lr = 1e-05 Loss 83/200 Loss is L =2.0632741451263428 
Cross_Entropy lr = 1e-05 Loss 84/200 Loss is L =2.0647733211517334 
Cross_Entropy lr = 1e-05 Loss 85/200 Loss is L =2.0655057430267334 
Cross_Entropy lr = 1e-05 Loss 86/200 Loss is L =2.0620388984680176 
Cross_Entropy lr = 1e-05 Loss 87/200 Loss is L =2.0664680004119873 
Cross_Entropy lr = 1e-05 Loss 88/200 Loss is L =2.0623581409454346 
Cross_Entropy lr = 1e-05 Loss 89/200 Loss is L =2.062770128250122 
Cross_Entropy lr = 1e-05 Loss 90/200 Loss is L =2.061629056930542 
Cross_Entropy lr = 1e-05 Loss 91/200 Loss is L =2.0616719722747803 
Cross_Entropy lr = 1e-05 Loss 92/200 Loss is L =2.064462423324585 
Cross_Entropy lr = 1e-05 Loss 93/200 Loss is L =2.0655007362365723 
Cross_Entropy lr = 1e-05 Loss 94/200 Loss is L =2.0634171962738037 
Cross_Entropy lr = 1e-05 Loss 95/200 Loss is L =2.0632622241973877 
Cross_Entropy lr = 1e-05 Loss 96/200 Loss is L =2.0671966075897217 
Cross_Entropy lr = 1e-05 Loss 97/200 Loss is L =2.0694077014923096 
Cross_Entropy lr = 1e-05 Loss 98/200 Loss is L =2.066699743270874 
Cross_Entropy lr = 1e-05 Loss 99/200 Loss is L =2.066606283187866 
Cross_Entropy lr = 1e-05 Loss 100/200 Loss is L =2.0655324459075928 
Cross_Entropy lr = 1e-05 Loss 101/200 Loss is L =2.0681660175323486 
Cross_Entropy lr = 1e-05 Loss 102/200 Loss is L =2.06671142578125 
Cross_Entropy lr = 1e-05 Loss 103/200 Loss is L =2.0606772899627686 
Cross_Entropy lr = 1e-05 Loss 104/200 Loss is L =2.065448760986328 
Cross_Entropy lr = 1e-05 Loss 105/200 Loss is L =2.063044309616089 
Cross_Entropy lr = 1e-05 Loss 106/200 Loss is L =2.060485601425171 
Cross_Entropy lr = 1e-05 Loss 107/200 Loss is L =2.0673797130584717 
Cross_Entropy lr = 1e-05 Loss 108/200 Loss is L =2.070423126220703 
Cross_Entropy lr = 1e-05 Loss 109/200 Loss is L =2.0640809535980225 
Cross_Entropy lr = 1e-05 Loss 110/200 Loss is L =2.0654313564300537 
Cross_Entropy lr = 1e-05 Loss 111/200 Loss is L =2.0609233379364014 
Cross_Entropy lr = 1e-05 Loss 112/200 Loss is L =2.0653798580169678 
Cross_Entropy lr = 1e-05 Loss 113/200 Loss is L =2.064770460128784 
Cross_Entropy lr = 1e-05 Loss 114/200 Loss is L =2.064466953277588 
Cross_Entropy lr = 1e-05 Loss 115/200 Loss is L =2.063955783843994 
Cross_Entropy lr = 1e-05 Loss 116/200 Loss is L =2.0625252723693848 
Cross_Entropy lr = 1e-05 Loss 117/200 Loss is L =2.06201434135437 
Cross_Entropy lr = 1e-05 Loss 118/200 Loss is L =2.0634567737579346 
Cross_Entropy lr = 1e-05 Loss 119/200 Loss is L =2.065843343734741 
Cross_Entropy lr = 1e-05 Loss 120/200 Loss is L =2.0660126209259033 
Cross_Entropy lr = 1e-05 Loss 121/200 Loss is L =2.066376209259033 
Cross_Entropy lr = 1e-05 Loss 122/200 Loss is L =2.065138578414917 
Cross_Entropy lr = 1e-05 Loss 123/200 Loss is L =2.0681049823760986 
Cross_Entropy lr = 1e-05 Loss 124/200 Loss is L =2.066134214401245 
Cross_Entropy lr = 1e-05 Loss 125/200 Loss is L =2.0673599243164062 
Cross_Entropy lr = 1e-05 Loss 126/200 Loss is L =2.0703561305999756 
Cross_Entropy lr = 1e-05 Loss 127/200 Loss is L =2.0636513233184814 
Cross_Entropy lr = 1e-05 Loss 128/200 Loss is L =2.0614006519317627 
Cross_Entropy lr = 1e-05 Loss 129/200 Loss is L =2.062419891357422 
Cross_Entropy lr = 1e-05 Loss 130/200 Loss is L =2.0675625801086426 
Cross_Entropy lr = 1e-05 Loss 131/200 Loss is L =2.0671651363372803 
Cross_Entropy lr = 1e-05 Loss 132/200 Loss is L =2.0626442432403564 
Cross_Entropy lr = 1e-05 Loss 133/200 Loss is L =2.068323850631714 
Cross_Entropy lr = 1e-05 Loss 134/200 Loss is L =2.06160831451416 
Cross_Entropy lr = 1e-05 Loss 135/200 Loss is L =2.064866304397583 
Cross_Entropy lr = 1e-05 Loss 136/200 Loss is L =2.0669853687286377 
Cross_Entropy lr = 1e-05 Loss 137/200 Loss is L =2.067359209060669 
Cross_Entropy lr = 1e-05 Loss 138/200 Loss is L =2.059441089630127 
Cross_Entropy lr = 1e-05 Loss 139/200 Loss is L =2.0703485012054443 
Cross_Entropy lr = 1e-05 Loss 140/200 Loss is L =2.067709445953369 
Cross_Entropy lr = 1e-05 Loss 141/200 Loss is L =2.070021390914917 
Cross_Entropy lr = 1e-05 Loss 142/200 Loss is L =2.0641510486602783 
Cross_Entropy lr = 1e-05 Loss 143/200 Loss is L =2.0665252208709717 
Cross_Entropy lr = 1e-05 Loss 144/200 Loss is L =2.069099187850952 
Cross_Entropy lr = 1e-05 Loss 145/200 Loss is L =2.0671098232269287 
Cross_Entropy lr = 1e-05 Loss 146/200 Loss is L =2.0579910278320312 
Cross_Entropy lr = 1e-05 Loss 147/200 Loss is L =2.0620079040527344 
Cross_Entropy lr = 1e-05 Loss 148/200 Loss is L =2.0675363540649414 
Cross_Entropy lr = 1e-05 Loss 149/200 Loss is L =2.066803455352783 
Cross_Entropy lr = 1e-05 Loss 150/200 Loss is L =2.0691497325897217 
Cross_Entropy lr = 1e-05 Loss 151/200 Loss is L =2.063354969024658 
Cross_Entropy lr = 1e-05 Loss 152/200 Loss is L =2.0670764446258545 
Cross_Entropy lr = 1e-05 Loss 153/200 Loss is L =2.062592029571533 
Cross_Entropy lr = 1e-05 Loss 154/200 Loss is L =2.0687787532806396 
Cross_Entropy lr = 1e-05 Loss 155/200 Loss is L =2.075054168701172 
Cross_Entropy lr = 1e-05 Loss 156/200 Loss is L =2.066509246826172 
Cross_Entropy lr = 1e-05 Loss 157/200 Loss is L =2.064182996749878 
Cross_Entropy lr = 1e-05 Loss 158/200 Loss is L =2.0619897842407227 
Cross_Entropy lr = 1e-05 Loss 159/200 Loss is L =2.06520938873291 
Cross_Entropy lr = 1e-05 Loss 160/200 Loss is L =2.067500591278076 
Cross_Entropy lr = 1e-05 Loss 161/200 Loss is L =2.0674846172332764 
Cross_Entropy lr = 1e-05 Loss 162/200 Loss is L =2.063159704208374 
Cross_Entropy lr = 1e-05 Loss 163/200 Loss is L =2.0668675899505615 
Cross_Entropy lr = 1e-05 Loss 164/200 Loss is L =2.064939260482788 
Cross_Entropy lr = 1e-05 Loss 165/200 Loss is L =2.071270704269409 
Cross_Entropy lr = 1e-05 Loss 166/200 Loss is L =2.067039966583252 
Cross_Entropy lr = 1e-05 Loss 167/200 Loss is L =2.0625011920928955 
Cross_Entropy lr = 1e-05 Loss 168/200 Loss is L =2.0582737922668457 
Cross_Entropy lr = 1e-05 Loss 169/200 Loss is L =2.0639753341674805 
Cross_Entropy lr = 1e-05 Loss 170/200 Loss is L =2.0598137378692627 
Cross_Entropy lr = 1e-05 Loss 171/200 Loss is L =2.069241762161255 
Cross_Entropy lr = 1e-05 Loss 172/200 Loss is L =2.0642147064208984 
Cross_Entropy lr = 1e-05 Loss 173/200 Loss is L =2.0592448711395264 
Cross_Entropy lr = 1e-05 Loss 174/200 Loss is L =2.0621190071105957 
Cross_Entropy lr = 1e-05 Loss 175/200 Loss is L =2.059648275375366 
Cross_Entropy lr = 1e-05 Loss 176/200 Loss is L =2.067833662033081 
Cross_Entropy lr = 1e-05 Loss 177/200 Loss is L =2.062187910079956 
Cross_Entropy lr = 1e-05 Loss 178/200 Loss is L =2.058331251144409 
Cross_Entropy lr = 1e-05 Loss 179/200 Loss is L =2.0569417476654053 
Cross_Entropy lr = 1e-05 Loss 180/200 Loss is L =2.0609989166259766 
Cross_Entropy lr = 1e-05 Loss 181/200 Loss is L =2.0607569217681885 
Cross_Entropy lr = 1e-05 Loss 182/200 Loss is L =2.0670037269592285 
Cross_Entropy lr = 1e-05 Loss 183/200 Loss is L =2.065488576889038 
Cross_Entropy lr = 1e-05 Loss 184/200 Loss is L =2.060800552368164 
Cross_Entropy lr = 1e-05 Loss 185/200 Loss is L =2.0693719387054443 
Cross_Entropy lr = 1e-05 Loss 186/200 Loss is L =2.062009572982788 
Cross_Entropy lr = 1e-05 Loss 187/200 Loss is L =2.062479019165039 
Cross_Entropy lr = 1e-05 Loss 188/200 Loss is L =2.0650925636291504 
Cross_Entropy lr = 1e-05 Loss 189/200 Loss is L =2.0655288696289062 
Cross_Entropy lr = 1e-05 Loss 190/200 Loss is L =2.065643787384033 
Cross_Entropy lr = 1e-05 Loss 191/200 Loss is L =2.0687263011932373 
Cross_Entropy lr = 1e-05 Loss 192/200 Loss is L =2.060438871383667 
Cross_Entropy lr = 1e-05 Loss 193/200 Loss is L =2.0601394176483154 
Cross_Entropy lr = 1e-05 Loss 194/200 Loss is L =2.0652177333831787 
Cross_Entropy lr = 1e-05 Loss 195/200 Loss is L =2.06270432472229 
Cross_Entropy lr = 1e-05 Loss 196/200 Loss is L =2.068233013153076 
Cross_Entropy lr = 1e-05 Loss 197/200 Loss is L =2.064279556274414 
Cross_Entropy lr = 1e-05 Loss 198/200 Loss is L =2.064932346343994 
Cross_Entropy lr = 1e-05 Loss 199/200 Loss is L =2.0662715435028076 
Cross_Entropy lr = 1e-05 Loss 200/200 Loss is L =2.063361167907715 
Cross_Entropy lr = 0.0001 Loss 1/200 Loss is L =2.073049306869507 
Cross_Entropy lr = 0.0001 Loss 2/200 Loss is L =2.069230794906616 
Cross_Entropy lr = 0.0001 Loss 3/200 Loss is L =2.0677499771118164 
Cross_Entropy lr = 0.0001 Loss 4/200 Loss is L =2.0680973529815674 
Cross_Entropy lr = 0.0001 Loss 5/200 Loss is L =2.0625646114349365 
Cross_Entropy lr = 0.0001 Loss 6/200 Loss is L =2.060035467147827 
Cross_Entropy lr = 0.0001 Loss 7/200 Loss is L =2.059441089630127 
Cross_Entropy lr = 0.0001 Loss 8/200 Loss is L =2.0581040382385254 
Cross_Entropy lr = 0.0001 Loss 9/200 Loss is L =2.055989980697632 
Cross_Entropy lr = 0.0001 Loss 10/200 Loss is L =2.063852548599243 
Cross_Entropy lr = 0.0001 Loss 11/200 Loss is L =2.055635690689087 
Cross_Entropy lr = 0.0001 Loss 12/200 Loss is L =2.0500810146331787 
Cross_Entropy lr = 0.0001 Loss 13/200 Loss is L =2.0507736206054688 
Cross_Entropy lr = 0.0001 Loss 14/200 Loss is L =2.0513198375701904 
Cross_Entropy lr = 0.0001 Loss 15/200 Loss is L =2.0480973720550537 
Cross_Entropy lr = 0.0001 Loss 16/200 Loss is L =2.0554659366607666 
Cross_Entropy lr = 0.0001 Loss 17/200 Loss is L =2.045719623565674 
Cross_Entropy lr = 0.0001 Loss 18/200 Loss is L =2.047966241836548 
Cross_Entropy lr = 0.0001 Loss 19/200 Loss is L =2.04964017868042 
Cross_Entropy lr = 0.0001 Loss 20/200 Loss is L =2.047292709350586 
Cross_Entropy lr = 0.0001 Loss 21/200 Loss is L =2.043431520462036 
Cross_Entropy lr = 0.0001 Loss 22/200 Loss is L =2.04658579826355 
Cross_Entropy lr = 0.0001 Loss 23/200 Loss is L =2.045658588409424 
Cross_Entropy lr = 0.0001 Loss 24/200 Loss is L =2.043077230453491 
Cross_Entropy lr = 0.0001 Loss 25/200 Loss is L =2.0410125255584717 
Cross_Entropy lr = 0.0001 Loss 26/200 Loss is L =2.0390210151672363 
Cross_Entropy lr = 0.0001 Loss 27/200 Loss is L =2.0482864379882812 
Cross_Entropy lr = 0.0001 Loss 28/200 Loss is L =2.0457208156585693 
Cross_Entropy lr = 0.0001 Loss 29/200 Loss is L =2.039942502975464 
Cross_Entropy lr = 0.0001 Loss 30/200 Loss is L =2.0484275817871094 
Cross_Entropy lr = 0.0001 Loss 31/200 Loss is L =2.0497801303863525 
Cross_Entropy lr = 0.0001 Loss 32/200 Loss is L =2.04154372215271 
Cross_Entropy lr = 0.0001 Loss 33/200 Loss is L =2.0388336181640625 
Cross_Entropy lr = 0.0001 Loss 34/200 Loss is L =2.043658971786499 
Cross_Entropy lr = 0.0001 Loss 35/200 Loss is L =2.0323657989501953 
Cross_Entropy lr = 0.0001 Loss 36/200 Loss is L =2.037343740463257 
Cross_Entropy lr = 0.0001 Loss 37/200 Loss is L =2.04429030418396 
Cross_Entropy lr = 0.0001 Loss 38/200 Loss is L =2.0360054969787598 
Cross_Entropy lr = 0.0001 Loss 39/200 Loss is L =2.0430355072021484 
Cross_Entropy lr = 0.0001 Loss 40/200 Loss is L =2.0408947467803955 
Cross_Entropy lr = 0.0001 Loss 41/200 Loss is L =2.0423905849456787 
Cross_Entropy lr = 0.0001 Loss 42/200 Loss is L =2.0378270149230957 
Cross_Entropy lr = 0.0001 Loss 43/200 Loss is L =2.033712148666382 
Cross_Entropy lr = 0.0001 Loss 44/200 Loss is L =2.0342869758605957 
Cross_Entropy lr = 0.0001 Loss 45/200 Loss is L =2.0401737689971924 
Cross_Entropy lr = 0.0001 Loss 46/200 Loss is L =2.037767171859741 
Cross_Entropy lr = 0.0001 Loss 47/200 Loss is L =2.037855863571167 
Cross_Entropy lr = 0.0001 Loss 48/200 Loss is L =2.0346944332122803 
Cross_Entropy lr = 0.0001 Loss 49/200 Loss is L =2.0420308113098145 
Cross_Entropy lr = 0.0001 Loss 50/200 Loss is L =2.041217088699341 
Cross_Entropy lr = 0.0001 Loss 51/200 Loss is L =2.0401604175567627 
Cross_Entropy lr = 0.0001 Loss 52/200 Loss is L =2.0376200675964355 
Cross_Entropy lr = 0.0001 Loss 53/200 Loss is L =2.0402352809906006 
Cross_Entropy lr = 0.0001 Loss 54/200 Loss is L =2.039388656616211 
Cross_Entropy lr = 0.0001 Loss 55/200 Loss is L =2.0399832725524902 
Cross_Entropy lr = 0.0001 Loss 56/200 Loss is L =2.031184196472168 
Cross_Entropy lr = 0.0001 Loss 57/200 Loss is L =2.041536808013916 
Cross_Entropy lr = 0.0001 Loss 58/200 Loss is L =2.032388925552368 
Cross_Entropy lr = 0.0001 Loss 59/200 Loss is L =2.038867712020874 
Cross_Entropy lr = 0.0001 Loss 60/200 Loss is L =2.0440316200256348 
Cross_Entropy lr = 0.0001 Loss 61/200 Loss is L =2.038912534713745 
Cross_Entropy lr = 0.0001 Loss 62/200 Loss is L =2.032503366470337 
Cross_Entropy lr = 0.0001 Loss 63/200 Loss is L =2.0346152782440186 
Cross_Entropy lr = 0.0001 Loss 64/200 Loss is L =2.0385890007019043 
Cross_Entropy lr = 0.0001 Loss 65/200 Loss is L =2.03960919380188 
Cross_Entropy lr = 0.0001 Loss 66/200 Loss is L =2.034315347671509 
Cross_Entropy lr = 0.0001 Loss 67/200 Loss is L =2.0385875701904297 
Cross_Entropy lr = 0.0001 Loss 68/200 Loss is L =2.036529302597046 
Cross_Entropy lr = 0.0001 Loss 69/200 Loss is L =2.034726619720459 
Cross_Entropy lr = 0.0001 Loss 70/200 Loss is L =2.0359714031219482 
Cross_Entropy lr = 0.0001 Loss 71/200 Loss is L =2.0389981269836426 
Cross_Entropy lr = 0.0001 Loss 72/200 Loss is L =2.039623260498047 
Cross_Entropy lr = 0.0001 Loss 73/200 Loss is L =2.0309321880340576 
Cross_Entropy lr = 0.0001 Loss 74/200 Loss is L =2.03568959236145 
Cross_Entropy lr = 0.0001 Loss 75/200 Loss is L =2.0374932289123535 
Cross_Entropy lr = 0.0001 Loss 76/200 Loss is L =2.033400774002075 
Cross_Entropy lr = 0.0001 Loss 77/200 Loss is L =2.042571783065796 
Cross_Entropy lr = 0.0001 Loss 78/200 Loss is L =2.0332212448120117 
Cross_Entropy lr = 0.0001 Loss 79/200 Loss is L =2.040959596633911 
Cross_Entropy lr = 0.0001 Loss 80/200 Loss is L =2.0430355072021484 
Cross_Entropy lr = 0.0001 Loss 81/200 Loss is L =2.032376289367676 
Cross_Entropy lr = 0.0001 Loss 82/200 Loss is L =2.030256986618042 
Cross_Entropy lr = 0.0001 Loss 83/200 Loss is L =2.042221784591675 
Cross_Entropy lr = 0.0001 Loss 84/200 Loss is L =2.0374934673309326 
Cross_Entropy lr = 0.0001 Loss 85/200 Loss is L =2.0345709323883057 
Cross_Entropy lr = 0.0001 Loss 86/200 Loss is L =2.037475347518921 
Cross_Entropy lr = 0.0001 Loss 87/200 Loss is L =2.0364761352539062 
Cross_Entropy lr = 0.0001 Loss 88/200 Loss is L =2.035773992538452 
Cross_Entropy lr = 0.0001 Loss 89/200 Loss is L =2.0359489917755127 
Cross_Entropy lr = 0.0001 Loss 90/200 Loss is L =2.0373685359954834 
Cross_Entropy lr = 0.0001 Loss 91/200 Loss is L =2.0335307121276855 
Cross_Entropy lr = 0.0001 Loss 92/200 Loss is L =2.0394787788391113 
Cross_Entropy lr = 0.0001 Loss 93/200 Loss is L =2.0457417964935303 
Cross_Entropy lr = 0.0001 Loss 94/200 Loss is L =2.0343270301818848 
Cross_Entropy lr = 0.0001 Loss 95/200 Loss is L =2.0353240966796875 
Cross_Entropy lr = 0.0001 Loss 96/200 Loss is L =2.035137891769409 
Cross_Entropy lr = 0.0001 Loss 97/200 Loss is L =2.0365898609161377 
Cross_Entropy lr = 0.0001 Loss 98/200 Loss is L =2.0321643352508545 
Cross_Entropy lr = 0.0001 Loss 99/200 Loss is L =2.039827823638916 
Cross_Entropy lr = 0.0001 Loss 100/200 Loss is L =2.0380382537841797 
Cross_Entropy lr = 0.0001 Loss 101/200 Loss is L =2.0342376232147217 
Cross_Entropy lr = 0.0001 Loss 102/200 Loss is L =2.0328209400177 
Cross_Entropy lr = 0.0001 Loss 103/200 Loss is L =2.0371835231781006 
Cross_Entropy lr = 0.0001 Loss 104/200 Loss is L =2.0362548828125 
Cross_Entropy lr = 0.0001 Loss 105/200 Loss is L =2.032778263092041 
Cross_Entropy lr = 0.0001 Loss 106/200 Loss is L =2.035571813583374 
Cross_Entropy lr = 0.0001 Loss 107/200 Loss is L =2.041355848312378 
Cross_Entropy lr = 0.0001 Loss 108/200 Loss is L =2.0380547046661377 
Cross_Entropy lr = 0.0001 Loss 109/200 Loss is L =2.0370559692382812 
Cross_Entropy lr = 0.0001 Loss 110/200 Loss is L =2.0370664596557617 
Cross_Entropy lr = 0.0001 Loss 111/200 Loss is L =2.0403449535369873 
Cross_Entropy lr = 0.0001 Loss 112/200 Loss is L =2.038343906402588 
Cross_Entropy lr = 0.0001 Loss 113/200 Loss is L =2.0405168533325195 
Cross_Entropy lr = 0.0001 Loss 114/200 Loss is L =2.032588005065918 
Cross_Entropy lr = 0.0001 Loss 115/200 Loss is L =2.0309808254241943 
Cross_Entropy lr = 0.0001 Loss 116/200 Loss is L =2.03946852684021 
Cross_Entropy lr = 0.0001 Loss 117/200 Loss is L =2.04154896736145 
Cross_Entropy lr = 0.0001 Loss 118/200 Loss is L =2.0365912914276123 
Cross_Entropy lr = 0.0001 Loss 119/200 Loss is L =2.0427887439727783 
Cross_Entropy lr = 0.0001 Loss 120/200 Loss is L =2.031986713409424 
Cross_Entropy lr = 0.0001 Loss 121/200 Loss is L =2.0354182720184326 
Cross_Entropy lr = 0.0001 Loss 122/200 Loss is L =2.044260025024414 
Cross_Entropy lr = 0.0001 Loss 123/200 Loss is L =2.033587694168091 
Cross_Entropy lr = 0.0001 Loss 124/200 Loss is L =2.0350501537323 
Cross_Entropy lr = 0.0001 Loss 125/200 Loss is L =2.038724660873413 
Cross_Entropy lr = 0.0001 Loss 126/200 Loss is L =2.0358829498291016 
Cross_Entropy lr = 0.0001 Loss 127/200 Loss is L =2.033554792404175 
Cross_Entropy lr = 0.0001 Loss 128/200 Loss is L =2.0373971462249756 
Cross_Entropy lr = 0.0001 Loss 129/200 Loss is L =2.032569169998169 
Cross_Entropy lr = 0.0001 Loss 130/200 Loss is L =2.0328712463378906 
Cross_Entropy lr = 0.0001 Loss 131/200 Loss is L =2.0398623943328857 
Cross_Entropy lr = 0.0001 Loss 132/200 Loss is L =2.0364537239074707 
Cross_Entropy lr = 0.0001 Loss 133/200 Loss is L =2.0334408283233643 
Cross_Entropy lr = 0.0001 Loss 134/200 Loss is L =2.0323872566223145 
Cross_Entropy lr = 0.0001 Loss 135/200 Loss is L =2.0367825031280518 
Cross_Entropy lr = 0.0001 Loss 136/200 Loss is L =2.035971164703369 
Cross_Entropy lr = 0.0001 Loss 137/200 Loss is L =2.0341808795928955 
Cross_Entropy lr = 0.0001 Loss 138/200 Loss is L =2.0374372005462646 
Cross_Entropy lr = 0.0001 Loss 139/200 Loss is L =2.0290446281433105 
Cross_Entropy lr = 0.0001 Loss 140/200 Loss is L =2.037006378173828 
Cross_Entropy lr = 0.0001 Loss 141/200 Loss is L =2.0417182445526123 
Cross_Entropy lr = 0.0001 Loss 142/200 Loss is L =2.0416641235351562 
Cross_Entropy lr = 0.0001 Loss 143/200 Loss is L =2.0408012866973877 
Cross_Entropy lr = 0.0001 Loss 144/200 Loss is L =2.031670331954956 
Cross_Entropy lr = 0.0001 Loss 145/200 Loss is L =2.0303096771240234 
Cross_Entropy lr = 0.0001 Loss 146/200 Loss is L =2.0374624729156494 
Cross_Entropy lr = 0.0001 Loss 147/200 Loss is L =2.037130117416382 
Cross_Entropy lr = 0.0001 Loss 148/200 Loss is L =2.0363216400146484 
Cross_Entropy lr = 0.0001 Loss 149/200 Loss is L =2.0352065563201904 
Cross_Entropy lr = 0.0001 Loss 150/200 Loss is L =2.041576862335205 
Cross_Entropy lr = 0.0001 Loss 151/200 Loss is L =2.042912721633911 
Cross_Entropy lr = 0.0001 Loss 152/200 Loss is L =2.036240816116333 
Cross_Entropy lr = 0.0001 Loss 153/200 Loss is L =2.0370864868164062 
Cross_Entropy lr = 0.0001 Loss 154/200 Loss is L =2.0328149795532227 
Cross_Entropy lr = 0.0001 Loss 155/200 Loss is L =2.037214994430542 
Cross_Entropy lr = 0.0001 Loss 156/200 Loss is L =2.034470319747925 
Cross_Entropy lr = 0.0001 Loss 157/200 Loss is L =2.0313327312469482 
Cross_Entropy lr = 0.0001 Loss 158/200 Loss is L =2.0419487953186035 
Cross_Entropy lr = 0.0001 Loss 159/200 Loss is L =2.035032272338867 
Cross_Entropy lr = 0.0001 Loss 160/200 Loss is L =2.0334882736206055 
Cross_Entropy lr = 0.0001 Loss 161/200 Loss is L =2.0428364276885986 
Cross_Entropy lr = 0.0001 Loss 162/200 Loss is L =2.0308148860931396 
Cross_Entropy lr = 0.0001 Loss 163/200 Loss is L =2.033914804458618 
Cross_Entropy lr = 0.0001 Loss 164/200 Loss is L =2.033403158187866 
Cross_Entropy lr = 0.0001 Loss 165/200 Loss is L =2.0322511196136475 
Cross_Entropy lr = 0.0001 Loss 166/200 Loss is L =2.0343778133392334 
Cross_Entropy lr = 0.0001 Loss 167/200 Loss is L =2.034442186355591 
Cross_Entropy lr = 0.0001 Loss 168/200 Loss is L =2.0352046489715576 
Cross_Entropy lr = 0.0001 Loss 169/200 Loss is L =2.0330636501312256 
Cross_Entropy lr = 0.0001 Loss 170/200 Loss is L =2.0415093898773193 
Cross_Entropy lr = 0.0001 Loss 171/200 Loss is L =2.032552719116211 
Cross_Entropy lr = 0.0001 Loss 172/200 Loss is L =2.0327165126800537 
Cross_Entropy lr = 0.0001 Loss 173/200 Loss is L =2.0381076335906982 
Cross_Entropy lr = 0.0001 Loss 174/200 Loss is L =2.032038450241089 
Cross_Entropy lr = 0.0001 Loss 175/200 Loss is L =2.0360043048858643 
Cross_Entropy lr = 0.0001 Loss 176/200 Loss is L =2.033113956451416 
Cross_Entropy lr = 0.0001 Loss 177/200 Loss is L =2.0336666107177734 
Cross_Entropy lr = 0.0001 Loss 178/200 Loss is L =2.04049015045166 
Cross_Entropy lr = 0.0001 Loss 179/200 Loss is L =2.0425915718078613 
Cross_Entropy lr = 0.0001 Loss 180/200 Loss is L =2.0367965698242188 
Cross_Entropy lr = 0.0001 Loss 181/200 Loss is L =2.0415802001953125 
Cross_Entropy lr = 0.0001 Loss 182/200 Loss is L =2.0348458290100098 
Cross_Entropy lr = 0.0001 Loss 183/200 Loss is L =2.0399978160858154 
Cross_Entropy lr = 0.0001 Loss 184/200 Loss is L =2.0331902503967285 
Cross_Entropy lr = 0.0001 Loss 185/200 Loss is L =2.0349655151367188 
Cross_Entropy lr = 0.0001 Loss 186/200 Loss is L =2.028341054916382 
Cross_Entropy lr = 0.0001 Loss 187/200 Loss is L =2.040365219116211 
Cross_Entropy lr = 0.0001 Loss 188/200 Loss is L =2.031113862991333 
Cross_Entropy lr = 0.0001 Loss 189/200 Loss is L =2.038282871246338 
Cross_Entropy lr = 0.0001 Loss 190/200 Loss is L =2.0316007137298584 
Cross_Entropy lr = 0.0001 Loss 191/200 Loss is L =2.0355942249298096 
Cross_Entropy lr = 0.0001 Loss 192/200 Loss is L =2.035325288772583 
Cross_Entropy lr = 0.0001 Loss 193/200 Loss is L =2.0348339080810547 
Cross_Entropy lr = 0.0001 Loss 194/200 Loss is L =2.031747817993164 
Cross_Entropy lr = 0.0001 Loss 195/200 Loss is L =2.0358314514160156 
Cross_Entropy lr = 0.0001 Loss 196/200 Loss is L =2.0459299087524414 
Cross_Entropy lr = 0.0001 Loss 197/200 Loss is L =2.0339763164520264 
Cross_Entropy lr = 0.0001 Loss 198/200 Loss is L =2.0350425243377686 
Cross_Entropy lr = 0.0001 Loss 199/200 Loss is L =2.0345747470855713 
Cross_Entropy lr = 0.0001 Loss 200/200 Loss is L =2.0371036529541016 
Cross_Entropy lr = 0.0005 Loss 1/200 Loss is L =2.06417179107666 
Cross_Entropy lr = 0.0005 Loss 2/200 Loss is L =2.062328338623047 
Cross_Entropy lr = 0.0005 Loss 3/200 Loss is L =2.0572545528411865 
Cross_Entropy lr = 0.0005 Loss 4/200 Loss is L =2.041240930557251 
Cross_Entropy lr = 0.0005 Loss 5/200 Loss is L =2.041722059249878 
Cross_Entropy lr = 0.0005 Loss 6/200 Loss is L =2.034630298614502 
Cross_Entropy lr = 0.0005 Loss 7/200 Loss is L =2.0349671840667725 
Cross_Entropy lr = 0.0005 Loss 8/200 Loss is L =2.0343596935272217 
Cross_Entropy lr = 0.0005 Loss 9/200 Loss is L =2.0287768840789795 
Cross_Entropy lr = 0.0005 Loss 10/200 Loss is L =2.0195298194885254 
Cross_Entropy lr = 0.0005 Loss 11/200 Loss is L =2.0333211421966553 
Cross_Entropy lr = 0.0005 Loss 12/200 Loss is L =2.0362420082092285 
Cross_Entropy lr = 0.0005 Loss 13/200 Loss is L =2.007537603378296 
Cross_Entropy lr = 0.0005 Loss 14/200 Loss is L =2.0169637203216553 
Cross_Entropy lr = 0.0005 Loss 15/200 Loss is L =2.009521961212158 
Cross_Entropy lr = 0.0005 Loss 16/200 Loss is L =1.9976638555526733 
Cross_Entropy lr = 0.0005 Loss 17/200 Loss is L =2.016120672225952 
Cross_Entropy lr = 0.0005 Loss 18/200 Loss is L =1.9965664148330688 
Cross_Entropy lr = 0.0005 Loss 19/200 Loss is L =2.0011792182922363 
Cross_Entropy lr = 0.0005 Loss 20/200 Loss is L =1.9911516904830933 
Cross_Entropy lr = 0.0005 Loss 21/200 Loss is L =1.9874712228775024 
Cross_Entropy lr = 0.0005 Loss 22/200 Loss is L =1.9890203475952148 
Cross_Entropy lr = 0.0005 Loss 23/200 Loss is L =1.9674166440963745 
Cross_Entropy lr = 0.0005 Loss 24/200 Loss is L =1.9891468286514282 
Cross_Entropy lr = 0.0005 Loss 25/200 Loss is L =1.9925259351730347 
Cross_Entropy lr = 0.0005 Loss 26/200 Loss is L =1.9697227478027344 
Cross_Entropy lr = 0.0005 Loss 27/200 Loss is L =1.969254732131958 
Cross_Entropy lr = 0.0005 Loss 28/200 Loss is L =1.986506462097168 
Cross_Entropy lr = 0.0005 Loss 29/200 Loss is L =1.9592132568359375 
Cross_Entropy lr = 0.0005 Loss 30/200 Loss is L =1.9717838764190674 
Cross_Entropy lr = 0.0005 Loss 31/200 Loss is L =1.9687095880508423 
Cross_Entropy lr = 0.0005 Loss 32/200 Loss is L =1.9664967060089111 
Cross_Entropy lr = 0.0005 Loss 33/200 Loss is L =1.990752100944519 
Cross_Entropy lr = 0.0005 Loss 34/200 Loss is L =1.969368577003479 
Cross_Entropy lr = 0.0005 Loss 35/200 Loss is L =1.963945746421814 
Cross_Entropy lr = 0.0005 Loss 36/200 Loss is L =1.9661353826522827 
Cross_Entropy lr = 0.0005 Loss 37/200 Loss is L =1.9455474615097046 
Cross_Entropy lr = 0.0005 Loss 38/200 Loss is L =1.9383264780044556 
Cross_Entropy lr = 0.0005 Loss 39/200 Loss is L =1.95596444606781 
Cross_Entropy lr = 0.0005 Loss 40/200 Loss is L =1.9647423028945923 
Cross_Entropy lr = 0.0005 Loss 41/200 Loss is L =1.9388000965118408 
Cross_Entropy lr = 0.0005 Loss 42/200 Loss is L =1.9584842920303345 
Cross_Entropy lr = 0.0005 Loss 43/200 Loss is L =1.9393829107284546 
Cross_Entropy lr = 0.0005 Loss 44/200 Loss is L =1.9560365676879883 
Cross_Entropy lr = 0.0005 Loss 45/200 Loss is L =1.963079810142517 
Cross_Entropy lr = 0.0005 Loss 46/200 Loss is L =1.952056884765625 
Cross_Entropy lr = 0.0005 Loss 47/200 Loss is L =1.9395655393600464 
Cross_Entropy lr = 0.0005 Loss 48/200 Loss is L =1.9404327869415283 
Cross_Entropy lr = 0.0005 Loss 49/200 Loss is L =1.9344959259033203 
Cross_Entropy lr = 0.0005 Loss 50/200 Loss is L =1.9443321228027344 
Cross_Entropy lr = 0.0005 Loss 51/200 Loss is L =1.9469574689865112 
Cross_Entropy lr = 0.0005 Loss 52/200 Loss is L =1.921807885169983 
Cross_Entropy lr = 0.0005 Loss 53/200 Loss is L =1.9466432332992554 
Cross_Entropy lr = 0.0005 Loss 54/200 Loss is L =1.9526504278182983 
Cross_Entropy lr = 0.0005 Loss 55/200 Loss is L =1.929172396659851 
Cross_Entropy lr = 0.0005 Loss 56/200 Loss is L =1.943976640701294 
Cross_Entropy lr = 0.0005 Loss 57/200 Loss is L =1.9350979328155518 
Cross_Entropy lr = 0.0005 Loss 58/200 Loss is L =1.97994065284729 
Cross_Entropy lr = 0.0005 Loss 59/200 Loss is L =1.9078019857406616 
Cross_Entropy lr = 0.0005 Loss 60/200 Loss is L =1.9319992065429688 
Cross_Entropy lr = 0.0005 Loss 61/200 Loss is L =1.940834879875183 
Cross_Entropy lr = 0.0005 Loss 62/200 Loss is L =1.9369081258773804 
Cross_Entropy lr = 0.0005 Loss 63/200 Loss is L =1.9433491230010986 
Cross_Entropy lr = 0.0005 Loss 64/200 Loss is L =1.9340461492538452 
Cross_Entropy lr = 0.0005 Loss 65/200 Loss is L =1.9326893091201782 
Cross_Entropy lr = 0.0005 Loss 66/200 Loss is L =1.9332822561264038 
Cross_Entropy lr = 0.0005 Loss 67/200 Loss is L =1.9077552556991577 
Cross_Entropy lr = 0.0005 Loss 68/200 Loss is L =1.940919280052185 
Cross_Entropy lr = 0.0005 Loss 69/200 Loss is L =1.9452142715454102 
Cross_Entropy lr = 0.0005 Loss 70/200 Loss is L =1.9102510213851929 
Cross_Entropy lr = 0.0005 Loss 71/200 Loss is L =1.9295015335083008 
Cross_Entropy lr = 0.0005 Loss 72/200 Loss is L =1.9318344593048096 
Cross_Entropy lr = 0.0005 Loss 73/200 Loss is L =1.951284646987915 
Cross_Entropy lr = 0.0005 Loss 74/200 Loss is L =1.9255026578903198 
Cross_Entropy lr = 0.0005 Loss 75/200 Loss is L =1.9441992044448853 
Cross_Entropy lr = 0.0005 Loss 76/200 Loss is L =1.916775107383728 
Cross_Entropy lr = 0.0005 Loss 77/200 Loss is L =1.9296354055404663 
Cross_Entropy lr = 0.0005 Loss 78/200 Loss is L =1.928669810295105 
Cross_Entropy lr = 0.0005 Loss 79/200 Loss is L =1.9367481470108032 
Cross_Entropy lr = 0.0005 Loss 80/200 Loss is L =1.9446054697036743 
Cross_Entropy lr = 0.0005 Loss 81/200 Loss is L =1.928139328956604 
Cross_Entropy lr = 0.0005 Loss 82/200 Loss is L =1.9238313436508179 
Cross_Entropy lr = 0.0005 Loss 83/200 Loss is L =1.9080132246017456 
Cross_Entropy lr = 0.0005 Loss 84/200 Loss is L =1.9132260084152222 
Cross_Entropy lr = 0.0005 Loss 85/200 Loss is L =1.9220837354660034 
Cross_Entropy lr = 0.0005 Loss 86/200 Loss is L =1.93423330783844 
Cross_Entropy lr = 0.0005 Loss 87/200 Loss is L =1.9503955841064453 
Cross_Entropy lr = 0.0005 Loss 88/200 Loss is L =1.936545729637146 
Cross_Entropy lr = 0.0005 Loss 89/200 Loss is L =1.9592102766036987 
Cross_Entropy lr = 0.0005 Loss 90/200 Loss is L =1.9322566986083984 
Cross_Entropy lr = 0.0005 Loss 91/200 Loss is L =1.934594750404358 
Cross_Entropy lr = 0.0005 Loss 92/200 Loss is L =1.9260139465332031 
Cross_Entropy lr = 0.0005 Loss 93/200 Loss is L =1.9247738122940063 
Cross_Entropy lr = 0.0005 Loss 94/200 Loss is L =1.9321783781051636 
Cross_Entropy lr = 0.0005 Loss 95/200 Loss is L =1.9254951477050781 
Cross_Entropy lr = 0.0005 Loss 96/200 Loss is L =1.937203049659729 
Cross_Entropy lr = 0.0005 Loss 97/200 Loss is L =1.9009844064712524 
Cross_Entropy lr = 0.0005 Loss 98/200 Loss is L =1.9068565368652344 
Cross_Entropy lr = 0.0005 Loss 99/200 Loss is L =1.9203370809555054 
Cross_Entropy lr = 0.0005 Loss 100/200 Loss is L =1.9238026142120361 
Cross_Entropy lr = 0.0005 Loss 101/200 Loss is L =1.924556016921997 
Cross_Entropy lr = 0.0005 Loss 102/200 Loss is L =1.9139927625656128 
Cross_Entropy lr = 0.0005 Loss 103/200 Loss is L =1.9163316488265991 
Cross_Entropy lr = 0.0005 Loss 104/200 Loss is L =1.9158127307891846 
Cross_Entropy lr = 0.0005 Loss 105/200 Loss is L =1.9262802600860596 
Cross_Entropy lr = 0.0005 Loss 106/200 Loss is L =1.9097594022750854 
Cross_Entropy lr = 0.0005 Loss 107/200 Loss is L =1.9441750049591064 
Cross_Entropy lr = 0.0005 Loss 108/200 Loss is L =1.923277735710144 
Cross_Entropy lr = 0.0005 Loss 109/200 Loss is L =1.9164663553237915 
Cross_Entropy lr = 0.0005 Loss 110/200 Loss is L =1.9070669412612915 
Cross_Entropy lr = 0.0005 Loss 111/200 Loss is L =1.9060413837432861 
Cross_Entropy lr = 0.0005 Loss 112/200 Loss is L =1.939312219619751 
Cross_Entropy lr = 0.0005 Loss 113/200 Loss is L =1.9206303358078003 
Cross_Entropy lr = 0.0005 Loss 114/200 Loss is L =1.9268795251846313 
Cross_Entropy lr = 0.0005 Loss 115/200 Loss is L =1.9327480792999268 
Cross_Entropy lr = 0.0005 Loss 116/200 Loss is L =1.897828459739685 
Cross_Entropy lr = 0.0005 Loss 117/200 Loss is L =1.8969351053237915 
Cross_Entropy lr = 0.0005 Loss 118/200 Loss is L =1.9410831928253174 
Cross_Entropy lr = 0.0005 Loss 119/200 Loss is L =1.9239342212677002 
Cross_Entropy lr = 0.0005 Loss 120/200 Loss is L =1.9210411310195923 
Cross_Entropy lr = 0.0005 Loss 121/200 Loss is L =1.9430077075958252 
Cross_Entropy lr = 0.0005 Loss 122/200 Loss is L =1.9307632446289062 
Cross_Entropy lr = 0.0005 Loss 123/200 Loss is L =1.924692988395691 
Cross_Entropy lr = 0.0005 Loss 124/200 Loss is L =1.9331258535385132 
Cross_Entropy lr = 0.0005 Loss 125/200 Loss is L =1.9213697910308838 
Cross_Entropy lr = 0.0005 Loss 126/200 Loss is L =1.9253202676773071 
Cross_Entropy lr = 0.0005 Loss 127/200 Loss is L =1.9215528964996338 
Cross_Entropy lr = 0.0005 Loss 128/200 Loss is L =1.9199761152267456 
Cross_Entropy lr = 0.0005 Loss 129/200 Loss is L =1.9176796674728394 
Cross_Entropy lr = 0.0005 Loss 130/200 Loss is L =1.9310581684112549 
Cross_Entropy lr = 0.0005 Loss 131/200 Loss is L =1.9007469415664673 
Cross_Entropy lr = 0.0005 Loss 132/200 Loss is L =1.9265432357788086 
Cross_Entropy lr = 0.0005 Loss 133/200 Loss is L =1.9194694757461548 
Cross_Entropy lr = 0.0005 Loss 134/200 Loss is L =1.9275944232940674 
Cross_Entropy lr = 0.0005 Loss 135/200 Loss is L =1.9151691198349 
Cross_Entropy lr = 0.0005 Loss 136/200 Loss is L =1.9246063232421875 
Cross_Entropy lr = 0.0005 Loss 137/200 Loss is L =1.9258537292480469 
Cross_Entropy lr = 0.0005 Loss 138/200 Loss is L =1.912840485572815 
Cross_Entropy lr = 0.0005 Loss 139/200 Loss is L =1.9030526876449585 
Cross_Entropy lr = 0.0005 Loss 140/200 Loss is L =1.942908525466919 
Cross_Entropy lr = 0.0005 Loss 141/200 Loss is L =1.9129552841186523 
Cross_Entropy lr = 0.0005 Loss 142/200 Loss is L =1.9300693273544312 
Cross_Entropy lr = 0.0005 Loss 143/200 Loss is L =1.9310382604599 
Cross_Entropy lr = 0.0005 Loss 144/200 Loss is L =1.9247280359268188 
Cross_Entropy lr = 0.0005 Loss 145/200 Loss is L =1.9324597120285034 
Cross_Entropy lr = 0.0005 Loss 146/200 Loss is L =1.920497179031372 
Cross_Entropy lr = 0.0005 Loss 147/200 Loss is L =1.9320265054702759 
Cross_Entropy lr = 0.0005 Loss 148/200 Loss is L =1.9097408056259155 
Cross_Entropy lr = 0.0005 Loss 149/200 Loss is L =1.9090089797973633 
Cross_Entropy lr = 0.0005 Loss 150/200 Loss is L =1.9382492303848267 
Cross_Entropy lr = 0.0005 Loss 151/200 Loss is L =1.9311264753341675 
Cross_Entropy lr = 0.0005 Loss 152/200 Loss is L =1.9130420684814453 
Cross_Entropy lr = 0.0005 Loss 153/200 Loss is L =1.9148491621017456 
Cross_Entropy lr = 0.0005 Loss 154/200 Loss is L =1.9414204359054565 
Cross_Entropy lr = 0.0005 Loss 155/200 Loss is L =1.9520971775054932 
Cross_Entropy lr = 0.0005 Loss 156/200 Loss is L =1.938377022743225 
Cross_Entropy lr = 0.0005 Loss 157/200 Loss is L =1.9254413843154907 
Cross_Entropy lr = 0.0005 Loss 158/200 Loss is L =1.9385422468185425 
Cross_Entropy lr = 0.0005 Loss 159/200 Loss is L =1.9122211933135986 
Cross_Entropy lr = 0.0005 Loss 160/200 Loss is L =1.9143494367599487 
Cross_Entropy lr = 0.0005 Loss 161/200 Loss is L =1.916540503501892 
Cross_Entropy lr = 0.0005 Loss 162/200 Loss is L =1.9298095703125 
Cross_Entropy lr = 0.0005 Loss 163/200 Loss is L =1.9304558038711548 
Cross_Entropy lr = 0.0005 Loss 164/200 Loss is L =1.9427505731582642 
Cross_Entropy lr = 0.0005 Loss 165/200 Loss is L =1.9620246887207031 
Cross_Entropy lr = 0.0005 Loss 166/200 Loss is L =1.9372919797897339 
Cross_Entropy lr = 0.0005 Loss 167/200 Loss is L =1.9011319875717163 
Cross_Entropy lr = 0.0005 Loss 168/200 Loss is L =1.9373867511749268 
Cross_Entropy lr = 0.0005 Loss 169/200 Loss is L =1.916823387145996 
Cross_Entropy lr = 0.0005 Loss 170/200 Loss is L =1.91116464138031 
Cross_Entropy lr = 0.0005 Loss 171/200 Loss is L =1.9298546314239502 
Cross_Entropy lr = 0.0005 Loss 172/200 Loss is L =1.928142786026001 
Cross_Entropy lr = 0.0005 Loss 173/200 Loss is L =1.9186298847198486 
Cross_Entropy lr = 0.0005 Loss 174/200 Loss is L =1.9243230819702148 
Cross_Entropy lr = 0.0005 Loss 175/200 Loss is L =1.9207937717437744 
Cross_Entropy lr = 0.0005 Loss 176/200 Loss is L =1.9284261465072632 
Cross_Entropy lr = 0.0005 Loss 177/200 Loss is L =1.9452956914901733 
Cross_Entropy lr = 0.0005 Loss 178/200 Loss is L =1.9261394739151 
Cross_Entropy lr = 0.0005 Loss 179/200 Loss is L =1.910996675491333 
Cross_Entropy lr = 0.0005 Loss 180/200 Loss is L =1.9355629682540894 
Cross_Entropy lr = 0.0005 Loss 181/200 Loss is L =1.9155638217926025 
Cross_Entropy lr = 0.0005 Loss 182/200 Loss is L =1.9188724756240845 
Cross_Entropy lr = 0.0005 Loss 183/200 Loss is L =1.928078532218933 
Cross_Entropy lr = 0.0005 Loss 184/200 Loss is L =1.9175922870635986 
Cross_Entropy lr = 0.0005 Loss 185/200 Loss is L =1.9253910779953003 
Cross_Entropy lr = 0.0005 Loss 186/200 Loss is L =1.9196900129318237 
Cross_Entropy lr = 0.0005 Loss 187/200 Loss is L =1.9256988763809204 
Cross_Entropy lr = 0.0005 Loss 188/200 Loss is L =1.9166233539581299 
Cross_Entropy lr = 0.0005 Loss 189/200 Loss is L =1.9098049402236938 
Cross_Entropy lr = 0.0005 Loss 190/200 Loss is L =1.931287169456482 
Cross_Entropy lr = 0.0005 Loss 191/200 Loss is L =1.913939118385315 
Cross_Entropy lr = 0.0005 Loss 192/200 Loss is L =1.9172817468643188 
Cross_Entropy lr = 0.0005 Loss 193/200 Loss is L =1.9406448602676392 
Cross_Entropy lr = 0.0005 Loss 194/200 Loss is L =1.9349247217178345 
Cross_Entropy lr = 0.0005 Loss 195/200 Loss is L =1.920663833618164 
Cross_Entropy lr = 0.0005 Loss 196/200 Loss is L =1.9228588342666626 
Cross_Entropy lr = 0.0005 Loss 197/200 Loss is L =1.9236032962799072 
Cross_Entropy lr = 0.0005 Loss 198/200 Loss is L =1.941380500793457 
Cross_Entropy lr = 0.0005 Loss 199/200 Loss is L =1.922592043876648 
Cross_Entropy lr = 0.0005 Loss 200/200 Loss is L =1.9228746891021729 
Cross_Entropy lr = 0.001 Loss 1/200 Loss is L =2.062762975692749 
Cross_Entropy lr = 0.001 Loss 2/200 Loss is L =2.0591702461242676 
Cross_Entropy lr = 0.001 Loss 3/200 Loss is L =2.0465736389160156 
Cross_Entropy lr = 0.001 Loss 4/200 Loss is L =2.045973062515259 
Cross_Entropy lr = 0.001 Loss 5/200 Loss is L =2.028252363204956 
Cross_Entropy lr = 0.001 Loss 6/200 Loss is L =2.0306591987609863 
Cross_Entropy lr = 0.001 Loss 7/200 Loss is L =2.0286481380462646 
Cross_Entropy lr = 0.001 Loss 8/200 Loss is L =2.0172996520996094 
Cross_Entropy lr = 0.001 Loss 9/200 Loss is L =2.006094455718994 
Cross_Entropy lr = 0.001 Loss 10/200 Loss is L =2.0160186290740967 
Cross_Entropy lr = 0.001 Loss 11/200 Loss is L =1.9924176931381226 
Cross_Entropy lr = 0.001 Loss 12/200 Loss is L =1.9838005304336548 
Cross_Entropy lr = 0.001 Loss 13/200 Loss is L =1.9873594045639038 
Cross_Entropy lr = 0.001 Loss 14/200 Loss is L =1.969224214553833 
Cross_Entropy lr = 0.001 Loss 15/200 Loss is L =1.9693031311035156 
Cross_Entropy lr = 0.001 Loss 16/200 Loss is L =1.9665077924728394 
Cross_Entropy lr = 0.001 Loss 17/200 Loss is L =1.9624519348144531 
Cross_Entropy lr = 0.001 Loss 18/200 Loss is L =1.9559828042984009 
Cross_Entropy lr = 0.001 Loss 19/200 Loss is L =1.9667412042617798 
Cross_Entropy lr = 0.001 Loss 20/200 Loss is L =1.924353837966919 
Cross_Entropy lr = 0.001 Loss 21/200 Loss is L =1.9387520551681519 
Cross_Entropy lr = 0.001 Loss 22/200 Loss is L =1.9271878004074097 
Cross_Entropy lr = 0.001 Loss 23/200 Loss is L =1.9166691303253174 
Cross_Entropy lr = 0.001 Loss 24/200 Loss is L =1.910143256187439 
Cross_Entropy lr = 0.001 Loss 25/200 Loss is L =1.9149259328842163 
Cross_Entropy lr = 0.001 Loss 26/200 Loss is L =1.9397739171981812 
Cross_Entropy lr = 0.001 Loss 27/200 Loss is L =1.8995529413223267 
Cross_Entropy lr = 0.001 Loss 28/200 Loss is L =1.9120949506759644 
Cross_Entropy lr = 0.001 Loss 29/200 Loss is L =1.8841599225997925 
Cross_Entropy lr = 0.001 Loss 30/200 Loss is L =1.8865947723388672 
Cross_Entropy lr = 0.001 Loss 31/200 Loss is L =1.8585041761398315 
Cross_Entropy lr = 0.001 Loss 32/200 Loss is L =1.8671934604644775 
Cross_Entropy lr = 0.001 Loss 33/200 Loss is L =1.8606483936309814 
Cross_Entropy lr = 0.001 Loss 34/200 Loss is L =1.8812202215194702 
Cross_Entropy lr = 0.001 Loss 35/200 Loss is L =1.875056505203247 
Cross_Entropy lr = 0.001 Loss 36/200 Loss is L =1.8670905828475952 
Cross_Entropy lr = 0.001 Loss 37/200 Loss is L =1.8523215055465698 
Cross_Entropy lr = 0.001 Loss 38/200 Loss is L =1.8464163541793823 
Cross_Entropy lr = 0.001 Loss 39/200 Loss is L =1.816453218460083 
Cross_Entropy lr = 0.001 Loss 40/200 Loss is L =1.840972900390625 
Cross_Entropy lr = 0.001 Loss 41/200 Loss is L =1.8500137329101562 
Cross_Entropy lr = 0.001 Loss 42/200 Loss is L =1.8409359455108643 
Cross_Entropy lr = 0.001 Loss 43/200 Loss is L =1.841172456741333 
Cross_Entropy lr = 0.001 Loss 44/200 Loss is L =1.8241243362426758 
Cross_Entropy lr = 0.001 Loss 45/200 Loss is L =1.833201289176941 
Cross_Entropy lr = 0.001 Loss 46/200 Loss is L =1.8235092163085938 
Cross_Entropy lr = 0.001 Loss 47/200 Loss is L =1.8316420316696167 
Cross_Entropy lr = 0.001 Loss 48/200 Loss is L =1.8218259811401367 
Cross_Entropy lr = 0.001 Loss 49/200 Loss is L =1.804220199584961 
Cross_Entropy lr = 0.001 Loss 50/200 Loss is L =1.827998161315918 
Cross_Entropy lr = 0.001 Loss 51/200 Loss is L =1.7961403131484985 
Cross_Entropy lr = 0.001 Loss 52/200 Loss is L =1.7959747314453125 
Cross_Entropy lr = 0.001 Loss 53/200 Loss is L =1.8065277338027954 
Cross_Entropy lr = 0.001 Loss 54/200 Loss is L =1.7917312383651733 
Cross_Entropy lr = 0.001 Loss 55/200 Loss is L =1.8087555170059204 
Cross_Entropy lr = 0.001 Loss 56/200 Loss is L =1.8272987604141235 
Cross_Entropy lr = 0.001 Loss 57/200 Loss is L =1.8376625776290894 
Cross_Entropy lr = 0.001 Loss 58/200 Loss is L =1.8120731115341187 
Cross_Entropy lr = 0.001 Loss 59/200 Loss is L =1.804141879081726 
Cross_Entropy lr = 0.001 Loss 60/200 Loss is L =1.797220230102539 
Cross_Entropy lr = 0.001 Loss 61/200 Loss is L =1.821382761001587 
Cross_Entropy lr = 0.001 Loss 62/200 Loss is L =1.8307390213012695 
Cross_Entropy lr = 0.001 Loss 63/200 Loss is L =1.7745075225830078 
Cross_Entropy lr = 0.001 Loss 64/200 Loss is L =1.7940205335617065 
Cross_Entropy lr = 0.001 Loss 65/200 Loss is L =1.7891426086425781 
Cross_Entropy lr = 0.001 Loss 66/200 Loss is L =1.7801250219345093 
Cross_Entropy lr = 0.001 Loss 67/200 Loss is L =1.8568171262741089 
Cross_Entropy lr = 0.001 Loss 68/200 Loss is L =1.7946423292160034 
Cross_Entropy lr = 0.001 Loss 69/200 Loss is L =1.8053810596466064 
Cross_Entropy lr = 0.001 Loss 70/200 Loss is L =1.801552653312683 
Cross_Entropy lr = 0.001 Loss 71/200 Loss is L =1.7754862308502197 
Cross_Entropy lr = 0.001 Loss 72/200 Loss is L =1.7761716842651367 
Cross_Entropy lr = 0.001 Loss 73/200 Loss is L =1.790998101234436 
Cross_Entropy lr = 0.001 Loss 74/200 Loss is L =1.7880367040634155 
Cross_Entropy lr = 0.001 Loss 75/200 Loss is L =1.7914985418319702 
Cross_Entropy lr = 0.001 Loss 76/200 Loss is L =1.782762885093689 
Cross_Entropy lr = 0.001 Loss 77/200 Loss is L =1.8066257238388062 
Cross_Entropy lr = 0.001 Loss 78/200 Loss is L =1.7849453687667847 
Cross_Entropy lr = 0.001 Loss 79/200 Loss is L =1.7913734912872314 
Cross_Entropy lr = 0.001 Loss 80/200 Loss is L =1.7789640426635742 
Cross_Entropy lr = 0.001 Loss 81/200 Loss is L =1.7712112665176392 
Cross_Entropy lr = 0.001 Loss 82/200 Loss is L =1.7759860754013062 
Cross_Entropy lr = 0.001 Loss 83/200 Loss is L =1.7784172296524048 
Cross_Entropy lr = 0.001 Loss 84/200 Loss is L =1.7763601541519165 
Cross_Entropy lr = 0.001 Loss 85/200 Loss is L =1.7794618606567383 
Cross_Entropy lr = 0.001 Loss 86/200 Loss is L =1.7853409051895142 
Cross_Entropy lr = 0.001 Loss 87/200 Loss is L =1.789682388305664 
Cross_Entropy lr = 0.001 Loss 88/200 Loss is L =1.782435655593872 
Cross_Entropy lr = 0.001 Loss 89/200 Loss is L =1.7882606983184814 
Cross_Entropy lr = 0.001 Loss 90/200 Loss is L =1.7799710035324097 
Cross_Entropy lr = 0.001 Loss 91/200 Loss is L =1.823302149772644 
Cross_Entropy lr = 0.001 Loss 92/200 Loss is L =1.7811721563339233 
Cross_Entropy lr = 0.001 Loss 93/200 Loss is L =1.7716915607452393 
Cross_Entropy lr = 0.001 Loss 94/200 Loss is L =1.7683295011520386 
Cross_Entropy lr = 0.001 Loss 95/200 Loss is L =1.7753337621688843 
Cross_Entropy lr = 0.001 Loss 96/200 Loss is L =1.7787754535675049 
Cross_Entropy lr = 0.001 Loss 97/200 Loss is L =1.7568445205688477 
Cross_Entropy lr = 0.001 Loss 98/200 Loss is L =1.7882089614868164 
Cross_Entropy lr = 0.001 Loss 99/200 Loss is L =1.7968400716781616 
Cross_Entropy lr = 0.001 Loss 100/200 Loss is L =1.8124372959136963 
Cross_Entropy lr = 0.001 Loss 101/200 Loss is L =1.7910091876983643 
Cross_Entropy lr = 0.001 Loss 102/200 Loss is L =1.7975186109542847 
Cross_Entropy lr = 0.001 Loss 103/200 Loss is L =1.776444673538208 
Cross_Entropy lr = 0.001 Loss 104/200 Loss is L =1.8315023183822632 
Cross_Entropy lr = 0.001 Loss 105/200 Loss is L =1.7911748886108398 
Cross_Entropy lr = 0.001 Loss 106/200 Loss is L =1.7657445669174194 
Cross_Entropy lr = 0.001 Loss 107/200 Loss is L =1.7580219507217407 
Cross_Entropy lr = 0.001 Loss 108/200 Loss is L =1.7736313343048096 
Cross_Entropy lr = 0.001 Loss 109/200 Loss is L =1.7720359563827515 
Cross_Entropy lr = 0.001 Loss 110/200 Loss is L =1.7932144403457642 
Cross_Entropy lr = 0.001 Loss 111/200 Loss is L =1.7694300413131714 
Cross_Entropy lr = 0.001 Loss 112/200 Loss is L =1.8119362592697144 
Cross_Entropy lr = 0.001 Loss 113/200 Loss is L =1.7732082605361938 
Cross_Entropy lr = 0.001 Loss 114/200 Loss is L =1.7918332815170288 
Cross_Entropy lr = 0.001 Loss 115/200 Loss is L =1.782711386680603 
Cross_Entropy lr = 0.001 Loss 116/200 Loss is L =1.7539293766021729 
Cross_Entropy lr = 0.001 Loss 117/200 Loss is L =1.7951557636260986 
Cross_Entropy lr = 0.001 Loss 118/200 Loss is L =1.7797462940216064 
Cross_Entropy lr = 0.001 Loss 119/200 Loss is L =1.7882355451583862 
Cross_Entropy lr = 0.001 Loss 120/200 Loss is L =1.774635672569275 
Cross_Entropy lr = 0.001 Loss 121/200 Loss is L =1.74819016456604 
Cross_Entropy lr = 0.001 Loss 122/200 Loss is L =1.76690673828125 
Cross_Entropy lr = 0.001 Loss 123/200 Loss is L =1.784263253211975 
Cross_Entropy lr = 0.001 Loss 124/200 Loss is L =1.7706215381622314 
Cross_Entropy lr = 0.001 Loss 125/200 Loss is L =1.7542308568954468 
Cross_Entropy lr = 0.001 Loss 126/200 Loss is L =1.7552493810653687 
Cross_Entropy lr = 0.001 Loss 127/200 Loss is L =1.7496248483657837 
Cross_Entropy lr = 0.001 Loss 128/200 Loss is L =1.7802612781524658 
Cross_Entropy lr = 0.001 Loss 129/200 Loss is L =1.7571449279785156 
Cross_Entropy lr = 0.001 Loss 130/200 Loss is L =1.784459114074707 
Cross_Entropy lr = 0.001 Loss 131/200 Loss is L =1.7373844385147095 
Cross_Entropy lr = 0.001 Loss 132/200 Loss is L =1.8129405975341797 
Cross_Entropy lr = 0.001 Loss 133/200 Loss is L =1.8135524988174438 
Cross_Entropy lr = 0.001 Loss 134/200 Loss is L =1.7713505029678345 
Cross_Entropy lr = 0.001 Loss 135/200 Loss is L =1.8012856245040894 
Cross_Entropy lr = 0.001 Loss 136/200 Loss is L =1.7752693891525269 
Cross_Entropy lr = 0.001 Loss 137/200 Loss is L =1.7229782342910767 
Cross_Entropy lr = 0.001 Loss 138/200 Loss is L =1.7672226428985596 
Cross_Entropy lr = 0.001 Loss 139/200 Loss is L =1.7503880262374878 
Cross_Entropy lr = 0.001 Loss 140/200 Loss is L =1.77699875831604 
Cross_Entropy lr = 0.001 Loss 141/200 Loss is L =1.7876249551773071 
Cross_Entropy lr = 0.001 Loss 142/200 Loss is L =1.7738189697265625 
Cross_Entropy lr = 0.001 Loss 143/200 Loss is L =1.7612602710723877 
Cross_Entropy lr = 0.001 Loss 144/200 Loss is L =1.797376036643982 
Cross_Entropy lr = 0.001 Loss 145/200 Loss is L =1.8019417524337769 
Cross_Entropy lr = 0.001 Loss 146/200 Loss is L =1.7835038900375366 
Cross_Entropy lr = 0.001 Loss 147/200 Loss is L =1.7854292392730713 
Cross_Entropy lr = 0.001 Loss 148/200 Loss is L =1.7438690662384033 
Cross_Entropy lr = 0.001 Loss 149/200 Loss is L =1.7727699279785156 
Cross_Entropy lr = 0.001 Loss 150/200 Loss is L =1.7594490051269531 
Cross_Entropy lr = 0.001 Loss 151/200 Loss is L =1.76500403881073 
Cross_Entropy lr = 0.001 Loss 152/200 Loss is L =1.7787246704101562 
Cross_Entropy lr = 0.001 Loss 153/200 Loss is L =1.7807753086090088 
Cross_Entropy lr = 0.001 Loss 154/200 Loss is L =1.7671546936035156 
Cross_Entropy lr = 0.001 Loss 155/200 Loss is L =1.7562007904052734 
Cross_Entropy lr = 0.001 Loss 156/200 Loss is L =1.7532485723495483 
Cross_Entropy lr = 0.001 Loss 157/200 Loss is L =1.774901270866394 
Cross_Entropy lr = 0.001 Loss 158/200 Loss is L =1.7828750610351562 
Cross_Entropy lr = 0.001 Loss 159/200 Loss is L =1.7683849334716797 
Cross_Entropy lr = 0.001 Loss 160/200 Loss is L =1.7691402435302734 
Cross_Entropy lr = 0.001 Loss 161/200 Loss is L =1.793697714805603 
Cross_Entropy lr = 0.001 Loss 162/200 Loss is L =1.753534197807312 
Cross_Entropy lr = 0.001 Loss 163/200 Loss is L =1.7786216735839844 
Cross_Entropy lr = 0.001 Loss 164/200 Loss is L =1.7692092657089233 
Cross_Entropy lr = 0.001 Loss 165/200 Loss is L =1.7779067754745483 
Cross_Entropy lr = 0.001 Loss 166/200 Loss is L =1.7784603834152222 
Cross_Entropy lr = 0.001 Loss 167/200 Loss is L =1.7949144840240479 
Cross_Entropy lr = 0.001 Loss 168/200 Loss is L =1.7920780181884766 
Cross_Entropy lr = 0.001 Loss 169/200 Loss is L =1.7761147022247314 
Cross_Entropy lr = 0.001 Loss 170/200 Loss is L =1.7742542028427124 
Cross_Entropy lr = 0.001 Loss 171/200 Loss is L =1.7568027973175049 
Cross_Entropy lr = 0.001 Loss 172/200 Loss is L =1.7938450574874878 
Cross_Entropy lr = 0.001 Loss 173/200 Loss is L =1.7583913803100586 
Cross_Entropy lr = 0.001 Loss 174/200 Loss is L =1.775305151939392 
Cross_Entropy lr = 0.001 Loss 175/200 Loss is L =1.7811001539230347 
Cross_Entropy lr = 0.001 Loss 176/200 Loss is L =1.7945289611816406 
Cross_Entropy lr = 0.001 Loss 177/200 Loss is L =1.7241579294204712 
Cross_Entropy lr = 0.001 Loss 178/200 Loss is L =1.7724201679229736 
Cross_Entropy lr = 0.001 Loss 179/200 Loss is L =1.7408806085586548 
Cross_Entropy lr = 0.001 Loss 180/200 Loss is L =1.7560096979141235 
Cross_Entropy lr = 0.001 Loss 181/200 Loss is L =1.7473877668380737 
Cross_Entropy lr = 0.001 Loss 182/200 Loss is L =1.7551990747451782 
Cross_Entropy lr = 0.001 Loss 183/200 Loss is L =1.8118339776992798 
Cross_Entropy lr = 0.001 Loss 184/200 Loss is L =1.793031096458435 
Cross_Entropy lr = 0.001 Loss 185/200 Loss is L =1.788683295249939 
Cross_Entropy lr = 0.001 Loss 186/200 Loss is L =1.7406448125839233 
Cross_Entropy lr = 0.001 Loss 187/200 Loss is L =1.8079102039337158 
Cross_Entropy lr = 0.001 Loss 188/200 Loss is L =1.786476492881775 
Cross_Entropy lr = 0.001 Loss 189/200 Loss is L =1.7791668176651 
Cross_Entropy lr = 0.001 Loss 190/200 Loss is L =1.7585155963897705 
Cross_Entropy lr = 0.001 Loss 191/200 Loss is L =1.7855160236358643 
Cross_Entropy lr = 0.001 Loss 192/200 Loss is L =1.8022480010986328 
Cross_Entropy lr = 0.001 Loss 193/200 Loss is L =1.7835496664047241 
Cross_Entropy lr = 0.001 Loss 194/200 Loss is L =1.7816298007965088 
Cross_Entropy lr = 0.001 Loss 195/200 Loss is L =1.79928457736969 
Cross_Entropy lr = 0.001 Loss 196/200 Loss is L =1.749521255493164 
Cross_Entropy lr = 0.001 Loss 197/200 Loss is L =1.7686042785644531 
Cross_Entropy lr = 0.001 Loss 198/200 Loss is L =1.7569410800933838 
Cross_Entropy lr = 0.001 Loss 199/200 Loss is L =1.7793550491333008 
Cross_Entropy lr = 0.001 Loss 200/200 Loss is L =1.7710405588150024 
Cross_Entropy lr = 0.005 Loss 1/200 Loss is L =2.055204391479492 
Cross_Entropy lr = 0.005 Loss 2/200 Loss is L =2.0314290523529053 
Cross_Entropy lr = 0.005 Loss 3/200 Loss is L =2.014559507369995 
Cross_Entropy lr = 0.005 Loss 4/200 Loss is L =2.011101484298706 
Cross_Entropy lr = 0.005 Loss 5/200 Loss is L =1.9746853113174438 
Cross_Entropy lr = 0.005 Loss 6/200 Loss is L =1.9354265928268433 
Cross_Entropy lr = 0.005 Loss 7/200 Loss is L =1.9176028966903687 
Cross_Entropy lr = 0.005 Loss 8/200 Loss is L =1.8927679061889648 
Cross_Entropy lr = 0.005 Loss 9/200 Loss is L =1.8920872211456299 
Cross_Entropy lr = 0.005 Loss 10/200 Loss is L =1.8353271484375 
Cross_Entropy lr = 0.005 Loss 11/200 Loss is L =1.7946207523345947 
Cross_Entropy lr = 0.005 Loss 12/200 Loss is L =1.7695330381393433 
Cross_Entropy lr = 0.005 Loss 13/200 Loss is L =1.736266016960144 
Cross_Entropy lr = 0.005 Loss 14/200 Loss is L =1.718253493309021 
Cross_Entropy lr = 0.005 Loss 15/200 Loss is L =1.6632471084594727 
Cross_Entropy lr = 0.005 Loss 16/200 Loss is L =1.6350759267807007 
Cross_Entropy lr = 0.005 Loss 17/200 Loss is L =1.5863090753555298 
Cross_Entropy lr = 0.005 Loss 18/200 Loss is L =1.573264479637146 
Cross_Entropy lr = 0.005 Loss 19/200 Loss is L =1.5980370044708252 
Cross_Entropy lr = 0.005 Loss 20/200 Loss is L =1.5897959470748901 
Cross_Entropy lr = 0.005 Loss 21/200 Loss is L =1.5257288217544556 
Cross_Entropy lr = 0.005 Loss 22/200 Loss is L =1.5238535404205322 
Cross_Entropy lr = 0.005 Loss 23/200 Loss is L =1.4830976724624634 
Cross_Entropy lr = 0.005 Loss 24/200 Loss is L =1.4509727954864502 
Cross_Entropy lr = 0.005 Loss 25/200 Loss is L =1.4782171249389648 
Cross_Entropy lr = 0.005 Loss 26/200 Loss is L =1.4717741012573242 
Cross_Entropy lr = 0.005 Loss 27/200 Loss is L =1.4690319299697876 
Cross_Entropy lr = 0.005 Loss 28/200 Loss is L =1.409864902496338 
Cross_Entropy lr = 0.005 Loss 29/200 Loss is L =1.419039011001587 
Cross_Entropy lr = 0.005 Loss 30/200 Loss is L =1.4433798789978027 
Cross_Entropy lr = 0.005 Loss 31/200 Loss is L =1.4171539545059204 
Cross_Entropy lr = 0.005 Loss 32/200 Loss is L =1.408794641494751 
Cross_Entropy lr = 0.005 Loss 33/200 Loss is L =1.3816368579864502 
Cross_Entropy lr = 0.005 Loss 34/200 Loss is L =1.407225251197815 
Cross_Entropy lr = 0.005 Loss 35/200 Loss is L =1.406203031539917 
Cross_Entropy lr = 0.005 Loss 36/200 Loss is L =1.3698692321777344 
Cross_Entropy lr = 0.005 Loss 37/200 Loss is L =1.367765188217163 
Cross_Entropy lr = 0.005 Loss 38/200 Loss is L =1.3443412780761719 
Cross_Entropy lr = 0.005 Loss 39/200 Loss is L =1.390786051750183 
Cross_Entropy lr = 0.005 Loss 40/200 Loss is L =1.3772692680358887 
Cross_Entropy lr = 0.005 Loss 41/200 Loss is L =1.3673396110534668 
Cross_Entropy lr = 0.005 Loss 42/200 Loss is L =1.3542603254318237 
Cross_Entropy lr = 0.005 Loss 43/200 Loss is L =1.3465937376022339 
Cross_Entropy lr = 0.005 Loss 44/200 Loss is L =1.356910228729248 
Cross_Entropy lr = 0.005 Loss 45/200 Loss is L =1.3573801517486572 
Cross_Entropy lr = 0.005 Loss 46/200 Loss is L =1.356091856956482 
Cross_Entropy lr = 0.005 Loss 47/200 Loss is L =1.3717825412750244 
Cross_Entropy lr = 0.005 Loss 48/200 Loss is L =1.3399498462677002 
Cross_Entropy lr = 0.005 Loss 49/200 Loss is L =1.3358248472213745 
Cross_Entropy lr = 0.005 Loss 50/200 Loss is L =1.3641694784164429 
Cross_Entropy lr = 0.005 Loss 51/200 Loss is L =1.3524574041366577 
Cross_Entropy lr = 0.005 Loss 52/200 Loss is L =1.3340815305709839 
Cross_Entropy lr = 0.005 Loss 53/200 Loss is L =1.3604214191436768 
Cross_Entropy lr = 0.005 Loss 54/200 Loss is L =1.3324081897735596 
Cross_Entropy lr = 0.005 Loss 55/200 Loss is L =1.3314460515975952 
Cross_Entropy lr = 0.005 Loss 56/200 Loss is L =1.3569424152374268 
Cross_Entropy lr = 0.005 Loss 57/200 Loss is L =1.32122004032135 
Cross_Entropy lr = 0.005 Loss 58/200 Loss is L =1.328115701675415 
Cross_Entropy lr = 0.005 Loss 59/200 Loss is L =1.333223581314087 
Cross_Entropy lr = 0.005 Loss 60/200 Loss is L =1.359981894493103 
Cross_Entropy lr = 0.005 Loss 61/200 Loss is L =1.3228203058242798 
Cross_Entropy lr = 0.005 Loss 62/200 Loss is L =1.354972004890442 
Cross_Entropy lr = 0.005 Loss 63/200 Loss is L =1.348238229751587 
Cross_Entropy lr = 0.005 Loss 64/200 Loss is L =1.3338513374328613 
Cross_Entropy lr = 0.005 Loss 65/200 Loss is L =1.3365614414215088 
Cross_Entropy lr = 0.005 Loss 66/200 Loss is L =1.3424097299575806 
Cross_Entropy lr = 0.005 Loss 67/200 Loss is L =1.3426870107650757 
Cross_Entropy lr = 0.005 Loss 68/200 Loss is L =1.325262427330017 
Cross_Entropy lr = 0.005 Loss 69/200 Loss is L =1.3352208137512207 
Cross_Entropy lr = 0.005 Loss 70/200 Loss is L =1.3600847721099854 
Cross_Entropy lr = 0.005 Loss 71/200 Loss is L =1.3301619291305542 
Cross_Entropy lr = 0.005 Loss 72/200 Loss is L =1.330561637878418 
Cross_Entropy lr = 0.005 Loss 73/200 Loss is L =1.3288066387176514 
Cross_Entropy lr = 0.005 Loss 74/200 Loss is L =1.3324518203735352 
Cross_Entropy lr = 0.005 Loss 75/200 Loss is L =1.314821481704712 
Cross_Entropy lr = 0.005 Loss 76/200 Loss is L =1.332969307899475 
Cross_Entropy lr = 0.005 Loss 77/200 Loss is L =1.3374031782150269 
Cross_Entropy lr = 0.005 Loss 78/200 Loss is L =1.3483673334121704 
Cross_Entropy lr = 0.005 Loss 79/200 Loss is L =1.3170417547225952 
Cross_Entropy lr = 0.005 Loss 80/200 Loss is L =1.3214462995529175 
Cross_Entropy lr = 0.005 Loss 81/200 Loss is L =1.3130587339401245 
Cross_Entropy lr = 0.005 Loss 82/200 Loss is L =1.3774099349975586 
Cross_Entropy lr = 0.005 Loss 83/200 Loss is L =1.3127224445343018 
Cross_Entropy lr = 0.005 Loss 84/200 Loss is L =1.3570197820663452 
Cross_Entropy lr = 0.005 Loss 85/200 Loss is L =1.3258476257324219 
Cross_Entropy lr = 0.005 Loss 86/200 Loss is L =1.3373850584030151 
Cross_Entropy lr = 0.005 Loss 87/200 Loss is L =1.3311101198196411 
Cross_Entropy lr = 0.005 Loss 88/200 Loss is L =1.3459669351577759 
Cross_Entropy lr = 0.005 Loss 89/200 Loss is L =1.3322035074234009 
Cross_Entropy lr = 0.005 Loss 90/200 Loss is L =1.329572319984436 
Cross_Entropy lr = 0.005 Loss 91/200 Loss is L =1.335549235343933 
Cross_Entropy lr = 0.005 Loss 92/200 Loss is L =1.3161643743515015 
Cross_Entropy lr = 0.005 Loss 93/200 Loss is L =1.3420270681381226 
Cross_Entropy lr = 0.005 Loss 94/200 Loss is L =1.308353304862976 
Cross_Entropy lr = 0.005 Loss 95/200 Loss is L =1.3291548490524292 
Cross_Entropy lr = 0.005 Loss 96/200 Loss is L =1.3384661674499512 
Cross_Entropy lr = 0.005 Loss 97/200 Loss is L =1.3194721937179565 
Cross_Entropy lr = 0.005 Loss 98/200 Loss is L =1.3162208795547485 
Cross_Entropy lr = 0.005 Loss 99/200 Loss is L =1.3239349126815796 
Cross_Entropy lr = 0.005 Loss 100/200 Loss is L =1.3142534494400024 
Cross_Entropy lr = 0.005 Loss 101/200 Loss is L =1.3091058731079102 
Cross_Entropy lr = 0.005 Loss 102/200 Loss is L =1.322810411453247 
Cross_Entropy lr = 0.005 Loss 103/200 Loss is L =1.3351655006408691 
Cross_Entropy lr = 0.005 Loss 104/200 Loss is L =1.3357247114181519 
Cross_Entropy lr = 0.005 Loss 105/200 Loss is L =1.3208650350570679 
Cross_Entropy lr = 0.005 Loss 106/200 Loss is L =1.3429726362228394 
Cross_Entropy lr = 0.005 Loss 107/200 Loss is L =1.3142818212509155 
Cross_Entropy lr = 0.005 Loss 108/200 Loss is L =1.3245950937271118 
Cross_Entropy lr = 0.005 Loss 109/200 Loss is L =1.3221666812896729 
Cross_Entropy lr = 0.005 Loss 110/200 Loss is L =1.3149763345718384 
Cross_Entropy lr = 0.005 Loss 111/200 Loss is L =1.3144012689590454 
Cross_Entropy lr = 0.005 Loss 112/200 Loss is L =1.3235464096069336 
Cross_Entropy lr = 0.005 Loss 113/200 Loss is L =1.3271836042404175 
Cross_Entropy lr = 0.005 Loss 114/200 Loss is L =1.3147379159927368 
Cross_Entropy lr = 0.005 Loss 115/200 Loss is L =1.3169621229171753 
Cross_Entropy lr = 0.005 Loss 116/200 Loss is L =1.3230469226837158 
Cross_Entropy lr = 0.005 Loss 117/200 Loss is L =1.323655605316162 
Cross_Entropy lr = 0.005 Loss 118/200 Loss is L =1.3143806457519531 
Cross_Entropy lr = 0.005 Loss 119/200 Loss is L =1.326623558998108 
Cross_Entropy lr = 0.005 Loss 120/200 Loss is L =1.3296760320663452 
Cross_Entropy lr = 0.005 Loss 121/200 Loss is L =1.3129881620407104 
Cross_Entropy lr = 0.005 Loss 122/200 Loss is L =1.3496500253677368 
Cross_Entropy lr = 0.005 Loss 123/200 Loss is L =1.34481680393219 
Cross_Entropy lr = 0.005 Loss 124/200 Loss is L =1.322440505027771 
Cross_Entropy lr = 0.005 Loss 125/200 Loss is L =1.330336570739746 
Cross_Entropy lr = 0.005 Loss 126/200 Loss is L =1.3099998235702515 
Cross_Entropy lr = 0.005 Loss 127/200 Loss is L =1.3122402429580688 
Cross_Entropy lr = 0.005 Loss 128/200 Loss is L =1.3390483856201172 
Cross_Entropy lr = 0.005 Loss 129/200 Loss is L =1.3818329572677612 
Cross_Entropy lr = 0.005 Loss 130/200 Loss is L =1.325898289680481 
Cross_Entropy lr = 0.005 Loss 131/200 Loss is L =1.3233641386032104 
Cross_Entropy lr = 0.005 Loss 132/200 Loss is L =1.3151061534881592 
Cross_Entropy lr = 0.005 Loss 133/200 Loss is L =1.3112953901290894 
Cross_Entropy lr = 0.005 Loss 134/200 Loss is L =1.3417729139328003 
Cross_Entropy lr = 0.005 Loss 135/200 Loss is L =1.3226078748703003 
Cross_Entropy lr = 0.005 Loss 136/200 Loss is L =1.3221653699874878 
Cross_Entropy lr = 0.005 Loss 137/200 Loss is L =1.3172838687896729 
Cross_Entropy lr = 0.005 Loss 138/200 Loss is L =1.3505332469940186 
Cross_Entropy lr = 0.005 Loss 139/200 Loss is L =1.3159756660461426 
Cross_Entropy lr = 0.005 Loss 140/200 Loss is L =1.3133271932601929 
Cross_Entropy lr = 0.005 Loss 141/200 Loss is L =1.3487045764923096 
Cross_Entropy lr = 0.005 Loss 142/200 Loss is L =1.3102445602416992 
Cross_Entropy lr = 0.005 Loss 143/200 Loss is L =1.339856505393982 
Cross_Entropy lr = 0.005 Loss 144/200 Loss is L =1.31956148147583 
Cross_Entropy lr = 0.005 Loss 145/200 Loss is L =1.3305659294128418 
Cross_Entropy lr = 0.005 Loss 146/200 Loss is L =1.333009123802185 
Cross_Entropy lr = 0.005 Loss 147/200 Loss is L =1.3131227493286133 
Cross_Entropy lr = 0.005 Loss 148/200 Loss is L =1.337768793106079 
Cross_Entropy lr = 0.005 Loss 149/200 Loss is L =1.310112476348877 
Cross_Entropy lr = 0.005 Loss 150/200 Loss is L =1.3112798929214478 
Cross_Entropy lr = 0.005 Loss 151/200 Loss is L =1.309313178062439 
Cross_Entropy lr = 0.005 Loss 152/200 Loss is L =1.333093523979187 
Cross_Entropy lr = 0.005 Loss 153/200 Loss is L =1.3452675342559814 
Cross_Entropy lr = 0.005 Loss 154/200 Loss is L =1.3411206007003784 
Cross_Entropy lr = 0.005 Loss 155/200 Loss is L =1.3198496103286743 
Cross_Entropy lr = 0.005 Loss 156/200 Loss is L =1.331801414489746 
Cross_Entropy lr = 0.005 Loss 157/200 Loss is L =1.333052635192871 
Cross_Entropy lr = 0.005 Loss 158/200 Loss is L =1.3316441774368286 
Cross_Entropy lr = 0.005 Loss 159/200 Loss is L =1.3207827806472778 
Cross_Entropy lr = 0.005 Loss 160/200 Loss is L =1.3069514036178589 
Cross_Entropy lr = 0.005 Loss 161/200 Loss is L =1.346117615699768 
Cross_Entropy lr = 0.005 Loss 162/200 Loss is L =1.3344072103500366 
Cross_Entropy lr = 0.005 Loss 163/200 Loss is L =1.3158479928970337 
Cross_Entropy lr = 0.005 Loss 164/200 Loss is L =1.3107213973999023 
Cross_Entropy lr = 0.005 Loss 165/200 Loss is L =1.314130425453186 
Cross_Entropy lr = 0.005 Loss 166/200 Loss is L =1.3324040174484253 
Cross_Entropy lr = 0.005 Loss 167/200 Loss is L =1.310691237449646 
Cross_Entropy lr = 0.005 Loss 168/200 Loss is L =1.3454577922821045 
Cross_Entropy lr = 0.005 Loss 169/200 Loss is L =1.3168314695358276 
Cross_Entropy lr = 0.005 Loss 170/200 Loss is L =1.3329222202301025 
Cross_Entropy lr = 0.005 Loss 171/200 Loss is L =1.328830361366272 
Cross_Entropy lr = 0.005 Loss 172/200 Loss is L =1.3141387701034546 
Cross_Entropy lr = 0.005 Loss 173/200 Loss is L =1.3235987424850464 
Cross_Entropy lr = 0.005 Loss 174/200 Loss is L =1.313611388206482 
Cross_Entropy lr = 0.005 Loss 175/200 Loss is L =1.3188050985336304 
Cross_Entropy lr = 0.005 Loss 176/200 Loss is L =1.3266297578811646 
Cross_Entropy lr = 0.005 Loss 177/200 Loss is L =1.3181694746017456 
Cross_Entropy lr = 0.005 Loss 178/200 Loss is L =1.3429445028305054 
Cross_Entropy lr = 0.005 Loss 179/200 Loss is L =1.3162689208984375 
Cross_Entropy lr = 0.005 Loss 180/200 Loss is L =1.31926429271698 
Cross_Entropy lr = 0.005 Loss 181/200 Loss is L =1.3035286664962769 
Cross_Entropy lr = 0.005 Loss 182/200 Loss is L =1.3136252164840698 
Cross_Entropy lr = 0.005 Loss 183/200 Loss is L =1.31355881690979 
Cross_Entropy lr = 0.005 Loss 184/200 Loss is L =1.3099247217178345 
Cross_Entropy lr = 0.005 Loss 185/200 Loss is L =1.308477759361267 
Cross_Entropy lr = 0.005 Loss 186/200 Loss is L =1.3319839239120483 
Cross_Entropy lr = 0.005 Loss 187/200 Loss is L =1.3321852684020996 
Cross_Entropy lr = 0.005 Loss 188/200 Loss is L =1.3126362562179565 
Cross_Entropy lr = 0.005 Loss 189/200 Loss is L =1.3082917928695679 
Cross_Entropy lr = 0.005 Loss 190/200 Loss is L =1.3090654611587524 
Cross_Entropy lr = 0.005 Loss 191/200 Loss is L =1.3300641775131226 
Cross_Entropy lr = 0.005 Loss 192/200 Loss is L =1.310364007949829 
Cross_Entropy lr = 0.005 Loss 193/200 Loss is L =1.345239281654358 
Cross_Entropy lr = 0.005 Loss 194/200 Loss is L =1.3434691429138184 
Cross_Entropy lr = 0.005 Loss 195/200 Loss is L =1.3271664381027222 
Cross_Entropy lr = 0.005 Loss 196/200 Loss is L =1.3227229118347168 
Cross_Entropy lr = 0.005 Loss 197/200 Loss is L =1.3485478162765503 
Cross_Entropy lr = 0.005 Loss 198/200 Loss is L =1.3341859579086304 
Cross_Entropy lr = 0.005 Loss 199/200 Loss is L =1.3639806509017944 
Cross_Entropy lr = 0.005 Loss 200/200 Loss is L =1.3078621625900269 
Cross_Entropy lr = 0.01 Loss 1/200 Loss is L =2.0599160194396973 
Cross_Entropy lr = 0.01 Loss 2/200 Loss is L =2.050572633743286 
Cross_Entropy lr = 0.01 Loss 3/200 Loss is L =2.028959274291992 
Cross_Entropy lr = 0.01 Loss 4/200 Loss is L =2.000450611114502 
Cross_Entropy lr = 0.01 Loss 5/200 Loss is L =1.991331696510315 
Cross_Entropy lr = 0.01 Loss 6/200 Loss is L =1.9312896728515625 
Cross_Entropy lr = 0.01 Loss 7/200 Loss is L =1.8779839277267456 
Cross_Entropy lr = 0.01 Loss 8/200 Loss is L =1.877297043800354 
Cross_Entropy lr = 0.01 Loss 9/200 Loss is L =1.8418601751327515 
Cross_Entropy lr = 0.01 Loss 10/200 Loss is L =1.7697502374649048 
Cross_Entropy lr = 0.01 Loss 11/200 Loss is L =1.8035916090011597 
Cross_Entropy lr = 0.01 Loss 12/200 Loss is L =1.6790592670440674 
Cross_Entropy lr = 0.01 Loss 13/200 Loss is L =1.6092084646224976 
Cross_Entropy lr = 0.01 Loss 14/200 Loss is L =1.6129082441329956 
Cross_Entropy lr = 0.01 Loss 15/200 Loss is L =1.639475703239441 
Cross_Entropy lr = 0.01 Loss 16/200 Loss is L =1.5870716571807861 
Cross_Entropy lr = 0.01 Loss 17/200 Loss is L =1.496537208557129 
Cross_Entropy lr = 0.01 Loss 18/200 Loss is L =1.5141280889511108 
Cross_Entropy lr = 0.01 Loss 19/200 Loss is L =1.421396017074585 
Cross_Entropy lr = 0.01 Loss 20/200 Loss is L =1.4435267448425293 
Cross_Entropy lr = 0.01 Loss 21/200 Loss is L =1.4078483581542969 
Cross_Entropy lr = 0.01 Loss 22/200 Loss is L =1.3858708143234253 
Cross_Entropy lr = 0.01 Loss 23/200 Loss is L =1.3622143268585205 
Cross_Entropy lr = 0.01 Loss 24/200 Loss is L =1.3666036128997803 
Cross_Entropy lr = 0.01 Loss 25/200 Loss is L =1.348388910293579 
Cross_Entropy lr = 0.01 Loss 26/200 Loss is L =1.3421663045883179 
Cross_Entropy lr = 0.01 Loss 27/200 Loss is L =1.3380141258239746 
Cross_Entropy lr = 0.01 Loss 28/200 Loss is L =1.3442472219467163 
Cross_Entropy lr = 0.01 Loss 29/200 Loss is L =1.3477532863616943 
Cross_Entropy lr = 0.01 Loss 30/200 Loss is L =1.3255985975265503 
Cross_Entropy lr = 0.01 Loss 31/200 Loss is L =1.347795844078064 
Cross_Entropy lr = 0.01 Loss 32/200 Loss is L =1.3228106498718262 
Cross_Entropy lr = 0.01 Loss 33/200 Loss is L =1.3170446157455444 
Cross_Entropy lr = 0.01 Loss 34/200 Loss is L =1.3093760013580322 
Cross_Entropy lr = 0.01 Loss 35/200 Loss is L =1.3130525350570679 
Cross_Entropy lr = 0.01 Loss 36/200 Loss is L =1.3263256549835205 
Cross_Entropy lr = 0.01 Loss 37/200 Loss is L =1.3042516708374023 
Cross_Entropy lr = 0.01 Loss 38/200 Loss is L =1.3459376096725464 
Cross_Entropy lr = 0.01 Loss 39/200 Loss is L =1.3108552694320679 
Cross_Entropy lr = 0.01 Loss 40/200 Loss is L =1.3175734281539917 
Cross_Entropy lr = 0.01 Loss 41/200 Loss is L =1.3036543130874634 
Cross_Entropy lr = 0.01 Loss 42/200 Loss is L =1.3049557209014893 
Cross_Entropy lr = 0.01 Loss 43/200 Loss is L =1.3018735647201538 
Cross_Entropy lr = 0.01 Loss 44/200 Loss is L =1.3006296157836914 
Cross_Entropy lr = 0.01 Loss 45/200 Loss is L =1.3085901737213135 
Cross_Entropy lr = 0.01 Loss 46/200 Loss is L =1.308309555053711 
Cross_Entropy lr = 0.01 Loss 47/200 Loss is L =1.3002183437347412 
Cross_Entropy lr = 0.01 Loss 48/200 Loss is L =1.2990926504135132 
Cross_Entropy lr = 0.01 Loss 49/200 Loss is L =1.2974251508712769 
Cross_Entropy lr = 0.01 Loss 50/200 Loss is L =1.2948074340820312 
Cross_Entropy lr = 0.01 Loss 51/200 Loss is L =1.3184386491775513 
Cross_Entropy lr = 0.01 Loss 52/200 Loss is L =1.3043640851974487 
Cross_Entropy lr = 0.01 Loss 53/200 Loss is L =1.2980320453643799 
Cross_Entropy lr = 0.01 Loss 54/200 Loss is L =1.2959511280059814 
Cross_Entropy lr = 0.01 Loss 55/200 Loss is L =1.3128907680511475 
Cross_Entropy lr = 0.01 Loss 56/200 Loss is L =1.2937544584274292 
Cross_Entropy lr = 0.01 Loss 57/200 Loss is L =1.2940895557403564 
Cross_Entropy lr = 0.01 Loss 58/200 Loss is L =1.3147855997085571 
Cross_Entropy lr = 0.01 Loss 59/200 Loss is L =1.2943757772445679 
Cross_Entropy lr = 0.01 Loss 60/200 Loss is L =1.29617178440094 
Cross_Entropy lr = 0.01 Loss 61/200 Loss is L =1.2930787801742554 
Cross_Entropy lr = 0.01 Loss 62/200 Loss is L =1.2947677373886108 
Cross_Entropy lr = 0.01 Loss 63/200 Loss is L =1.2921713590621948 
Cross_Entropy lr = 0.01 Loss 64/200 Loss is L =1.29171884059906 
Cross_Entropy lr = 0.01 Loss 65/200 Loss is L =1.3335704803466797 
Cross_Entropy lr = 0.01 Loss 66/200 Loss is L =1.292070984840393 
Cross_Entropy lr = 0.01 Loss 67/200 Loss is L =1.2952282428741455 
Cross_Entropy lr = 0.01 Loss 68/200 Loss is L =1.319728136062622 
Cross_Entropy lr = 0.01 Loss 69/200 Loss is L =1.292563796043396 
Cross_Entropy lr = 0.01 Loss 70/200 Loss is L =1.2907459735870361 
Cross_Entropy lr = 0.01 Loss 71/200 Loss is L =1.3385136127471924 
Cross_Entropy lr = 0.01 Loss 72/200 Loss is L =1.2916840314865112 
Cross_Entropy lr = 0.01 Loss 73/200 Loss is L =1.290583848953247 
Cross_Entropy lr = 0.01 Loss 74/200 Loss is L =1.2979453802108765 
Cross_Entropy lr = 0.01 Loss 75/200 Loss is L =1.2900437116622925 
Cross_Entropy lr = 0.01 Loss 76/200 Loss is L =1.290273904800415 
Cross_Entropy lr = 0.01 Loss 77/200 Loss is L =1.313071846961975 
Cross_Entropy lr = 0.01 Loss 78/200 Loss is L =1.2874199151992798 
Cross_Entropy lr = 0.01 Loss 79/200 Loss is L =1.3018213510513306 
Cross_Entropy lr = 0.01 Loss 80/200 Loss is L =1.2902101278305054 
Cross_Entropy lr = 0.01 Loss 81/200 Loss is L =1.2901331186294556 
Cross_Entropy lr = 0.01 Loss 82/200 Loss is L =1.310693621635437 
Cross_Entropy lr = 0.01 Loss 83/200 Loss is L =1.2902425527572632 
Cross_Entropy lr = 0.01 Loss 84/200 Loss is L =1.2958389520645142 
Cross_Entropy lr = 0.01 Loss 85/200 Loss is L =1.291514277458191 
Cross_Entropy lr = 0.01 Loss 86/200 Loss is L =1.288262963294983 
Cross_Entropy lr = 0.01 Loss 87/200 Loss is L =1.2894455194473267 
Cross_Entropy lr = 0.01 Loss 88/200 Loss is L =1.2882616519927979 
Cross_Entropy lr = 0.01 Loss 89/200 Loss is L =1.2975095510482788 
Cross_Entropy lr = 0.01 Loss 90/200 Loss is L =1.309845209121704 
Cross_Entropy lr = 0.01 Loss 91/200 Loss is L =1.2875102758407593 
Cross_Entropy lr = 0.01 Loss 92/200 Loss is L =1.2878750562667847 
Cross_Entropy lr = 0.01 Loss 93/200 Loss is L =1.2901610136032104 
Cross_Entropy lr = 0.01 Loss 94/200 Loss is L =1.2944964170455933 
Cross_Entropy lr = 0.01 Loss 95/200 Loss is L =1.308443307876587 
Cross_Entropy lr = 0.01 Loss 96/200 Loss is L =1.287443995475769 
Cross_Entropy lr = 0.01 Loss 97/200 Loss is L =1.3166999816894531 
Cross_Entropy lr = 0.01 Loss 98/200 Loss is L =1.2878289222717285 
Cross_Entropy lr = 0.01 Loss 99/200 Loss is L =1.2877265214920044 
Cross_Entropy lr = 0.01 Loss 100/200 Loss is L =1.2907259464263916 
Cross_Entropy lr = 0.01 Loss 101/200 Loss is L =1.2903255224227905 
Cross_Entropy lr = 0.01 Loss 102/200 Loss is L =1.2884069681167603 
Cross_Entropy lr = 0.01 Loss 103/200 Loss is L =1.2963393926620483 
Cross_Entropy lr = 0.01 Loss 104/200 Loss is L =1.2919816970825195 
Cross_Entropy lr = 0.01 Loss 105/200 Loss is L =1.2887340784072876 
Cross_Entropy lr = 0.01 Loss 106/200 Loss is L =1.2926157712936401 
Cross_Entropy lr = 0.01 Loss 107/200 Loss is L =1.2886728048324585 
Cross_Entropy lr = 0.01 Loss 108/200 Loss is L =1.3231464624404907 
Cross_Entropy lr = 0.01 Loss 109/200 Loss is L =1.2924530506134033 
Cross_Entropy lr = 0.01 Loss 110/200 Loss is L =1.2870129346847534 
Cross_Entropy lr = 0.01 Loss 111/200 Loss is L =1.3085452318191528 
Cross_Entropy lr = 0.01 Loss 112/200 Loss is L =1.287688970565796 
Cross_Entropy lr = 0.01 Loss 113/200 Loss is L =1.2919954061508179 
Cross_Entropy lr = 0.01 Loss 114/200 Loss is L =1.2979329824447632 
Cross_Entropy lr = 0.01 Loss 115/200 Loss is L =1.2875709533691406 
Cross_Entropy lr = 0.01 Loss 116/200 Loss is L =1.2916535139083862 
Cross_Entropy lr = 0.01 Loss 117/200 Loss is L =1.2969117164611816 
Cross_Entropy lr = 0.01 Loss 118/200 Loss is L =1.2893866300582886 
Cross_Entropy lr = 0.01 Loss 119/200 Loss is L =1.295674204826355 
Cross_Entropy lr = 0.01 Loss 120/200 Loss is L =1.2970589399337769 
Cross_Entropy lr = 0.01 Loss 121/200 Loss is L =1.2900793552398682 
Cross_Entropy lr = 0.01 Loss 122/200 Loss is L =1.2955442667007446 
Cross_Entropy lr = 0.01 Loss 123/200 Loss is L =1.288986086845398 
Cross_Entropy lr = 0.01 Loss 124/200 Loss is L =1.3180534839630127 
Cross_Entropy lr = 0.01 Loss 125/200 Loss is L =1.287646770477295 
Cross_Entropy lr = 0.01 Loss 126/200 Loss is L =1.29099440574646 
Cross_Entropy lr = 0.01 Loss 127/200 Loss is L =1.2901219129562378 
Cross_Entropy lr = 0.01 Loss 128/200 Loss is L =1.2876417636871338 
Cross_Entropy lr = 0.01 Loss 129/200 Loss is L =1.29857337474823 
Cross_Entropy lr = 0.01 Loss 130/200 Loss is L =1.288634181022644 
Cross_Entropy lr = 0.01 Loss 131/200 Loss is L =1.2901804447174072 
Cross_Entropy lr = 0.01 Loss 132/200 Loss is L =1.2902698516845703 
Cross_Entropy lr = 0.01 Loss 133/200 Loss is L =1.2878259420394897 
Cross_Entropy lr = 0.01 Loss 134/200 Loss is L =1.289158582687378 
Cross_Entropy lr = 0.01 Loss 135/200 Loss is L =1.293150782585144 
Cross_Entropy lr = 0.01 Loss 136/200 Loss is L =1.2887245416641235 
Cross_Entropy lr = 0.01 Loss 137/200 Loss is L =1.286704659461975 
Cross_Entropy lr = 0.01 Loss 138/200 Loss is L =1.31464684009552 
Cross_Entropy lr = 0.01 Loss 139/200 Loss is L =1.2911239862442017 
Cross_Entropy lr = 0.01 Loss 140/200 Loss is L =1.2907761335372925 
Cross_Entropy lr = 0.01 Loss 141/200 Loss is L =1.309883713722229 
Cross_Entropy lr = 0.01 Loss 142/200 Loss is L =1.2870914936065674 
Cross_Entropy lr = 0.01 Loss 143/200 Loss is L =1.2873637676239014 
Cross_Entropy lr = 0.01 Loss 144/200 Loss is L =1.294772744178772 
Cross_Entropy lr = 0.01 Loss 145/200 Loss is L =1.2979875802993774 
Cross_Entropy lr = 0.01 Loss 146/200 Loss is L =1.2879308462142944 
Cross_Entropy lr = 0.01 Loss 147/200 Loss is L =1.2956091165542603 
Cross_Entropy lr = 0.01 Loss 148/200 Loss is L =1.345920443534851 
Cross_Entropy lr = 0.01 Loss 149/200 Loss is L =1.28600013256073 
Cross_Entropy lr = 0.01 Loss 150/200 Loss is L =1.2944481372833252 
Cross_Entropy lr = 0.01 Loss 151/200 Loss is L =1.2898632287979126 
Cross_Entropy lr = 0.01 Loss 152/200 Loss is L =1.2878086566925049 
Cross_Entropy lr = 0.01 Loss 153/200 Loss is L =1.2863531112670898 
Cross_Entropy lr = 0.01 Loss 154/200 Loss is L =1.2976595163345337 
Cross_Entropy lr = 0.01 Loss 155/200 Loss is L =1.2876696586608887 
Cross_Entropy lr = 0.01 Loss 156/200 Loss is L =1.2871416807174683 
Cross_Entropy lr = 0.01 Loss 157/200 Loss is L =1.28797447681427 
Cross_Entropy lr = 0.01 Loss 158/200 Loss is L =1.288415789604187 
Cross_Entropy lr = 0.01 Loss 159/200 Loss is L =1.3087308406829834 
Cross_Entropy lr = 0.01 Loss 160/200 Loss is L =1.2876003980636597 
Cross_Entropy lr = 0.01 Loss 161/200 Loss is L =1.287903070449829 
Cross_Entropy lr = 0.01 Loss 162/200 Loss is L =1.2956230640411377 
Cross_Entropy lr = 0.01 Loss 163/200 Loss is L =1.2878786325454712 
Cross_Entropy lr = 0.01 Loss 164/200 Loss is L =1.288962721824646 
Cross_Entropy lr = 0.01 Loss 165/200 Loss is L =1.2876392602920532 
Cross_Entropy lr = 0.01 Loss 166/200 Loss is L =1.2874349355697632 
Cross_Entropy lr = 0.01 Loss 167/200 Loss is L =1.2877119779586792 
Cross_Entropy lr = 0.01 Loss 168/200 Loss is L =1.2878550291061401 
Cross_Entropy lr = 0.01 Loss 169/200 Loss is L =1.287208914756775 
Cross_Entropy lr = 0.01 Loss 170/200 Loss is L =1.2873235940933228 
Cross_Entropy lr = 0.01 Loss 171/200 Loss is L =1.2905874252319336 
Cross_Entropy lr = 0.01 Loss 172/200 Loss is L =1.2875245809555054 
Cross_Entropy lr = 0.01 Loss 173/200 Loss is L =1.3066141605377197 
Cross_Entropy lr = 0.01 Loss 174/200 Loss is L =1.2853597402572632 
Cross_Entropy lr = 0.01 Loss 175/200 Loss is L =1.2863987684249878 
Cross_Entropy lr = 0.01 Loss 176/200 Loss is L =1.2904975414276123 
Cross_Entropy lr = 0.01 Loss 177/200 Loss is L =1.3198026418685913 
Cross_Entropy lr = 0.01 Loss 178/200 Loss is L =1.2882813215255737 
Cross_Entropy lr = 0.01 Loss 179/200 Loss is L =1.2886781692504883 
Cross_Entropy lr = 0.01 Loss 180/200 Loss is L =1.3296072483062744 
Cross_Entropy lr = 0.01 Loss 181/200 Loss is L =1.2880470752716064 
Cross_Entropy lr = 0.01 Loss 182/200 Loss is L =1.323615312576294 
Cross_Entropy lr = 0.01 Loss 183/200 Loss is L =1.2911204099655151 
Cross_Entropy lr = 0.01 Loss 184/200 Loss is L =1.2883148193359375 
Cross_Entropy lr = 0.01 Loss 185/200 Loss is L =1.3147639036178589 
Cross_Entropy lr = 0.01 Loss 186/200 Loss is L =1.2870886325836182 
Cross_Entropy lr = 0.01 Loss 187/200 Loss is L =1.3107709884643555 
Cross_Entropy lr = 0.01 Loss 188/200 Loss is L =1.2875607013702393 
Cross_Entropy lr = 0.01 Loss 189/200 Loss is L =1.2912074327468872 
Cross_Entropy lr = 0.01 Loss 190/200 Loss is L =1.2924644947052002 
Cross_Entropy lr = 0.01 Loss 191/200 Loss is L =1.290167212486267 
Cross_Entropy lr = 0.01 Loss 192/200 Loss is L =1.2923370599746704 
Cross_Entropy lr = 0.01 Loss 193/200 Loss is L =1.2927383184432983 
Cross_Entropy lr = 0.01 Loss 194/200 Loss is L =1.2883967161178589 
Cross_Entropy lr = 0.01 Loss 195/200 Loss is L =1.286590337753296 
Cross_Entropy lr = 0.01 Loss 196/200 Loss is L =1.2966759204864502 
Cross_Entropy lr = 0.01 Loss 197/200 Loss is L =1.3000696897506714 
Cross_Entropy lr = 0.01 Loss 198/200 Loss is L =1.2869020700454712 
Cross_Entropy lr = 0.01 Loss 199/200 Loss is L =1.2921302318572998 
Cross_Entropy lr = 0.01 Loss 200/200 Loss is L =1.288238763809204 
Cross_Entropy lr = 0.5 Loss 1/200 Loss is L =1.9876362085342407 
Cross_Entropy lr = 0.5 Loss 2/200 Loss is L =1.9695141315460205 
Cross_Entropy lr = 0.5 Loss 3/200 Loss is L =1.862083077430725 
Cross_Entropy lr = 0.5 Loss 4/200 Loss is L =1.883667230606079 
Cross_Entropy lr = 0.5 Loss 5/200 Loss is L =1.7593408823013306 
Cross_Entropy lr = 0.5 Loss 6/200 Loss is L =1.6520493030548096 
Cross_Entropy lr = 0.5 Loss 7/200 Loss is L =1.6111633777618408 
Cross_Entropy lr = 0.5 Loss 8/200 Loss is L =1.7371755838394165 
Cross_Entropy lr = 0.5 Loss 9/200 Loss is L =1.5732532739639282 
Cross_Entropy lr = 0.5 Loss 10/200 Loss is L =1.5343743562698364 
Cross_Entropy lr = 0.5 Loss 11/200 Loss is L =1.5418200492858887 
Cross_Entropy lr = 0.5 Loss 12/200 Loss is L =1.4661099910736084 
Cross_Entropy lr = 0.5 Loss 13/200 Loss is L =1.424018144607544 
Cross_Entropy lr = 0.5 Loss 14/200 Loss is L =1.3491805791854858 
Cross_Entropy lr = 0.5 Loss 15/200 Loss is L =1.3464912176132202 
Cross_Entropy lr = 0.5 Loss 16/200 Loss is L =1.357500433921814 
Cross_Entropy lr = 0.5 Loss 17/200 Loss is L =1.3498035669326782 
Cross_Entropy lr = 0.5 Loss 18/200 Loss is L =1.3282454013824463 
Cross_Entropy lr = 0.5 Loss 19/200 Loss is L =1.3021068572998047 
Cross_Entropy lr = 0.5 Loss 20/200 Loss is L =1.302313208580017 
Cross_Entropy lr = 0.5 Loss 21/200 Loss is L =1.279296875 
Cross_Entropy lr = 0.5 Loss 22/200 Loss is L =1.3189527988433838 
Cross_Entropy lr = 0.5 Loss 23/200 Loss is L =1.3056563138961792 
Cross_Entropy lr = 0.5 Loss 24/200 Loss is L =1.2773479223251343 
Cross_Entropy lr = 0.5 Loss 25/200 Loss is L =1.2768405675888062 
Cross_Entropy lr = 0.5 Loss 26/200 Loss is L =1.277247428894043 
Cross_Entropy lr = 0.5 Loss 27/200 Loss is L =1.278740644454956 
Cross_Entropy lr = 0.5 Loss 28/200 Loss is L =1.275649905204773 
Cross_Entropy lr = 0.5 Loss 29/200 Loss is L =1.299578309059143 
Cross_Entropy lr = 0.5 Loss 30/200 Loss is L =1.2751761674880981 
Cross_Entropy lr = 0.5 Loss 31/200 Loss is L =1.2760223150253296 
Cross_Entropy lr = 0.5 Loss 32/200 Loss is L =1.2753515243530273 
Cross_Entropy lr = 0.5 Loss 33/200 Loss is L =1.2763694524765015 
Cross_Entropy lr = 0.5 Loss 34/200 Loss is L =1.2757271528244019 
Cross_Entropy lr = 0.5 Loss 35/200 Loss is L =1.3002427816390991 
Cross_Entropy lr = 0.5 Loss 36/200 Loss is L =1.2753280401229858 
Cross_Entropy lr = 0.5 Loss 37/200 Loss is L =1.2993545532226562 
Cross_Entropy lr = 0.5 Loss 38/200 Loss is L =1.2748444080352783 
Cross_Entropy lr = 0.5 Loss 39/200 Loss is L =1.274850606918335 
Cross_Entropy lr = 0.5 Loss 40/200 Loss is L =1.300076961517334 
Cross_Entropy lr = 0.5 Loss 41/200 Loss is L =1.2749559879302979 
Cross_Entropy lr = 0.5 Loss 42/200 Loss is L =1.2749186754226685 
Cross_Entropy lr = 0.5 Loss 43/200 Loss is L =1.2749305963516235 
Cross_Entropy lr = 0.5 Loss 44/200 Loss is L =1.2749524116516113 
Cross_Entropy lr = 0.5 Loss 45/200 Loss is L =1.2749390602111816 
Cross_Entropy lr = 0.5 Loss 46/200 Loss is L =1.2748275995254517 
Cross_Entropy lr = 0.5 Loss 47/200 Loss is L =1.2748035192489624 
Cross_Entropy lr = 0.5 Loss 48/200 Loss is L =1.2749433517456055 
Cross_Entropy lr = 0.5 Loss 49/200 Loss is L =1.2752898931503296 
Cross_Entropy lr = 0.5 Loss 50/200 Loss is L =1.2991629838943481 
Cross_Entropy lr = 0.5 Loss 51/200 Loss is L =1.2995970249176025 
Cross_Entropy lr = 0.5 Loss 52/200 Loss is L =1.275217890739441 
Cross_Entropy lr = 0.5 Loss 53/200 Loss is L =1.2746412754058838 
Cross_Entropy lr = 0.5 Loss 54/200 Loss is L =1.2765182256698608 
Cross_Entropy lr = 0.5 Loss 55/200 Loss is L =1.2758785486221313 
Cross_Entropy lr = 0.5 Loss 56/200 Loss is L =1.2995496988296509 
Cross_Entropy lr = 0.5 Loss 57/200 Loss is L =1.299224853515625 
Cross_Entropy lr = 0.5 Loss 58/200 Loss is L =1.299231767654419 
Cross_Entropy lr = 0.5 Loss 59/200 Loss is L =1.2745031118392944 
Cross_Entropy lr = 0.5 Loss 60/200 Loss is L =1.2981109619140625 
Cross_Entropy lr = 0.5 Loss 61/200 Loss is L =1.2746299505233765 
Cross_Entropy lr = 0.5 Loss 62/200 Loss is L =1.2745226621627808 
Cross_Entropy lr = 0.5 Loss 63/200 Loss is L =1.2993825674057007 
Cross_Entropy lr = 0.5 Loss 64/200 Loss is L =1.2745786905288696 
Cross_Entropy lr = 0.5 Loss 65/200 Loss is L =1.2755537033081055 
Cross_Entropy lr = 0.5 Loss 66/200 Loss is L =1.2744073867797852 
Cross_Entropy lr = 0.5 Loss 67/200 Loss is L =1.2747015953063965 
Cross_Entropy lr = 0.5 Loss 68/200 Loss is L =1.2745394706726074 
Cross_Entropy lr = 0.5 Loss 69/200 Loss is L =1.2744587659835815 
Cross_Entropy lr = 0.5 Loss 70/200 Loss is L =1.2992280721664429 
Cross_Entropy lr = 0.5 Loss 71/200 Loss is L =1.2982151508331299 
Cross_Entropy lr = 0.5 Loss 72/200 Loss is L =1.2989513874053955 
Cross_Entropy lr = 0.5 Loss 73/200 Loss is L =1.274828553199768 
Cross_Entropy lr = 0.5 Loss 74/200 Loss is L =1.2743993997573853 
Cross_Entropy lr = 0.5 Loss 75/200 Loss is L =1.2993969917297363 
Cross_Entropy lr = 0.5 Loss 76/200 Loss is L =1.2745342254638672 
Cross_Entropy lr = 0.5 Loss 77/200 Loss is L =1.2751539945602417 
Cross_Entropy lr = 0.5 Loss 78/200 Loss is L =1.2746319770812988 
Cross_Entropy lr = 0.5 Loss 79/200 Loss is L =1.2744802236557007 
Cross_Entropy lr = 0.5 Loss 80/200 Loss is L =1.2751858234405518 
Cross_Entropy lr = 0.5 Loss 81/200 Loss is L =1.274713397026062 
Cross_Entropy lr = 0.5 Loss 82/200 Loss is L =1.2746018171310425 
Cross_Entropy lr = 0.5 Loss 83/200 Loss is L =1.2743760347366333 
Cross_Entropy lr = 0.5 Loss 84/200 Loss is L =1.2753995656967163 
Cross_Entropy lr = 0.5 Loss 85/200 Loss is L =1.2745832204818726 
Cross_Entropy lr = 0.5 Loss 86/200 Loss is L =1.2745203971862793 
Cross_Entropy lr = 0.5 Loss 87/200 Loss is L =1.2987663745880127 
Cross_Entropy lr = 0.5 Loss 88/200 Loss is L =1.2745182514190674 
Cross_Entropy lr = 0.5 Loss 89/200 Loss is L =1.2992256879806519 
Cross_Entropy lr = 0.5 Loss 90/200 Loss is L =1.2743990421295166 
Cross_Entropy lr = 0.5 Loss 91/200 Loss is L =1.2754459381103516 
Cross_Entropy lr = 0.5 Loss 92/200 Loss is L =1.291019082069397 
Cross_Entropy lr = 0.5 Loss 93/200 Loss is L =1.275508999824524 
Cross_Entropy lr = 0.5 Loss 94/200 Loss is L =1.2973121404647827 
Cross_Entropy lr = 0.5 Loss 95/200 Loss is L =1.2753627300262451 
Cross_Entropy lr = 0.5 Loss 96/200 Loss is L =1.3008887767791748 
Cross_Entropy lr = 0.5 Loss 97/200 Loss is L =1.298806071281433 
Cross_Entropy lr = 0.5 Loss 98/200 Loss is L =1.2746766805648804 
Cross_Entropy lr = 0.5 Loss 99/200 Loss is L =1.276200532913208 
Cross_Entropy lr = 0.5 Loss 100/200 Loss is L =1.2965220212936401 
Cross_Entropy lr = 0.5 Loss 101/200 Loss is L =1.2745174169540405 
Cross_Entropy lr = 0.5 Loss 102/200 Loss is L =1.2990626096725464 
Cross_Entropy lr = 0.5 Loss 103/200 Loss is L =1.2745112180709839 
Cross_Entropy lr = 0.5 Loss 104/200 Loss is L =1.27456796169281 
Cross_Entropy lr = 0.5 Loss 105/200 Loss is L =1.274532437324524 
Cross_Entropy lr = 0.5 Loss 106/200 Loss is L =1.2745468616485596 
Cross_Entropy lr = 0.5 Loss 107/200 Loss is L =1.2760164737701416 
Cross_Entropy lr = 0.5 Loss 108/200 Loss is L =1.2744606733322144 
Cross_Entropy lr = 0.5 Loss 109/200 Loss is L =1.274518609046936 
Cross_Entropy lr = 0.5 Loss 110/200 Loss is L =1.275158405303955 
Cross_Entropy lr = 0.5 Loss 111/200 Loss is L =1.2753177881240845 
Cross_Entropy lr = 0.5 Loss 112/200 Loss is L =1.2751299142837524 
Cross_Entropy lr = 0.5 Loss 113/200 Loss is L =1.3049722909927368 
Cross_Entropy lr = 0.5 Loss 114/200 Loss is L =1.2745345830917358 
Cross_Entropy lr = 0.5 Loss 115/200 Loss is L =1.2762664556503296 
Cross_Entropy lr = 0.5 Loss 116/200 Loss is L =1.2782777547836304 
Cross_Entropy lr = 0.5 Loss 117/200 Loss is L =1.2747503519058228 
Cross_Entropy lr = 0.5 Loss 118/200 Loss is L =1.274458408355713 
Cross_Entropy lr = 0.5 Loss 119/200 Loss is L =1.275843858718872 
Cross_Entropy lr = 0.5 Loss 120/200 Loss is L =1.2744630575180054 
Cross_Entropy lr = 0.5 Loss 121/200 Loss is L =1.2749812602996826 
Cross_Entropy lr = 0.5 Loss 122/200 Loss is L =1.2753769159317017 
Cross_Entropy lr = 0.5 Loss 123/200 Loss is L =1.2745083570480347 
Cross_Entropy lr = 0.5 Loss 124/200 Loss is L =1.2745250463485718 
Cross_Entropy lr = 0.5 Loss 125/200 Loss is L =1.2747704982757568 
Cross_Entropy lr = 0.5 Loss 126/200 Loss is L =1.2746542692184448 
Cross_Entropy lr = 0.5 Loss 127/200 Loss is L =1.2754493951797485 
Cross_Entropy lr = 0.5 Loss 128/200 Loss is L =1.2761555910110474 
Cross_Entropy lr = 0.5 Loss 129/200 Loss is L =1.299776315689087 
Cross_Entropy lr = 0.5 Loss 130/200 Loss is L =1.2744375467300415 
Cross_Entropy lr = 0.5 Loss 131/200 Loss is L =1.2991297245025635 
Cross_Entropy lr = 0.5 Loss 132/200 Loss is L =1.2744934558868408 
Cross_Entropy lr = 0.5 Loss 133/200 Loss is L =1.3011114597320557 
Cross_Entropy lr = 0.5 Loss 134/200 Loss is L =1.2744922637939453 
Cross_Entropy lr = 0.5 Loss 135/200 Loss is L =1.2992346286773682 
Cross_Entropy lr = 0.5 Loss 136/200 Loss is L =1.2743977308273315 
Cross_Entropy lr = 0.5 Loss 137/200 Loss is L =1.2992773056030273 
Cross_Entropy lr = 0.5 Loss 138/200 Loss is L =1.279063105583191 
Cross_Entropy lr = 0.5 Loss 139/200 Loss is L =1.2745771408081055 
Cross_Entropy lr = 0.5 Loss 140/200 Loss is L =1.2751123905181885 
Cross_Entropy lr = 0.5 Loss 141/200 Loss is L =1.2747312784194946 
Cross_Entropy lr = 0.5 Loss 142/200 Loss is L =1.2746204137802124 
Cross_Entropy lr = 0.5 Loss 143/200 Loss is L =1.2744569778442383 
Cross_Entropy lr = 0.5 Loss 144/200 Loss is L =1.2991026639938354 
Cross_Entropy lr = 0.5 Loss 145/200 Loss is L =1.2744770050048828 
Cross_Entropy lr = 0.5 Loss 146/200 Loss is L =1.274857521057129 
Cross_Entropy lr = 0.5 Loss 147/200 Loss is L =1.2744204998016357 
Cross_Entropy lr = 0.5 Loss 148/200 Loss is L =1.2746785879135132 
Cross_Entropy lr = 0.5 Loss 149/200 Loss is L =1.2744241952896118 
Cross_Entropy lr = 0.5 Loss 150/200 Loss is L =1.274454116821289 
Cross_Entropy lr = 0.5 Loss 151/200 Loss is L =1.274548053741455 
Cross_Entropy lr = 0.5 Loss 152/200 Loss is L =1.274916648864746 
Cross_Entropy lr = 0.5 Loss 153/200 Loss is L =1.2747009992599487 
Cross_Entropy lr = 0.5 Loss 154/200 Loss is L =1.27448308467865 
Cross_Entropy lr = 0.5 Loss 155/200 Loss is L =1.299254059791565 
Cross_Entropy lr = 0.5 Loss 156/200 Loss is L =1.274495244026184 
Cross_Entropy lr = 0.5 Loss 157/200 Loss is L =1.2990508079528809 
Cross_Entropy lr = 0.5 Loss 158/200 Loss is L =1.2751721143722534 
Cross_Entropy lr = 0.5 Loss 159/200 Loss is L =1.2745513916015625 
Cross_Entropy lr = 0.5 Loss 160/200 Loss is L =1.2990936040878296 
Cross_Entropy lr = 0.5 Loss 161/200 Loss is L =1.2777434587478638 
Cross_Entropy lr = 0.5 Loss 162/200 Loss is L =1.2745689153671265 
Cross_Entropy lr = 0.5 Loss 163/200 Loss is L =1.2999578714370728 
Cross_Entropy lr = 0.5 Loss 164/200 Loss is L =1.275485634803772 
Cross_Entropy lr = 0.5 Loss 165/200 Loss is L =1.2744998931884766 
Cross_Entropy lr = 0.5 Loss 166/200 Loss is L =1.2745882272720337 
Cross_Entropy lr = 0.5 Loss 167/200 Loss is L =1.2990363836288452 
Cross_Entropy lr = 0.5 Loss 168/200 Loss is L =1.2758220434188843 
Cross_Entropy lr = 0.5 Loss 169/200 Loss is L =1.298309564590454 
Cross_Entropy lr = 0.5 Loss 170/200 Loss is L =1.2744396924972534 
Cross_Entropy lr = 0.5 Loss 171/200 Loss is L =1.274446964263916 
Cross_Entropy lr = 0.5 Loss 172/200 Loss is L =1.29915452003479 
Cross_Entropy lr = 0.5 Loss 173/200 Loss is L =1.2747852802276611 
Cross_Entropy lr = 0.5 Loss 174/200 Loss is L =1.2745294570922852 
Cross_Entropy lr = 0.5 Loss 175/200 Loss is L =1.2748832702636719 
Cross_Entropy lr = 0.5 Loss 176/200 Loss is L =1.27446711063385 
Cross_Entropy lr = 0.5 Loss 177/200 Loss is L =1.299236536026001 
Cross_Entropy lr = 0.5 Loss 178/200 Loss is L =1.2745169401168823 
Cross_Entropy lr = 0.5 Loss 179/200 Loss is L =1.2744624614715576 
Cross_Entropy lr = 0.5 Loss 180/200 Loss is L =1.2744863033294678 
Cross_Entropy lr = 0.5 Loss 181/200 Loss is L =1.3235151767730713 
Cross_Entropy lr = 0.5 Loss 182/200 Loss is L =1.2744227647781372 
Cross_Entropy lr = 0.5 Loss 183/200 Loss is L =1.2747093439102173 
Cross_Entropy lr = 0.5 Loss 184/200 Loss is L =1.2990436553955078 
Cross_Entropy lr = 0.5 Loss 185/200 Loss is L =1.2746012210845947 
Cross_Entropy lr = 0.5 Loss 186/200 Loss is L =1.2757352590560913 
Cross_Entropy lr = 0.5 Loss 187/200 Loss is L =1.279665470123291 
Cross_Entropy lr = 0.5 Loss 188/200 Loss is L =1.2747989892959595 
Cross_Entropy lr = 0.5 Loss 189/200 Loss is L =1.2745696306228638 
Cross_Entropy lr = 0.5 Loss 190/200 Loss is L =1.2745245695114136 
Cross_Entropy lr = 0.5 Loss 191/200 Loss is L =1.2753045558929443 
Cross_Entropy lr = 0.5 Loss 192/200 Loss is L =1.2745280265808105 
Cross_Entropy lr = 0.5 Loss 193/200 Loss is L =1.274461269378662 
Cross_Entropy lr = 0.5 Loss 194/200 Loss is L =1.2745758295059204 
Cross_Entropy lr = 0.5 Loss 195/200 Loss is L =1.2744492292404175 
Cross_Entropy lr = 0.5 Loss 196/200 Loss is L =1.2744386196136475 
Cross_Entropy lr = 0.5 Loss 197/200 Loss is L =1.274880290031433 
Cross_Entropy lr = 0.5 Loss 198/200 Loss is L =1.2745853662490845 
Cross_Entropy lr = 0.5 Loss 199/200 Loss is L =1.2763328552246094 
Cross_Entropy lr = 0.5 Loss 200/200 Loss is L =1.2999237775802612 
