Program will start executing in a bit
/apps/sw/miniconda/envs/ai-4/lib/python3.10/site-packages/torch/utils/_device.py:77: UserWarning: To copy construct from a tensor, it is recommended to use sourceTensor.clone().detach() or sourceTensor.clone().detach().requires_grad_(True), rather than torch.tensor(sourceTensor).
  return func(*args, **kwargs)
✅ Using CUDA globally
GPU: Tesla V100-SXM3-32GB
Current directory: /home/cbe05/MaqamDiffusion
Cross_Entropy lr = 0.01 Loss 1/300 Loss is L =1.554426908493042 
Cross_Entropy lr = 0.01 Loss 2/300 Loss is L =1.5437597036361694 
Cross_Entropy lr = 0.01 Loss 3/300 Loss is L =1.6741527318954468 
Cross_Entropy lr = 0.01 Loss 4/300 Loss is L =1.2344646453857422 
Cross_Entropy lr = 0.01 Loss 5/300 Loss is L =1.3699041604995728 
Cross_Entropy lr = 0.01 Loss 6/300 Loss is L =1.1718133687973022 
Cross_Entropy lr = 0.01 Loss 7/300 Loss is L =1.1327635049819946 
Cross_Entropy lr = 0.01 Loss 8/300 Loss is L =1.291398525238037 
Cross_Entropy lr = 0.01 Loss 9/300 Loss is L =1.4405993223190308 
Cross_Entropy lr = 0.01 Loss 10/300 Loss is L =1.0610355138778687 
Cross_Entropy lr = 0.01 Loss 11/300 Loss is L =0.9492437243461609 
Cross_Entropy lr = 0.01 Loss 12/300 Loss is L =1.014339804649353 
Cross_Entropy lr = 0.01 Loss 13/300 Loss is L =0.9383662343025208 
Cross_Entropy lr = 0.01 Loss 14/300 Loss is L =0.7107810974121094 
Cross_Entropy lr = 0.01 Loss 15/300 Loss is L =0.7969672083854675 
Cross_Entropy lr = 0.01 Loss 16/300 Loss is L =0.7990670204162598 
Cross_Entropy lr = 0.01 Loss 17/300 Loss is L =0.7960761785507202 
Cross_Entropy lr = 0.01 Loss 18/300 Loss is L =1.031423568725586 
Cross_Entropy lr = 0.01 Loss 19/300 Loss is L =0.7145401239395142 
Cross_Entropy lr = 0.01 Loss 20/300 Loss is L =1.0905706882476807 
Cross_Entropy lr = 0.01 Loss 21/300 Loss is L =0.7766639590263367 
Cross_Entropy lr = 0.01 Loss 22/300 Loss is L =0.6562600135803223 
Cross_Entropy lr = 0.01 Loss 23/300 Loss is L =0.9071647524833679 
Cross_Entropy lr = 0.01 Loss 24/300 Loss is L =0.3660096526145935 
Cross_Entropy lr = 0.01 Loss 25/300 Loss is L =0.6580368876457214 
Cross_Entropy lr = 0.01 Loss 26/300 Loss is L =0.6312427520751953 
Cross_Entropy lr = 0.01 Loss 27/300 Loss is L =0.5786474943161011 
Cross_Entropy lr = 0.01 Loss 28/300 Loss is L =0.7739967703819275 
Cross_Entropy lr = 0.01 Loss 29/300 Loss is L =0.4562012851238251 
Cross_Entropy lr = 0.01 Loss 30/300 Loss is L =0.4389168918132782 
Cross_Entropy lr = 0.01 Loss 31/300 Loss is L =0.4497084617614746 
Cross_Entropy lr = 0.01 Loss 32/300 Loss is L =0.3350600302219391 
Cross_Entropy lr = 0.01 Loss 33/300 Loss is L =0.22530384361743927 
Cross_Entropy lr = 0.01 Loss 34/300 Loss is L =0.3143882751464844 
Cross_Entropy lr = 0.01 Loss 35/300 Loss is L =0.5483995676040649 
Cross_Entropy lr = 0.01 Loss 36/300 Loss is L =0.44129678606987 
Cross_Entropy lr = 0.01 Loss 37/300 Loss is L =0.49267488718032837 
Cross_Entropy lr = 0.01 Loss 38/300 Loss is L =0.2680421769618988 
Cross_Entropy lr = 0.01 Loss 39/300 Loss is L =0.21885506808757782 
Cross_Entropy lr = 0.01 Loss 40/300 Loss is L =0.10206475108861923 
Cross_Entropy lr = 0.01 Loss 41/300 Loss is L =0.20243072509765625 
Cross_Entropy lr = 0.01 Loss 42/300 Loss is L =0.41555657982826233 
Cross_Entropy lr = 0.01 Loss 43/300 Loss is L =0.2266625016927719 
Cross_Entropy lr = 0.01 Loss 44/300 Loss is L =0.3541746437549591 
Cross_Entropy lr = 0.01 Loss 45/300 Loss is L =0.566472053527832 
Cross_Entropy lr = 0.01 Loss 46/300 Loss is L =0.40402403473854065 
Cross_Entropy lr = 0.01 Loss 47/300 Loss is L =0.16965387761592865 
Cross_Entropy lr = 0.01 Loss 48/300 Loss is L =0.30676594376564026 
Cross_Entropy lr = 0.01 Loss 49/300 Loss is L =0.47998762130737305 
Cross_Entropy lr = 0.01 Loss 50/300 Loss is L =0.3501683175563812 
Cross_Entropy lr = 0.01 Loss 51/300 Loss is L =0.19749782979488373 
Cross_Entropy lr = 0.01 Loss 52/300 Loss is L =0.2396978884935379 
Cross_Entropy lr = 0.01 Loss 53/300 Loss is L =0.14479903876781464 
Cross_Entropy lr = 0.01 Loss 54/300 Loss is L =0.1304519772529602 
Cross_Entropy lr = 0.01 Loss 55/300 Loss is L =0.17737016081809998 
Cross_Entropy lr = 0.01 Loss 56/300 Loss is L =0.3785322606563568 
Cross_Entropy lr = 0.01 Loss 57/300 Loss is L =0.2941332459449768 
Cross_Entropy lr = 0.01 Loss 58/300 Loss is L =0.14607121050357819 
Cross_Entropy lr = 0.01 Loss 59/300 Loss is L =0.126355841755867 
Cross_Entropy lr = 0.01 Loss 60/300 Loss is L =0.18627461791038513 
Cross_Entropy lr = 0.01 Loss 61/300 Loss is L =0.09298581629991531 
Cross_Entropy lr = 0.01 Loss 62/300 Loss is L =0.13162942230701447 
Cross_Entropy lr = 0.01 Loss 63/300 Loss is L =0.15471133589744568 
Cross_Entropy lr = 0.01 Loss 64/300 Loss is L =0.20093436539173126 
Cross_Entropy lr = 0.01 Loss 65/300 Loss is L =0.19744205474853516 
Cross_Entropy lr = 0.01 Loss 66/300 Loss is L =0.1506146639585495 
Cross_Entropy lr = 0.01 Loss 67/300 Loss is L =0.09566967189311981 
Cross_Entropy lr = 0.01 Loss 68/300 Loss is L =0.0749029740691185 
Cross_Entropy lr = 0.01 Loss 69/300 Loss is L =0.161660835146904 
Cross_Entropy lr = 0.01 Loss 70/300 Loss is L =0.10345413535833359 
Cross_Entropy lr = 0.01 Loss 71/300 Loss is L =0.18941283226013184 
Cross_Entropy lr = 0.01 Loss 72/300 Loss is L =0.14632157981395721 
Cross_Entropy lr = 0.01 Loss 73/300 Loss is L =0.18790815770626068 
Cross_Entropy lr = 0.01 Loss 74/300 Loss is L =0.06308423727750778 
Cross_Entropy lr = 0.01 Loss 75/300 Loss is L =0.15088114142417908 
Cross_Entropy lr = 0.01 Loss 76/300 Loss is L =0.26053670048713684 
Cross_Entropy lr = 0.01 Loss 77/300 Loss is L =0.2091747373342514 
Cross_Entropy lr = 0.01 Loss 78/300 Loss is L =0.11173536628484726 
Cross_Entropy lr = 0.01 Loss 79/300 Loss is L =0.09982240200042725 
Cross_Entropy lr = 0.01 Loss 80/300 Loss is L =0.2775719165802002 
Cross_Entropy lr = 0.01 Loss 81/300 Loss is L =0.4204900860786438 
Cross_Entropy lr = 0.01 Loss 82/300 Loss is L =0.041935693472623825 
Cross_Entropy lr = 0.01 Loss 83/300 Loss is L =0.11426810175180435 
Cross_Entropy lr = 0.01 Loss 84/300 Loss is L =0.42388448119163513 
Cross_Entropy lr = 0.01 Loss 85/300 Loss is L =0.12963245809078217 
Cross_Entropy lr = 0.01 Loss 86/300 Loss is L =0.1723792403936386 
Cross_Entropy lr = 0.01 Loss 87/300 Loss is L =0.02295411191880703 
Cross_Entropy lr = 0.01 Loss 88/300 Loss is L =0.09710686653852463 
Cross_Entropy lr = 0.01 Loss 89/300 Loss is L =0.08587461709976196 
Cross_Entropy lr = 0.01 Loss 90/300 Loss is L =0.10435324162244797 
Cross_Entropy lr = 0.01 Loss 91/300 Loss is L =0.24624072015285492 
Cross_Entropy lr = 0.01 Loss 92/300 Loss is L =0.15230409801006317 
Cross_Entropy lr = 0.01 Loss 93/300 Loss is L =0.11917593330144882 
Cross_Entropy lr = 0.01 Loss 94/300 Loss is L =0.16616876423358917 
Cross_Entropy lr = 0.01 Loss 95/300 Loss is L =0.06843724846839905 
Cross_Entropy lr = 0.01 Loss 96/300 Loss is L =0.18801365792751312 
Cross_Entropy lr = 0.01 Loss 97/300 Loss is L =0.14363057911396027 
Cross_Entropy lr = 0.01 Loss 98/300 Loss is L =0.19015483558177948 
Cross_Entropy lr = 0.01 Loss 99/300 Loss is L =0.20299974083900452 
Cross_Entropy lr = 0.01 Loss 100/300 Loss is L =0.21000666916370392 
Cross_Entropy lr = 0.01 Loss 101/300 Loss is L =0.08994459360837936 
Cross_Entropy lr = 0.01 Loss 102/300 Loss is L =0.09942280501127243 
Cross_Entropy lr = 0.01 Loss 103/300 Loss is L =0.15010063350200653 
Cross_Entropy lr = 0.01 Loss 104/300 Loss is L =0.056755926460027695 
Cross_Entropy lr = 0.01 Loss 105/300 Loss is L =0.2385358065366745 
Cross_Entropy lr = 0.01 Loss 106/300 Loss is L =0.07986433804035187 
Cross_Entropy lr = 0.01 Loss 107/300 Loss is L =0.04914623126387596 
Cross_Entropy lr = 0.01 Loss 108/300 Loss is L =0.11611928790807724 
Cross_Entropy lr = 0.01 Loss 109/300 Loss is L =0.20582905411720276 
Cross_Entropy lr = 0.01 Loss 110/300 Loss is L =0.3157617449760437 
Cross_Entropy lr = 0.01 Loss 111/300 Loss is L =0.20453719794750214 
Cross_Entropy lr = 0.01 Loss 112/300 Loss is L =0.05867406353354454 
Cross_Entropy lr = 0.01 Loss 113/300 Loss is L =0.055788666009902954 
Cross_Entropy lr = 0.01 Loss 114/300 Loss is L =0.0670105367898941 
Cross_Entropy lr = 0.01 Loss 115/300 Loss is L =0.09874828904867172 
Cross_Entropy lr = 0.01 Loss 116/300 Loss is L =0.097469761967659 
Cross_Entropy lr = 0.01 Loss 117/300 Loss is L =0.08621158450841904 
Cross_Entropy lr = 0.01 Loss 118/300 Loss is L =0.21136720478534698 
Cross_Entropy lr = 0.01 Loss 119/300 Loss is L =0.1846705824136734 
Cross_Entropy lr = 0.01 Loss 120/300 Loss is L =0.04177771136164665 
Cross_Entropy lr = 0.01 Loss 121/300 Loss is L =0.05756629630923271 
Cross_Entropy lr = 0.01 Loss 122/300 Loss is L =0.03263694420456886 
Cross_Entropy lr = 0.01 Loss 123/300 Loss is L =0.09657794237136841 
Cross_Entropy lr = 0.01 Loss 124/300 Loss is L =0.17731840908527374 
Cross_Entropy lr = 0.01 Loss 125/300 Loss is L =0.1844620555639267 
Cross_Entropy lr = 0.01 Loss 126/300 Loss is L =0.03030724637210369 
Cross_Entropy lr = 0.01 Loss 127/300 Loss is L =0.07686876505613327 
Cross_Entropy lr = 0.01 Loss 128/300 Loss is L =0.12800000607967377 
Cross_Entropy lr = 0.01 Loss 129/300 Loss is L =0.15222540497779846 
Cross_Entropy lr = 0.01 Loss 130/300 Loss is L =0.0898880809545517 
Cross_Entropy lr = 0.01 Loss 131/300 Loss is L =0.11930239200592041 
Cross_Entropy lr = 0.01 Loss 132/300 Loss is L =0.17324350774288177 
Cross_Entropy lr = 0.01 Loss 133/300 Loss is L =0.09437759965658188 
Cross_Entropy lr = 0.01 Loss 134/300 Loss is L =0.4240284860134125 
Cross_Entropy lr = 0.01 Loss 135/300 Loss is L =0.06356612592935562 
Cross_Entropy lr = 0.01 Loss 136/300 Loss is L =0.07557850331068039 
Cross_Entropy lr = 0.01 Loss 137/300 Loss is L =0.09726334363222122 
Cross_Entropy lr = 0.01 Loss 138/300 Loss is L =0.2541380822658539 
Cross_Entropy lr = 0.01 Loss 139/300 Loss is L =0.09640175104141235 
Cross_Entropy lr = 0.01 Loss 140/300 Loss is L =0.10061688721179962 
Cross_Entropy lr = 0.01 Loss 141/300 Loss is L =0.22878514230251312 
Cross_Entropy lr = 0.01 Loss 142/300 Loss is L =0.09603152424097061 
Cross_Entropy lr = 0.01 Loss 143/300 Loss is L =0.14399126172065735 
Cross_Entropy lr = 0.01 Loss 144/300 Loss is L =0.1576264649629593 
Cross_Entropy lr = 0.01 Loss 145/300 Loss is L =0.18443864583969116 
Cross_Entropy lr = 0.01 Loss 146/300 Loss is L =0.04699321463704109 
Cross_Entropy lr = 0.01 Loss 147/300 Loss is L =0.1272892951965332 
Cross_Entropy lr = 0.01 Loss 148/300 Loss is L =0.07676330953836441 
Cross_Entropy lr = 0.01 Loss 149/300 Loss is L =0.0957554504275322 
Cross_Entropy lr = 0.01 Loss 150/300 Loss is L =0.05461713299155235 
Cross_Entropy lr = 0.01 Loss 151/300 Loss is L =0.16124528646469116 
Cross_Entropy lr = 0.01 Loss 152/300 Loss is L =0.0924525186419487 
Cross_Entropy lr = 0.01 Loss 153/300 Loss is L =0.19169938564300537 
Cross_Entropy lr = 0.01 Loss 154/300 Loss is L =0.23072008788585663 
Cross_Entropy lr = 0.01 Loss 155/300 Loss is L =0.040504079312086105 
Cross_Entropy lr = 0.01 Loss 156/300 Loss is L =0.1762901246547699 
Cross_Entropy lr = 0.01 Loss 157/300 Loss is L =0.16530528664588928 
Cross_Entropy lr = 0.01 Loss 158/300 Loss is L =0.05957147106528282 
Cross_Entropy lr = 0.01 Loss 159/300 Loss is L =0.039701011031866074 
Cross_Entropy lr = 0.01 Loss 160/300 Loss is L =0.1078944206237793 
Cross_Entropy lr = 0.01 Loss 161/300 Loss is L =0.15255217254161835 
Cross_Entropy lr = 0.01 Loss 162/300 Loss is L =0.22804012894630432 
Cross_Entropy lr = 0.01 Loss 163/300 Loss is L =0.3743498623371124 
Cross_Entropy lr = 0.01 Loss 164/300 Loss is L =0.06274189054965973 
Cross_Entropy lr = 0.01 Loss 165/300 Loss is L =0.11575698852539062 
Cross_Entropy lr = 0.01 Loss 166/300 Loss is L =0.042046744376420975 
Cross_Entropy lr = 0.01 Loss 167/300 Loss is L =0.09675725549459457 
Cross_Entropy lr = 0.01 Loss 168/300 Loss is L =0.07969515770673752 
Cross_Entropy lr = 0.01 Loss 169/300 Loss is L =0.09360992908477783 
Cross_Entropy lr = 0.01 Loss 170/300 Loss is L =0.1697155386209488 
Cross_Entropy lr = 0.01 Loss 171/300 Loss is L =0.09656208753585815 
Cross_Entropy lr = 0.01 Loss 172/300 Loss is L =0.16033096611499786 
Cross_Entropy lr = 0.01 Loss 173/300 Loss is L =0.037255819886922836 
Cross_Entropy lr = 0.01 Loss 174/300 Loss is L =0.06739287823438644 
Cross_Entropy lr = 0.01 Loss 175/300 Loss is L =0.13432928919792175 
Cross_Entropy lr = 0.01 Loss 176/300 Loss is L =0.20581595599651337 
Cross_Entropy lr = 0.01 Loss 177/300 Loss is L =0.1476215124130249 
Cross_Entropy lr = 0.01 Loss 178/300 Loss is L =0.21804562211036682 
Cross_Entropy lr = 0.01 Loss 179/300 Loss is L =0.0875517874956131 
Cross_Entropy lr = 0.01 Loss 180/300 Loss is L =0.020852843299508095 
Cross_Entropy lr = 0.01 Loss 181/300 Loss is L =0.1879349797964096 
Cross_Entropy lr = 0.01 Loss 182/300 Loss is L =0.16736352443695068 
Cross_Entropy lr = 0.01 Loss 183/300 Loss is L =0.07841836661100388 
Cross_Entropy lr = 0.01 Loss 184/300 Loss is L =0.19469189643859863 
Cross_Entropy lr = 0.01 Loss 185/300 Loss is L =0.08570396155118942 
Cross_Entropy lr = 0.01 Loss 186/300 Loss is L =0.09432567656040192 
Cross_Entropy lr = 0.01 Loss 187/300 Loss is L =0.2058209627866745 
Cross_Entropy lr = 0.01 Loss 188/300 Loss is L =0.2960911691188812 
Cross_Entropy lr = 0.01 Loss 189/300 Loss is L =0.14532819390296936 
Cross_Entropy lr = 0.01 Loss 190/300 Loss is L =0.1056860014796257 
Cross_Entropy lr = 0.01 Loss 191/300 Loss is L =0.03853941708803177 
Cross_Entropy lr = 0.01 Loss 192/300 Loss is L =0.11094200611114502 
Cross_Entropy lr = 0.01 Loss 193/300 Loss is L =0.07944866269826889 
Cross_Entropy lr = 0.01 Loss 194/300 Loss is L =0.09244295954704285 
Cross_Entropy lr = 0.01 Loss 195/300 Loss is L =0.054723985493183136 
Cross_Entropy lr = 0.01 Loss 196/300 Loss is L =0.29825055599212646 
Cross_Entropy lr = 0.01 Loss 197/300 Loss is L =0.16087208688259125 
Cross_Entropy lr = 0.01 Loss 198/300 Loss is L =0.12919317185878754 
Cross_Entropy lr = 0.01 Loss 199/300 Loss is L =0.10448556393384933 
Cross_Entropy lr = 0.01 Loss 200/300 Loss is L =0.11342604458332062 
Cross_Entropy lr = 0.01 Loss 201/300 Loss is L =0.08407068252563477 
Cross_Entropy lr = 0.01 Loss 202/300 Loss is L =0.0550362728536129 
Cross_Entropy lr = 0.01 Loss 203/300 Loss is L =0.19338344037532806 
Cross_Entropy lr = 0.01 Loss 204/300 Loss is L =0.161554217338562 
Cross_Entropy lr = 0.01 Loss 205/300 Loss is L =0.15833882987499237 
Cross_Entropy lr = 0.01 Loss 206/300 Loss is L =0.1483805626630783 
Cross_Entropy lr = 0.01 Loss 207/300 Loss is L =0.16215956211090088 
Cross_Entropy lr = 0.01 Loss 208/300 Loss is L =0.07878030091524124 
Cross_Entropy lr = 0.01 Loss 209/300 Loss is L =0.1212182566523552 
Cross_Entropy lr = 0.01 Loss 210/300 Loss is L =0.134575754404068 
Cross_Entropy lr = 0.01 Loss 211/300 Loss is L =0.14078263938426971 
Cross_Entropy lr = 0.01 Loss 212/300 Loss is L =0.08787202090024948 
Cross_Entropy lr = 0.01 Loss 213/300 Loss is L =0.392098993062973 
Cross_Entropy lr = 0.01 Loss 214/300 Loss is L =0.12190897762775421 
Cross_Entropy lr = 0.01 Loss 215/300 Loss is L =0.017259368672966957 
Cross_Entropy lr = 0.01 Loss 216/300 Loss is L =0.08939557522535324 
Cross_Entropy lr = 0.01 Loss 217/300 Loss is L =0.09637929499149323 
Cross_Entropy lr = 0.01 Loss 218/300 Loss is L =0.21311111748218536 
Cross_Entropy lr = 0.01 Loss 219/300 Loss is L =0.04335218295454979 
Cross_Entropy lr = 0.01 Loss 220/300 Loss is L =0.16897112131118774 
Cross_Entropy lr = 0.01 Loss 221/300 Loss is L =0.0603511817753315 
Cross_Entropy lr = 0.01 Loss 222/300 Loss is L =0.19424279034137726 
Cross_Entropy lr = 0.01 Loss 223/300 Loss is L =0.1871083527803421 
Cross_Entropy lr = 0.01 Loss 224/300 Loss is L =0.13785362243652344 
Cross_Entropy lr = 0.01 Loss 225/300 Loss is L =0.10389353334903717 
Cross_Entropy lr = 0.01 Loss 226/300 Loss is L =0.0724591612815857 
Cross_Entropy lr = 0.01 Loss 227/300 Loss is L =0.16420559585094452 
Cross_Entropy lr = 0.01 Loss 228/300 Loss is L =0.120029978454113 
Cross_Entropy lr = 0.01 Loss 229/300 Loss is L =0.03688059002161026 
Cross_Entropy lr = 0.01 Loss 230/300 Loss is L =0.04713756963610649 
Cross_Entropy lr = 0.01 Loss 231/300 Loss is L =0.09137461334466934 
Cross_Entropy lr = 0.01 Loss 232/300 Loss is L =0.26256880164146423 
Cross_Entropy lr = 0.01 Loss 233/300 Loss is L =0.09459375590085983 
Cross_Entropy lr = 0.01 Loss 234/300 Loss is L =0.1342272013425827 
Cross_Entropy lr = 0.01 Loss 235/300 Loss is L =0.23015263676643372 
Cross_Entropy lr = 0.01 Loss 236/300 Loss is L =0.13545337319374084 
Cross_Entropy lr = 0.01 Loss 237/300 Loss is L =0.050973325967788696 
Cross_Entropy lr = 0.01 Loss 238/300 Loss is L =0.07620956003665924 
Cross_Entropy lr = 0.01 Loss 239/300 Loss is L =0.24860675632953644 
Cross_Entropy lr = 0.01 Loss 240/300 Loss is L =0.19105522334575653 
Cross_Entropy lr = 0.01 Loss 241/300 Loss is L =0.13967007398605347 
Cross_Entropy lr = 0.01 Loss 242/300 Loss is L =0.15318624675273895 
Cross_Entropy lr = 0.01 Loss 243/300 Loss is L =0.22076793015003204 
Cross_Entropy lr = 0.01 Loss 244/300 Loss is L =0.3177805542945862 
Cross_Entropy lr = 0.01 Loss 245/300 Loss is L =0.09746076911687851 
Cross_Entropy lr = 0.01 Loss 246/300 Loss is L =0.19577531516551971 
Cross_Entropy lr = 0.01 Loss 247/300 Loss is L =0.11978556215763092 
Cross_Entropy lr = 0.01 Loss 248/300 Loss is L =0.19501812756061554 
Cross_Entropy lr = 0.01 Loss 249/300 Loss is L =0.14723268151283264 
Cross_Entropy lr = 0.01 Loss 250/300 Loss is L =0.2647061049938202 
Cross_Entropy lr = 0.01 Loss 251/300 Loss is L =0.22626958787441254 
Cross_Entropy lr = 0.01 Loss 252/300 Loss is L =0.21106894314289093 
Cross_Entropy lr = 0.01 Loss 253/300 Loss is L =0.15754833817481995 
Cross_Entropy lr = 0.01 Loss 254/300 Loss is L =0.07994049787521362 
Cross_Entropy lr = 0.01 Loss 255/300 Loss is L =0.21889439225196838 
Cross_Entropy lr = 0.01 Loss 256/300 Loss is L =0.24256682395935059 
Cross_Entropy lr = 0.01 Loss 257/300 Loss is L =0.22237522900104523 
Cross_Entropy lr = 0.01 Loss 258/300 Loss is L =0.17209549248218536 
Cross_Entropy lr = 0.01 Loss 259/300 Loss is L =0.22808639705181122 
Cross_Entropy lr = 0.01 Loss 260/300 Loss is L =0.31241562962532043 
Cross_Entropy lr = 0.01 Loss 261/300 Loss is L =0.20433683693408966 
Cross_Entropy lr = 0.01 Loss 262/300 Loss is L =0.1846490353345871 
Cross_Entropy lr = 0.01 Loss 263/300 Loss is L =0.09792802482843399 
Cross_Entropy lr = 0.01 Loss 264/300 Loss is L =0.3033500611782074 
Cross_Entropy lr = 0.01 Loss 265/300 Loss is L =0.2612340450286865 
Cross_Entropy lr = 0.01 Loss 266/300 Loss is L =0.25586381554603577 
Cross_Entropy lr = 0.01 Loss 267/300 Loss is L =0.20932987332344055 
Cross_Entropy lr = 0.01 Loss 268/300 Loss is L =0.12893350422382355 
Cross_Entropy lr = 0.01 Loss 269/300 Loss is L =0.06375396996736526 
Cross_Entropy lr = 0.01 Loss 270/300 Loss is L =0.023576553910970688 
Cross_Entropy lr = 0.01 Loss 271/300 Loss is L =0.03674611076712608 
Cross_Entropy lr = 0.01 Loss 272/300 Loss is L =0.16496191918849945 
Cross_Entropy lr = 0.01 Loss 273/300 Loss is L =0.09486166387796402 
Cross_Entropy lr = 0.01 Loss 274/300 Loss is L =0.09149103611707687 
Cross_Entropy lr = 0.01 Loss 275/300 Loss is L =0.106919065117836 
Cross_Entropy lr = 0.01 Loss 276/300 Loss is L =0.16053976118564606 
Cross_Entropy lr = 0.01 Loss 277/300 Loss is L =0.18547113239765167 
Cross_Entropy lr = 0.01 Loss 278/300 Loss is L =0.05350426584482193 
Cross_Entropy lr = 0.01 Loss 279/300 Loss is L =0.06311186403036118 
Cross_Entropy lr = 0.01 Loss 280/300 Loss is L =0.09911948442459106 
Cross_Entropy lr = 0.01 Loss 281/300 Loss is L =0.06206802651286125 
Cross_Entropy lr = 0.01 Loss 282/300 Loss is L =0.061320867389440536 
Cross_Entropy lr = 0.01 Loss 283/300 Loss is L =0.02947223000228405 
Cross_Entropy lr = 0.01 Loss 284/300 Loss is L =0.14661133289337158 
Cross_Entropy lr = 0.01 Loss 285/300 Loss is L =0.06916975975036621 
Cross_Entropy lr = 0.01 Loss 286/300 Loss is L =0.1018495112657547 
Cross_Entropy lr = 0.01 Loss 287/300 Loss is L =0.15219363570213318 
Cross_Entropy lr = 0.01 Loss 288/300 Loss is L =0.14007733762264252 
Cross_Entropy lr = 0.01 Loss 289/300 Loss is L =0.34834203124046326 
Cross_Entropy lr = 0.01 Loss 290/300 Loss is L =0.08880218118429184 
Cross_Entropy lr = 0.01 Loss 291/300 Loss is L =0.14111509919166565 
Cross_Entropy lr = 0.01 Loss 292/300 Loss is L =0.08416412025690079 
Cross_Entropy lr = 0.01 Loss 293/300 Loss is L =0.16014628112316132 
Cross_Entropy lr = 0.01 Loss 294/300 Loss is L =0.1764209121465683 
Cross_Entropy lr = 0.01 Loss 295/300 Loss is L =0.08990103006362915 
Cross_Entropy lr = 0.01 Loss 296/300 Loss is L =0.06953350454568863 
Cross_Entropy lr = 0.01 Loss 297/300 Loss is L =0.1372685432434082 
Cross_Entropy lr = 0.01 Loss 298/300 Loss is L =0.07692592591047287 
Cross_Entropy lr = 0.01 Loss 299/300 Loss is L =0.11130812019109726 
Cross_Entropy lr = 0.01 Loss 300/300 Loss is L =0.18196265399456024 
Correct: 1148/1200
Accuracy: 95.67%
