Program will start executing in a bit
/apps/sw/miniconda/envs/ai-4/lib/python3.10/site-packages/torch/utils/_device.py:77: UserWarning: To copy construct from a tensor, it is recommended to use sourceTensor.clone().detach() or sourceTensor.clone().detach().requires_grad_(True), rather than torch.tensor(sourceTensor).
  return func(*args, **kwargs)
✅ Using CUDA globally
GPU: Tesla V100-PCIE-32GB
✅ Using CUDA globally
GPU: Tesla V100-PCIE-32GB
Current directory: /home/cbe05/MaqamDiffusion
lr = 0.001 Loss 1/150 Loss is L =0.053309183567762375 
lr = 0.001 Loss 2/150 Loss is L =0.03788727894425392 
lr = 0.001 Loss 3/150 Loss is L =0.034109245985746384 
lr = 0.001 Loss 4/150 Loss is L =0.028247077018022537 
lr = 0.001 Loss 5/150 Loss is L =0.02611980400979519 
lr = 0.001 Loss 6/150 Loss is L =0.025483494624495506 
lr = 0.001 Loss 7/150 Loss is L =0.020022576674818993 
lr = 0.001 Loss 8/150 Loss is L =0.02029370702803135 
lr = 0.001 Loss 9/150 Loss is L =0.019680513069033623 
lr = 0.001 Loss 10/150 Loss is L =0.019212618470191956 
lr = 0.001 Loss 11/150 Loss is L =0.019126538187265396 
lr = 0.001 Loss 12/150 Loss is L =0.01982405036687851 
lr = 0.001 Loss 13/150 Loss is L =0.022247476503252983 
lr = 0.001 Loss 14/150 Loss is L =0.020511096343398094 
lr = 0.001 Loss 15/150 Loss is L =0.0206570066511631 
lr = 0.001 Loss 16/150 Loss is L =0.019340617582201958 
lr = 0.001 Loss 17/150 Loss is L =0.019551461562514305 
lr = 0.001 Loss 18/150 Loss is L =0.020337220281362534 
lr = 0.001 Loss 19/150 Loss is L =0.02112734317779541 
lr = 0.001 Loss 20/150 Loss is L =0.017762575298547745 
lr = 0.001 Loss 21/150 Loss is L =0.02074163220822811 
lr = 0.001 Loss 22/150 Loss is L =0.01866975799202919 
lr = 0.001 Loss 23/150 Loss is L =0.0191953144967556 
lr = 0.001 Loss 24/150 Loss is L =0.0191480852663517 
lr = 0.001 Loss 25/150 Loss is L =0.0177763681858778 
lr = 0.001 Loss 26/150 Loss is L =0.017868200317025185 
lr = 0.001 Loss 27/150 Loss is L =0.019651582464575768 
lr = 0.001 Loss 28/150 Loss is L =0.017832523211836815 
lr = 0.001 Loss 29/150 Loss is L =0.018134796991944313 
lr = 0.001 Loss 30/150 Loss is L =0.017911190167069435 
lr = 0.001 Loss 31/150 Loss is L =0.018534161150455475 
lr = 0.001 Loss 32/150 Loss is L =0.019039923325181007 
lr = 0.001 Loss 33/150 Loss is L =0.01829420030117035 
lr = 0.001 Loss 34/150 Loss is L =0.017546245828270912 
lr = 0.001 Loss 35/150 Loss is L =0.02146807126700878 
lr = 0.001 Loss 36/150 Loss is L =0.0186831783503294 
lr = 0.001 Loss 37/150 Loss is L =0.018983662128448486 
lr = 0.001 Loss 38/150 Loss is L =0.01852278970181942 
lr = 0.001 Loss 39/150 Loss is L =0.021485676988959312 
lr = 0.001 Loss 40/150 Loss is L =0.019351789727807045 
lr = 0.001 Loss 41/150 Loss is L =0.01796789839863777 
lr = 0.001 Loss 42/150 Loss is L =0.016919169574975967 
lr = 0.001 Loss 43/150 Loss is L =0.01720534823834896 
lr = 0.001 Loss 44/150 Loss is L =0.017710184678435326 
lr = 0.001 Loss 45/150 Loss is L =0.018428051844239235 
lr = 0.001 Loss 46/150 Loss is L =0.018388478085398674 
lr = 0.001 Loss 47/150 Loss is L =0.01635514385998249 
lr = 0.001 Loss 48/150 Loss is L =0.01911078952252865 
lr = 0.001 Loss 49/150 Loss is L =0.015375462360680103 
lr = 0.001 Loss 50/150 Loss is L =0.016110798344016075 
lr = 0.001 Loss 51/150 Loss is L =0.017177876085042953 
lr = 0.001 Loss 52/150 Loss is L =0.017727630212903023 
lr = 0.001 Loss 53/150 Loss is L =0.016638165339827538 
lr = 0.001 Loss 54/150 Loss is L =0.016844002529978752 
lr = 0.001 Loss 55/150 Loss is L =0.016960417851805687 
lr = 0.001 Loss 56/150 Loss is L =0.015456981025636196 
lr = 0.001 Loss 57/150 Loss is L =0.016571059823036194 
lr = 0.001 Loss 58/150 Loss is L =0.016496388241648674 
lr = 0.001 Loss 59/150 Loss is L =0.01867300271987915 
lr = 0.001 Loss 60/150 Loss is L =0.018160276114940643 
lr = 0.001 Loss 61/150 Loss is L =0.016892092302441597 
lr = 0.001 Loss 62/150 Loss is L =0.016209974884986877 
lr = 0.001 Loss 63/150 Loss is L =0.016663283109664917 
lr = 0.001 Loss 64/150 Loss is L =0.015745794400572777 
lr = 0.001 Loss 65/150 Loss is L =0.016949763521552086 
lr = 0.001 Loss 66/150 Loss is L =0.01544182188808918 
lr = 0.001 Loss 67/150 Loss is L =0.015000948682427406 
lr = 0.001 Loss 68/150 Loss is L =0.016999157145619392 
lr = 0.001 Loss 69/150 Loss is L =0.016011489555239677 
lr = 0.001 Loss 70/150 Loss is L =0.015563154593110085 
lr = 0.001 Loss 71/150 Loss is L =0.016733959317207336 
lr = 0.001 Loss 72/150 Loss is L =0.014624676667153835 
lr = 0.001 Loss 73/150 Loss is L =0.015486872754991055 
lr = 0.001 Loss 74/150 Loss is L =0.015199732966721058 
lr = 0.001 Loss 75/150 Loss is L =0.015540987253189087 
lr = 0.001 Loss 76/150 Loss is L =0.018747756257653236 
lr = 0.001 Loss 77/150 Loss is L =0.017421631142497063 
lr = 0.001 Loss 78/150 Loss is L =0.014455563388764858 
lr = 0.001 Loss 79/150 Loss is L =0.016123846173286438 
lr = 0.001 Loss 80/150 Loss is L =0.015153122134506702 
lr = 0.001 Loss 81/150 Loss is L =0.0159709881991148 
lr = 0.001 Loss 82/150 Loss is L =0.017007308080792427 
lr = 0.001 Loss 83/150 Loss is L =0.016166970133781433 
lr = 0.001 Loss 84/150 Loss is L =0.017528140917420387 
lr = 0.001 Loss 85/150 Loss is L =0.017605522647500038 
lr = 0.001 Loss 86/150 Loss is L =0.01640177145600319 
lr = 0.001 Loss 87/150 Loss is L =0.016911936923861504 
lr = 0.001 Loss 88/150 Loss is L =0.015418174676597118 
lr = 0.001 Loss 89/150 Loss is L =0.016032202169299126 
lr = 0.001 Loss 90/150 Loss is L =0.014781144447624683 
lr = 0.001 Loss 91/150 Loss is L =0.017147177830338478 
lr = 0.001 Loss 92/150 Loss is L =0.015305823646485806 
lr = 0.001 Loss 93/150 Loss is L =0.016498809680342674 
lr = 0.001 Loss 94/150 Loss is L =0.016313252970576286 
lr = 0.001 Loss 95/150 Loss is L =0.01555896271020174 
lr = 0.001 Loss 96/150 Loss is L =0.0174847599118948 
lr = 0.001 Loss 97/150 Loss is L =0.01769113913178444 
lr = 0.001 Loss 98/150 Loss is L =0.01676909625530243 
lr = 0.001 Loss 99/150 Loss is L =0.0169337447732687 
lr = 0.001 Loss 100/150 Loss is L =0.01692388765513897 
lr = 0.001 Loss 101/150 Loss is L =0.016010073944926262 
lr = 0.001 Loss 102/150 Loss is L =0.015458171255886555 
lr = 0.001 Loss 103/150 Loss is L =0.016119493171572685 
lr = 0.001 Loss 104/150 Loss is L =0.016965020447969437 
lr = 0.001 Loss 105/150 Loss is L =0.01688000187277794 
lr = 0.001 Loss 106/150 Loss is L =0.016131144016981125 
lr = 0.001 Loss 107/150 Loss is L =0.015787066891789436 
lr = 0.001 Loss 108/150 Loss is L =0.01814466528594494 
lr = 0.001 Loss 109/150 Loss is L =0.015856847167015076 
lr = 0.001 Loss 110/150 Loss is L =0.015635523945093155 
lr = 0.001 Loss 111/150 Loss is L =0.016061611473560333 
lr = 0.001 Loss 112/150 Loss is L =0.0172350462526083 
lr = 0.001 Loss 113/150 Loss is L =0.01647142879664898 
lr = 0.001 Loss 114/150 Loss is L =0.016279583796858788 
lr = 0.001 Loss 115/150 Loss is L =0.01593604125082493 
lr = 0.001 Loss 116/150 Loss is L =0.018045656383037567 
lr = 0.001 Loss 117/150 Loss is L =0.01601164974272251 
lr = 0.001 Loss 118/150 Loss is L =0.016167372465133667 
lr = 0.001 Loss 119/150 Loss is L =0.017129527404904366 
lr = 0.001 Loss 120/150 Loss is L =0.016349051147699356 
lr = 0.001 Loss 121/150 Loss is L =0.017600042745471 
lr = 0.001 Loss 122/150 Loss is L =0.017135420814156532 
lr = 0.001 Loss 123/150 Loss is L =0.017032159492373466 
lr = 0.001 Loss 124/150 Loss is L =0.015620474703609943 
lr = 0.001 Loss 125/150 Loss is L =0.015838824212551117 
lr = 0.001 Loss 126/150 Loss is L =0.015481299720704556 
lr = 0.001 Loss 127/150 Loss is L =0.016055578365921974 
lr = 0.001 Loss 128/150 Loss is L =0.015333018265664577 
lr = 0.001 Loss 129/150 Loss is L =0.016522949561476707 
lr = 0.001 Loss 130/150 Loss is L =0.015415327623486519 
lr = 0.001 Loss 131/150 Loss is L =0.017230987548828125 
lr = 0.001 Loss 132/150 Loss is L =0.015367621555924416 
lr = 0.001 Loss 133/150 Loss is L =0.01719045639038086 
lr = 0.001 Loss 134/150 Loss is L =0.016050178557634354 
lr = 0.001 Loss 135/150 Loss is L =0.014963841997087002 
lr = 0.001 Loss 136/150 Loss is L =0.015070638619363308 
lr = 0.001 Loss 137/150 Loss is L =0.01482539065182209 
lr = 0.001 Loss 138/150 Loss is L =0.015835469588637352 
lr = 0.001 Loss 139/150 Loss is L =0.017911242321133614 
lr = 0.001 Loss 140/150 Loss is L =0.01769876293838024 
lr = 0.001 Loss 141/150 Loss is L =0.01736484281718731 
lr = 0.001 Loss 142/150 Loss is L =0.015786338597536087 
lr = 0.001 Loss 143/150 Loss is L =0.01630006544291973 
lr = 0.001 Loss 144/150 Loss is L =0.017115993425250053 
lr = 0.001 Loss 145/150 Loss is L =0.01653868891298771 
lr = 0.001 Loss 146/150 Loss is L =0.01734795980155468 
lr = 0.001 Loss 147/150 Loss is L =0.015582755208015442 
lr = 0.001 Loss 148/150 Loss is L =0.01776496134698391 
lr = 0.001 Loss 149/150 Loss is L =0.01748480275273323 
lr = 0.001 Loss 150/150 Loss is L =0.016448630020022392 
torch.Size([40, 16384])
torch.Size([40, 16384])
torch.Size([40, 16384])
torch.Size([40, 16384])
torch.Size([40, 16384])
torch.Size([40, 16384])
torch.Size([40, 16384])
torch.Size([40, 16384])
torch.Size([40, 16384])
torch.Size([40, 16384])
torch.Size([40, 16384])
torch.Size([40, 16384])
torch.Size([40, 16384])
torch.Size([40, 16384])
torch.Size([40, 16384])
torch.Size([40, 16384])
torch.Size([40, 16384])
torch.Size([40, 16384])
torch.Size([40, 16384])
torch.Size([40, 16384])
torch.Size([40, 16384])
torch.Size([40, 16384])
torch.Size([40, 16384])
torch.Size([40, 16384])
torch.Size([40, 16384])
torch.Size([40, 16384])
torch.Size([40, 16384])
torch.Size([20, 16384])
torch.Size([40, 16384])
torch.Size([40, 16384])
torch.Size([40, 16384])
torch.Size([40, 16384])
torch.Size([40, 16384])
torch.Size([40, 16384])
torch.Size([40, 16384])
torch.Size([40, 16384])
torch.Size([40, 16384])
torch.Size([40, 16384])
torch.Size([40, 16384])
torch.Size([40, 16384])
torch.Size([40, 16384])
torch.Size([40, 16384])
torch.Size([40, 16384])
torch.Size([40, 16384])
torch.Size([40, 16384])
torch.Size([40, 16384])
torch.Size([40, 16384])
torch.Size([40, 16384])
torch.Size([40, 16384])
torch.Size([40, 16384])
torch.Size([40, 16384])
torch.Size([40, 16384])
torch.Size([40, 16384])
torch.Size([40, 16384])
torch.Size([40, 16384])
torch.Size([20, 16384])
torch.Size([40, 16384])
torch.Size([40, 16384])
torch.Size([40, 16384])
torch.Size([40, 16384])
torch.Size([40, 16384])
torch.Size([40, 16384])
torch.Size([40, 16384])
torch.Size([40, 16384])
torch.Size([40, 16384])
torch.Size([40, 16384])
torch.Size([40, 16384])
torch.Size([40, 16384])
torch.Size([40, 16384])
torch.Size([40, 16384])
torch.Size([40, 16384])
torch.Size([40, 16384])
torch.Size([40, 16384])
torch.Size([40, 16384])
torch.Size([40, 16384])
torch.Size([40, 16384])
torch.Size([40, 16384])
torch.Size([40, 16384])
torch.Size([40, 16384])
torch.Size([40, 16384])
torch.Size([40, 16384])
torch.Size([40, 16384])
torch.Size([40, 16384])
torch.Size([20, 16384])
torch.Size([40, 16384])
torch.Size([40, 16384])
torch.Size([40, 16384])
torch.Size([40, 16384])
torch.Size([40, 16384])
torch.Size([40, 16384])
torch.Size([40, 16384])
torch.Size([40, 16384])
torch.Size([40, 16384])
torch.Size([40, 16384])
torch.Size([40, 16384])
torch.Size([40, 16384])
torch.Size([40, 16384])
torch.Size([40, 16384])
torch.Size([40, 16384])
torch.Size([40, 16384])
torch.Size([40, 16384])
torch.Size([40, 16384])
torch.Size([40, 16384])
torch.Size([40, 16384])
torch.Size([40, 16384])
torch.Size([40, 16384])
torch.Size([40, 16384])
torch.Size([40, 16384])
torch.Size([40, 16384])
torch.Size([40, 16384])
torch.Size([40, 16384])
torch.Size([20, 16384])
torch.Size([40, 16384])
torch.Size([40, 16384])
torch.Size([40, 16384])
torch.Size([40, 16384])
torch.Size([40, 16384])
torch.Size([40, 16384])
torch.Size([40, 16384])
torch.Size([40, 16384])
torch.Size([40, 16384])
torch.Size([40, 16384])
torch.Size([40, 16384])
torch.Size([40, 16384])
torch.Size([40, 16384])
torch.Size([40, 16384])
torch.Size([40, 16384])
torch.Size([40, 16384])
torch.Size([40, 16384])
torch.Size([40, 16384])
torch.Size([40, 16384])
torch.Size([40, 16384])
torch.Size([40, 16384])
torch.Size([40, 16384])
torch.Size([40, 16384])
torch.Size([40, 16384])
torch.Size([40, 16384])
torch.Size([40, 16384])
torch.Size([40, 16384])
torch.Size([20, 16384])
torch.Size([40, 16384])
torch.Size([40, 16384])
torch.Size([40, 16384])
torch.Size([40, 16384])
torch.Size([40, 16384])
torch.Size([40, 16384])
torch.Size([40, 16384])
torch.Size([40, 16384])
torch.Size([40, 16384])
torch.Size([40, 16384])
torch.Size([40, 16384])
torch.Size([40, 16384])
torch.Size([40, 16384])
torch.Size([40, 16384])
torch.Size([40, 16384])
torch.Size([40, 16384])
torch.Size([40, 16384])
torch.Size([40, 16384])
torch.Size([40, 16384])
torch.Size([40, 16384])
torch.Size([40, 16384])
torch.Size([40, 16384])
torch.Size([40, 16384])
torch.Size([40, 16384])
torch.Size([40, 16384])
torch.Size([40, 16384])
torch.Size([40, 16384])
torch.Size([20, 16384])
torch.Size([40, 16384])
torch.Size([40, 16384])
torch.Size([40, 16384])
torch.Size([40, 16384])
torch.Size([40, 16384])
torch.Size([40, 16384])
torch.Size([40, 16384])
torch.Size([40, 16384])
torch.Size([40, 16384])
torch.Size([40, 16384])
torch.Size([40, 16384])
torch.Size([40, 16384])
torch.Size([40, 16384])
torch.Size([40, 16384])
torch.Size([40, 16384])
torch.Size([40, 16384])
torch.Size([40, 16384])
torch.Size([40, 16384])
torch.Size([40, 16384])
torch.Size([40, 16384])
torch.Size([40, 16384])
torch.Size([40, 16384])
torch.Size([40, 16384])
torch.Size([40, 16384])
torch.Size([40, 16384])
torch.Size([40, 16384])
torch.Size([40, 16384])
torch.Size([20, 16384])
torch.Size([40, 16384])
torch.Size([40, 16384])
torch.Size([40, 16384])
torch.Size([40, 16384])
torch.Size([40, 16384])
torch.Size([40, 16384])
torch.Size([40, 16384])
torch.Size([40, 16384])
torch.Size([40, 16384])
torch.Size([40, 16384])
torch.Size([40, 16384])
torch.Size([40, 16384])
torch.Size([40, 16384])
torch.Size([40, 16384])
torch.Size([40, 16384])
torch.Size([40, 16384])
torch.Size([40, 16384])
torch.Size([40, 16384])
torch.Size([40, 16384])
torch.Size([40, 16384])
torch.Size([40, 16384])
torch.Size([40, 16384])
torch.Size([40, 16384])
torch.Size([40, 16384])
torch.Size([40, 16384])
torch.Size([40, 16384])
torch.Size([40, 16384])
torch.Size([20, 16384])
torch.Size([40, 16384])
torch.Size([40, 16384])
torch.Size([40, 16384])
torch.Size([40, 16384])
torch.Size([40, 16384])
torch.Size([40, 16384])
torch.Size([40, 16384])
torch.Size([40, 16384])
torch.Size([40, 16384])
torch.Size([40, 16384])
torch.Size([40, 16384])
torch.Size([40, 16384])
torch.Size([40, 16384])
torch.Size([40, 16384])
torch.Size([40, 16384])
torch.Size([40, 16384])
torch.Size([40, 16384])
torch.Size([40, 16384])
torch.Size([40, 16384])
torch.Size([40, 16384])
torch.Size([40, 16384])
torch.Size([40, 16384])
torch.Size([40, 16384])
torch.Size([40, 16384])
torch.Size([40, 16384])
torch.Size([40, 16384])
torch.Size([40, 16384])
torch.Size([20, 16384])
torch.Size([40, 16384])
torch.Size([40, 16384])
torch.Size([40, 16384])
torch.Size([40, 16384])
torch.Size([40, 16384])
torch.Size([40, 16384])
torch.Size([40, 16384])
torch.Size([40, 16384])
torch.Size([40, 16384])
torch.Size([40, 16384])
torch.Size([40, 16384])
torch.Size([40, 16384])
torch.Size([40, 16384])
torch.Size([40, 16384])
torch.Size([40, 16384])
torch.Size([40, 16384])
torch.Size([40, 16384])
torch.Size([40, 16384])
torch.Size([40, 16384])
torch.Size([40, 16384])
torch.Size([40, 16384])
torch.Size([40, 16384])
torch.Size([40, 16384])
torch.Size([40, 16384])
torch.Size([40, 16384])
torch.Size([40, 16384])
torch.Size([40, 16384])
torch.Size([20, 16384])
torch.Size([40, 16384])
torch.Size([40, 16384])
torch.Size([40, 16384])
torch.Size([40, 16384])
torch.Size([40, 16384])
torch.Size([40, 16384])
torch.Size([40, 16384])
torch.Size([40, 16384])
torch.Size([40, 16384])
torch.Size([40, 16384])
torch.Size([40, 16384])
torch.Size([40, 16384])
torch.Size([40, 16384])
torch.Size([40, 16384])
torch.Size([40, 16384])
torch.Size([40, 16384])
torch.Size([40, 16384])
torch.Size([40, 16384])
torch.Size([40, 16384])
torch.Size([40, 16384])
torch.Size([40, 16384])
torch.Size([40, 16384])
torch.Size([40, 16384])
torch.Size([40, 16384])
torch.Size([40, 16384])
torch.Size([40, 16384])
torch.Size([40, 16384])
torch.Size([20, 16384])
torch.Size([40, 16384])
torch.Size([40, 16384])
torch.Size([40, 16384])
torch.Size([40, 16384])
torch.Size([40, 16384])
torch.Size([40, 16384])
torch.Size([40, 16384])
torch.Size([40, 16384])
torch.Size([40, 16384])
torch.Size([40, 16384])
torch.Size([40, 16384])
torch.Size([40, 16384])
torch.Size([40, 16384])
torch.Size([40, 16384])
torch.Size([40, 16384])
torch.Size([40, 16384])
torch.Size([40, 16384])
torch.Size([40, 16384])
torch.Size([40, 16384])
torch.Size([40, 16384])
torch.Size([40, 16384])
torch.Size([40, 16384])
torch.Size([40, 16384])
torch.Size([40, 16384])
torch.Size([40, 16384])
torch.Size([40, 16384])
torch.Size([40, 16384])
torch.Size([20, 16384])
torch.Size([40, 16384])
torch.Size([40, 16384])
torch.Size([40, 16384])
torch.Size([40, 16384])
torch.Size([40, 16384])
torch.Size([40, 16384])
torch.Size([40, 16384])
torch.Size([40, 16384])
torch.Size([40, 16384])
torch.Size([40, 16384])
torch.Size([40, 16384])
torch.Size([40, 16384])
torch.Size([40, 16384])
torch.Size([40, 16384])
torch.Size([40, 16384])
torch.Size([40, 16384])
torch.Size([40, 16384])
torch.Size([40, 16384])
torch.Size([40, 16384])
torch.Size([40, 16384])
torch.Size([40, 16384])
torch.Size([40, 16384])
torch.Size([40, 16384])
torch.Size([40, 16384])
torch.Size([40, 16384])
torch.Size([40, 16384])
torch.Size([40, 16384])
torch.Size([20, 16384])
torch.Size([40, 16384])
torch.Size([40, 16384])
torch.Size([40, 16384])
torch.Size([40, 16384])
torch.Size([40, 16384])
torch.Size([40, 16384])
torch.Size([40, 16384])
torch.Size([40, 16384])
torch.Size([40, 16384])
torch.Size([40, 16384])
torch.Size([40, 16384])
torch.Size([40, 16384])
torch.Size([40, 16384])
torch.Size([40, 16384])
torch.Size([40, 16384])
torch.Size([40, 16384])
torch.Size([40, 16384])
torch.Size([40, 16384])
torch.Size([40, 16384])
torch.Size([40, 16384])
torch.Size([40, 16384])
torch.Size([40, 16384])
torch.Size([40, 16384])
torch.Size([40, 16384])
torch.Size([40, 16384])
torch.Size([40, 16384])
torch.Size([40, 16384])
torch.Size([20, 16384])
torch.Size([40, 16384])
torch.Size([40, 16384])
torch.Size([40, 16384])
torch.Size([40, 16384])
torch.Size([40, 16384])
torch.Size([40, 16384])
torch.Size([40, 16384])
torch.Size([40, 16384])
torch.Size([40, 16384])
torch.Size([40, 16384])
torch.Size([40, 16384])
torch.Size([40, 16384])
torch.Size([40, 16384])
torch.Size([40, 16384])
torch.Size([40, 16384])
torch.Size([40, 16384])
torch.Size([40, 16384])
torch.Size([40, 16384])
torch.Size([40, 16384])
torch.Size([40, 16384])
torch.Size([40, 16384])
torch.Size([40, 16384])
torch.Size([40, 16384])
torch.Size([40, 16384])
torch.Size([40, 16384])
torch.Size([40, 16384])
torch.Size([40, 16384])
torch.Size([20, 16384])
torch.Size([40, 16384])
torch.Size([40, 16384])
torch.Size([40, 16384])
torch.Size([40, 16384])
torch.Size([40, 16384])
torch.Size([40, 16384])
torch.Size([40, 16384])
torch.Size([40, 16384])
torch.Size([40, 16384])
torch.Size([40, 16384])
torch.Size([40, 16384])
torch.Size([40, 16384])
torch.Size([40, 16384])
torch.Size([40, 16384])
torch.Size([40, 16384])
torch.Size([40, 16384])
torch.Size([40, 16384])
torch.Size([40, 16384])
torch.Size([40, 16384])
torch.Size([40, 16384])
torch.Size([40, 16384])
torch.Size([40, 16384])
torch.Size([40, 16384])
torch.Size([40, 16384])
torch.Size([40, 16384])
torch.Size([40, 16384])
torch.Size([40, 16384])
torch.Size([20, 16384])
torch.Size([40, 16384])
torch.Size([40, 16384])
torch.Size([40, 16384])
torch.Size([40, 16384])
torch.Size([40, 16384])
torch.Size([40, 16384])
torch.Size([40, 16384])
torch.Size([40, 16384])
torch.Size([40, 16384])
torch.Size([40, 16384])
torch.Size([40, 16384])
torch.Size([40, 16384])
torch.Size([40, 16384])
torch.Size([40, 16384])
torch.Size([40, 16384])
torch.Size([40, 16384])
torch.Size([40, 16384])
torch.Size([40, 16384])
torch.Size([40, 16384])
torch.Size([40, 16384])
torch.Size([40, 16384])
torch.Size([40, 16384])
torch.Size([40, 16384])
torch.Size([40, 16384])
torch.Size([40, 16384])
torch.Size([40, 16384])
torch.Size([40, 16384])
torch.Size([20, 16384])
torch.Size([40, 16384])
torch.Size([40, 16384])
torch.Size([40, 16384])
torch.Size([40, 16384])
torch.Size([40, 16384])
torch.Size([40, 16384])
torch.Size([40, 16384])
torch.Size([40, 16384])
torch.Size([40, 16384])
torch.Size([40, 16384])
torch.Size([40, 16384])
torch.Size([40, 16384])
torch.Size([40, 16384])
torch.Size([40, 16384])
torch.Size([40, 16384])
torch.Size([40, 16384])
torch.Size([40, 16384])
torch.Size([40, 16384])
torch.Size([40, 16384])
torch.Size([40, 16384])
torch.Size([40, 16384])
torch.Size([40, 16384])
torch.Size([40, 16384])
torch.Size([40, 16384])
torch.Size([40, 16384])
torch.Size([40, 16384])
torch.Size([40, 16384])
torch.Size([20, 16384])
torch.Size([40, 16384])
torch.Size([40, 16384])
torch.Size([40, 16384])
torch.Size([40, 16384])
torch.Size([40, 16384])
torch.Size([40, 16384])
torch.Size([40, 16384])
torch.Size([40, 16384])
torch.Size([40, 16384])
torch.Size([40, 16384])
torch.Size([40, 16384])
torch.Size([40, 16384])
torch.Size([40, 16384])
torch.Size([40, 16384])
torch.Size([40, 16384])
torch.Size([40, 16384])
torch.Size([40, 16384])
torch.Size([40, 16384])
torch.Size([40, 16384])
torch.Size([40, 16384])
torch.Size([40, 16384])
torch.Size([40, 16384])
torch.Size([40, 16384])
torch.Size([40, 16384])
torch.Size([40, 16384])
torch.Size([40, 16384])
torch.Size([40, 16384])
torch.Size([20, 16384])
torch.Size([40, 16384])
torch.Size([40, 16384])
torch.Size([40, 16384])
torch.Size([40, 16384])
torch.Size([40, 16384])
torch.Size([40, 16384])
torch.Size([40, 16384])
torch.Size([40, 16384])
torch.Size([40, 16384])
torch.Size([40, 16384])
torch.Size([40, 16384])
torch.Size([40, 16384])
torch.Size([40, 16384])
torch.Size([40, 16384])
torch.Size([40, 16384])
torch.Size([40, 16384])
torch.Size([40, 16384])
torch.Size([40, 16384])
torch.Size([40, 16384])
torch.Size([40, 16384])
torch.Size([40, 16384])
torch.Size([40, 16384])
torch.Size([40, 16384])
torch.Size([40, 16384])
torch.Size([40, 16384])
torch.Size([40, 16384])
torch.Size([40, 16384])
torch.Size([20, 16384])
torch.Size([40, 16384])
torch.Size([40, 16384])
torch.Size([40, 16384])
torch.Size([40, 16384])
torch.Size([40, 16384])
torch.Size([40, 16384])
torch.Size([40, 16384])
torch.Size([40, 16384])
torch.Size([40, 16384])
torch.Size([40, 16384])
torch.Size([40, 16384])
torch.Size([40, 16384])
torch.Size([40, 16384])
torch.Size([40, 16384])
torch.Size([40, 16384])
torch.Size([40, 16384])
torch.Size([40, 16384])
torch.Size([40, 16384])
torch.Size([40, 16384])
torch.Size([40, 16384])
torch.Size([40, 16384])
torch.Size([40, 16384])
torch.Size([40, 16384])
torch.Size([40, 16384])
torch.Size([40, 16384])
torch.Size([40, 16384])
torch.Size([40, 16384])
torch.Size([20, 16384])
torch.Size([40, 16384])
torch.Size([40, 16384])
torch.Size([40, 16384])
torch.Size([40, 16384])
torch.Size([40, 16384])
torch.Size([40, 16384])
torch.Size([40, 16384])
torch.Size([40, 16384])
torch.Size([40, 16384])
torch.Size([40, 16384])
torch.Size([40, 16384])
torch.Size([40, 16384])
torch.Size([40, 16384])
torch.Size([40, 16384])
torch.Size([40, 16384])
torch.Size([40, 16384])
torch.Size([40, 16384])
torch.Size([40, 16384])
torch.Size([40, 16384])
torch.Size([40, 16384])
torch.Size([40, 16384])
torch.Size([40, 16384])
torch.Size([40, 16384])
torch.Size([40, 16384])
torch.Size([40, 16384])
torch.Size([40, 16384])
torch.Size([40, 16384])
torch.Size([20, 16384])
torch.Size([40, 16384])
torch.Size([40, 16384])
torch.Size([40, 16384])
torch.Size([40, 16384])
torch.Size([40, 16384])
torch.Size([40, 16384])
torch.Size([40, 16384])
torch.Size([40, 16384])
torch.Size([40, 16384])
torch.Size([40, 16384])
torch.Size([40, 16384])
torch.Size([40, 16384])
torch.Size([40, 16384])
torch.Size([40, 16384])
torch.Size([40, 16384])
torch.Size([40, 16384])
torch.Size([40, 16384])
torch.Size([40, 16384])
torch.Size([40, 16384])
torch.Size([40, 16384])
torch.Size([40, 16384])
torch.Size([40, 16384])
torch.Size([40, 16384])
torch.Size([40, 16384])
torch.Size([40, 16384])
torch.Size([40, 16384])
torch.Size([40, 16384])
torch.Size([20, 16384])
torch.Size([40, 16384])
torch.Size([40, 16384])
torch.Size([40, 16384])
torch.Size([40, 16384])
torch.Size([40, 16384])
torch.Size([40, 16384])
torch.Size([40, 16384])
torch.Size([40, 16384])
torch.Size([40, 16384])
torch.Size([40, 16384])
torch.Size([40, 16384])
torch.Size([40, 16384])
torch.Size([40, 16384])
torch.Size([40, 16384])
torch.Size([40, 16384])
torch.Size([40, 16384])
torch.Size([40, 16384])
torch.Size([40, 16384])
torch.Size([40, 16384])
torch.Size([40, 16384])
torch.Size([40, 16384])
torch.Size([40, 16384])
torch.Size([40, 16384])
torch.Size([40, 16384])
torch.Size([40, 16384])
torch.Size([40, 16384])
torch.Size([40, 16384])
torch.Size([20, 16384])
torch.Size([40, 16384])
torch.Size([40, 16384])
torch.Size([40, 16384])
torch.Size([40, 16384])
torch.Size([40, 16384])
torch.Size([40, 16384])
torch.Size([40, 16384])
torch.Size([40, 16384])
torch.Size([40, 16384])
torch.Size([40, 16384])
torch.Size([40, 16384])
torch.Size([40, 16384])
torch.Size([40, 16384])
torch.Size([40, 16384])
torch.Size([40, 16384])
torch.Size([40, 16384])
torch.Size([40, 16384])
torch.Size([40, 16384])
torch.Size([40, 16384])
torch.Size([40, 16384])
torch.Size([40, 16384])
torch.Size([40, 16384])
torch.Size([40, 16384])
torch.Size([40, 16384])
torch.Size([40, 16384])
torch.Size([40, 16384])
torch.Size([40, 16384])
torch.Size([20, 16384])
torch.Size([40, 16384])
torch.Size([40, 16384])
torch.Size([40, 16384])
torch.Size([40, 16384])
torch.Size([40, 16384])
torch.Size([40, 16384])
torch.Size([40, 16384])
torch.Size([40, 16384])
torch.Size([40, 16384])
torch.Size([40, 16384])
torch.Size([40, 16384])
torch.Size([40, 16384])
torch.Size([40, 16384])
torch.Size([40, 16384])
torch.Size([40, 16384])
torch.Size([40, 16384])
torch.Size([40, 16384])
torch.Size([40, 16384])
torch.Size([40, 16384])
torch.Size([40, 16384])
torch.Size([40, 16384])
torch.Size([40, 16384])
torch.Size([40, 16384])
torch.Size([40, 16384])
torch.Size([40, 16384])
torch.Size([40, 16384])
torch.Size([40, 16384])
torch.Size([20, 16384])
torch.Size([40, 16384])
torch.Size([40, 16384])
torch.Size([40, 16384])
torch.Size([40, 16384])
torch.Size([40, 16384])
torch.Size([40, 16384])
torch.Size([40, 16384])
torch.Size([40, 16384])
torch.Size([40, 16384])
torch.Size([40, 16384])
torch.Size([40, 16384])
torch.Size([40, 16384])
torch.Size([40, 16384])
torch.Size([40, 16384])
torch.Size([40, 16384])
torch.Size([40, 16384])
torch.Size([40, 16384])
torch.Size([40, 16384])
torch.Size([40, 16384])
torch.Size([40, 16384])
torch.Size([40, 16384])
torch.Size([40, 16384])
torch.Size([40, 16384])
torch.Size([40, 16384])
torch.Size([40, 16384])
torch.Size([40, 16384])
torch.Size([40, 16384])
torch.Size([20, 16384])
torch.Size([40, 16384])
torch.Size([40, 16384])
torch.Size([40, 16384])
torch.Size([40, 16384])
torch.Size([40, 16384])
torch.Size([40, 16384])
torch.Size([40, 16384])
torch.Size([40, 16384])
torch.Size([40, 16384])
torch.Size([40, 16384])
torch.Size([40, 16384])
torch.Size([40, 16384])
torch.Size([40, 16384])
torch.Size([40, 16384])
torch.Size([40, 16384])
torch.Size([40, 16384])
torch.Size([40, 16384])
torch.Size([40, 16384])
torch.Size([40, 16384])
torch.Size([40, 16384])
torch.Size([40, 16384])
torch.Size([40, 16384])
torch.Size([40, 16384])
torch.Size([40, 16384])
torch.Size([40, 16384])
torch.Size([40, 16384])
torch.Size([40, 16384])
torch.Size([20, 16384])
torch.Size([40, 16384])
torch.Size([40, 16384])
torch.Size([40, 16384])
torch.Size([40, 16384])
torch.Size([40, 16384])
torch.Size([40, 16384])
torch.Size([40, 16384])
torch.Size([40, 16384])
torch.Size([40, 16384])
torch.Size([40, 16384])
torch.Size([40, 16384])
torch.Size([40, 16384])
torch.Size([40, 16384])
torch.Size([40, 16384])
torch.Size([40, 16384])
torch.Size([40, 16384])
torch.Size([40, 16384])
torch.Size([40, 16384])
torch.Size([40, 16384])
torch.Size([40, 16384])
torch.Size([40, 16384])
torch.Size([40, 16384])
torch.Size([40, 16384])
torch.Size([40, 16384])
torch.Size([40, 16384])
torch.Size([40, 16384])
torch.Size([40, 16384])
torch.Size([20, 16384])
torch.Size([40, 16384])
torch.Size([40, 16384])
torch.Size([40, 16384])
torch.Size([40, 16384])
torch.Size([40, 16384])
torch.Size([40, 16384])
torch.Size([40, 16384])
torch.Size([40, 16384])
torch.Size([40, 16384])
torch.Size([40, 16384])
torch.Size([40, 16384])
torch.Size([40, 16384])
torch.Size([40, 16384])
torch.Size([40, 16384])
torch.Size([40, 16384])
torch.Size([40, 16384])
torch.Size([40, 16384])
torch.Size([40, 16384])
torch.Size([40, 16384])
torch.Size([40, 16384])
torch.Size([40, 16384])
torch.Size([40, 16384])
torch.Size([40, 16384])
torch.Size([40, 16384])
torch.Size([40, 16384])
torch.Size([40, 16384])
torch.Size([40, 16384])
torch.Size([20, 16384])
torch.Size([40, 16384])
torch.Size([40, 16384])
torch.Size([40, 16384])
torch.Size([40, 16384])
torch.Size([40, 16384])
torch.Size([40, 16384])
torch.Size([40, 16384])
torch.Size([40, 16384])
torch.Size([40, 16384])
torch.Size([40, 16384])
torch.Size([40, 16384])
torch.Size([40, 16384])
torch.Size([40, 16384])
torch.Size([40, 16384])
torch.Size([40, 16384])
torch.Size([40, 16384])
torch.Size([40, 16384])
torch.Size([40, 16384])
torch.Size([40, 16384])
torch.Size([40, 16384])
torch.Size([40, 16384])
torch.Size([40, 16384])
torch.Size([40, 16384])
torch.Size([40, 16384])
torch.Size([40, 16384])
torch.Size([40, 16384])
torch.Size([40, 16384])
torch.Size([20, 16384])
torch.Size([40, 16384])
torch.Size([40, 16384])
torch.Size([40, 16384])
torch.Size([40, 16384])
torch.Size([40, 16384])
torch.Size([40, 16384])
torch.Size([40, 16384])
torch.Size([40, 16384])
torch.Size([40, 16384])
torch.Size([40, 16384])
torch.Size([40, 16384])
torch.Size([40, 16384])
torch.Size([40, 16384])
torch.Size([40, 16384])
torch.Size([40, 16384])
torch.Size([40, 16384])
torch.Size([40, 16384])
torch.Size([40, 16384])
torch.Size([40, 16384])
torch.Size([40, 16384])
torch.Size([40, 16384])
torch.Size([40, 16384])
torch.Size([40, 16384])
torch.Size([40, 16384])
torch.Size([40, 16384])
torch.Size([40, 16384])
torch.Size([40, 16384])
torch.Size([20, 16384])
torch.Size([40, 16384])
torch.Size([40, 16384])
torch.Size([40, 16384])
torch.Size([40, 16384])
torch.Size([40, 16384])
torch.Size([40, 16384])
torch.Size([40, 16384])
torch.Size([40, 16384])
torch.Size([40, 16384])
torch.Size([40, 16384])
torch.Size([40, 16384])
torch.Size([40, 16384])
torch.Size([40, 16384])
torch.Size([40, 16384])
torch.Size([40, 16384])
torch.Size([40, 16384])
torch.Size([40, 16384])
torch.Size([40, 16384])
torch.Size([40, 16384])
torch.Size([40, 16384])
torch.Size([40, 16384])
torch.Size([40, 16384])
torch.Size([40, 16384])
torch.Size([40, 16384])
torch.Size([40, 16384])
torch.Size([40, 16384])
torch.Size([40, 16384])
torch.Size([20, 16384])
torch.Size([40, 16384])
torch.Size([40, 16384])
torch.Size([40, 16384])
torch.Size([40, 16384])
torch.Size([40, 16384])
torch.Size([40, 16384])
torch.Size([40, 16384])
torch.Size([40, 16384])
torch.Size([40, 16384])
torch.Size([40, 16384])
torch.Size([40, 16384])
torch.Size([40, 16384])
torch.Size([40, 16384])
torch.Size([40, 16384])
torch.Size([40, 16384])
torch.Size([40, 16384])
torch.Size([40, 16384])
torch.Size([40, 16384])
torch.Size([40, 16384])
torch.Size([40, 16384])
torch.Size([40, 16384])
torch.Size([40, 16384])
torch.Size([40, 16384])
torch.Size([40, 16384])
torch.Size([40, 16384])
torch.Size([40, 16384])
torch.Size([40, 16384])
torch.Size([20, 16384])
torch.Size([40, 16384])
torch.Size([40, 16384])
torch.Size([40, 16384])
torch.Size([40, 16384])
torch.Size([40, 16384])
torch.Size([40, 16384])
torch.Size([40, 16384])
torch.Size([40, 16384])
torch.Size([40, 16384])
torch.Size([40, 16384])
torch.Size([40, 16384])
torch.Size([40, 16384])
torch.Size([40, 16384])
torch.Size([40, 16384])
torch.Size([40, 16384])
torch.Size([40, 16384])
torch.Size([40, 16384])
torch.Size([40, 16384])
torch.Size([40, 16384])
torch.Size([40, 16384])
torch.Size([40, 16384])
torch.Size([40, 16384])
torch.Size([40, 16384])
torch.Size([40, 16384])
torch.Size([40, 16384])
torch.Size([40, 16384])
torch.Size([40, 16384])
torch.Size([20, 16384])
torch.Size([40, 16384])
torch.Size([40, 16384])
torch.Size([40, 16384])
torch.Size([40, 16384])
torch.Size([40, 16384])
torch.Size([40, 16384])
torch.Size([40, 16384])
torch.Size([40, 16384])
torch.Size([40, 16384])
torch.Size([40, 16384])
torch.Size([40, 16384])
torch.Size([40, 16384])
torch.Size([40, 16384])
torch.Size([40, 16384])
torch.Size([40, 16384])
torch.Size([40, 16384])
torch.Size([40, 16384])
torch.Size([40, 16384])
torch.Size([40, 16384])
torch.Size([40, 16384])
torch.Size([40, 16384])
torch.Size([40, 16384])
torch.Size([40, 16384])
torch.Size([40, 16384])
torch.Size([40, 16384])
torch.Size([40, 16384])
torch.Size([40, 16384])
torch.Size([20, 16384])
torch.Size([40, 16384])
torch.Size([40, 16384])
torch.Size([40, 16384])
torch.Size([40, 16384])
torch.Size([40, 16384])
torch.Size([40, 16384])
torch.Size([40, 16384])
torch.Size([40, 16384])
torch.Size([40, 16384])
torch.Size([40, 16384])
torch.Size([40, 16384])
torch.Size([40, 16384])
torch.Size([40, 16384])
torch.Size([40, 16384])
torch.Size([40, 16384])
torch.Size([40, 16384])
torch.Size([40, 16384])
torch.Size([40, 16384])
torch.Size([40, 16384])
torch.Size([40, 16384])
torch.Size([40, 16384])
torch.Size([40, 16384])
torch.Size([40, 16384])
torch.Size([40, 16384])
torch.Size([40, 16384])
torch.Size([40, 16384])
torch.Size([40, 16384])
torch.Size([20, 16384])
torch.Size([40, 16384])
torch.Size([40, 16384])
torch.Size([40, 16384])
torch.Size([40, 16384])
torch.Size([40, 16384])
torch.Size([40, 16384])
torch.Size([40, 16384])
torch.Size([40, 16384])
torch.Size([40, 16384])
torch.Size([40, 16384])
torch.Size([40, 16384])
torch.Size([40, 16384])
torch.Size([40, 16384])
torch.Size([40, 16384])
torch.Size([40, 16384])
torch.Size([40, 16384])
torch.Size([40, 16384])
torch.Size([40, 16384])
torch.Size([40, 16384])
torch.Size([40, 16384])
torch.Size([40, 16384])
torch.Size([40, 16384])
torch.Size([40, 16384])
torch.Size([40, 16384])
torch.Size([40, 16384])
torch.Size([40, 16384])
torch.Size([40, 16384])
torch.Size([20, 16384])
torch.Size([40, 16384])
torch.Size([40, 16384])
torch.Size([40, 16384])
torch.Size([40, 16384])
torch.Size([40, 16384])
torch.Size([40, 16384])
torch.Size([40, 16384])
torch.Size([40, 16384])
torch.Size([40, 16384])
torch.Size([40, 16384])
torch.Size([40, 16384])
torch.Size([40, 16384])
torch.Size([40, 16384])
torch.Size([40, 16384])
torch.Size([40, 16384])
torch.Size([40, 16384])
torch.Size([40, 16384])
torch.Size([40, 16384])
torch.Size([40, 16384])
torch.Size([40, 16384])
torch.Size([40, 16384])
torch.Size([40, 16384])
torch.Size([40, 16384])
torch.Size([40, 16384])
torch.Size([40, 16384])
torch.Size([40, 16384])
torch.Size([40, 16384])
torch.Size([20, 16384])
torch.Size([40, 16384])
torch.Size([40, 16384])
torch.Size([40, 16384])
torch.Size([40, 16384])
torch.Size([40, 16384])
torch.Size([40, 16384])
torch.Size([40, 16384])
torch.Size([40, 16384])
torch.Size([40, 16384])
torch.Size([40, 16384])
torch.Size([40, 16384])
torch.Size([40, 16384])
torch.Size([40, 16384])
torch.Size([40, 16384])
torch.Size([40, 16384])
torch.Size([40, 16384])
torch.Size([40, 16384])
torch.Size([40, 16384])
torch.Size([40, 16384])
torch.Size([40, 16384])
torch.Size([40, 16384])
torch.Size([40, 16384])
torch.Size([40, 16384])
torch.Size([40, 16384])
torch.Size([40, 16384])
torch.Size([40, 16384])
torch.Size([40, 16384])
torch.Size([20, 16384])
torch.Size([40, 16384])
torch.Size([40, 16384])
torch.Size([40, 16384])
torch.Size([40, 16384])
torch.Size([40, 16384])
torch.Size([40, 16384])
torch.Size([40, 16384])
torch.Size([40, 16384])
torch.Size([40, 16384])
torch.Size([40, 16384])
torch.Size([40, 16384])
torch.Size([40, 16384])
torch.Size([40, 16384])
torch.Size([40, 16384])
torch.Size([40, 16384])
torch.Size([40, 16384])
torch.Size([40, 16384])
torch.Size([40, 16384])
torch.Size([40, 16384])
torch.Size([40, 16384])
torch.Size([40, 16384])
torch.Size([40, 16384])
torch.Size([40, 16384])
torch.Size([40, 16384])
torch.Size([40, 16384])
torch.Size([40, 16384])
torch.Size([40, 16384])
torch.Size([20, 16384])
torch.Size([40, 16384])
torch.Size([40, 16384])
torch.Size([40, 16384])
torch.Size([40, 16384])
torch.Size([40, 16384])
torch.Size([40, 16384])
torch.Size([40, 16384])
torch.Size([40, 16384])
torch.Size([40, 16384])
torch.Size([40, 16384])
torch.Size([40, 16384])
torch.Size([40, 16384])
torch.Size([40, 16384])
torch.Size([40, 16384])
torch.Size([40, 16384])
torch.Size([40, 16384])
torch.Size([40, 16384])
torch.Size([40, 16384])
torch.Size([40, 16384])
torch.Size([40, 16384])
torch.Size([40, 16384])
torch.Size([40, 16384])
torch.Size([40, 16384])
torch.Size([40, 16384])
torch.Size([40, 16384])
torch.Size([40, 16384])
torch.Size([40, 16384])
torch.Size([20, 16384])
torch.Size([40, 16384])
torch.Size([40, 16384])
torch.Size([40, 16384])
torch.Size([40, 16384])
torch.Size([40, 16384])
torch.Size([40, 16384])
torch.Size([40, 16384])
torch.Size([40, 16384])
torch.Size([40, 16384])
torch.Size([40, 16384])
torch.Size([40, 16384])
torch.Size([40, 16384])
torch.Size([40, 16384])
torch.Size([40, 16384])
torch.Size([40, 16384])
torch.Size([40, 16384])
torch.Size([40, 16384])
torch.Size([40, 16384])
torch.Size([40, 16384])
torch.Size([40, 16384])
torch.Size([40, 16384])
torch.Size([40, 16384])
torch.Size([40, 16384])
torch.Size([40, 16384])
torch.Size([40, 16384])
torch.Size([40, 16384])
torch.Size([40, 16384])
torch.Size([20, 16384])
torch.Size([40, 16384])
torch.Size([40, 16384])
torch.Size([40, 16384])
torch.Size([40, 16384])
torch.Size([40, 16384])
torch.Size([40, 16384])
torch.Size([40, 16384])
torch.Size([40, 16384])
torch.Size([40, 16384])
torch.Size([40, 16384])
torch.Size([40, 16384])
torch.Size([40, 16384])
torch.Size([40, 16384])
torch.Size([40, 16384])
torch.Size([40, 16384])
torch.Size([40, 16384])
torch.Size([40, 16384])
torch.Size([40, 16384])
torch.Size([40, 16384])
torch.Size([40, 16384])
torch.Size([40, 16384])
torch.Size([40, 16384])
torch.Size([40, 16384])
torch.Size([40, 16384])
torch.Size([40, 16384])
torch.Size([40, 16384])
torch.Size([40, 16384])
torch.Size([20, 16384])
torch.Size([40, 16384])
torch.Size([40, 16384])
torch.Size([40, 16384])
torch.Size([40, 16384])
torch.Size([40, 16384])
torch.Size([40, 16384])
torch.Size([40, 16384])
torch.Size([40, 16384])
torch.Size([40, 16384])
torch.Size([40, 16384])
torch.Size([40, 16384])
torch.Size([40, 16384])
torch.Size([40, 16384])
torch.Size([40, 16384])
torch.Size([40, 16384])
torch.Size([40, 16384])
torch.Size([40, 16384])
torch.Size([40, 16384])
torch.Size([40, 16384])
torch.Size([40, 16384])
torch.Size([40, 16384])
torch.Size([40, 16384])
torch.Size([40, 16384])
torch.Size([40, 16384])
torch.Size([40, 16384])
torch.Size([40, 16384])
torch.Size([40, 16384])
torch.Size([20, 16384])
torch.Size([40, 16384])
torch.Size([40, 16384])
torch.Size([40, 16384])
torch.Size([40, 16384])
torch.Size([40, 16384])
torch.Size([40, 16384])
torch.Size([40, 16384])
torch.Size([40, 16384])
torch.Size([40, 16384])
torch.Size([40, 16384])
torch.Size([40, 16384])
torch.Size([40, 16384])
torch.Size([40, 16384])
torch.Size([40, 16384])
torch.Size([40, 16384])
torch.Size([40, 16384])
torch.Size([40, 16384])
torch.Size([40, 16384])
torch.Size([40, 16384])
torch.Size([40, 16384])
torch.Size([40, 16384])
torch.Size([40, 16384])
torch.Size([40, 16384])
torch.Size([40, 16384])
torch.Size([40, 16384])
torch.Size([40, 16384])
torch.Size([40, 16384])
torch.Size([20, 16384])
torch.Size([40, 16384])
torch.Size([40, 16384])
torch.Size([40, 16384])
torch.Size([40, 16384])
torch.Size([40, 16384])
torch.Size([40, 16384])
torch.Size([40, 16384])
torch.Size([40, 16384])
torch.Size([40, 16384])
torch.Size([40, 16384])
torch.Size([40, 16384])
torch.Size([40, 16384])
torch.Size([40, 16384])
torch.Size([40, 16384])
torch.Size([40, 16384])
torch.Size([40, 16384])
torch.Size([40, 16384])
torch.Size([40, 16384])
torch.Size([40, 16384])
torch.Size([40, 16384])
torch.Size([40, 16384])
torch.Size([40, 16384])
torch.Size([40, 16384])
torch.Size([40, 16384])
torch.Size([40, 16384])
torch.Size([40, 16384])
torch.Size([40, 16384])
torch.Size([20, 16384])
torch.Size([40, 16384])
torch.Size([40, 16384])
torch.Size([40, 16384])
torch.Size([40, 16384])
torch.Size([40, 16384])
torch.Size([40, 16384])
torch.Size([40, 16384])
torch.Size([40, 16384])
torch.Size([40, 16384])
torch.Size([40, 16384])
torch.Size([40, 16384])
torch.Size([40, 16384])
torch.Size([40, 16384])
torch.Size([40, 16384])
torch.Size([40, 16384])
torch.Size([40, 16384])
torch.Size([40, 16384])
torch.Size([40, 16384])
torch.Size([40, 16384])
torch.Size([40, 16384])
torch.Size([40, 16384])
torch.Size([40, 16384])
torch.Size([40, 16384])
torch.Size([40, 16384])
torch.Size([40, 16384])
torch.Size([40, 16384])
torch.Size([40, 16384])
torch.Size([20, 16384])
torch.Size([40, 16384])
torch.Size([40, 16384])
torch.Size([40, 16384])
torch.Size([40, 16384])
torch.Size([40, 16384])
torch.Size([40, 16384])
torch.Size([40, 16384])
torch.Size([40, 16384])
torch.Size([40, 16384])
torch.Size([40, 16384])
torch.Size([40, 16384])
torch.Size([40, 16384])
torch.Size([40, 16384])
torch.Size([40, 16384])
torch.Size([40, 16384])
torch.Size([40, 16384])
torch.Size([40, 16384])
torch.Size([40, 16384])
torch.Size([40, 16384])
torch.Size([40, 16384])
torch.Size([40, 16384])
torch.Size([40, 16384])
torch.Size([40, 16384])
torch.Size([40, 16384])
torch.Size([40, 16384])
torch.Size([40, 16384])
torch.Size([40, 16384])
torch.Size([20, 16384])
torch.Size([40, 16384])
torch.Size([40, 16384])
torch.Size([40, 16384])
torch.Size([40, 16384])
torch.Size([40, 16384])
torch.Size([40, 16384])
torch.Size([40, 16384])
torch.Size([40, 16384])
torch.Size([40, 16384])
torch.Size([40, 16384])
torch.Size([40, 16384])
torch.Size([40, 16384])
torch.Size([40, 16384])
torch.Size([40, 16384])
torch.Size([40, 16384])
torch.Size([40, 16384])
torch.Size([40, 16384])
torch.Size([40, 16384])
torch.Size([40, 16384])
torch.Size([40, 16384])
torch.Size([40, 16384])
torch.Size([40, 16384])
torch.Size([40, 16384])
torch.Size([40, 16384])
torch.Size([40, 16384])
torch.Size([40, 16384])
torch.Size([40, 16384])
torch.Size([20, 16384])
torch.Size([40, 16384])
torch.Size([40, 16384])
torch.Size([40, 16384])
torch.Size([40, 16384])
torch.Size([40, 16384])
torch.Size([40, 16384])
torch.Size([40, 16384])
torch.Size([40, 16384])
torch.Size([40, 16384])
torch.Size([40, 16384])
torch.Size([40, 16384])
torch.Size([40, 16384])
torch.Size([40, 16384])
torch.Size([40, 16384])
torch.Size([40, 16384])
torch.Size([40, 16384])
torch.Size([40, 16384])
torch.Size([40, 16384])
torch.Size([40, 16384])
torch.Size([40, 16384])
torch.Size([40, 16384])
torch.Size([40, 16384])
torch.Size([40, 16384])
torch.Size([40, 16384])
torch.Size([40, 16384])
torch.Size([40, 16384])
torch.Size([40, 16384])
torch.Size([20, 16384])
torch.Size([40, 16384])
torch.Size([40, 16384])
torch.Size([40, 16384])
torch.Size([40, 16384])
torch.Size([40, 16384])
torch.Size([40, 16384])
torch.Size([40, 16384])
torch.Size([40, 16384])
torch.Size([40, 16384])
torch.Size([40, 16384])
torch.Size([40, 16384])
torch.Size([40, 16384])
torch.Size([40, 16384])
torch.Size([40, 16384])
torch.Size([40, 16384])
torch.Size([40, 16384])
torch.Size([40, 16384])
torch.Size([40, 16384])
torch.Size([40, 16384])
torch.Size([40, 16384])
torch.Size([40, 16384])
torch.Size([40, 16384])
torch.Size([40, 16384])
torch.Size([40, 16384])
torch.Size([40, 16384])
torch.Size([40, 16384])
torch.Size([40, 16384])
torch.Size([20, 16384])
torch.Size([40, 16384])
torch.Size([40, 16384])
torch.Size([40, 16384])
torch.Size([40, 16384])
torch.Size([40, 16384])
torch.Size([40, 16384])
torch.Size([40, 16384])
torch.Size([40, 16384])
torch.Size([40, 16384])
torch.Size([40, 16384])
torch.Size([40, 16384])
torch.Size([40, 16384])
torch.Size([40, 16384])
torch.Size([40, 16384])
torch.Size([40, 16384])
torch.Size([40, 16384])
torch.Size([40, 16384])
torch.Size([40, 16384])
torch.Size([40, 16384])
torch.Size([40, 16384])
torch.Size([40, 16384])
torch.Size([40, 16384])
torch.Size([40, 16384])
torch.Size([40, 16384])
torch.Size([40, 16384])
torch.Size([40, 16384])
torch.Size([40, 16384])
torch.Size([20, 16384])
torch.Size([40, 16384])
torch.Size([40, 16384])
torch.Size([40, 16384])
torch.Size([40, 16384])
torch.Size([40, 16384])
torch.Size([40, 16384])
torch.Size([40, 16384])
torch.Size([40, 16384])
torch.Size([40, 16384])
torch.Size([40, 16384])
torch.Size([40, 16384])
torch.Size([40, 16384])
torch.Size([40, 16384])
torch.Size([40, 16384])
torch.Size([40, 16384])
torch.Size([40, 16384])
torch.Size([40, 16384])
torch.Size([40, 16384])
torch.Size([40, 16384])
torch.Size([40, 16384])
torch.Size([40, 16384])
torch.Size([40, 16384])
torch.Size([40, 16384])
torch.Size([40, 16384])
torch.Size([40, 16384])
torch.Size([40, 16384])
torch.Size([40, 16384])
torch.Size([20, 16384])
torch.Size([40, 16384])
torch.Size([40, 16384])
torch.Size([40, 16384])
torch.Size([40, 16384])
torch.Size([40, 16384])
torch.Size([40, 16384])
torch.Size([40, 16384])
torch.Size([40, 16384])
torch.Size([40, 16384])
torch.Size([40, 16384])
torch.Size([40, 16384])
torch.Size([40, 16384])
torch.Size([40, 16384])
torch.Size([40, 16384])
torch.Size([40, 16384])
torch.Size([40, 16384])
torch.Size([40, 16384])
torch.Size([40, 16384])
torch.Size([40, 16384])
torch.Size([40, 16384])
torch.Size([40, 16384])
torch.Size([40, 16384])
torch.Size([40, 16384])
torch.Size([40, 16384])
torch.Size([40, 16384])
torch.Size([40, 16384])
torch.Size([40, 16384])
torch.Size([20, 16384])
torch.Size([40, 16384])
torch.Size([40, 16384])
torch.Size([40, 16384])
torch.Size([40, 16384])
torch.Size([40, 16384])
torch.Size([40, 16384])
torch.Size([40, 16384])
torch.Size([40, 16384])
torch.Size([40, 16384])
torch.Size([40, 16384])
torch.Size([40, 16384])
torch.Size([40, 16384])
torch.Size([40, 16384])
torch.Size([40, 16384])
torch.Size([40, 16384])
torch.Size([40, 16384])
torch.Size([40, 16384])
torch.Size([40, 16384])
torch.Size([40, 16384])
torch.Size([40, 16384])
torch.Size([40, 16384])
torch.Size([40, 16384])
torch.Size([40, 16384])
torch.Size([40, 16384])
torch.Size([40, 16384])
torch.Size([40, 16384])
torch.Size([40, 16384])
torch.Size([20, 16384])
torch.Size([40, 16384])
torch.Size([40, 16384])
torch.Size([40, 16384])
torch.Size([40, 16384])
torch.Size([40, 16384])
torch.Size([40, 16384])
torch.Size([40, 16384])
torch.Size([40, 16384])
torch.Size([40, 16384])
torch.Size([40, 16384])
torch.Size([40, 16384])
torch.Size([40, 16384])
torch.Size([40, 16384])
torch.Size([40, 16384])
torch.Size([40, 16384])
torch.Size([40, 16384])
torch.Size([40, 16384])
torch.Size([40, 16384])
torch.Size([40, 16384])
torch.Size([40, 16384])
torch.Size([40, 16384])
torch.Size([40, 16384])
torch.Size([40, 16384])
torch.Size([40, 16384])
torch.Size([40, 16384])
torch.Size([40, 16384])
torch.Size([40, 16384])
torch.Size([20, 16384])
torch.Size([40, 16384])
torch.Size([40, 16384])
torch.Size([40, 16384])
torch.Size([40, 16384])
torch.Size([40, 16384])
torch.Size([40, 16384])
torch.Size([40, 16384])
torch.Size([40, 16384])
torch.Size([40, 16384])
torch.Size([40, 16384])
torch.Size([40, 16384])
torch.Size([40, 16384])
torch.Size([40, 16384])
torch.Size([40, 16384])
torch.Size([40, 16384])
torch.Size([40, 16384])
torch.Size([40, 16384])
torch.Size([40, 16384])
torch.Size([40, 16384])
torch.Size([40, 16384])
torch.Size([40, 16384])
torch.Size([40, 16384])
torch.Size([40, 16384])
torch.Size([40, 16384])
torch.Size([40, 16384])
torch.Size([40, 16384])
torch.Size([40, 16384])
torch.Size([20, 16384])
torch.Size([40, 16384])
torch.Size([40, 16384])
torch.Size([40, 16384])
torch.Size([40, 16384])
torch.Size([40, 16384])
torch.Size([40, 16384])
torch.Size([40, 16384])
torch.Size([40, 16384])
torch.Size([40, 16384])
torch.Size([40, 16384])
torch.Size([40, 16384])
torch.Size([40, 16384])
torch.Size([40, 16384])
torch.Size([40, 16384])
torch.Size([40, 16384])
torch.Size([40, 16384])
torch.Size([40, 16384])
torch.Size([40, 16384])
torch.Size([40, 16384])
torch.Size([40, 16384])
torch.Size([40, 16384])
torch.Size([40, 16384])
torch.Size([40, 16384])
torch.Size([40, 16384])
torch.Size([40, 16384])
torch.Size([40, 16384])
torch.Size([40, 16384])
torch.Size([20, 16384])
torch.Size([40, 16384])
torch.Size([40, 16384])
torch.Size([40, 16384])
torch.Size([40, 16384])
torch.Size([40, 16384])
torch.Size([40, 16384])
torch.Size([40, 16384])
torch.Size([40, 16384])
torch.Size([40, 16384])
torch.Size([40, 16384])
torch.Size([40, 16384])
torch.Size([40, 16384])
torch.Size([40, 16384])
torch.Size([40, 16384])
torch.Size([40, 16384])
torch.Size([40, 16384])
torch.Size([40, 16384])
torch.Size([40, 16384])
torch.Size([40, 16384])
torch.Size([40, 16384])
torch.Size([40, 16384])
torch.Size([40, 16384])
torch.Size([40, 16384])
torch.Size([40, 16384])
torch.Size([40, 16384])
torch.Size([40, 16384])
torch.Size([40, 16384])
torch.Size([20, 16384])
torch.Size([40, 16384])
torch.Size([40, 16384])
torch.Size([40, 16384])
torch.Size([40, 16384])
torch.Size([40, 16384])
torch.Size([40, 16384])
torch.Size([40, 16384])
torch.Size([40, 16384])
torch.Size([40, 16384])
torch.Size([40, 16384])
torch.Size([40, 16384])
torch.Size([40, 16384])
torch.Size([40, 16384])
torch.Size([40, 16384])
torch.Size([40, 16384])
torch.Size([40, 16384])
torch.Size([40, 16384])
torch.Size([40, 16384])
torch.Size([40, 16384])
torch.Size([40, 16384])
torch.Size([40, 16384])
torch.Size([40, 16384])
torch.Size([40, 16384])
torch.Size([40, 16384])
torch.Size([40, 16384])
torch.Size([40, 16384])
torch.Size([40, 16384])
torch.Size([20, 16384])
torch.Size([40, 16384])
torch.Size([40, 16384])
torch.Size([40, 16384])
torch.Size([40, 16384])
torch.Size([40, 16384])
torch.Size([40, 16384])
torch.Size([40, 16384])
torch.Size([40, 16384])
torch.Size([40, 16384])
torch.Size([40, 16384])
torch.Size([40, 16384])
torch.Size([40, 16384])
torch.Size([40, 16384])
torch.Size([40, 16384])
torch.Size([40, 16384])
torch.Size([40, 16384])
torch.Size([40, 16384])
torch.Size([40, 16384])
torch.Size([40, 16384])
torch.Size([40, 16384])
torch.Size([40, 16384])
torch.Size([40, 16384])
torch.Size([40, 16384])
torch.Size([40, 16384])
torch.Size([40, 16384])
torch.Size([40, 16384])
torch.Size([40, 16384])
torch.Size([20, 16384])
torch.Size([40, 16384])
torch.Size([40, 16384])
torch.Size([40, 16384])
torch.Size([40, 16384])
torch.Size([40, 16384])
torch.Size([40, 16384])
torch.Size([40, 16384])
torch.Size([40, 16384])
torch.Size([40, 16384])
torch.Size([40, 16384])
torch.Size([40, 16384])
torch.Size([40, 16384])
torch.Size([40, 16384])
torch.Size([40, 16384])
torch.Size([40, 16384])
torch.Size([40, 16384])
torch.Size([40, 16384])
torch.Size([40, 16384])
torch.Size([40, 16384])
torch.Size([40, 16384])
torch.Size([40, 16384])
torch.Size([40, 16384])
torch.Size([40, 16384])
torch.Size([40, 16384])
torch.Size([40, 16384])
torch.Size([40, 16384])
torch.Size([40, 16384])
torch.Size([20, 16384])
torch.Size([40, 16384])
torch.Size([40, 16384])
torch.Size([40, 16384])
torch.Size([40, 16384])
torch.Size([40, 16384])
torch.Size([40, 16384])
torch.Size([40, 16384])
torch.Size([40, 16384])
torch.Size([40, 16384])
torch.Size([40, 16384])
torch.Size([40, 16384])
torch.Size([40, 16384])
torch.Size([40, 16384])
torch.Size([40, 16384])
torch.Size([40, 16384])
torch.Size([40, 16384])
torch.Size([40, 16384])
torch.Size([40, 16384])
torch.Size([40, 16384])
torch.Size([40, 16384])
torch.Size([40, 16384])
torch.Size([40, 16384])
torch.Size([40, 16384])
torch.Size([40, 16384])
torch.Size([40, 16384])
torch.Size([40, 16384])
torch.Size([40, 16384])
torch.Size([20, 16384])
torch.Size([40, 16384])
torch.Size([40, 16384])
torch.Size([40, 16384])
torch.Size([40, 16384])
torch.Size([40, 16384])
torch.Size([40, 16384])
torch.Size([40, 16384])
torch.Size([40, 16384])
torch.Size([40, 16384])
torch.Size([40, 16384])
torch.Size([40, 16384])
torch.Size([40, 16384])
torch.Size([40, 16384])
torch.Size([40, 16384])
torch.Size([40, 16384])
torch.Size([40, 16384])
torch.Size([40, 16384])
torch.Size([40, 16384])
torch.Size([40, 16384])
torch.Size([40, 16384])
torch.Size([40, 16384])
torch.Size([40, 16384])
torch.Size([40, 16384])
torch.Size([40, 16384])
torch.Size([40, 16384])
torch.Size([40, 16384])
torch.Size([40, 16384])
torch.Size([20, 16384])
torch.Size([40, 16384])
torch.Size([40, 16384])
torch.Size([40, 16384])
torch.Size([40, 16384])
torch.Size([40, 16384])
torch.Size([40, 16384])
torch.Size([40, 16384])
torch.Size([40, 16384])
torch.Size([40, 16384])
torch.Size([40, 16384])
torch.Size([40, 16384])
torch.Size([40, 16384])
torch.Size([40, 16384])
torch.Size([40, 16384])
torch.Size([40, 16384])
torch.Size([40, 16384])
torch.Size([40, 16384])
torch.Size([40, 16384])
torch.Size([40, 16384])
torch.Size([40, 16384])
torch.Size([40, 16384])
torch.Size([40, 16384])
torch.Size([40, 16384])
torch.Size([40, 16384])
torch.Size([40, 16384])
torch.Size([40, 16384])
torch.Size([40, 16384])
torch.Size([20, 16384])
torch.Size([40, 16384])
torch.Size([40, 16384])
torch.Size([40, 16384])
torch.Size([40, 16384])
torch.Size([40, 16384])
torch.Size([40, 16384])
torch.Size([40, 16384])
torch.Size([40, 16384])
torch.Size([40, 16384])
torch.Size([40, 16384])
torch.Size([40, 16384])
torch.Size([40, 16384])
torch.Size([40, 16384])
torch.Size([40, 16384])
torch.Size([40, 16384])
torch.Size([40, 16384])
torch.Size([40, 16384])
torch.Size([40, 16384])
torch.Size([40, 16384])
torch.Size([40, 16384])
torch.Size([40, 16384])
torch.Size([40, 16384])
torch.Size([40, 16384])
torch.Size([40, 16384])
torch.Size([40, 16384])
torch.Size([40, 16384])
torch.Size([40, 16384])
torch.Size([20, 16384])
torch.Size([40, 16384])
torch.Size([40, 16384])
torch.Size([40, 16384])
torch.Size([40, 16384])
torch.Size([40, 16384])
torch.Size([40, 16384])
torch.Size([40, 16384])
torch.Size([40, 16384])
torch.Size([40, 16384])
torch.Size([40, 16384])
torch.Size([40, 16384])
torch.Size([40, 16384])
torch.Size([40, 16384])
torch.Size([40, 16384])
torch.Size([40, 16384])
torch.Size([40, 16384])
torch.Size([40, 16384])
torch.Size([40, 16384])
torch.Size([40, 16384])
torch.Size([40, 16384])
torch.Size([40, 16384])
torch.Size([40, 16384])
torch.Size([40, 16384])
torch.Size([40, 16384])
torch.Size([40, 16384])
torch.Size([40, 16384])
torch.Size([40, 16384])
torch.Size([20, 16384])
torch.Size([40, 16384])
torch.Size([40, 16384])
torch.Size([40, 16384])
torch.Size([40, 16384])
torch.Size([40, 16384])
torch.Size([40, 16384])
torch.Size([40, 16384])
torch.Size([40, 16384])
torch.Size([40, 16384])
torch.Size([40, 16384])
torch.Size([40, 16384])
torch.Size([40, 16384])
torch.Size([40, 16384])
torch.Size([40, 16384])
torch.Size([40, 16384])
torch.Size([40, 16384])
torch.Size([40, 16384])
torch.Size([40, 16384])
torch.Size([40, 16384])
torch.Size([40, 16384])
torch.Size([40, 16384])
torch.Size([40, 16384])
torch.Size([40, 16384])
torch.Size([40, 16384])
torch.Size([40, 16384])
torch.Size([40, 16384])
torch.Size([40, 16384])
torch.Size([20, 16384])
torch.Size([40, 16384])
torch.Size([40, 16384])
torch.Size([40, 16384])
torch.Size([40, 16384])
torch.Size([40, 16384])
torch.Size([40, 16384])
torch.Size([40, 16384])
torch.Size([40, 16384])
torch.Size([40, 16384])
torch.Size([40, 16384])
torch.Size([40, 16384])
torch.Size([40, 16384])
torch.Size([40, 16384])
torch.Size([40, 16384])
torch.Size([40, 16384])
torch.Size([40, 16384])
torch.Size([40, 16384])
torch.Size([40, 16384])
torch.Size([40, 16384])
torch.Size([40, 16384])
torch.Size([40, 16384])
torch.Size([40, 16384])
torch.Size([40, 16384])
torch.Size([40, 16384])
torch.Size([40, 16384])
torch.Size([40, 16384])
torch.Size([40, 16384])
torch.Size([20, 16384])
torch.Size([40, 16384])
torch.Size([40, 16384])
torch.Size([40, 16384])
torch.Size([40, 16384])
torch.Size([40, 16384])
torch.Size([40, 16384])
torch.Size([40, 16384])
torch.Size([40, 16384])
torch.Size([40, 16384])
torch.Size([40, 16384])
torch.Size([40, 16384])
torch.Size([40, 16384])
torch.Size([40, 16384])
torch.Size([40, 16384])
torch.Size([40, 16384])
torch.Size([40, 16384])
torch.Size([40, 16384])
torch.Size([40, 16384])
torch.Size([40, 16384])
torch.Size([40, 16384])
torch.Size([40, 16384])
torch.Size([40, 16384])
torch.Size([40, 16384])
torch.Size([40, 16384])
torch.Size([40, 16384])
torch.Size([40, 16384])
torch.Size([40, 16384])
torch.Size([20, 16384])
torch.Size([40, 16384])
torch.Size([40, 16384])
torch.Size([40, 16384])
torch.Size([40, 16384])
torch.Size([40, 16384])
torch.Size([40, 16384])
torch.Size([40, 16384])
torch.Size([40, 16384])
torch.Size([40, 16384])
torch.Size([40, 16384])
torch.Size([40, 16384])
torch.Size([40, 16384])
torch.Size([40, 16384])
torch.Size([40, 16384])
torch.Size([40, 16384])
torch.Size([40, 16384])
torch.Size([40, 16384])
torch.Size([40, 16384])
torch.Size([40, 16384])
torch.Size([40, 16384])
torch.Size([40, 16384])
torch.Size([40, 16384])
torch.Size([40, 16384])
torch.Size([40, 16384])
torch.Size([40, 16384])
torch.Size([40, 16384])
torch.Size([40, 16384])
torch.Size([20, 16384])
torch.Size([40, 16384])
torch.Size([40, 16384])
torch.Size([40, 16384])
torch.Size([40, 16384])
torch.Size([40, 16384])
torch.Size([40, 16384])
torch.Size([40, 16384])
torch.Size([40, 16384])
torch.Size([40, 16384])
torch.Size([40, 16384])
torch.Size([40, 16384])
torch.Size([40, 16384])
torch.Size([40, 16384])
torch.Size([40, 16384])
torch.Size([40, 16384])
torch.Size([40, 16384])
torch.Size([40, 16384])
torch.Size([40, 16384])
torch.Size([40, 16384])
torch.Size([40, 16384])
torch.Size([40, 16384])
torch.Size([40, 16384])
torch.Size([40, 16384])
torch.Size([40, 16384])
torch.Size([40, 16384])
torch.Size([40, 16384])
torch.Size([40, 16384])
torch.Size([20, 16384])
torch.Size([40, 16384])
torch.Size([40, 16384])
torch.Size([40, 16384])
torch.Size([40, 16384])
torch.Size([40, 16384])
torch.Size([40, 16384])
torch.Size([40, 16384])
torch.Size([40, 16384])
torch.Size([40, 16384])
torch.Size([40, 16384])
torch.Size([40, 16384])
torch.Size([40, 16384])
torch.Size([40, 16384])
torch.Size([40, 16384])
torch.Size([40, 16384])
torch.Size([40, 16384])
torch.Size([40, 16384])
torch.Size([40, 16384])
torch.Size([40, 16384])
torch.Size([40, 16384])
torch.Size([40, 16384])
torch.Size([40, 16384])
torch.Size([40, 16384])
torch.Size([40, 16384])
torch.Size([40, 16384])
torch.Size([40, 16384])
torch.Size([40, 16384])
torch.Size([20, 16384])
torch.Size([40, 16384])
torch.Size([40, 16384])
torch.Size([40, 16384])
torch.Size([40, 16384])
torch.Size([40, 16384])
torch.Size([40, 16384])
torch.Size([40, 16384])
torch.Size([40, 16384])
torch.Size([40, 16384])
torch.Size([40, 16384])
torch.Size([40, 16384])
torch.Size([40, 16384])
torch.Size([40, 16384])
torch.Size([40, 16384])
torch.Size([40, 16384])
torch.Size([40, 16384])
torch.Size([40, 16384])
torch.Size([40, 16384])
torch.Size([40, 16384])
torch.Size([40, 16384])
torch.Size([40, 16384])
torch.Size([40, 16384])
torch.Size([40, 16384])
torch.Size([40, 16384])
torch.Size([40, 16384])
torch.Size([40, 16384])
torch.Size([40, 16384])
torch.Size([20, 16384])
torch.Size([40, 16384])
torch.Size([40, 16384])
torch.Size([40, 16384])
torch.Size([40, 16384])
torch.Size([40, 16384])
torch.Size([40, 16384])
torch.Size([40, 16384])
torch.Size([40, 16384])
torch.Size([40, 16384])
torch.Size([40, 16384])
torch.Size([40, 16384])
torch.Size([40, 16384])
torch.Size([40, 16384])
torch.Size([40, 16384])
torch.Size([40, 16384])
torch.Size([40, 16384])
torch.Size([40, 16384])
torch.Size([40, 16384])
torch.Size([40, 16384])
torch.Size([40, 16384])
torch.Size([40, 16384])
torch.Size([40, 16384])
torch.Size([40, 16384])
torch.Size([40, 16384])
torch.Size([40, 16384])
torch.Size([40, 16384])
torch.Size([40, 16384])
torch.Size([20, 16384])
torch.Size([40, 16384])
torch.Size([40, 16384])
torch.Size([40, 16384])
torch.Size([40, 16384])
torch.Size([40, 16384])
torch.Size([40, 16384])
torch.Size([40, 16384])
torch.Size([40, 16384])
torch.Size([40, 16384])
torch.Size([40, 16384])
torch.Size([40, 16384])
torch.Size([40, 16384])
torch.Size([40, 16384])
torch.Size([40, 16384])
torch.Size([40, 16384])
torch.Size([40, 16384])
torch.Size([40, 16384])
torch.Size([40, 16384])
torch.Size([40, 16384])
torch.Size([40, 16384])
torch.Size([40, 16384])
torch.Size([40, 16384])
torch.Size([40, 16384])
torch.Size([40, 16384])
torch.Size([40, 16384])
torch.Size([40, 16384])
torch.Size([40, 16384])
torch.Size([20, 16384])
torch.Size([40, 16384])
torch.Size([40, 16384])
torch.Size([40, 16384])
torch.Size([40, 16384])
torch.Size([40, 16384])
torch.Size([40, 16384])
torch.Size([40, 16384])
torch.Size([40, 16384])
torch.Size([40, 16384])
torch.Size([40, 16384])
torch.Size([40, 16384])
torch.Size([40, 16384])
torch.Size([40, 16384])
torch.Size([40, 16384])
torch.Size([40, 16384])
torch.Size([40, 16384])
torch.Size([40, 16384])
torch.Size([40, 16384])
torch.Size([40, 16384])
torch.Size([40, 16384])
torch.Size([40, 16384])
torch.Size([40, 16384])
torch.Size([40, 16384])
torch.Size([40, 16384])
torch.Size([40, 16384])
torch.Size([40, 16384])
torch.Size([40, 16384])
torch.Size([20, 16384])
torch.Size([40, 16384])
torch.Size([40, 16384])
torch.Size([40, 16384])
torch.Size([40, 16384])
torch.Size([40, 16384])
torch.Size([40, 16384])
torch.Size([40, 16384])
torch.Size([40, 16384])
torch.Size([40, 16384])
torch.Size([40, 16384])
torch.Size([40, 16384])
torch.Size([40, 16384])
torch.Size([40, 16384])
torch.Size([40, 16384])
torch.Size([40, 16384])
torch.Size([40, 16384])
torch.Size([40, 16384])
torch.Size([40, 16384])
torch.Size([40, 16384])
torch.Size([40, 16384])
torch.Size([40, 16384])
torch.Size([40, 16384])
torch.Size([40, 16384])
torch.Size([40, 16384])
torch.Size([40, 16384])
torch.Size([40, 16384])
torch.Size([40, 16384])
torch.Size([20, 16384])
torch.Size([40, 16384])
torch.Size([40, 16384])
torch.Size([40, 16384])
torch.Size([40, 16384])
torch.Size([40, 16384])
torch.Size([40, 16384])
torch.Size([40, 16384])
torch.Size([40, 16384])
torch.Size([40, 16384])
torch.Size([40, 16384])
torch.Size([40, 16384])
torch.Size([40, 16384])
torch.Size([40, 16384])
torch.Size([40, 16384])
torch.Size([40, 16384])
torch.Size([40, 16384])
torch.Size([40, 16384])
torch.Size([40, 16384])
torch.Size([40, 16384])
torch.Size([40, 16384])
torch.Size([40, 16384])
torch.Size([40, 16384])
torch.Size([40, 16384])
torch.Size([40, 16384])
torch.Size([40, 16384])
torch.Size([40, 16384])
torch.Size([40, 16384])
torch.Size([20, 16384])
torch.Size([40, 16384])
torch.Size([40, 16384])
torch.Size([40, 16384])
torch.Size([40, 16384])
torch.Size([40, 16384])
torch.Size([40, 16384])
torch.Size([40, 16384])
torch.Size([40, 16384])
torch.Size([40, 16384])
torch.Size([40, 16384])
torch.Size([40, 16384])
torch.Size([40, 16384])
torch.Size([40, 16384])
torch.Size([40, 16384])
torch.Size([40, 16384])
torch.Size([40, 16384])
torch.Size([40, 16384])
torch.Size([40, 16384])
torch.Size([40, 16384])
torch.Size([40, 16384])
torch.Size([40, 16384])
torch.Size([40, 16384])
torch.Size([40, 16384])
torch.Size([40, 16384])
torch.Size([40, 16384])
torch.Size([40, 16384])
torch.Size([40, 16384])
torch.Size([20, 16384])
torch.Size([40, 16384])
torch.Size([40, 16384])
torch.Size([40, 16384])
torch.Size([40, 16384])
torch.Size([40, 16384])
torch.Size([40, 16384])
torch.Size([40, 16384])
torch.Size([40, 16384])
torch.Size([40, 16384])
torch.Size([40, 16384])
torch.Size([40, 16384])
torch.Size([40, 16384])
torch.Size([40, 16384])
torch.Size([40, 16384])
torch.Size([40, 16384])
torch.Size([40, 16384])
torch.Size([40, 16384])
torch.Size([40, 16384])
torch.Size([40, 16384])
torch.Size([40, 16384])
torch.Size([40, 16384])
torch.Size([40, 16384])
torch.Size([40, 16384])
torch.Size([40, 16384])
torch.Size([40, 16384])
torch.Size([40, 16384])
torch.Size([40, 16384])
torch.Size([20, 16384])
torch.Size([40, 16384])
torch.Size([40, 16384])
torch.Size([40, 16384])
torch.Size([40, 16384])
torch.Size([40, 16384])
torch.Size([40, 16384])
torch.Size([40, 16384])
torch.Size([40, 16384])
torch.Size([40, 16384])
torch.Size([40, 16384])
torch.Size([40, 16384])
torch.Size([40, 16384])
torch.Size([40, 16384])
torch.Size([40, 16384])
torch.Size([40, 16384])
torch.Size([40, 16384])
torch.Size([40, 16384])
torch.Size([40, 16384])
torch.Size([40, 16384])
torch.Size([40, 16384])
torch.Size([40, 16384])
torch.Size([40, 16384])
torch.Size([40, 16384])
torch.Size([40, 16384])
torch.Size([40, 16384])
torch.Size([40, 16384])
torch.Size([40, 16384])
torch.Size([20, 16384])
torch.Size([40, 16384])
torch.Size([40, 16384])
torch.Size([40, 16384])
torch.Size([40, 16384])
torch.Size([40, 16384])
torch.Size([40, 16384])
torch.Size([40, 16384])
torch.Size([40, 16384])
torch.Size([40, 16384])
torch.Size([40, 16384])
torch.Size([40, 16384])
torch.Size([40, 16384])
torch.Size([40, 16384])
torch.Size([40, 16384])
torch.Size([40, 16384])
torch.Size([40, 16384])
torch.Size([40, 16384])
torch.Size([40, 16384])
torch.Size([40, 16384])
torch.Size([40, 16384])
torch.Size([40, 16384])
torch.Size([40, 16384])
torch.Size([40, 16384])
torch.Size([40, 16384])
torch.Size([40, 16384])
torch.Size([40, 16384])
torch.Size([40, 16384])
torch.Size([20, 16384])
torch.Size([40, 16384])
torch.Size([40, 16384])
torch.Size([40, 16384])
torch.Size([40, 16384])
torch.Size([40, 16384])
torch.Size([40, 16384])
torch.Size([40, 16384])
torch.Size([40, 16384])
torch.Size([40, 16384])
torch.Size([40, 16384])
torch.Size([40, 16384])
torch.Size([40, 16384])
torch.Size([40, 16384])
torch.Size([40, 16384])
torch.Size([40, 16384])
torch.Size([40, 16384])
torch.Size([40, 16384])
torch.Size([40, 16384])
torch.Size([40, 16384])
torch.Size([40, 16384])
torch.Size([40, 16384])
torch.Size([40, 16384])
torch.Size([40, 16384])
torch.Size([40, 16384])
torch.Size([40, 16384])
torch.Size([40, 16384])
torch.Size([40, 16384])
torch.Size([20, 16384])
torch.Size([40, 16384])
torch.Size([40, 16384])
torch.Size([40, 16384])
torch.Size([40, 16384])
torch.Size([40, 16384])
torch.Size([40, 16384])
torch.Size([40, 16384])
torch.Size([40, 16384])
torch.Size([40, 16384])
torch.Size([40, 16384])
torch.Size([40, 16384])
torch.Size([40, 16384])
torch.Size([40, 16384])
torch.Size([40, 16384])
torch.Size([40, 16384])
torch.Size([40, 16384])
torch.Size([40, 16384])
torch.Size([40, 16384])
torch.Size([40, 16384])
torch.Size([40, 16384])
torch.Size([40, 16384])
torch.Size([40, 16384])
torch.Size([40, 16384])
torch.Size([40, 16384])
torch.Size([40, 16384])
torch.Size([40, 16384])
torch.Size([40, 16384])
torch.Size([20, 16384])
torch.Size([40, 16384])
torch.Size([40, 16384])
torch.Size([40, 16384])
torch.Size([40, 16384])
torch.Size([40, 16384])
torch.Size([40, 16384])
torch.Size([40, 16384])
torch.Size([40, 16384])
torch.Size([40, 16384])
torch.Size([40, 16384])
torch.Size([40, 16384])
torch.Size([40, 16384])
torch.Size([40, 16384])
torch.Size([40, 16384])
torch.Size([40, 16384])
torch.Size([40, 16384])
torch.Size([40, 16384])
torch.Size([40, 16384])
torch.Size([40, 16384])
torch.Size([40, 16384])
torch.Size([40, 16384])
torch.Size([40, 16384])
torch.Size([40, 16384])
torch.Size([40, 16384])
torch.Size([40, 16384])
torch.Size([40, 16384])
torch.Size([40, 16384])
torch.Size([20, 16384])
torch.Size([40, 16384])
torch.Size([40, 16384])
torch.Size([40, 16384])
torch.Size([40, 16384])
torch.Size([40, 16384])
torch.Size([40, 16384])
torch.Size([40, 16384])
torch.Size([40, 16384])
torch.Size([40, 16384])
torch.Size([40, 16384])
torch.Size([40, 16384])
torch.Size([40, 16384])
torch.Size([40, 16384])
torch.Size([40, 16384])
torch.Size([40, 16384])
torch.Size([40, 16384])
torch.Size([40, 16384])
torch.Size([40, 16384])
torch.Size([40, 16384])
torch.Size([40, 16384])
torch.Size([40, 16384])
torch.Size([40, 16384])
torch.Size([40, 16384])
torch.Size([40, 16384])
torch.Size([40, 16384])
torch.Size([40, 16384])
torch.Size([40, 16384])
torch.Size([20, 16384])
torch.Size([40, 16384])
torch.Size([40, 16384])
torch.Size([40, 16384])
torch.Size([40, 16384])
torch.Size([40, 16384])
torch.Size([40, 16384])
torch.Size([40, 16384])
torch.Size([40, 16384])
torch.Size([40, 16384])
torch.Size([40, 16384])
torch.Size([40, 16384])
torch.Size([40, 16384])
torch.Size([40, 16384])
torch.Size([40, 16384])
torch.Size([40, 16384])
torch.Size([40, 16384])
torch.Size([40, 16384])
torch.Size([40, 16384])
torch.Size([40, 16384])
torch.Size([40, 16384])
torch.Size([40, 16384])
torch.Size([40, 16384])
torch.Size([40, 16384])
torch.Size([40, 16384])
torch.Size([40, 16384])
torch.Size([40, 16384])
torch.Size([40, 16384])
torch.Size([20, 16384])
torch.Size([40, 16384])
torch.Size([40, 16384])
torch.Size([40, 16384])
torch.Size([40, 16384])
torch.Size([40, 16384])
torch.Size([40, 16384])
torch.Size([40, 16384])
torch.Size([40, 16384])
torch.Size([40, 16384])
torch.Size([40, 16384])
torch.Size([40, 16384])
torch.Size([40, 16384])
torch.Size([40, 16384])
torch.Size([40, 16384])
torch.Size([40, 16384])
torch.Size([40, 16384])
torch.Size([40, 16384])
torch.Size([40, 16384])
torch.Size([40, 16384])
torch.Size([40, 16384])
torch.Size([40, 16384])
torch.Size([40, 16384])
torch.Size([40, 16384])
torch.Size([40, 16384])
torch.Size([40, 16384])
torch.Size([40, 16384])
torch.Size([40, 16384])
torch.Size([20, 16384])
torch.Size([40, 16384])
torch.Size([40, 16384])
torch.Size([40, 16384])
torch.Size([40, 16384])
torch.Size([40, 16384])
torch.Size([40, 16384])
torch.Size([40, 16384])
torch.Size([40, 16384])
torch.Size([40, 16384])
torch.Size([40, 16384])
torch.Size([40, 16384])
torch.Size([40, 16384])
torch.Size([40, 16384])
torch.Size([40, 16384])
torch.Size([40, 16384])
torch.Size([40, 16384])
torch.Size([40, 16384])
torch.Size([40, 16384])
torch.Size([40, 16384])
torch.Size([40, 16384])
torch.Size([40, 16384])
torch.Size([40, 16384])
torch.Size([40, 16384])
torch.Size([40, 16384])
torch.Size([40, 16384])
torch.Size([40, 16384])
torch.Size([40, 16384])
torch.Size([20, 16384])
torch.Size([40, 16384])
torch.Size([40, 16384])
torch.Size([40, 16384])
torch.Size([40, 16384])
torch.Size([40, 16384])
torch.Size([40, 16384])
torch.Size([40, 16384])
torch.Size([40, 16384])
torch.Size([40, 16384])
torch.Size([40, 16384])
torch.Size([40, 16384])
torch.Size([40, 16384])
torch.Size([40, 16384])
torch.Size([40, 16384])
torch.Size([40, 16384])
torch.Size([40, 16384])
torch.Size([40, 16384])
torch.Size([40, 16384])
torch.Size([40, 16384])
torch.Size([40, 16384])
torch.Size([40, 16384])
torch.Size([40, 16384])
torch.Size([40, 16384])
torch.Size([40, 16384])
torch.Size([40, 16384])
torch.Size([40, 16384])
torch.Size([40, 16384])
torch.Size([20, 16384])
torch.Size([40, 16384])
torch.Size([40, 16384])
torch.Size([40, 16384])
torch.Size([40, 16384])
torch.Size([40, 16384])
torch.Size([40, 16384])
torch.Size([40, 16384])
torch.Size([40, 16384])
torch.Size([40, 16384])
torch.Size([40, 16384])
torch.Size([40, 16384])
torch.Size([40, 16384])
torch.Size([40, 16384])
torch.Size([40, 16384])
torch.Size([40, 16384])
torch.Size([40, 16384])
torch.Size([40, 16384])
torch.Size([40, 16384])
torch.Size([40, 16384])
torch.Size([40, 16384])
torch.Size([40, 16384])
torch.Size([40, 16384])
torch.Size([40, 16384])
torch.Size([40, 16384])
torch.Size([40, 16384])
torch.Size([40, 16384])
torch.Size([40, 16384])
torch.Size([20, 16384])
torch.Size([40, 16384])
torch.Size([40, 16384])
torch.Size([40, 16384])
torch.Size([40, 16384])
torch.Size([40, 16384])
torch.Size([40, 16384])
torch.Size([40, 16384])
torch.Size([40, 16384])
torch.Size([40, 16384])
torch.Size([40, 16384])
torch.Size([40, 16384])
torch.Size([40, 16384])
torch.Size([40, 16384])
torch.Size([40, 16384])
torch.Size([40, 16384])
torch.Size([40, 16384])
torch.Size([40, 16384])
torch.Size([40, 16384])
torch.Size([40, 16384])
torch.Size([40, 16384])
torch.Size([40, 16384])
torch.Size([40, 16384])
torch.Size([40, 16384])
torch.Size([40, 16384])
torch.Size([40, 16384])
torch.Size([40, 16384])
torch.Size([40, 16384])
torch.Size([20, 16384])
torch.Size([40, 16384])
torch.Size([40, 16384])
torch.Size([40, 16384])
torch.Size([40, 16384])
torch.Size([40, 16384])
torch.Size([40, 16384])
torch.Size([40, 16384])
torch.Size([40, 16384])
torch.Size([40, 16384])
torch.Size([40, 16384])
torch.Size([40, 16384])
torch.Size([40, 16384])
torch.Size([40, 16384])
torch.Size([40, 16384])
torch.Size([40, 16384])
torch.Size([40, 16384])
torch.Size([40, 16384])
torch.Size([40, 16384])
torch.Size([40, 16384])
torch.Size([40, 16384])
torch.Size([40, 16384])
torch.Size([40, 16384])
torch.Size([40, 16384])
torch.Size([40, 16384])
torch.Size([40, 16384])
torch.Size([40, 16384])
torch.Size([40, 16384])
torch.Size([20, 16384])
torch.Size([40, 16384])
torch.Size([40, 16384])
torch.Size([40, 16384])
torch.Size([40, 16384])
torch.Size([40, 16384])
torch.Size([40, 16384])
torch.Size([40, 16384])
torch.Size([40, 16384])
torch.Size([40, 16384])
torch.Size([40, 16384])
torch.Size([40, 16384])
torch.Size([40, 16384])
torch.Size([40, 16384])
torch.Size([40, 16384])
torch.Size([40, 16384])
torch.Size([40, 16384])
torch.Size([40, 16384])
torch.Size([40, 16384])
torch.Size([40, 16384])
torch.Size([40, 16384])
torch.Size([40, 16384])
torch.Size([40, 16384])
torch.Size([40, 16384])
torch.Size([40, 16384])
torch.Size([40, 16384])
torch.Size([40, 16384])
torch.Size([40, 16384])
torch.Size([20, 16384])
torch.Size([40, 16384])
torch.Size([40, 16384])
torch.Size([40, 16384])
torch.Size([40, 16384])
torch.Size([40, 16384])
torch.Size([40, 16384])
torch.Size([40, 16384])
torch.Size([40, 16384])
torch.Size([40, 16384])
torch.Size([40, 16384])
torch.Size([40, 16384])
torch.Size([40, 16384])
torch.Size([40, 16384])
torch.Size([40, 16384])
torch.Size([40, 16384])
torch.Size([40, 16384])
torch.Size([40, 16384])
torch.Size([40, 16384])
torch.Size([40, 16384])
torch.Size([40, 16384])
torch.Size([40, 16384])
torch.Size([40, 16384])
torch.Size([40, 16384])
torch.Size([40, 16384])
torch.Size([40, 16384])
torch.Size([40, 16384])
torch.Size([40, 16384])
torch.Size([20, 16384])
torch.Size([40, 16384])
torch.Size([40, 16384])
torch.Size([40, 16384])
torch.Size([40, 16384])
torch.Size([40, 16384])
torch.Size([40, 16384])
torch.Size([40, 16384])
torch.Size([40, 16384])
torch.Size([40, 16384])
torch.Size([40, 16384])
torch.Size([40, 16384])
torch.Size([40, 16384])
torch.Size([40, 16384])
torch.Size([40, 16384])
torch.Size([40, 16384])
torch.Size([40, 16384])
torch.Size([40, 16384])
torch.Size([40, 16384])
torch.Size([40, 16384])
torch.Size([40, 16384])
torch.Size([40, 16384])
torch.Size([40, 16384])
torch.Size([40, 16384])
torch.Size([40, 16384])
torch.Size([40, 16384])
torch.Size([40, 16384])
torch.Size([40, 16384])
torch.Size([20, 16384])
torch.Size([40, 16384])
torch.Size([40, 16384])
torch.Size([40, 16384])
torch.Size([40, 16384])
torch.Size([40, 16384])
torch.Size([40, 16384])
torch.Size([40, 16384])
torch.Size([40, 16384])
torch.Size([40, 16384])
torch.Size([40, 16384])
torch.Size([40, 16384])
torch.Size([40, 16384])
torch.Size([40, 16384])
torch.Size([40, 16384])
torch.Size([40, 16384])
torch.Size([40, 16384])
torch.Size([40, 16384])
torch.Size([40, 16384])
torch.Size([40, 16384])
torch.Size([40, 16384])
torch.Size([40, 16384])
torch.Size([40, 16384])
torch.Size([40, 16384])
torch.Size([40, 16384])
torch.Size([40, 16384])
torch.Size([40, 16384])
torch.Size([40, 16384])
torch.Size([20, 16384])
torch.Size([40, 16384])
torch.Size([40, 16384])
torch.Size([40, 16384])
torch.Size([40, 16384])
torch.Size([40, 16384])
torch.Size([40, 16384])
torch.Size([40, 16384])
torch.Size([40, 16384])
torch.Size([40, 16384])
torch.Size([40, 16384])
torch.Size([40, 16384])
torch.Size([40, 16384])
torch.Size([40, 16384])
torch.Size([40, 16384])
torch.Size([40, 16384])
torch.Size([40, 16384])
torch.Size([40, 16384])
torch.Size([40, 16384])
torch.Size([40, 16384])
torch.Size([40, 16384])
torch.Size([40, 16384])
torch.Size([40, 16384])
torch.Size([40, 16384])
torch.Size([40, 16384])
torch.Size([40, 16384])
torch.Size([40, 16384])
torch.Size([40, 16384])
torch.Size([20, 16384])
