Program will start executing in a bit
/apps/sw/miniconda/envs/ai-4/lib/python3.10/site-packages/torch/utils/_device.py:77: UserWarning: To copy construct from a tensor, it is recommended to use sourceTensor.clone().detach() or sourceTensor.clone().detach().requires_grad_(True), rather than torch.tensor(sourceTensor).
  return func(*args, **kwargs)
✅ Using CUDA globally
GPU: Tesla V100-SXM3-32GB
Current directory: /home/cbe05/MaqamDiffusion
Cross_Entropy lr = 0.001 Loss 1/300 Loss is L =2.062997579574585 
Cross_Entropy lr = 0.001 Loss 2/300 Loss is L =2.051769971847534 
Cross_Entropy lr = 0.001 Loss 3/300 Loss is L =2.0541913509368896 
Cross_Entropy lr = 0.001 Loss 4/300 Loss is L =2.050071954727173 
Cross_Entropy lr = 0.001 Loss 5/300 Loss is L =2.0402705669403076 
Cross_Entropy lr = 0.001 Loss 6/300 Loss is L =2.0301513671875 
Cross_Entropy lr = 0.001 Loss 7/300 Loss is L =2.017620801925659 
Cross_Entropy lr = 0.001 Loss 8/300 Loss is L =2.007122755050659 
Cross_Entropy lr = 0.001 Loss 9/300 Loss is L =2.0068790912628174 
Cross_Entropy lr = 0.001 Loss 10/300 Loss is L =1.9979549646377563 
Cross_Entropy lr = 0.001 Loss 11/300 Loss is L =1.9836729764938354 
Cross_Entropy lr = 0.001 Loss 12/300 Loss is L =1.9894205331802368 
Cross_Entropy lr = 0.001 Loss 13/300 Loss is L =2.0006420612335205 
Cross_Entropy lr = 0.001 Loss 14/300 Loss is L =1.9792778491973877 
Cross_Entropy lr = 0.001 Loss 15/300 Loss is L =1.9597837924957275 
Cross_Entropy lr = 0.001 Loss 16/300 Loss is L =1.9695854187011719 
Cross_Entropy lr = 0.001 Loss 17/300 Loss is L =1.9808733463287354 
Cross_Entropy lr = 0.001 Loss 18/300 Loss is L =1.9796336889266968 
Cross_Entropy lr = 0.001 Loss 19/300 Loss is L =1.9731016159057617 
Cross_Entropy lr = 0.001 Loss 20/300 Loss is L =1.9855867624282837 
Cross_Entropy lr = 0.001 Loss 21/300 Loss is L =1.9514849185943604 
Cross_Entropy lr = 0.001 Loss 22/300 Loss is L =1.985060691833496 
Cross_Entropy lr = 0.001 Loss 23/300 Loss is L =1.969688057899475 
Cross_Entropy lr = 0.001 Loss 24/300 Loss is L =1.9714339971542358 
Cross_Entropy lr = 0.001 Loss 25/300 Loss is L =1.9682458639144897 
Cross_Entropy lr = 0.001 Loss 26/300 Loss is L =1.984923243522644 
Cross_Entropy lr = 0.001 Loss 27/300 Loss is L =1.9653538465499878 
Cross_Entropy lr = 0.001 Loss 28/300 Loss is L =1.9554039239883423 
Cross_Entropy lr = 0.001 Loss 29/300 Loss is L =1.9650486707687378 
Cross_Entropy lr = 0.001 Loss 30/300 Loss is L =1.9798383712768555 
Cross_Entropy lr = 0.001 Loss 31/300 Loss is L =1.981221079826355 
Cross_Entropy lr = 0.001 Loss 32/300 Loss is L =1.9626015424728394 
Cross_Entropy lr = 0.001 Loss 33/300 Loss is L =1.96847403049469 
Cross_Entropy lr = 0.001 Loss 34/300 Loss is L =1.9655004739761353 
Cross_Entropy lr = 0.001 Loss 35/300 Loss is L =1.9925693273544312 
Cross_Entropy lr = 0.001 Loss 36/300 Loss is L =1.970620036125183 
Cross_Entropy lr = 0.001 Loss 37/300 Loss is L =1.973126769065857 
Cross_Entropy lr = 0.001 Loss 38/300 Loss is L =1.985543131828308 
Cross_Entropy lr = 0.001 Loss 39/300 Loss is L =1.9608551263809204 
Cross_Entropy lr = 0.001 Loss 40/300 Loss is L =1.9940366744995117 
Cross_Entropy lr = 0.001 Loss 41/300 Loss is L =1.9703123569488525 
Cross_Entropy lr = 0.001 Loss 42/300 Loss is L =1.964776635169983 
Cross_Entropy lr = 0.001 Loss 43/300 Loss is L =1.964548110961914 
Cross_Entropy lr = 0.001 Loss 44/300 Loss is L =1.9740055799484253 
Cross_Entropy lr = 0.001 Loss 45/300 Loss is L =1.9568954706192017 
Cross_Entropy lr = 0.001 Loss 46/300 Loss is L =1.97427237033844 
Cross_Entropy lr = 0.001 Loss 47/300 Loss is L =1.953687310218811 
Cross_Entropy lr = 0.001 Loss 48/300 Loss is L =1.9828102588653564 
Cross_Entropy lr = 0.001 Loss 49/300 Loss is L =1.9789551496505737 
Cross_Entropy lr = 0.001 Loss 50/300 Loss is L =1.9657341241836548 
Cross_Entropy lr = 0.001 Loss 51/300 Loss is L =1.9580408334732056 
Cross_Entropy lr = 0.001 Loss 52/300 Loss is L =1.9634770154953003 
Cross_Entropy lr = 0.001 Loss 53/300 Loss is L =1.9566186666488647 
Cross_Entropy lr = 0.001 Loss 54/300 Loss is L =1.9659843444824219 
Cross_Entropy lr = 0.001 Loss 55/300 Loss is L =1.9607127904891968 
Cross_Entropy lr = 0.001 Loss 56/300 Loss is L =1.959092378616333 
Cross_Entropy lr = 0.001 Loss 57/300 Loss is L =1.9613418579101562 
Cross_Entropy lr = 0.001 Loss 58/300 Loss is L =1.9692223072052002 
Cross_Entropy lr = 0.001 Loss 59/300 Loss is L =1.9673439264297485 
Cross_Entropy lr = 0.001 Loss 60/300 Loss is L =1.956613540649414 
Cross_Entropy lr = 0.001 Loss 61/300 Loss is L =1.981658935546875 
Cross_Entropy lr = 0.001 Loss 62/300 Loss is L =1.9739573001861572 
Cross_Entropy lr = 0.001 Loss 63/300 Loss is L =1.9524067640304565 
Cross_Entropy lr = 0.001 Loss 64/300 Loss is L =1.9776591062545776 
Cross_Entropy lr = 0.001 Loss 65/300 Loss is L =1.9636188745498657 
Cross_Entropy lr = 0.001 Loss 66/300 Loss is L =1.9674221277236938 
Cross_Entropy lr = 0.001 Loss 67/300 Loss is L =1.9631187915802002 
Cross_Entropy lr = 0.001 Loss 68/300 Loss is L =1.9620870351791382 
Cross_Entropy lr = 0.001 Loss 69/300 Loss is L =1.9518626928329468 
Cross_Entropy lr = 0.001 Loss 70/300 Loss is L =1.9765361547470093 
Cross_Entropy lr = 0.001 Loss 71/300 Loss is L =1.9719822406768799 
Cross_Entropy lr = 0.001 Loss 72/300 Loss is L =1.941634178161621 
Cross_Entropy lr = 0.001 Loss 73/300 Loss is L =1.9777287244796753 
Cross_Entropy lr = 0.001 Loss 74/300 Loss is L =1.9615658521652222 
Cross_Entropy lr = 0.001 Loss 75/300 Loss is L =1.9736912250518799 
Cross_Entropy lr = 0.001 Loss 76/300 Loss is L =1.961626410484314 
Cross_Entropy lr = 0.001 Loss 77/300 Loss is L =1.9735373258590698 
Cross_Entropy lr = 0.001 Loss 78/300 Loss is L =1.962765097618103 
Cross_Entropy lr = 0.001 Loss 79/300 Loss is L =1.9678443670272827 
Cross_Entropy lr = 0.001 Loss 80/300 Loss is L =1.9636934995651245 
Cross_Entropy lr = 0.001 Loss 81/300 Loss is L =1.972754716873169 
Cross_Entropy lr = 0.001 Loss 82/300 Loss is L =1.9749348163604736 
Cross_Entropy lr = 0.001 Loss 83/300 Loss is L =1.9737999439239502 
Cross_Entropy lr = 0.001 Loss 84/300 Loss is L =1.970375657081604 
Cross_Entropy lr = 0.001 Loss 85/300 Loss is L =1.9764152765274048 
Cross_Entropy lr = 0.001 Loss 86/300 Loss is L =1.965584635734558 
Cross_Entropy lr = 0.001 Loss 87/300 Loss is L =1.9680763483047485 
Cross_Entropy lr = 0.001 Loss 88/300 Loss is L =1.9689997434616089 
Cross_Entropy lr = 0.001 Loss 89/300 Loss is L =1.9781452417373657 
Cross_Entropy lr = 0.001 Loss 90/300 Loss is L =1.9658082723617554 
Cross_Entropy lr = 0.001 Loss 91/300 Loss is L =1.9564802646636963 
Cross_Entropy lr = 0.001 Loss 92/300 Loss is L =1.9657303094863892 
Cross_Entropy lr = 0.001 Loss 93/300 Loss is L =1.9750776290893555 
Cross_Entropy lr = 0.001 Loss 94/300 Loss is L =1.9701616764068604 
Cross_Entropy lr = 0.001 Loss 95/300 Loss is L =1.9662554264068604 
Cross_Entropy lr = 0.001 Loss 96/300 Loss is L =1.9638296365737915 
Cross_Entropy lr = 0.001 Loss 97/300 Loss is L =1.984513521194458 
Cross_Entropy lr = 0.001 Loss 98/300 Loss is L =1.955660104751587 
Cross_Entropy lr = 0.001 Loss 99/300 Loss is L =1.9486440420150757 
Cross_Entropy lr = 0.001 Loss 100/300 Loss is L =1.971549391746521 
Cross_Entropy lr = 0.001 Loss 101/300 Loss is L =1.9601739645004272 
Cross_Entropy lr = 0.001 Loss 102/300 Loss is L =1.9760187864303589 
Cross_Entropy lr = 0.001 Loss 103/300 Loss is L =1.975779414176941 
Cross_Entropy lr = 0.001 Loss 104/300 Loss is L =1.973612666130066 
Cross_Entropy lr = 0.001 Loss 105/300 Loss is L =1.9663699865341187 
Cross_Entropy lr = 0.001 Loss 106/300 Loss is L =1.9654438495635986 
Cross_Entropy lr = 0.001 Loss 107/300 Loss is L =1.9751957654953003 
Cross_Entropy lr = 0.001 Loss 108/300 Loss is L =1.9610273838043213 
Cross_Entropy lr = 0.001 Loss 109/300 Loss is L =1.9616111516952515 
Cross_Entropy lr = 0.001 Loss 110/300 Loss is L =1.9692039489746094 
Cross_Entropy lr = 0.001 Loss 111/300 Loss is L =1.9619712829589844 
Cross_Entropy lr = 0.001 Loss 112/300 Loss is L =1.9784373044967651 
Cross_Entropy lr = 0.001 Loss 113/300 Loss is L =1.9661827087402344 
Cross_Entropy lr = 0.001 Loss 114/300 Loss is L =1.9689817428588867 
Cross_Entropy lr = 0.001 Loss 115/300 Loss is L =1.9615089893341064 
Cross_Entropy lr = 0.001 Loss 116/300 Loss is L =1.9717721939086914 
Cross_Entropy lr = 0.001 Loss 117/300 Loss is L =1.9809802770614624 
Cross_Entropy lr = 0.001 Loss 118/300 Loss is L =1.9772716760635376 
Cross_Entropy lr = 0.001 Loss 119/300 Loss is L =1.9673725366592407 
Cross_Entropy lr = 0.001 Loss 120/300 Loss is L =1.9578739404678345 
Cross_Entropy lr = 0.001 Loss 121/300 Loss is L =1.9691791534423828 
Cross_Entropy lr = 0.001 Loss 122/300 Loss is L =1.982155680656433 
Cross_Entropy lr = 0.001 Loss 123/300 Loss is L =1.9725860357284546 
Cross_Entropy lr = 0.001 Loss 124/300 Loss is L =1.9609416723251343 
Cross_Entropy lr = 0.001 Loss 125/300 Loss is L =1.9686565399169922 
Cross_Entropy lr = 0.001 Loss 126/300 Loss is L =1.9721567630767822 
Cross_Entropy lr = 0.001 Loss 127/300 Loss is L =1.9816607236862183 
Cross_Entropy lr = 0.001 Loss 128/300 Loss is L =1.9562466144561768 
Cross_Entropy lr = 0.001 Loss 129/300 Loss is L =1.9764541387557983 
Cross_Entropy lr = 0.001 Loss 130/300 Loss is L =1.975541353225708 
Cross_Entropy lr = 0.001 Loss 131/300 Loss is L =1.956403136253357 
Cross_Entropy lr = 0.001 Loss 132/300 Loss is L =1.9544165134429932 
Cross_Entropy lr = 0.001 Loss 133/300 Loss is L =1.9679062366485596 
Cross_Entropy lr = 0.001 Loss 134/300 Loss is L =1.9779752492904663 
Cross_Entropy lr = 0.001 Loss 135/300 Loss is L =1.980923056602478 
Cross_Entropy lr = 0.001 Loss 136/300 Loss is L =1.9744430780410767 
Cross_Entropy lr = 0.001 Loss 137/300 Loss is L =1.968672752380371 
Cross_Entropy lr = 0.001 Loss 138/300 Loss is L =1.96334707736969 
Cross_Entropy lr = 0.001 Loss 139/300 Loss is L =1.9625543355941772 
Cross_Entropy lr = 0.001 Loss 140/300 Loss is L =1.95836341381073 
Cross_Entropy lr = 0.001 Loss 141/300 Loss is L =1.967232584953308 
Cross_Entropy lr = 0.001 Loss 142/300 Loss is L =1.9839832782745361 
Cross_Entropy lr = 0.001 Loss 143/300 Loss is L =1.9716274738311768 
Cross_Entropy lr = 0.001 Loss 144/300 Loss is L =1.9595502614974976 
Cross_Entropy lr = 0.001 Loss 145/300 Loss is L =1.9700939655303955 
Cross_Entropy lr = 0.001 Loss 146/300 Loss is L =1.951119303703308 
Cross_Entropy lr = 0.001 Loss 147/300 Loss is L =1.974970817565918 
Cross_Entropy lr = 0.001 Loss 148/300 Loss is L =1.9608547687530518 
Cross_Entropy lr = 0.001 Loss 149/300 Loss is L =1.9725548028945923 
Cross_Entropy lr = 0.001 Loss 150/300 Loss is L =1.9554260969161987 
Cross_Entropy lr = 0.001 Loss 151/300 Loss is L =1.9825689792633057 
Cross_Entropy lr = 0.001 Loss 152/300 Loss is L =1.971910834312439 
Cross_Entropy lr = 0.001 Loss 153/300 Loss is L =1.9665279388427734 
Cross_Entropy lr = 0.001 Loss 154/300 Loss is L =1.9667037725448608 
Cross_Entropy lr = 0.001 Loss 155/300 Loss is L =1.961180567741394 
Cross_Entropy lr = 0.001 Loss 156/300 Loss is L =1.9702743291854858 
Cross_Entropy lr = 0.001 Loss 157/300 Loss is L =1.959520936012268 
Cross_Entropy lr = 0.001 Loss 158/300 Loss is L =1.9705339670181274 
Cross_Entropy lr = 0.001 Loss 159/300 Loss is L =1.959255576133728 
Cross_Entropy lr = 0.001 Loss 160/300 Loss is L =1.9574798345565796 
Cross_Entropy lr = 0.001 Loss 161/300 Loss is L =1.9501934051513672 
Cross_Entropy lr = 0.001 Loss 162/300 Loss is L =1.9599183797836304 
Cross_Entropy lr = 0.001 Loss 163/300 Loss is L =1.971885323524475 
Cross_Entropy lr = 0.001 Loss 164/300 Loss is L =1.9690097570419312 
Cross_Entropy lr = 0.001 Loss 165/300 Loss is L =1.957437515258789 
Cross_Entropy lr = 0.001 Loss 166/300 Loss is L =1.959842562675476 
Cross_Entropy lr = 0.001 Loss 167/300 Loss is L =1.9716495275497437 
Cross_Entropy lr = 0.001 Loss 168/300 Loss is L =1.987078309059143 
Cross_Entropy lr = 0.001 Loss 169/300 Loss is L =1.955361008644104 
Cross_Entropy lr = 0.001 Loss 170/300 Loss is L =1.9648475646972656 
Cross_Entropy lr = 0.001 Loss 171/300 Loss is L =1.9776428937911987 
Cross_Entropy lr = 0.001 Loss 172/300 Loss is L =1.9734175205230713 
Cross_Entropy lr = 0.001 Loss 173/300 Loss is L =1.9611625671386719 
Cross_Entropy lr = 0.001 Loss 174/300 Loss is L =1.9781131744384766 
Cross_Entropy lr = 0.001 Loss 175/300 Loss is L =1.983444094657898 
Cross_Entropy lr = 0.001 Loss 176/300 Loss is L =1.962561011314392 
Cross_Entropy lr = 0.001 Loss 177/300 Loss is L =1.9737437963485718 
Cross_Entropy lr = 0.001 Loss 178/300 Loss is L =1.958083152770996 
Cross_Entropy lr = 0.001 Loss 179/300 Loss is L =1.957800269126892 
Cross_Entropy lr = 0.001 Loss 180/300 Loss is L =1.9520578384399414 
Cross_Entropy lr = 0.001 Loss 181/300 Loss is L =1.9714454412460327 
Cross_Entropy lr = 0.001 Loss 182/300 Loss is L =1.9789704084396362 
Cross_Entropy lr = 0.001 Loss 183/300 Loss is L =1.958586573600769 
Cross_Entropy lr = 0.001 Loss 184/300 Loss is L =1.9723694324493408 
Cross_Entropy lr = 0.001 Loss 185/300 Loss is L =1.9635871648788452 
Cross_Entropy lr = 0.001 Loss 186/300 Loss is L =1.9628326892852783 
Cross_Entropy lr = 0.001 Loss 187/300 Loss is L =1.9803211688995361 
Cross_Entropy lr = 0.001 Loss 188/300 Loss is L =1.9540356397628784 
Cross_Entropy lr = 0.001 Loss 189/300 Loss is L =1.9634666442871094 
Cross_Entropy lr = 0.001 Loss 190/300 Loss is L =1.9603254795074463 
Cross_Entropy lr = 0.001 Loss 191/300 Loss is L =1.9648914337158203 
Cross_Entropy lr = 0.001 Loss 192/300 Loss is L =1.9500010013580322 
Cross_Entropy lr = 0.001 Loss 193/300 Loss is L =1.9709290266036987 
Cross_Entropy lr = 0.001 Loss 194/300 Loss is L =1.9823359251022339 
Cross_Entropy lr = 0.001 Loss 195/300 Loss is L =1.9614166021347046 
Cross_Entropy lr = 0.001 Loss 196/300 Loss is L =1.9638389348983765 
Cross_Entropy lr = 0.001 Loss 197/300 Loss is L =1.9719514846801758 
Cross_Entropy lr = 0.001 Loss 198/300 Loss is L =1.9558124542236328 
Cross_Entropy lr = 0.001 Loss 199/300 Loss is L =1.9719666242599487 
Cross_Entropy lr = 0.001 Loss 200/300 Loss is L =1.974972128868103 
Cross_Entropy lr = 0.001 Loss 201/300 Loss is L =1.9691784381866455 
Cross_Entropy lr = 0.001 Loss 202/300 Loss is L =1.9761396646499634 
Cross_Entropy lr = 0.001 Loss 203/300 Loss is L =1.9563785791397095 
Cross_Entropy lr = 0.001 Loss 204/300 Loss is L =1.9596741199493408 
Cross_Entropy lr = 0.001 Loss 205/300 Loss is L =1.9675430059432983 
Cross_Entropy lr = 0.001 Loss 206/300 Loss is L =1.9627634286880493 
Cross_Entropy lr = 0.001 Loss 207/300 Loss is L =1.9521607160568237 
Cross_Entropy lr = 0.001 Loss 208/300 Loss is L =1.9810726642608643 
Cross_Entropy lr = 0.001 Loss 209/300 Loss is L =1.9605419635772705 
Cross_Entropy lr = 0.001 Loss 210/300 Loss is L =1.9599695205688477 
Cross_Entropy lr = 0.001 Loss 211/300 Loss is L =1.964424967765808 
Cross_Entropy lr = 0.001 Loss 212/300 Loss is L =1.9657014608383179 
Cross_Entropy lr = 0.001 Loss 213/300 Loss is L =1.9711261987686157 
Cross_Entropy lr = 0.001 Loss 214/300 Loss is L =1.9603744745254517 
Cross_Entropy lr = 0.001 Loss 215/300 Loss is L =1.9611400365829468 
Cross_Entropy lr = 0.001 Loss 216/300 Loss is L =1.9725639820098877 
Cross_Entropy lr = 0.001 Loss 217/300 Loss is L =1.970136046409607 
Cross_Entropy lr = 0.001 Loss 218/300 Loss is L =1.962659478187561 
Cross_Entropy lr = 0.001 Loss 219/300 Loss is L =1.977325439453125 
Cross_Entropy lr = 0.001 Loss 220/300 Loss is L =1.9519795179367065 
Cross_Entropy lr = 0.001 Loss 221/300 Loss is L =1.9717851877212524 
Cross_Entropy lr = 0.001 Loss 222/300 Loss is L =1.9696110486984253 
Cross_Entropy lr = 0.001 Loss 223/300 Loss is L =1.9584354162216187 
Cross_Entropy lr = 0.001 Loss 224/300 Loss is L =1.9704941511154175 
Cross_Entropy lr = 0.001 Loss 225/300 Loss is L =1.986170768737793 
Cross_Entropy lr = 0.001 Loss 226/300 Loss is L =1.9779255390167236 
Cross_Entropy lr = 0.001 Loss 227/300 Loss is L =1.961553931236267 
Cross_Entropy lr = 0.001 Loss 228/300 Loss is L =1.9633651971817017 
Cross_Entropy lr = 0.001 Loss 229/300 Loss is L =1.978216528892517 
Cross_Entropy lr = 0.001 Loss 230/300 Loss is L =1.9764121770858765 
Cross_Entropy lr = 0.001 Loss 231/300 Loss is L =1.9655994176864624 
Cross_Entropy lr = 0.001 Loss 232/300 Loss is L =1.9698528051376343 
Cross_Entropy lr = 0.001 Loss 233/300 Loss is L =1.9557243585586548 
Cross_Entropy lr = 0.001 Loss 234/300 Loss is L =1.9633654356002808 
Cross_Entropy lr = 0.001 Loss 235/300 Loss is L =1.976324439048767 
Cross_Entropy lr = 0.001 Loss 236/300 Loss is L =1.9714758396148682 
Cross_Entropy lr = 0.001 Loss 237/300 Loss is L =1.9722298383712769 
Cross_Entropy lr = 0.001 Loss 238/300 Loss is L =1.9813660383224487 
Cross_Entropy lr = 0.001 Loss 239/300 Loss is L =1.9633244276046753 
Cross_Entropy lr = 0.001 Loss 240/300 Loss is L =1.977828860282898 
Cross_Entropy lr = 0.001 Loss 241/300 Loss is L =1.9670333862304688 
Cross_Entropy lr = 0.001 Loss 242/300 Loss is L =1.9740123748779297 
Cross_Entropy lr = 0.001 Loss 243/300 Loss is L =1.9667695760726929 
Cross_Entropy lr = 0.001 Loss 244/300 Loss is L =1.9589370489120483 
Cross_Entropy lr = 0.001 Loss 245/300 Loss is L =1.9820053577423096 
Cross_Entropy lr = 0.001 Loss 246/300 Loss is L =1.965539574623108 
Cross_Entropy lr = 0.001 Loss 247/300 Loss is L =1.9705332517623901 
Cross_Entropy lr = 0.001 Loss 248/300 Loss is L =1.9640820026397705 
Cross_Entropy lr = 0.001 Loss 249/300 Loss is L =1.9712597131729126 
Cross_Entropy lr = 0.001 Loss 250/300 Loss is L =1.9771686792373657 
Cross_Entropy lr = 0.001 Loss 251/300 Loss is L =1.9683960676193237 
Cross_Entropy lr = 0.001 Loss 252/300 Loss is L =1.9690563678741455 
Cross_Entropy lr = 0.001 Loss 253/300 Loss is L =1.9901087284088135 
Cross_Entropy lr = 0.001 Loss 254/300 Loss is L =1.9754260778427124 
Cross_Entropy lr = 0.001 Loss 255/300 Loss is L =1.998631477355957 
Cross_Entropy lr = 0.001 Loss 256/300 Loss is L =1.9841216802597046 
Cross_Entropy lr = 0.001 Loss 257/300 Loss is L =1.9735040664672852 
Cross_Entropy lr = 0.001 Loss 258/300 Loss is L =1.9981085062026978 
Cross_Entropy lr = 0.001 Loss 259/300 Loss is L =1.9724397659301758 
Cross_Entropy lr = 0.001 Loss 260/300 Loss is L =1.960405707359314 
Cross_Entropy lr = 0.001 Loss 261/300 Loss is L =1.9760181903839111 
Cross_Entropy lr = 0.001 Loss 262/300 Loss is L =1.9736162424087524 
Cross_Entropy lr = 0.001 Loss 263/300 Loss is L =1.9829906225204468 
Cross_Entropy lr = 0.001 Loss 264/300 Loss is L =1.977253794670105 
Cross_Entropy lr = 0.001 Loss 265/300 Loss is L =1.9709808826446533 
Cross_Entropy lr = 0.001 Loss 266/300 Loss is L =1.9685624837875366 
Cross_Entropy lr = 0.001 Loss 267/300 Loss is L =1.9626905918121338 
Cross_Entropy lr = 0.001 Loss 268/300 Loss is L =1.9720356464385986 
Cross_Entropy lr = 0.001 Loss 269/300 Loss is L =1.9669097661972046 
Cross_Entropy lr = 0.001 Loss 270/300 Loss is L =1.9511913061141968 
Cross_Entropy lr = 0.001 Loss 271/300 Loss is L =1.9690803289413452 
Cross_Entropy lr = 0.001 Loss 272/300 Loss is L =1.9741687774658203 
Cross_Entropy lr = 0.001 Loss 273/300 Loss is L =1.9846317768096924 
Cross_Entropy lr = 0.001 Loss 274/300 Loss is L =1.972391963005066 
Cross_Entropy lr = 0.001 Loss 275/300 Loss is L =1.9590702056884766 
Cross_Entropy lr = 0.001 Loss 276/300 Loss is L =1.9745876789093018 
Cross_Entropy lr = 0.001 Loss 277/300 Loss is L =1.9658411741256714 
Cross_Entropy lr = 0.001 Loss 278/300 Loss is L =1.9903370141983032 
Cross_Entropy lr = 0.001 Loss 279/300 Loss is L =1.9687938690185547 
Cross_Entropy lr = 0.001 Loss 280/300 Loss is L =1.9818743467330933 
Cross_Entropy lr = 0.001 Loss 281/300 Loss is L =1.9677165746688843 
Cross_Entropy lr = 0.001 Loss 282/300 Loss is L =1.9737160205841064 
Cross_Entropy lr = 0.001 Loss 283/300 Loss is L =1.9718315601348877 
Cross_Entropy lr = 0.001 Loss 284/300 Loss is L =1.9754202365875244 
Cross_Entropy lr = 0.001 Loss 285/300 Loss is L =1.9794559478759766 
Cross_Entropy lr = 0.001 Loss 286/300 Loss is L =1.9677221775054932 
Cross_Entropy lr = 0.001 Loss 287/300 Loss is L =1.9705532789230347 
Cross_Entropy lr = 0.001 Loss 288/300 Loss is L =1.9623088836669922 
Cross_Entropy lr = 0.001 Loss 289/300 Loss is L =1.9748201370239258 
Cross_Entropy lr = 0.001 Loss 290/300 Loss is L =1.995805025100708 
Cross_Entropy lr = 0.001 Loss 291/300 Loss is L =1.9688551425933838 
Cross_Entropy lr = 0.001 Loss 292/300 Loss is L =1.9918407201766968 
Cross_Entropy lr = 0.001 Loss 293/300 Loss is L =1.9641211032867432 
Cross_Entropy lr = 0.001 Loss 294/300 Loss is L =1.964267611503601 
Cross_Entropy lr = 0.001 Loss 295/300 Loss is L =1.9757728576660156 
Cross_Entropy lr = 0.001 Loss 296/300 Loss is L =1.9587067365646362 
Cross_Entropy lr = 0.001 Loss 297/300 Loss is L =1.9625205993652344 
Cross_Entropy lr = 0.001 Loss 298/300 Loss is L =1.9653072357177734 
Cross_Entropy lr = 0.001 Loss 299/300 Loss is L =1.966687560081482 
Cross_Entropy lr = 0.001 Loss 300/300 Loss is L =1.9574390649795532 
