Program will start executing in a bit
/apps/sw/miniconda/envs/ai-4/lib/python3.10/site-packages/torch/utils/_device.py:77: UserWarning: To copy construct from a tensor, it is recommended to use sourceTensor.clone().detach() or sourceTensor.clone().detach().requires_grad_(True), rather than torch.tensor(sourceTensor).
  return func(*args, **kwargs)
✅ Using CUDA globally
GPU: Tesla V100-PCIE-32GB
✅ Using CUDA globally
GPU: Tesla V100-PCIE-32GB
Current directory: /home/cbe05/MaqamDiffusion
lr = 0.001 Loss 1/150 Loss is L =0.033211033791303635 
lr = 0.001 Loss 2/150 Loss is L =0.019968563690781593 
lr = 0.001 Loss 3/150 Loss is L =0.016517333686351776 
lr = 0.001 Loss 4/150 Loss is L =0.012485134415328503 
lr = 0.001 Loss 5/150 Loss is L =0.011003786697983742 
lr = 0.001 Loss 6/150 Loss is L =0.011030797846615314 
lr = 0.001 Loss 7/150 Loss is L =0.009681986644864082 
lr = 0.001 Loss 8/150 Loss is L =0.01169910654425621 
lr = 0.001 Loss 9/150 Loss is L =0.012261095456779003 
lr = 0.001 Loss 10/150 Loss is L =0.008876233361661434 
lr = 0.001 Loss 11/150 Loss is L =0.012185420840978622 
lr = 0.001 Loss 12/150 Loss is L =0.008327094838023186 
lr = 0.001 Loss 13/150 Loss is L =0.008472741581499577 
lr = 0.001 Loss 14/150 Loss is L =0.008335644379258156 
lr = 0.001 Loss 15/150 Loss is L =0.008863596245646477 
lr = 0.001 Loss 16/150 Loss is L =0.009334792383015156 
lr = 0.001 Loss 17/150 Loss is L =0.010747048072516918 
lr = 0.001 Loss 18/150 Loss is L =0.007315704133361578 
lr = 0.001 Loss 19/150 Loss is L =0.008465464226901531 
lr = 0.001 Loss 20/150 Loss is L =0.008113185875117779 
lr = 0.001 Loss 21/150 Loss is L =0.007823772728443146 
lr = 0.001 Loss 22/150 Loss is L =0.009181657806038857 
lr = 0.001 Loss 23/150 Loss is L =0.007520949933677912 
lr = 0.001 Loss 24/150 Loss is L =0.0069123259745538235 
lr = 0.001 Loss 25/150 Loss is L =0.00639446172863245 
lr = 0.001 Loss 26/150 Loss is L =0.006489779334515333 
lr = 0.001 Loss 27/150 Loss is L =0.006010689307004213 
lr = 0.001 Loss 28/150 Loss is L =0.007055479567497969 
lr = 0.001 Loss 29/150 Loss is L =0.007672113366425037 
lr = 0.001 Loss 30/150 Loss is L =0.007183628622442484 
lr = 0.001 Loss 31/150 Loss is L =0.006620652973651886 
lr = 0.001 Loss 32/150 Loss is L =0.006673011463135481 
lr = 0.001 Loss 33/150 Loss is L =0.007218813989311457 
lr = 0.001 Loss 34/150 Loss is L =0.006382716353982687 
lr = 0.001 Loss 35/150 Loss is L =0.006349564995616674 
lr = 0.001 Loss 36/150 Loss is L =0.007254594471305609 
lr = 0.001 Loss 37/150 Loss is L =0.00675954669713974 
lr = 0.001 Loss 38/150 Loss is L =0.007840578444302082 
lr = 0.001 Loss 39/150 Loss is L =0.005288506392389536 
lr = 0.001 Loss 40/150 Loss is L =0.007015520241111517 
lr = 0.001 Loss 41/150 Loss is L =0.005913475062698126 
lr = 0.001 Loss 42/150 Loss is L =0.006940697319805622 
lr = 0.001 Loss 43/150 Loss is L =0.006507583893835545 
lr = 0.001 Loss 44/150 Loss is L =0.006596782244741917 
lr = 0.001 Loss 45/150 Loss is L =0.006743618752807379 
lr = 0.001 Loss 46/150 Loss is L =0.0067951008677482605 
lr = 0.001 Loss 47/150 Loss is L =0.005608172621577978 
lr = 0.001 Loss 48/150 Loss is L =0.005795697681605816 
lr = 0.001 Loss 49/150 Loss is L =0.007162651512771845 
lr = 0.001 Loss 50/150 Loss is L =0.0069289617240428925 
lr = 0.001 Loss 51/150 Loss is L =0.006414622999727726 
lr = 0.001 Loss 52/150 Loss is L =0.007181066554039717 
lr = 0.001 Loss 53/150 Loss is L =0.006891540717333555 
lr = 0.001 Loss 54/150 Loss is L =0.006594361271709204 
lr = 0.001 Loss 55/150 Loss is L =0.005402502603828907 
lr = 0.001 Loss 56/150 Loss is L =0.005794792901724577 
lr = 0.001 Loss 57/150 Loss is L =0.006319151725620031 
lr = 0.001 Loss 58/150 Loss is L =0.0058442228473722935 
lr = 0.001 Loss 59/150 Loss is L =0.005583077669143677 
lr = 0.001 Loss 60/150 Loss is L =0.006818603258579969 
lr = 0.001 Loss 61/150 Loss is L =0.006717475596815348 
lr = 0.001 Loss 62/150 Loss is L =0.005305795464664698 
lr = 0.001 Loss 63/150 Loss is L =0.005614891182631254 
lr = 0.001 Loss 64/150 Loss is L =0.005712949205189943 
lr = 0.001 Loss 65/150 Loss is L =0.005344437900930643 
lr = 0.001 Loss 66/150 Loss is L =0.006245179567486048 
lr = 0.001 Loss 67/150 Loss is L =0.005801533814519644 
lr = 0.001 Loss 68/150 Loss is L =0.005837501958012581 
lr = 0.001 Loss 69/150 Loss is L =0.006385547108948231 
lr = 0.001 Loss 70/150 Loss is L =0.005529446993023157 
lr = 0.001 Loss 71/150 Loss is L =0.006119979079812765 
lr = 0.001 Loss 72/150 Loss is L =0.004981085658073425 
lr = 0.001 Loss 73/150 Loss is L =0.0054170540533959866 
lr = 0.001 Loss 74/150 Loss is L =0.006456475704908371 
lr = 0.001 Loss 75/150 Loss is L =0.006540170405060053 
lr = 0.001 Loss 76/150 Loss is L =0.005339711904525757 
lr = 0.001 Loss 77/150 Loss is L =0.005814575590193272 
lr = 0.001 Loss 78/150 Loss is L =0.005962909199297428 
lr = 0.001 Loss 79/150 Loss is L =0.00545904878526926 
lr = 0.001 Loss 80/150 Loss is L =0.0062132300809025764 
lr = 0.001 Loss 81/150 Loss is L =0.005471173208206892 
lr = 0.001 Loss 82/150 Loss is L =0.005984667222946882 
lr = 0.001 Loss 83/150 Loss is L =0.005917386617511511 
lr = 0.001 Loss 84/150 Loss is L =0.005147313699126244 
lr = 0.001 Loss 85/150 Loss is L =0.0055261459201574326 
lr = 0.001 Loss 86/150 Loss is L =0.005882508121430874 
lr = 0.001 Loss 87/150 Loss is L =0.005794639233499765 
lr = 0.001 Loss 88/150 Loss is L =0.0060028876177966595 
lr = 0.001 Loss 89/150 Loss is L =0.005591071210801601 
lr = 0.001 Loss 90/150 Loss is L =0.006213351618498564 
lr = 0.001 Loss 91/150 Loss is L =0.005528512876480818 
lr = 0.001 Loss 92/150 Loss is L =0.006642514374107122 
lr = 0.001 Loss 93/150 Loss is L =0.005388154182583094 
lr = 0.001 Loss 94/150 Loss is L =0.005249598529189825 
lr = 0.001 Loss 95/150 Loss is L =0.006326326169073582 
lr = 0.001 Loss 96/150 Loss is L =0.005518541671335697 
lr = 0.001 Loss 97/150 Loss is L =0.005557223688811064 
lr = 0.001 Loss 98/150 Loss is L =0.005492420867085457 
lr = 0.001 Loss 99/150 Loss is L =0.006185165606439114 
lr = 0.001 Loss 100/150 Loss is L =0.005082754883915186 
lr = 0.001 Loss 101/150 Loss is L =0.005615892354398966 
lr = 0.001 Loss 102/150 Loss is L =0.005056766793131828 
lr = 0.001 Loss 103/150 Loss is L =0.005243994295597076 
lr = 0.001 Loss 104/150 Loss is L =0.005565430968999863 
lr = 0.001 Loss 105/150 Loss is L =0.004896290134638548 
lr = 0.001 Loss 106/150 Loss is L =0.005237174686044455 
lr = 0.001 Loss 107/150 Loss is L =0.005275370087474585 
lr = 0.001 Loss 108/150 Loss is L =0.006619997322559357 
lr = 0.001 Loss 109/150 Loss is L =0.0051289210096001625 
lr = 0.001 Loss 110/150 Loss is L =0.0054049366153776646 
lr = 0.001 Loss 111/150 Loss is L =0.006740638520568609 
lr = 0.001 Loss 112/150 Loss is L =0.00627282727509737 
lr = 0.001 Loss 113/150 Loss is L =0.005190772004425526 
lr = 0.001 Loss 114/150 Loss is L =0.005825380329042673 
lr = 0.001 Loss 115/150 Loss is L =0.004766808357089758 
lr = 0.001 Loss 116/150 Loss is L =0.005415895488113165 
lr = 0.001 Loss 117/150 Loss is L =0.005402894224971533 
lr = 0.001 Loss 118/150 Loss is L =0.004895121790468693 
lr = 0.001 Loss 119/150 Loss is L =0.0057412185706198215 
lr = 0.001 Loss 120/150 Loss is L =0.005782959517091513 
lr = 0.001 Loss 121/150 Loss is L =0.005430262535810471 
lr = 0.001 Loss 122/150 Loss is L =0.005651599261909723 
lr = 0.001 Loss 123/150 Loss is L =0.00537922652438283 
lr = 0.001 Loss 124/150 Loss is L =0.005296205170452595 
lr = 0.001 Loss 125/150 Loss is L =0.005665811710059643 
lr = 0.001 Loss 126/150 Loss is L =0.006077958736568689 
lr = 0.001 Loss 127/150 Loss is L =0.005671776365488768 
lr = 0.001 Loss 128/150 Loss is L =0.00625446904450655 
lr = 0.001 Loss 129/150 Loss is L =0.005364903714507818 
lr = 0.001 Loss 130/150 Loss is L =0.005640434101223946 
lr = 0.001 Loss 131/150 Loss is L =0.0043906159698963165 
lr = 0.001 Loss 132/150 Loss is L =0.0070041390135884285 
lr = 0.001 Loss 133/150 Loss is L =0.005687851458787918 
lr = 0.001 Loss 134/150 Loss is L =0.005626607220619917 
lr = 0.001 Loss 135/150 Loss is L =0.005095107015222311 
lr = 0.001 Loss 136/150 Loss is L =0.0067831845954060555 
lr = 0.001 Loss 137/150 Loss is L =0.00592674408107996 
lr = 0.001 Loss 138/150 Loss is L =0.005120821297168732 
lr = 0.001 Loss 139/150 Loss is L =0.005097309593111277 
lr = 0.001 Loss 140/150 Loss is L =0.005539330188184977 
lr = 0.001 Loss 141/150 Loss is L =0.008325165137648582 
lr = 0.001 Loss 142/150 Loss is L =0.005464235320687294 
lr = 0.001 Loss 143/150 Loss is L =0.005336764734238386 
lr = 0.001 Loss 144/150 Loss is L =0.005434390623122454 
lr = 0.001 Loss 145/150 Loss is L =0.005362316500395536 
lr = 0.001 Loss 146/150 Loss is L =0.005250562913715839 
lr = 0.001 Loss 147/150 Loss is L =0.006623073015362024 
lr = 0.001 Loss 148/150 Loss is L =0.005250123795121908 
lr = 0.001 Loss 149/150 Loss is L =0.005783415865153074 
lr = 0.001 Loss 150/150 Loss is L =0.006276629399508238 
torch.Size([40, 16384])
torch.Size([40, 16384])
torch.Size([40, 16384])
torch.Size([40, 16384])
torch.Size([40, 16384])
torch.Size([40, 16384])
torch.Size([40, 16384])
torch.Size([40, 16384])
torch.Size([40, 16384])
torch.Size([40, 16384])
torch.Size([40, 16384])
torch.Size([40, 16384])
torch.Size([40, 16384])
torch.Size([40, 16384])
torch.Size([40, 16384])
torch.Size([40, 16384])
torch.Size([40, 16384])
torch.Size([40, 16384])
torch.Size([40, 16384])
torch.Size([40, 16384])
torch.Size([40, 16384])
torch.Size([40, 16384])
torch.Size([40, 16384])
torch.Size([40, 16384])
torch.Size([40, 16384])
torch.Size([40, 16384])
torch.Size([40, 16384])
torch.Size([20, 16384])
torch.Size([40, 16384])
torch.Size([40, 16384])
torch.Size([40, 16384])
torch.Size([40, 16384])
torch.Size([40, 16384])
torch.Size([40, 16384])
torch.Size([40, 16384])
torch.Size([40, 16384])
torch.Size([40, 16384])
torch.Size([40, 16384])
torch.Size([40, 16384])
torch.Size([40, 16384])
torch.Size([40, 16384])
torch.Size([40, 16384])
torch.Size([40, 16384])
torch.Size([40, 16384])
torch.Size([40, 16384])
torch.Size([40, 16384])
torch.Size([40, 16384])
torch.Size([40, 16384])
torch.Size([40, 16384])
torch.Size([40, 16384])
torch.Size([40, 16384])
torch.Size([40, 16384])
torch.Size([40, 16384])
torch.Size([40, 16384])
torch.Size([40, 16384])
torch.Size([20, 16384])
torch.Size([40, 16384])
torch.Size([40, 16384])
torch.Size([40, 16384])
torch.Size([40, 16384])
torch.Size([40, 16384])
torch.Size([40, 16384])
torch.Size([40, 16384])
torch.Size([40, 16384])
torch.Size([40, 16384])
torch.Size([40, 16384])
torch.Size([40, 16384])
torch.Size([40, 16384])
torch.Size([40, 16384])
torch.Size([40, 16384])
torch.Size([40, 16384])
torch.Size([40, 16384])
torch.Size([40, 16384])
torch.Size([40, 16384])
torch.Size([40, 16384])
torch.Size([40, 16384])
torch.Size([40, 16384])
torch.Size([40, 16384])
torch.Size([40, 16384])
torch.Size([40, 16384])
torch.Size([40, 16384])
torch.Size([40, 16384])
torch.Size([40, 16384])
torch.Size([20, 16384])
torch.Size([40, 16384])
torch.Size([40, 16384])
torch.Size([40, 16384])
torch.Size([40, 16384])
torch.Size([40, 16384])
torch.Size([40, 16384])
torch.Size([40, 16384])
torch.Size([40, 16384])
torch.Size([40, 16384])
torch.Size([40, 16384])
torch.Size([40, 16384])
torch.Size([40, 16384])
torch.Size([40, 16384])
torch.Size([40, 16384])
torch.Size([40, 16384])
torch.Size([40, 16384])
torch.Size([40, 16384])
torch.Size([40, 16384])
torch.Size([40, 16384])
torch.Size([40, 16384])
torch.Size([40, 16384])
torch.Size([40, 16384])
torch.Size([40, 16384])
torch.Size([40, 16384])
torch.Size([40, 16384])
torch.Size([40, 16384])
torch.Size([40, 16384])
torch.Size([20, 16384])
torch.Size([40, 16384])
torch.Size([40, 16384])
torch.Size([40, 16384])
torch.Size([40, 16384])
torch.Size([40, 16384])
torch.Size([40, 16384])
torch.Size([40, 16384])
torch.Size([40, 16384])
torch.Size([40, 16384])
torch.Size([40, 16384])
torch.Size([40, 16384])
torch.Size([40, 16384])
torch.Size([40, 16384])
torch.Size([40, 16384])
torch.Size([40, 16384])
torch.Size([40, 16384])
torch.Size([40, 16384])
torch.Size([40, 16384])
torch.Size([40, 16384])
torch.Size([40, 16384])
torch.Size([40, 16384])
torch.Size([40, 16384])
torch.Size([40, 16384])
torch.Size([40, 16384])
torch.Size([40, 16384])
torch.Size([40, 16384])
torch.Size([40, 16384])
torch.Size([20, 16384])
torch.Size([40, 16384])
torch.Size([40, 16384])
torch.Size([40, 16384])
torch.Size([40, 16384])
torch.Size([40, 16384])
torch.Size([40, 16384])
torch.Size([40, 16384])
torch.Size([40, 16384])
torch.Size([40, 16384])
torch.Size([40, 16384])
torch.Size([40, 16384])
torch.Size([40, 16384])
torch.Size([40, 16384])
torch.Size([40, 16384])
torch.Size([40, 16384])
torch.Size([40, 16384])
torch.Size([40, 16384])
torch.Size([40, 16384])
torch.Size([40, 16384])
torch.Size([40, 16384])
torch.Size([40, 16384])
torch.Size([40, 16384])
torch.Size([40, 16384])
torch.Size([40, 16384])
torch.Size([40, 16384])
torch.Size([40, 16384])
torch.Size([40, 16384])
torch.Size([20, 16384])
torch.Size([40, 16384])
torch.Size([40, 16384])
torch.Size([40, 16384])
torch.Size([40, 16384])
torch.Size([40, 16384])
torch.Size([40, 16384])
torch.Size([40, 16384])
torch.Size([40, 16384])
torch.Size([40, 16384])
torch.Size([40, 16384])
torch.Size([40, 16384])
torch.Size([40, 16384])
torch.Size([40, 16384])
torch.Size([40, 16384])
torch.Size([40, 16384])
torch.Size([40, 16384])
torch.Size([40, 16384])
torch.Size([40, 16384])
torch.Size([40, 16384])
torch.Size([40, 16384])
torch.Size([40, 16384])
torch.Size([40, 16384])
torch.Size([40, 16384])
torch.Size([40, 16384])
torch.Size([40, 16384])
torch.Size([40, 16384])
torch.Size([40, 16384])
torch.Size([20, 16384])
torch.Size([40, 16384])
torch.Size([40, 16384])
torch.Size([40, 16384])
torch.Size([40, 16384])
torch.Size([40, 16384])
torch.Size([40, 16384])
torch.Size([40, 16384])
torch.Size([40, 16384])
torch.Size([40, 16384])
torch.Size([40, 16384])
torch.Size([40, 16384])
torch.Size([40, 16384])
torch.Size([40, 16384])
torch.Size([40, 16384])
torch.Size([40, 16384])
torch.Size([40, 16384])
torch.Size([40, 16384])
torch.Size([40, 16384])
torch.Size([40, 16384])
torch.Size([40, 16384])
torch.Size([40, 16384])
torch.Size([40, 16384])
torch.Size([40, 16384])
torch.Size([40, 16384])
torch.Size([40, 16384])
torch.Size([40, 16384])
torch.Size([40, 16384])
torch.Size([20, 16384])
torch.Size([40, 16384])
torch.Size([40, 16384])
torch.Size([40, 16384])
torch.Size([40, 16384])
torch.Size([40, 16384])
torch.Size([40, 16384])
torch.Size([40, 16384])
torch.Size([40, 16384])
torch.Size([40, 16384])
torch.Size([40, 16384])
torch.Size([40, 16384])
torch.Size([40, 16384])
torch.Size([40, 16384])
torch.Size([40, 16384])
torch.Size([40, 16384])
torch.Size([40, 16384])
torch.Size([40, 16384])
torch.Size([40, 16384])
torch.Size([40, 16384])
torch.Size([40, 16384])
torch.Size([40, 16384])
torch.Size([40, 16384])
torch.Size([40, 16384])
torch.Size([40, 16384])
torch.Size([40, 16384])
torch.Size([40, 16384])
torch.Size([40, 16384])
torch.Size([20, 16384])
torch.Size([40, 16384])
torch.Size([40, 16384])
torch.Size([40, 16384])
torch.Size([40, 16384])
torch.Size([40, 16384])
torch.Size([40, 16384])
torch.Size([40, 16384])
torch.Size([40, 16384])
torch.Size([40, 16384])
torch.Size([40, 16384])
torch.Size([40, 16384])
torch.Size([40, 16384])
torch.Size([40, 16384])
torch.Size([40, 16384])
torch.Size([40, 16384])
torch.Size([40, 16384])
torch.Size([40, 16384])
torch.Size([40, 16384])
torch.Size([40, 16384])
torch.Size([40, 16384])
torch.Size([40, 16384])
torch.Size([40, 16384])
torch.Size([40, 16384])
torch.Size([40, 16384])
torch.Size([40, 16384])
torch.Size([40, 16384])
torch.Size([40, 16384])
torch.Size([20, 16384])
torch.Size([40, 16384])
torch.Size([40, 16384])
torch.Size([40, 16384])
torch.Size([40, 16384])
torch.Size([40, 16384])
torch.Size([40, 16384])
torch.Size([40, 16384])
torch.Size([40, 16384])
torch.Size([40, 16384])
torch.Size([40, 16384])
torch.Size([40, 16384])
torch.Size([40, 16384])
torch.Size([40, 16384])
torch.Size([40, 16384])
torch.Size([40, 16384])
torch.Size([40, 16384])
torch.Size([40, 16384])
torch.Size([40, 16384])
torch.Size([40, 16384])
torch.Size([40, 16384])
torch.Size([40, 16384])
torch.Size([40, 16384])
torch.Size([40, 16384])
torch.Size([40, 16384])
torch.Size([40, 16384])
torch.Size([40, 16384])
torch.Size([40, 16384])
torch.Size([20, 16384])
torch.Size([40, 16384])
torch.Size([40, 16384])
torch.Size([40, 16384])
torch.Size([40, 16384])
torch.Size([40, 16384])
torch.Size([40, 16384])
torch.Size([40, 16384])
torch.Size([40, 16384])
torch.Size([40, 16384])
torch.Size([40, 16384])
torch.Size([40, 16384])
torch.Size([40, 16384])
torch.Size([40, 16384])
torch.Size([40, 16384])
torch.Size([40, 16384])
torch.Size([40, 16384])
torch.Size([40, 16384])
torch.Size([40, 16384])
torch.Size([40, 16384])
torch.Size([40, 16384])
torch.Size([40, 16384])
torch.Size([40, 16384])
torch.Size([40, 16384])
torch.Size([40, 16384])
torch.Size([40, 16384])
torch.Size([40, 16384])
torch.Size([40, 16384])
torch.Size([20, 16384])
torch.Size([40, 16384])
torch.Size([40, 16384])
torch.Size([40, 16384])
torch.Size([40, 16384])
torch.Size([40, 16384])
torch.Size([40, 16384])
torch.Size([40, 16384])
torch.Size([40, 16384])
torch.Size([40, 16384])
torch.Size([40, 16384])
torch.Size([40, 16384])
torch.Size([40, 16384])
torch.Size([40, 16384])
torch.Size([40, 16384])
torch.Size([40, 16384])
torch.Size([40, 16384])
torch.Size([40, 16384])
torch.Size([40, 16384])
torch.Size([40, 16384])
torch.Size([40, 16384])
torch.Size([40, 16384])
torch.Size([40, 16384])
torch.Size([40, 16384])
torch.Size([40, 16384])
torch.Size([40, 16384])
torch.Size([40, 16384])
torch.Size([40, 16384])
torch.Size([20, 16384])
torch.Size([40, 16384])
torch.Size([40, 16384])
torch.Size([40, 16384])
torch.Size([40, 16384])
torch.Size([40, 16384])
torch.Size([40, 16384])
torch.Size([40, 16384])
torch.Size([40, 16384])
torch.Size([40, 16384])
torch.Size([40, 16384])
torch.Size([40, 16384])
torch.Size([40, 16384])
torch.Size([40, 16384])
torch.Size([40, 16384])
torch.Size([40, 16384])
torch.Size([40, 16384])
torch.Size([40, 16384])
torch.Size([40, 16384])
torch.Size([40, 16384])
torch.Size([40, 16384])
torch.Size([40, 16384])
torch.Size([40, 16384])
torch.Size([40, 16384])
torch.Size([40, 16384])
torch.Size([40, 16384])
torch.Size([40, 16384])
torch.Size([40, 16384])
torch.Size([20, 16384])
torch.Size([40, 16384])
torch.Size([40, 16384])
torch.Size([40, 16384])
torch.Size([40, 16384])
torch.Size([40, 16384])
torch.Size([40, 16384])
torch.Size([40, 16384])
torch.Size([40, 16384])
torch.Size([40, 16384])
torch.Size([40, 16384])
torch.Size([40, 16384])
torch.Size([40, 16384])
torch.Size([40, 16384])
torch.Size([40, 16384])
torch.Size([40, 16384])
torch.Size([40, 16384])
torch.Size([40, 16384])
torch.Size([40, 16384])
torch.Size([40, 16384])
torch.Size([40, 16384])
torch.Size([40, 16384])
torch.Size([40, 16384])
torch.Size([40, 16384])
torch.Size([40, 16384])
torch.Size([40, 16384])
torch.Size([40, 16384])
torch.Size([40, 16384])
torch.Size([20, 16384])
torch.Size([40, 16384])
torch.Size([40, 16384])
torch.Size([40, 16384])
torch.Size([40, 16384])
torch.Size([40, 16384])
torch.Size([40, 16384])
torch.Size([40, 16384])
torch.Size([40, 16384])
torch.Size([40, 16384])
torch.Size([40, 16384])
torch.Size([40, 16384])
torch.Size([40, 16384])
torch.Size([40, 16384])
torch.Size([40, 16384])
torch.Size([40, 16384])
torch.Size([40, 16384])
torch.Size([40, 16384])
torch.Size([40, 16384])
torch.Size([40, 16384])
torch.Size([40, 16384])
torch.Size([40, 16384])
torch.Size([40, 16384])
torch.Size([40, 16384])
torch.Size([40, 16384])
torch.Size([40, 16384])
torch.Size([40, 16384])
torch.Size([40, 16384])
torch.Size([20, 16384])
torch.Size([40, 16384])
torch.Size([40, 16384])
torch.Size([40, 16384])
torch.Size([40, 16384])
torch.Size([40, 16384])
torch.Size([40, 16384])
torch.Size([40, 16384])
torch.Size([40, 16384])
torch.Size([40, 16384])
torch.Size([40, 16384])
torch.Size([40, 16384])
torch.Size([40, 16384])
torch.Size([40, 16384])
torch.Size([40, 16384])
torch.Size([40, 16384])
torch.Size([40, 16384])
torch.Size([40, 16384])
torch.Size([40, 16384])
torch.Size([40, 16384])
torch.Size([40, 16384])
torch.Size([40, 16384])
torch.Size([40, 16384])
torch.Size([40, 16384])
torch.Size([40, 16384])
torch.Size([40, 16384])
torch.Size([40, 16384])
torch.Size([40, 16384])
torch.Size([20, 16384])
torch.Size([40, 16384])
torch.Size([40, 16384])
torch.Size([40, 16384])
torch.Size([40, 16384])
torch.Size([40, 16384])
torch.Size([40, 16384])
torch.Size([40, 16384])
torch.Size([40, 16384])
torch.Size([40, 16384])
torch.Size([40, 16384])
torch.Size([40, 16384])
torch.Size([40, 16384])
torch.Size([40, 16384])
torch.Size([40, 16384])
torch.Size([40, 16384])
torch.Size([40, 16384])
torch.Size([40, 16384])
torch.Size([40, 16384])
torch.Size([40, 16384])
torch.Size([40, 16384])
torch.Size([40, 16384])
torch.Size([40, 16384])
torch.Size([40, 16384])
torch.Size([40, 16384])
torch.Size([40, 16384])
torch.Size([40, 16384])
torch.Size([40, 16384])
torch.Size([20, 16384])
torch.Size([40, 16384])
torch.Size([40, 16384])
torch.Size([40, 16384])
torch.Size([40, 16384])
torch.Size([40, 16384])
torch.Size([40, 16384])
torch.Size([40, 16384])
torch.Size([40, 16384])
torch.Size([40, 16384])
torch.Size([40, 16384])
torch.Size([40, 16384])
torch.Size([40, 16384])
torch.Size([40, 16384])
torch.Size([40, 16384])
torch.Size([40, 16384])
torch.Size([40, 16384])
torch.Size([40, 16384])
torch.Size([40, 16384])
torch.Size([40, 16384])
torch.Size([40, 16384])
torch.Size([40, 16384])
torch.Size([40, 16384])
torch.Size([40, 16384])
torch.Size([40, 16384])
torch.Size([40, 16384])
torch.Size([40, 16384])
torch.Size([40, 16384])
torch.Size([20, 16384])
torch.Size([40, 16384])
torch.Size([40, 16384])
torch.Size([40, 16384])
torch.Size([40, 16384])
torch.Size([40, 16384])
torch.Size([40, 16384])
torch.Size([40, 16384])
torch.Size([40, 16384])
torch.Size([40, 16384])
torch.Size([40, 16384])
torch.Size([40, 16384])
torch.Size([40, 16384])
torch.Size([40, 16384])
torch.Size([40, 16384])
torch.Size([40, 16384])
torch.Size([40, 16384])
torch.Size([40, 16384])
torch.Size([40, 16384])
torch.Size([40, 16384])
torch.Size([40, 16384])
torch.Size([40, 16384])
torch.Size([40, 16384])
torch.Size([40, 16384])
torch.Size([40, 16384])
torch.Size([40, 16384])
torch.Size([40, 16384])
torch.Size([40, 16384])
torch.Size([20, 16384])
torch.Size([40, 16384])
torch.Size([40, 16384])
torch.Size([40, 16384])
torch.Size([40, 16384])
torch.Size([40, 16384])
torch.Size([40, 16384])
torch.Size([40, 16384])
torch.Size([40, 16384])
torch.Size([40, 16384])
torch.Size([40, 16384])
torch.Size([40, 16384])
torch.Size([40, 16384])
torch.Size([40, 16384])
torch.Size([40, 16384])
torch.Size([40, 16384])
torch.Size([40, 16384])
torch.Size([40, 16384])
torch.Size([40, 16384])
torch.Size([40, 16384])
torch.Size([40, 16384])
torch.Size([40, 16384])
torch.Size([40, 16384])
torch.Size([40, 16384])
torch.Size([40, 16384])
torch.Size([40, 16384])
torch.Size([40, 16384])
torch.Size([40, 16384])
torch.Size([20, 16384])
torch.Size([40, 16384])
torch.Size([40, 16384])
torch.Size([40, 16384])
torch.Size([40, 16384])
torch.Size([40, 16384])
torch.Size([40, 16384])
torch.Size([40, 16384])
torch.Size([40, 16384])
torch.Size([40, 16384])
torch.Size([40, 16384])
torch.Size([40, 16384])
torch.Size([40, 16384])
torch.Size([40, 16384])
torch.Size([40, 16384])
torch.Size([40, 16384])
torch.Size([40, 16384])
torch.Size([40, 16384])
torch.Size([40, 16384])
torch.Size([40, 16384])
torch.Size([40, 16384])
torch.Size([40, 16384])
torch.Size([40, 16384])
torch.Size([40, 16384])
torch.Size([40, 16384])
torch.Size([40, 16384])
torch.Size([40, 16384])
torch.Size([40, 16384])
torch.Size([20, 16384])
torch.Size([40, 16384])
torch.Size([40, 16384])
torch.Size([40, 16384])
torch.Size([40, 16384])
torch.Size([40, 16384])
torch.Size([40, 16384])
torch.Size([40, 16384])
torch.Size([40, 16384])
torch.Size([40, 16384])
torch.Size([40, 16384])
torch.Size([40, 16384])
torch.Size([40, 16384])
torch.Size([40, 16384])
torch.Size([40, 16384])
torch.Size([40, 16384])
torch.Size([40, 16384])
torch.Size([40, 16384])
torch.Size([40, 16384])
torch.Size([40, 16384])
torch.Size([40, 16384])
torch.Size([40, 16384])
torch.Size([40, 16384])
torch.Size([40, 16384])
torch.Size([40, 16384])
torch.Size([40, 16384])
torch.Size([40, 16384])
torch.Size([40, 16384])
torch.Size([20, 16384])
torch.Size([40, 16384])
torch.Size([40, 16384])
torch.Size([40, 16384])
torch.Size([40, 16384])
torch.Size([40, 16384])
torch.Size([40, 16384])
torch.Size([40, 16384])
torch.Size([40, 16384])
torch.Size([40, 16384])
torch.Size([40, 16384])
torch.Size([40, 16384])
torch.Size([40, 16384])
torch.Size([40, 16384])
torch.Size([40, 16384])
torch.Size([40, 16384])
torch.Size([40, 16384])
torch.Size([40, 16384])
torch.Size([40, 16384])
torch.Size([40, 16384])
torch.Size([40, 16384])
torch.Size([40, 16384])
torch.Size([40, 16384])
torch.Size([40, 16384])
torch.Size([40, 16384])
torch.Size([40, 16384])
torch.Size([40, 16384])
torch.Size([40, 16384])
torch.Size([20, 16384])
torch.Size([40, 16384])
torch.Size([40, 16384])
torch.Size([40, 16384])
torch.Size([40, 16384])
torch.Size([40, 16384])
torch.Size([40, 16384])
torch.Size([40, 16384])
torch.Size([40, 16384])
torch.Size([40, 16384])
torch.Size([40, 16384])
torch.Size([40, 16384])
torch.Size([40, 16384])
torch.Size([40, 16384])
torch.Size([40, 16384])
torch.Size([40, 16384])
torch.Size([40, 16384])
torch.Size([40, 16384])
torch.Size([40, 16384])
torch.Size([40, 16384])
torch.Size([40, 16384])
torch.Size([40, 16384])
torch.Size([40, 16384])
torch.Size([40, 16384])
torch.Size([40, 16384])
torch.Size([40, 16384])
torch.Size([40, 16384])
torch.Size([40, 16384])
torch.Size([20, 16384])
torch.Size([40, 16384])
torch.Size([40, 16384])
torch.Size([40, 16384])
torch.Size([40, 16384])
torch.Size([40, 16384])
torch.Size([40, 16384])
torch.Size([40, 16384])
torch.Size([40, 16384])
torch.Size([40, 16384])
torch.Size([40, 16384])
torch.Size([40, 16384])
torch.Size([40, 16384])
torch.Size([40, 16384])
torch.Size([40, 16384])
torch.Size([40, 16384])
torch.Size([40, 16384])
torch.Size([40, 16384])
torch.Size([40, 16384])
torch.Size([40, 16384])
torch.Size([40, 16384])
torch.Size([40, 16384])
torch.Size([40, 16384])
torch.Size([40, 16384])
torch.Size([40, 16384])
torch.Size([40, 16384])
torch.Size([40, 16384])
torch.Size([40, 16384])
torch.Size([20, 16384])
torch.Size([40, 16384])
torch.Size([40, 16384])
torch.Size([40, 16384])
torch.Size([40, 16384])
torch.Size([40, 16384])
torch.Size([40, 16384])
torch.Size([40, 16384])
torch.Size([40, 16384])
torch.Size([40, 16384])
torch.Size([40, 16384])
torch.Size([40, 16384])
torch.Size([40, 16384])
torch.Size([40, 16384])
torch.Size([40, 16384])
torch.Size([40, 16384])
torch.Size([40, 16384])
torch.Size([40, 16384])
torch.Size([40, 16384])
torch.Size([40, 16384])
torch.Size([40, 16384])
torch.Size([40, 16384])
torch.Size([40, 16384])
torch.Size([40, 16384])
torch.Size([40, 16384])
torch.Size([40, 16384])
torch.Size([40, 16384])
torch.Size([40, 16384])
torch.Size([20, 16384])
torch.Size([40, 16384])
torch.Size([40, 16384])
torch.Size([40, 16384])
torch.Size([40, 16384])
torch.Size([40, 16384])
torch.Size([40, 16384])
torch.Size([40, 16384])
torch.Size([40, 16384])
torch.Size([40, 16384])
torch.Size([40, 16384])
torch.Size([40, 16384])
torch.Size([40, 16384])
torch.Size([40, 16384])
torch.Size([40, 16384])
torch.Size([40, 16384])
torch.Size([40, 16384])
torch.Size([40, 16384])
torch.Size([40, 16384])
torch.Size([40, 16384])
torch.Size([40, 16384])
torch.Size([40, 16384])
torch.Size([40, 16384])
torch.Size([40, 16384])
torch.Size([40, 16384])
torch.Size([40, 16384])
torch.Size([40, 16384])
torch.Size([40, 16384])
torch.Size([20, 16384])
torch.Size([40, 16384])
torch.Size([40, 16384])
torch.Size([40, 16384])
torch.Size([40, 16384])
torch.Size([40, 16384])
torch.Size([40, 16384])
torch.Size([40, 16384])
torch.Size([40, 16384])
torch.Size([40, 16384])
torch.Size([40, 16384])
torch.Size([40, 16384])
torch.Size([40, 16384])
torch.Size([40, 16384])
torch.Size([40, 16384])
torch.Size([40, 16384])
torch.Size([40, 16384])
torch.Size([40, 16384])
torch.Size([40, 16384])
torch.Size([40, 16384])
torch.Size([40, 16384])
torch.Size([40, 16384])
torch.Size([40, 16384])
torch.Size([40, 16384])
torch.Size([40, 16384])
torch.Size([40, 16384])
torch.Size([40, 16384])
torch.Size([40, 16384])
torch.Size([20, 16384])
torch.Size([40, 16384])
torch.Size([40, 16384])
torch.Size([40, 16384])
torch.Size([40, 16384])
torch.Size([40, 16384])
torch.Size([40, 16384])
torch.Size([40, 16384])
torch.Size([40, 16384])
torch.Size([40, 16384])
torch.Size([40, 16384])
torch.Size([40, 16384])
torch.Size([40, 16384])
torch.Size([40, 16384])
torch.Size([40, 16384])
torch.Size([40, 16384])
torch.Size([40, 16384])
torch.Size([40, 16384])
torch.Size([40, 16384])
torch.Size([40, 16384])
torch.Size([40, 16384])
torch.Size([40, 16384])
torch.Size([40, 16384])
torch.Size([40, 16384])
torch.Size([40, 16384])
torch.Size([40, 16384])
torch.Size([40, 16384])
torch.Size([40, 16384])
torch.Size([20, 16384])
torch.Size([40, 16384])
torch.Size([40, 16384])
torch.Size([40, 16384])
torch.Size([40, 16384])
torch.Size([40, 16384])
torch.Size([40, 16384])
torch.Size([40, 16384])
torch.Size([40, 16384])
torch.Size([40, 16384])
torch.Size([40, 16384])
torch.Size([40, 16384])
torch.Size([40, 16384])
torch.Size([40, 16384])
torch.Size([40, 16384])
torch.Size([40, 16384])
torch.Size([40, 16384])
torch.Size([40, 16384])
torch.Size([40, 16384])
torch.Size([40, 16384])
torch.Size([40, 16384])
torch.Size([40, 16384])
torch.Size([40, 16384])
torch.Size([40, 16384])
torch.Size([40, 16384])
torch.Size([40, 16384])
torch.Size([40, 16384])
torch.Size([40, 16384])
torch.Size([20, 16384])
torch.Size([40, 16384])
torch.Size([40, 16384])
torch.Size([40, 16384])
torch.Size([40, 16384])
torch.Size([40, 16384])
torch.Size([40, 16384])
torch.Size([40, 16384])
torch.Size([40, 16384])
torch.Size([40, 16384])
torch.Size([40, 16384])
torch.Size([40, 16384])
torch.Size([40, 16384])
torch.Size([40, 16384])
torch.Size([40, 16384])
torch.Size([40, 16384])
torch.Size([40, 16384])
torch.Size([40, 16384])
torch.Size([40, 16384])
torch.Size([40, 16384])
torch.Size([40, 16384])
torch.Size([40, 16384])
torch.Size([40, 16384])
torch.Size([40, 16384])
torch.Size([40, 16384])
torch.Size([40, 16384])
torch.Size([40, 16384])
torch.Size([40, 16384])
torch.Size([20, 16384])
torch.Size([40, 16384])
torch.Size([40, 16384])
torch.Size([40, 16384])
torch.Size([40, 16384])
torch.Size([40, 16384])
torch.Size([40, 16384])
torch.Size([40, 16384])
torch.Size([40, 16384])
torch.Size([40, 16384])
torch.Size([40, 16384])
torch.Size([40, 16384])
torch.Size([40, 16384])
torch.Size([40, 16384])
torch.Size([40, 16384])
torch.Size([40, 16384])
torch.Size([40, 16384])
torch.Size([40, 16384])
torch.Size([40, 16384])
torch.Size([40, 16384])
torch.Size([40, 16384])
torch.Size([40, 16384])
torch.Size([40, 16384])
torch.Size([40, 16384])
torch.Size([40, 16384])
torch.Size([40, 16384])
torch.Size([40, 16384])
torch.Size([40, 16384])
torch.Size([20, 16384])
torch.Size([40, 16384])
torch.Size([40, 16384])
torch.Size([40, 16384])
torch.Size([40, 16384])
torch.Size([40, 16384])
torch.Size([40, 16384])
torch.Size([40, 16384])
torch.Size([40, 16384])
torch.Size([40, 16384])
torch.Size([40, 16384])
torch.Size([40, 16384])
torch.Size([40, 16384])
torch.Size([40, 16384])
torch.Size([40, 16384])
torch.Size([40, 16384])
torch.Size([40, 16384])
torch.Size([40, 16384])
torch.Size([40, 16384])
torch.Size([40, 16384])
torch.Size([40, 16384])
torch.Size([40, 16384])
torch.Size([40, 16384])
torch.Size([40, 16384])
torch.Size([40, 16384])
torch.Size([40, 16384])
torch.Size([40, 16384])
torch.Size([40, 16384])
torch.Size([20, 16384])
torch.Size([40, 16384])
torch.Size([40, 16384])
torch.Size([40, 16384])
torch.Size([40, 16384])
torch.Size([40, 16384])
torch.Size([40, 16384])
torch.Size([40, 16384])
torch.Size([40, 16384])
torch.Size([40, 16384])
torch.Size([40, 16384])
torch.Size([40, 16384])
torch.Size([40, 16384])
torch.Size([40, 16384])
torch.Size([40, 16384])
torch.Size([40, 16384])
torch.Size([40, 16384])
torch.Size([40, 16384])
torch.Size([40, 16384])
torch.Size([40, 16384])
torch.Size([40, 16384])
torch.Size([40, 16384])
torch.Size([40, 16384])
torch.Size([40, 16384])
torch.Size([40, 16384])
torch.Size([40, 16384])
torch.Size([40, 16384])
torch.Size([40, 16384])
torch.Size([20, 16384])
torch.Size([40, 16384])
torch.Size([40, 16384])
torch.Size([40, 16384])
torch.Size([40, 16384])
torch.Size([40, 16384])
torch.Size([40, 16384])
torch.Size([40, 16384])
torch.Size([40, 16384])
torch.Size([40, 16384])
torch.Size([40, 16384])
torch.Size([40, 16384])
torch.Size([40, 16384])
torch.Size([40, 16384])
torch.Size([40, 16384])
torch.Size([40, 16384])
torch.Size([40, 16384])
torch.Size([40, 16384])
torch.Size([40, 16384])
torch.Size([40, 16384])
torch.Size([40, 16384])
torch.Size([40, 16384])
torch.Size([40, 16384])
torch.Size([40, 16384])
torch.Size([40, 16384])
torch.Size([40, 16384])
torch.Size([40, 16384])
torch.Size([40, 16384])
torch.Size([20, 16384])
torch.Size([40, 16384])
torch.Size([40, 16384])
torch.Size([40, 16384])
torch.Size([40, 16384])
torch.Size([40, 16384])
torch.Size([40, 16384])
torch.Size([40, 16384])
torch.Size([40, 16384])
torch.Size([40, 16384])
torch.Size([40, 16384])
torch.Size([40, 16384])
torch.Size([40, 16384])
torch.Size([40, 16384])
torch.Size([40, 16384])
torch.Size([40, 16384])
torch.Size([40, 16384])
torch.Size([40, 16384])
torch.Size([40, 16384])
torch.Size([40, 16384])
torch.Size([40, 16384])
torch.Size([40, 16384])
torch.Size([40, 16384])
torch.Size([40, 16384])
torch.Size([40, 16384])
torch.Size([40, 16384])
torch.Size([40, 16384])
torch.Size([40, 16384])
torch.Size([20, 16384])
torch.Size([40, 16384])
torch.Size([40, 16384])
torch.Size([40, 16384])
torch.Size([40, 16384])
torch.Size([40, 16384])
torch.Size([40, 16384])
torch.Size([40, 16384])
torch.Size([40, 16384])
torch.Size([40, 16384])
torch.Size([40, 16384])
torch.Size([40, 16384])
torch.Size([40, 16384])
torch.Size([40, 16384])
torch.Size([40, 16384])
torch.Size([40, 16384])
torch.Size([40, 16384])
torch.Size([40, 16384])
torch.Size([40, 16384])
torch.Size([40, 16384])
torch.Size([40, 16384])
torch.Size([40, 16384])
torch.Size([40, 16384])
torch.Size([40, 16384])
torch.Size([40, 16384])
torch.Size([40, 16384])
torch.Size([40, 16384])
torch.Size([40, 16384])
torch.Size([20, 16384])
torch.Size([40, 16384])
torch.Size([40, 16384])
torch.Size([40, 16384])
torch.Size([40, 16384])
torch.Size([40, 16384])
torch.Size([40, 16384])
torch.Size([40, 16384])
torch.Size([40, 16384])
torch.Size([40, 16384])
torch.Size([40, 16384])
torch.Size([40, 16384])
torch.Size([40, 16384])
torch.Size([40, 16384])
torch.Size([40, 16384])
torch.Size([40, 16384])
torch.Size([40, 16384])
torch.Size([40, 16384])
torch.Size([40, 16384])
torch.Size([40, 16384])
torch.Size([40, 16384])
torch.Size([40, 16384])
torch.Size([40, 16384])
torch.Size([40, 16384])
torch.Size([40, 16384])
torch.Size([40, 16384])
torch.Size([40, 16384])
torch.Size([40, 16384])
torch.Size([20, 16384])
torch.Size([40, 16384])
torch.Size([40, 16384])
torch.Size([40, 16384])
torch.Size([40, 16384])
torch.Size([40, 16384])
torch.Size([40, 16384])
torch.Size([40, 16384])
torch.Size([40, 16384])
torch.Size([40, 16384])
torch.Size([40, 16384])
torch.Size([40, 16384])
torch.Size([40, 16384])
torch.Size([40, 16384])
torch.Size([40, 16384])
torch.Size([40, 16384])
torch.Size([40, 16384])
torch.Size([40, 16384])
torch.Size([40, 16384])
torch.Size([40, 16384])
torch.Size([40, 16384])
torch.Size([40, 16384])
torch.Size([40, 16384])
torch.Size([40, 16384])
torch.Size([40, 16384])
torch.Size([40, 16384])
torch.Size([40, 16384])
torch.Size([40, 16384])
torch.Size([20, 16384])
torch.Size([40, 16384])
torch.Size([40, 16384])
torch.Size([40, 16384])
torch.Size([40, 16384])
torch.Size([40, 16384])
torch.Size([40, 16384])
torch.Size([40, 16384])
torch.Size([40, 16384])
torch.Size([40, 16384])
torch.Size([40, 16384])
torch.Size([40, 16384])
torch.Size([40, 16384])
torch.Size([40, 16384])
torch.Size([40, 16384])
torch.Size([40, 16384])
torch.Size([40, 16384])
torch.Size([40, 16384])
torch.Size([40, 16384])
torch.Size([40, 16384])
torch.Size([40, 16384])
torch.Size([40, 16384])
torch.Size([40, 16384])
torch.Size([40, 16384])
torch.Size([40, 16384])
torch.Size([40, 16384])
torch.Size([40, 16384])
torch.Size([40, 16384])
torch.Size([20, 16384])
torch.Size([40, 16384])
torch.Size([40, 16384])
torch.Size([40, 16384])
torch.Size([40, 16384])
torch.Size([40, 16384])
torch.Size([40, 16384])
torch.Size([40, 16384])
torch.Size([40, 16384])
torch.Size([40, 16384])
torch.Size([40, 16384])
torch.Size([40, 16384])
torch.Size([40, 16384])
torch.Size([40, 16384])
torch.Size([40, 16384])
torch.Size([40, 16384])
torch.Size([40, 16384])
torch.Size([40, 16384])
torch.Size([40, 16384])
torch.Size([40, 16384])
torch.Size([40, 16384])
torch.Size([40, 16384])
torch.Size([40, 16384])
torch.Size([40, 16384])
torch.Size([40, 16384])
torch.Size([40, 16384])
torch.Size([40, 16384])
torch.Size([40, 16384])
torch.Size([20, 16384])
torch.Size([40, 16384])
torch.Size([40, 16384])
torch.Size([40, 16384])
torch.Size([40, 16384])
torch.Size([40, 16384])
torch.Size([40, 16384])
torch.Size([40, 16384])
torch.Size([40, 16384])
torch.Size([40, 16384])
torch.Size([40, 16384])
torch.Size([40, 16384])
torch.Size([40, 16384])
torch.Size([40, 16384])
torch.Size([40, 16384])
torch.Size([40, 16384])
torch.Size([40, 16384])
torch.Size([40, 16384])
torch.Size([40, 16384])
torch.Size([40, 16384])
torch.Size([40, 16384])
torch.Size([40, 16384])
torch.Size([40, 16384])
torch.Size([40, 16384])
torch.Size([40, 16384])
torch.Size([40, 16384])
torch.Size([40, 16384])
torch.Size([40, 16384])
torch.Size([20, 16384])
torch.Size([40, 16384])
torch.Size([40, 16384])
torch.Size([40, 16384])
torch.Size([40, 16384])
torch.Size([40, 16384])
torch.Size([40, 16384])
torch.Size([40, 16384])
torch.Size([40, 16384])
torch.Size([40, 16384])
torch.Size([40, 16384])
torch.Size([40, 16384])
torch.Size([40, 16384])
torch.Size([40, 16384])
torch.Size([40, 16384])
torch.Size([40, 16384])
torch.Size([40, 16384])
torch.Size([40, 16384])
torch.Size([40, 16384])
torch.Size([40, 16384])
torch.Size([40, 16384])
torch.Size([40, 16384])
torch.Size([40, 16384])
torch.Size([40, 16384])
torch.Size([40, 16384])
torch.Size([40, 16384])
torch.Size([40, 16384])
torch.Size([40, 16384])
torch.Size([20, 16384])
torch.Size([40, 16384])
torch.Size([40, 16384])
torch.Size([40, 16384])
torch.Size([40, 16384])
torch.Size([40, 16384])
torch.Size([40, 16384])
torch.Size([40, 16384])
torch.Size([40, 16384])
torch.Size([40, 16384])
torch.Size([40, 16384])
torch.Size([40, 16384])
torch.Size([40, 16384])
torch.Size([40, 16384])
torch.Size([40, 16384])
torch.Size([40, 16384])
torch.Size([40, 16384])
torch.Size([40, 16384])
torch.Size([40, 16384])
torch.Size([40, 16384])
torch.Size([40, 16384])
torch.Size([40, 16384])
torch.Size([40, 16384])
torch.Size([40, 16384])
torch.Size([40, 16384])
torch.Size([40, 16384])
torch.Size([40, 16384])
torch.Size([40, 16384])
torch.Size([20, 16384])
torch.Size([40, 16384])
torch.Size([40, 16384])
torch.Size([40, 16384])
torch.Size([40, 16384])
torch.Size([40, 16384])
torch.Size([40, 16384])
torch.Size([40, 16384])
torch.Size([40, 16384])
torch.Size([40, 16384])
torch.Size([40, 16384])
torch.Size([40, 16384])
torch.Size([40, 16384])
torch.Size([40, 16384])
torch.Size([40, 16384])
torch.Size([40, 16384])
torch.Size([40, 16384])
torch.Size([40, 16384])
torch.Size([40, 16384])
torch.Size([40, 16384])
torch.Size([40, 16384])
torch.Size([40, 16384])
torch.Size([40, 16384])
torch.Size([40, 16384])
torch.Size([40, 16384])
torch.Size([40, 16384])
torch.Size([40, 16384])
torch.Size([40, 16384])
torch.Size([20, 16384])
torch.Size([40, 16384])
torch.Size([40, 16384])
torch.Size([40, 16384])
torch.Size([40, 16384])
torch.Size([40, 16384])
torch.Size([40, 16384])
torch.Size([40, 16384])
torch.Size([40, 16384])
torch.Size([40, 16384])
torch.Size([40, 16384])
torch.Size([40, 16384])
torch.Size([40, 16384])
torch.Size([40, 16384])
torch.Size([40, 16384])
torch.Size([40, 16384])
torch.Size([40, 16384])
torch.Size([40, 16384])
torch.Size([40, 16384])
torch.Size([40, 16384])
torch.Size([40, 16384])
torch.Size([40, 16384])
torch.Size([40, 16384])
torch.Size([40, 16384])
torch.Size([40, 16384])
torch.Size([40, 16384])
torch.Size([40, 16384])
torch.Size([40, 16384])
torch.Size([20, 16384])
torch.Size([40, 16384])
torch.Size([40, 16384])
torch.Size([40, 16384])
torch.Size([40, 16384])
torch.Size([40, 16384])
torch.Size([40, 16384])
torch.Size([40, 16384])
torch.Size([40, 16384])
torch.Size([40, 16384])
torch.Size([40, 16384])
torch.Size([40, 16384])
torch.Size([40, 16384])
torch.Size([40, 16384])
torch.Size([40, 16384])
torch.Size([40, 16384])
torch.Size([40, 16384])
torch.Size([40, 16384])
torch.Size([40, 16384])
torch.Size([40, 16384])
torch.Size([40, 16384])
torch.Size([40, 16384])
torch.Size([40, 16384])
torch.Size([40, 16384])
torch.Size([40, 16384])
torch.Size([40, 16384])
torch.Size([40, 16384])
torch.Size([40, 16384])
torch.Size([20, 16384])
torch.Size([40, 16384])
torch.Size([40, 16384])
torch.Size([40, 16384])
torch.Size([40, 16384])
torch.Size([40, 16384])
torch.Size([40, 16384])
torch.Size([40, 16384])
torch.Size([40, 16384])
torch.Size([40, 16384])
torch.Size([40, 16384])
torch.Size([40, 16384])
torch.Size([40, 16384])
torch.Size([40, 16384])
torch.Size([40, 16384])
torch.Size([40, 16384])
torch.Size([40, 16384])
torch.Size([40, 16384])
torch.Size([40, 16384])
torch.Size([40, 16384])
torch.Size([40, 16384])
torch.Size([40, 16384])
torch.Size([40, 16384])
torch.Size([40, 16384])
torch.Size([40, 16384])
torch.Size([40, 16384])
torch.Size([40, 16384])
torch.Size([40, 16384])
torch.Size([20, 16384])
torch.Size([40, 16384])
torch.Size([40, 16384])
torch.Size([40, 16384])
torch.Size([40, 16384])
torch.Size([40, 16384])
torch.Size([40, 16384])
torch.Size([40, 16384])
torch.Size([40, 16384])
torch.Size([40, 16384])
torch.Size([40, 16384])
torch.Size([40, 16384])
torch.Size([40, 16384])
torch.Size([40, 16384])
torch.Size([40, 16384])
torch.Size([40, 16384])
torch.Size([40, 16384])
torch.Size([40, 16384])
torch.Size([40, 16384])
torch.Size([40, 16384])
torch.Size([40, 16384])
torch.Size([40, 16384])
torch.Size([40, 16384])
torch.Size([40, 16384])
torch.Size([40, 16384])
torch.Size([40, 16384])
torch.Size([40, 16384])
torch.Size([40, 16384])
torch.Size([20, 16384])
torch.Size([40, 16384])
torch.Size([40, 16384])
torch.Size([40, 16384])
torch.Size([40, 16384])
torch.Size([40, 16384])
torch.Size([40, 16384])
torch.Size([40, 16384])
torch.Size([40, 16384])
torch.Size([40, 16384])
torch.Size([40, 16384])
torch.Size([40, 16384])
torch.Size([40, 16384])
torch.Size([40, 16384])
torch.Size([40, 16384])
torch.Size([40, 16384])
torch.Size([40, 16384])
torch.Size([40, 16384])
torch.Size([40, 16384])
torch.Size([40, 16384])
torch.Size([40, 16384])
torch.Size([40, 16384])
torch.Size([40, 16384])
torch.Size([40, 16384])
torch.Size([40, 16384])
torch.Size([40, 16384])
torch.Size([40, 16384])
torch.Size([40, 16384])
torch.Size([20, 16384])
torch.Size([40, 16384])
torch.Size([40, 16384])
torch.Size([40, 16384])
torch.Size([40, 16384])
torch.Size([40, 16384])
torch.Size([40, 16384])
torch.Size([40, 16384])
torch.Size([40, 16384])
torch.Size([40, 16384])
torch.Size([40, 16384])
torch.Size([40, 16384])
torch.Size([40, 16384])
torch.Size([40, 16384])
torch.Size([40, 16384])
torch.Size([40, 16384])
torch.Size([40, 16384])
torch.Size([40, 16384])
torch.Size([40, 16384])
torch.Size([40, 16384])
torch.Size([40, 16384])
torch.Size([40, 16384])
torch.Size([40, 16384])
torch.Size([40, 16384])
torch.Size([40, 16384])
torch.Size([40, 16384])
torch.Size([40, 16384])
torch.Size([40, 16384])
torch.Size([20, 16384])
torch.Size([40, 16384])
torch.Size([40, 16384])
torch.Size([40, 16384])
torch.Size([40, 16384])
torch.Size([40, 16384])
torch.Size([40, 16384])
torch.Size([40, 16384])
torch.Size([40, 16384])
torch.Size([40, 16384])
torch.Size([40, 16384])
torch.Size([40, 16384])
torch.Size([40, 16384])
torch.Size([40, 16384])
torch.Size([40, 16384])
torch.Size([40, 16384])
torch.Size([40, 16384])
torch.Size([40, 16384])
torch.Size([40, 16384])
torch.Size([40, 16384])
torch.Size([40, 16384])
torch.Size([40, 16384])
torch.Size([40, 16384])
torch.Size([40, 16384])
torch.Size([40, 16384])
torch.Size([40, 16384])
torch.Size([40, 16384])
torch.Size([40, 16384])
torch.Size([20, 16384])
torch.Size([40, 16384])
torch.Size([40, 16384])
torch.Size([40, 16384])
torch.Size([40, 16384])
torch.Size([40, 16384])
torch.Size([40, 16384])
torch.Size([40, 16384])
torch.Size([40, 16384])
torch.Size([40, 16384])
torch.Size([40, 16384])
torch.Size([40, 16384])
torch.Size([40, 16384])
torch.Size([40, 16384])
torch.Size([40, 16384])
torch.Size([40, 16384])
torch.Size([40, 16384])
torch.Size([40, 16384])
torch.Size([40, 16384])
torch.Size([40, 16384])
torch.Size([40, 16384])
torch.Size([40, 16384])
torch.Size([40, 16384])
torch.Size([40, 16384])
torch.Size([40, 16384])
torch.Size([40, 16384])
torch.Size([40, 16384])
torch.Size([40, 16384])
torch.Size([20, 16384])
torch.Size([40, 16384])
torch.Size([40, 16384])
torch.Size([40, 16384])
torch.Size([40, 16384])
torch.Size([40, 16384])
torch.Size([40, 16384])
torch.Size([40, 16384])
torch.Size([40, 16384])
torch.Size([40, 16384])
torch.Size([40, 16384])
torch.Size([40, 16384])
torch.Size([40, 16384])
torch.Size([40, 16384])
torch.Size([40, 16384])
torch.Size([40, 16384])
torch.Size([40, 16384])
torch.Size([40, 16384])
torch.Size([40, 16384])
torch.Size([40, 16384])
torch.Size([40, 16384])
torch.Size([40, 16384])
torch.Size([40, 16384])
torch.Size([40, 16384])
torch.Size([40, 16384])
torch.Size([40, 16384])
torch.Size([40, 16384])
torch.Size([40, 16384])
torch.Size([20, 16384])
torch.Size([40, 16384])
torch.Size([40, 16384])
torch.Size([40, 16384])
torch.Size([40, 16384])
torch.Size([40, 16384])
torch.Size([40, 16384])
torch.Size([40, 16384])
torch.Size([40, 16384])
torch.Size([40, 16384])
torch.Size([40, 16384])
torch.Size([40, 16384])
torch.Size([40, 16384])
torch.Size([40, 16384])
torch.Size([40, 16384])
torch.Size([40, 16384])
torch.Size([40, 16384])
torch.Size([40, 16384])
torch.Size([40, 16384])
torch.Size([40, 16384])
torch.Size([40, 16384])
torch.Size([40, 16384])
torch.Size([40, 16384])
torch.Size([40, 16384])
torch.Size([40, 16384])
torch.Size([40, 16384])
torch.Size([40, 16384])
torch.Size([40, 16384])
torch.Size([20, 16384])
torch.Size([40, 16384])
torch.Size([40, 16384])
torch.Size([40, 16384])
torch.Size([40, 16384])
torch.Size([40, 16384])
torch.Size([40, 16384])
torch.Size([40, 16384])
torch.Size([40, 16384])
torch.Size([40, 16384])
torch.Size([40, 16384])
torch.Size([40, 16384])
torch.Size([40, 16384])
torch.Size([40, 16384])
torch.Size([40, 16384])
torch.Size([40, 16384])
torch.Size([40, 16384])
torch.Size([40, 16384])
torch.Size([40, 16384])
torch.Size([40, 16384])
torch.Size([40, 16384])
torch.Size([40, 16384])
torch.Size([40, 16384])
torch.Size([40, 16384])
torch.Size([40, 16384])
torch.Size([40, 16384])
torch.Size([40, 16384])
torch.Size([40, 16384])
torch.Size([20, 16384])
torch.Size([40, 16384])
torch.Size([40, 16384])
torch.Size([40, 16384])
torch.Size([40, 16384])
torch.Size([40, 16384])
torch.Size([40, 16384])
torch.Size([40, 16384])
torch.Size([40, 16384])
torch.Size([40, 16384])
torch.Size([40, 16384])
torch.Size([40, 16384])
torch.Size([40, 16384])
torch.Size([40, 16384])
torch.Size([40, 16384])
torch.Size([40, 16384])
torch.Size([40, 16384])
torch.Size([40, 16384])
torch.Size([40, 16384])
torch.Size([40, 16384])
torch.Size([40, 16384])
torch.Size([40, 16384])
torch.Size([40, 16384])
torch.Size([40, 16384])
torch.Size([40, 16384])
torch.Size([40, 16384])
torch.Size([40, 16384])
torch.Size([40, 16384])
torch.Size([20, 16384])
torch.Size([40, 16384])
torch.Size([40, 16384])
torch.Size([40, 16384])
torch.Size([40, 16384])
torch.Size([40, 16384])
torch.Size([40, 16384])
torch.Size([40, 16384])
torch.Size([40, 16384])
torch.Size([40, 16384])
torch.Size([40, 16384])
torch.Size([40, 16384])
torch.Size([40, 16384])
torch.Size([40, 16384])
torch.Size([40, 16384])
torch.Size([40, 16384])
torch.Size([40, 16384])
torch.Size([40, 16384])
torch.Size([40, 16384])
torch.Size([40, 16384])
torch.Size([40, 16384])
torch.Size([40, 16384])
torch.Size([40, 16384])
torch.Size([40, 16384])
torch.Size([40, 16384])
torch.Size([40, 16384])
torch.Size([40, 16384])
torch.Size([40, 16384])
torch.Size([20, 16384])
torch.Size([40, 16384])
torch.Size([40, 16384])
torch.Size([40, 16384])
torch.Size([40, 16384])
torch.Size([40, 16384])
torch.Size([40, 16384])
torch.Size([40, 16384])
torch.Size([40, 16384])
torch.Size([40, 16384])
torch.Size([40, 16384])
torch.Size([40, 16384])
torch.Size([40, 16384])
torch.Size([40, 16384])
torch.Size([40, 16384])
torch.Size([40, 16384])
torch.Size([40, 16384])
torch.Size([40, 16384])
torch.Size([40, 16384])
torch.Size([40, 16384])
torch.Size([40, 16384])
torch.Size([40, 16384])
torch.Size([40, 16384])
torch.Size([40, 16384])
torch.Size([40, 16384])
torch.Size([40, 16384])
torch.Size([40, 16384])
torch.Size([40, 16384])
torch.Size([20, 16384])
torch.Size([40, 16384])
torch.Size([40, 16384])
torch.Size([40, 16384])
torch.Size([40, 16384])
torch.Size([40, 16384])
torch.Size([40, 16384])
torch.Size([40, 16384])
torch.Size([40, 16384])
torch.Size([40, 16384])
torch.Size([40, 16384])
torch.Size([40, 16384])
torch.Size([40, 16384])
torch.Size([40, 16384])
torch.Size([40, 16384])
torch.Size([40, 16384])
torch.Size([40, 16384])
torch.Size([40, 16384])
torch.Size([40, 16384])
torch.Size([40, 16384])
torch.Size([40, 16384])
torch.Size([40, 16384])
torch.Size([40, 16384])
torch.Size([40, 16384])
torch.Size([40, 16384])
torch.Size([40, 16384])
torch.Size([40, 16384])
torch.Size([40, 16384])
torch.Size([20, 16384])
torch.Size([40, 16384])
torch.Size([40, 16384])
torch.Size([40, 16384])
torch.Size([40, 16384])
torch.Size([40, 16384])
torch.Size([40, 16384])
torch.Size([40, 16384])
torch.Size([40, 16384])
torch.Size([40, 16384])
torch.Size([40, 16384])
torch.Size([40, 16384])
torch.Size([40, 16384])
torch.Size([40, 16384])
torch.Size([40, 16384])
torch.Size([40, 16384])
torch.Size([40, 16384])
torch.Size([40, 16384])
torch.Size([40, 16384])
torch.Size([40, 16384])
torch.Size([40, 16384])
torch.Size([40, 16384])
torch.Size([40, 16384])
torch.Size([40, 16384])
torch.Size([40, 16384])
torch.Size([40, 16384])
torch.Size([40, 16384])
torch.Size([40, 16384])
torch.Size([20, 16384])
torch.Size([40, 16384])
torch.Size([40, 16384])
torch.Size([40, 16384])
torch.Size([40, 16384])
torch.Size([40, 16384])
torch.Size([40, 16384])
torch.Size([40, 16384])
torch.Size([40, 16384])
torch.Size([40, 16384])
torch.Size([40, 16384])
torch.Size([40, 16384])
torch.Size([40, 16384])
torch.Size([40, 16384])
torch.Size([40, 16384])
torch.Size([40, 16384])
torch.Size([40, 16384])
torch.Size([40, 16384])
torch.Size([40, 16384])
torch.Size([40, 16384])
torch.Size([40, 16384])
torch.Size([40, 16384])
torch.Size([40, 16384])
torch.Size([40, 16384])
torch.Size([40, 16384])
torch.Size([40, 16384])
torch.Size([40, 16384])
torch.Size([40, 16384])
torch.Size([20, 16384])
torch.Size([40, 16384])
torch.Size([40, 16384])
torch.Size([40, 16384])
torch.Size([40, 16384])
torch.Size([40, 16384])
torch.Size([40, 16384])
torch.Size([40, 16384])
torch.Size([40, 16384])
torch.Size([40, 16384])
torch.Size([40, 16384])
torch.Size([40, 16384])
torch.Size([40, 16384])
torch.Size([40, 16384])
torch.Size([40, 16384])
torch.Size([40, 16384])
torch.Size([40, 16384])
torch.Size([40, 16384])
torch.Size([40, 16384])
torch.Size([40, 16384])
torch.Size([40, 16384])
torch.Size([40, 16384])
torch.Size([40, 16384])
torch.Size([40, 16384])
torch.Size([40, 16384])
torch.Size([40, 16384])
torch.Size([40, 16384])
torch.Size([40, 16384])
torch.Size([20, 16384])
torch.Size([40, 16384])
torch.Size([40, 16384])
torch.Size([40, 16384])
torch.Size([40, 16384])
torch.Size([40, 16384])
torch.Size([40, 16384])
torch.Size([40, 16384])
torch.Size([40, 16384])
torch.Size([40, 16384])
torch.Size([40, 16384])
torch.Size([40, 16384])
torch.Size([40, 16384])
torch.Size([40, 16384])
torch.Size([40, 16384])
torch.Size([40, 16384])
torch.Size([40, 16384])
torch.Size([40, 16384])
torch.Size([40, 16384])
torch.Size([40, 16384])
torch.Size([40, 16384])
torch.Size([40, 16384])
torch.Size([40, 16384])
torch.Size([40, 16384])
torch.Size([40, 16384])
torch.Size([40, 16384])
torch.Size([40, 16384])
torch.Size([40, 16384])
torch.Size([20, 16384])
torch.Size([40, 16384])
torch.Size([40, 16384])
torch.Size([40, 16384])
torch.Size([40, 16384])
torch.Size([40, 16384])
torch.Size([40, 16384])
torch.Size([40, 16384])
torch.Size([40, 16384])
torch.Size([40, 16384])
torch.Size([40, 16384])
torch.Size([40, 16384])
torch.Size([40, 16384])
torch.Size([40, 16384])
torch.Size([40, 16384])
torch.Size([40, 16384])
torch.Size([40, 16384])
torch.Size([40, 16384])
torch.Size([40, 16384])
torch.Size([40, 16384])
torch.Size([40, 16384])
torch.Size([40, 16384])
torch.Size([40, 16384])
torch.Size([40, 16384])
torch.Size([40, 16384])
torch.Size([40, 16384])
torch.Size([40, 16384])
torch.Size([40, 16384])
torch.Size([20, 16384])
torch.Size([40, 16384])
torch.Size([40, 16384])
torch.Size([40, 16384])
torch.Size([40, 16384])
torch.Size([40, 16384])
torch.Size([40, 16384])
torch.Size([40, 16384])
torch.Size([40, 16384])
torch.Size([40, 16384])
torch.Size([40, 16384])
torch.Size([40, 16384])
torch.Size([40, 16384])
torch.Size([40, 16384])
torch.Size([40, 16384])
torch.Size([40, 16384])
torch.Size([40, 16384])
torch.Size([40, 16384])
torch.Size([40, 16384])
torch.Size([40, 16384])
torch.Size([40, 16384])
torch.Size([40, 16384])
torch.Size([40, 16384])
torch.Size([40, 16384])
torch.Size([40, 16384])
torch.Size([40, 16384])
torch.Size([40, 16384])
torch.Size([40, 16384])
torch.Size([20, 16384])
torch.Size([40, 16384])
torch.Size([40, 16384])
torch.Size([40, 16384])
torch.Size([40, 16384])
torch.Size([40, 16384])
torch.Size([40, 16384])
torch.Size([40, 16384])
torch.Size([40, 16384])
torch.Size([40, 16384])
torch.Size([40, 16384])
torch.Size([40, 16384])
torch.Size([40, 16384])
torch.Size([40, 16384])
torch.Size([40, 16384])
torch.Size([40, 16384])
torch.Size([40, 16384])
torch.Size([40, 16384])
torch.Size([40, 16384])
torch.Size([40, 16384])
torch.Size([40, 16384])
torch.Size([40, 16384])
torch.Size([40, 16384])
torch.Size([40, 16384])
torch.Size([40, 16384])
torch.Size([40, 16384])
torch.Size([40, 16384])
torch.Size([40, 16384])
torch.Size([20, 16384])
torch.Size([40, 16384])
torch.Size([40, 16384])
torch.Size([40, 16384])
torch.Size([40, 16384])
torch.Size([40, 16384])
torch.Size([40, 16384])
torch.Size([40, 16384])
torch.Size([40, 16384])
torch.Size([40, 16384])
torch.Size([40, 16384])
torch.Size([40, 16384])
torch.Size([40, 16384])
torch.Size([40, 16384])
torch.Size([40, 16384])
torch.Size([40, 16384])
torch.Size([40, 16384])
torch.Size([40, 16384])
torch.Size([40, 16384])
torch.Size([40, 16384])
torch.Size([40, 16384])
torch.Size([40, 16384])
torch.Size([40, 16384])
torch.Size([40, 16384])
torch.Size([40, 16384])
torch.Size([40, 16384])
torch.Size([40, 16384])
torch.Size([40, 16384])
torch.Size([20, 16384])
torch.Size([40, 16384])
torch.Size([40, 16384])
torch.Size([40, 16384])
torch.Size([40, 16384])
torch.Size([40, 16384])
torch.Size([40, 16384])
torch.Size([40, 16384])
torch.Size([40, 16384])
torch.Size([40, 16384])
torch.Size([40, 16384])
torch.Size([40, 16384])
torch.Size([40, 16384])
torch.Size([40, 16384])
torch.Size([40, 16384])
torch.Size([40, 16384])
torch.Size([40, 16384])
torch.Size([40, 16384])
torch.Size([40, 16384])
torch.Size([40, 16384])
torch.Size([40, 16384])
torch.Size([40, 16384])
torch.Size([40, 16384])
torch.Size([40, 16384])
torch.Size([40, 16384])
torch.Size([40, 16384])
torch.Size([40, 16384])
torch.Size([40, 16384])
torch.Size([20, 16384])
torch.Size([40, 16384])
torch.Size([40, 16384])
torch.Size([40, 16384])
torch.Size([40, 16384])
torch.Size([40, 16384])
torch.Size([40, 16384])
torch.Size([40, 16384])
torch.Size([40, 16384])
torch.Size([40, 16384])
torch.Size([40, 16384])
torch.Size([40, 16384])
torch.Size([40, 16384])
torch.Size([40, 16384])
torch.Size([40, 16384])
torch.Size([40, 16384])
torch.Size([40, 16384])
torch.Size([40, 16384])
torch.Size([40, 16384])
torch.Size([40, 16384])
torch.Size([40, 16384])
torch.Size([40, 16384])
torch.Size([40, 16384])
torch.Size([40, 16384])
torch.Size([40, 16384])
torch.Size([40, 16384])
torch.Size([40, 16384])
torch.Size([40, 16384])
torch.Size([20, 16384])
torch.Size([40, 16384])
torch.Size([40, 16384])
torch.Size([40, 16384])
torch.Size([40, 16384])
torch.Size([40, 16384])
torch.Size([40, 16384])
torch.Size([40, 16384])
torch.Size([40, 16384])
torch.Size([40, 16384])
torch.Size([40, 16384])
torch.Size([40, 16384])
torch.Size([40, 16384])
torch.Size([40, 16384])
torch.Size([40, 16384])
torch.Size([40, 16384])
torch.Size([40, 16384])
torch.Size([40, 16384])
torch.Size([40, 16384])
torch.Size([40, 16384])
torch.Size([40, 16384])
torch.Size([40, 16384])
torch.Size([40, 16384])
torch.Size([40, 16384])
torch.Size([40, 16384])
torch.Size([40, 16384])
torch.Size([40, 16384])
torch.Size([40, 16384])
torch.Size([20, 16384])
torch.Size([40, 16384])
torch.Size([40, 16384])
torch.Size([40, 16384])
torch.Size([40, 16384])
torch.Size([40, 16384])
torch.Size([40, 16384])
torch.Size([40, 16384])
torch.Size([40, 16384])
torch.Size([40, 16384])
torch.Size([40, 16384])
torch.Size([40, 16384])
torch.Size([40, 16384])
torch.Size([40, 16384])
torch.Size([40, 16384])
torch.Size([40, 16384])
torch.Size([40, 16384])
torch.Size([40, 16384])
torch.Size([40, 16384])
torch.Size([40, 16384])
torch.Size([40, 16384])
torch.Size([40, 16384])
torch.Size([40, 16384])
torch.Size([40, 16384])
torch.Size([40, 16384])
torch.Size([40, 16384])
torch.Size([40, 16384])
torch.Size([40, 16384])
torch.Size([20, 16384])
torch.Size([40, 16384])
torch.Size([40, 16384])
torch.Size([40, 16384])
torch.Size([40, 16384])
torch.Size([40, 16384])
torch.Size([40, 16384])
torch.Size([40, 16384])
torch.Size([40, 16384])
torch.Size([40, 16384])
torch.Size([40, 16384])
torch.Size([40, 16384])
torch.Size([40, 16384])
torch.Size([40, 16384])
torch.Size([40, 16384])
torch.Size([40, 16384])
torch.Size([40, 16384])
torch.Size([40, 16384])
torch.Size([40, 16384])
torch.Size([40, 16384])
torch.Size([40, 16384])
torch.Size([40, 16384])
torch.Size([40, 16384])
torch.Size([40, 16384])
torch.Size([40, 16384])
torch.Size([40, 16384])
torch.Size([40, 16384])
torch.Size([40, 16384])
torch.Size([20, 16384])
torch.Size([40, 16384])
torch.Size([40, 16384])
torch.Size([40, 16384])
torch.Size([40, 16384])
torch.Size([40, 16384])
torch.Size([40, 16384])
torch.Size([40, 16384])
torch.Size([40, 16384])
torch.Size([40, 16384])
torch.Size([40, 16384])
torch.Size([40, 16384])
torch.Size([40, 16384])
torch.Size([40, 16384])
torch.Size([40, 16384])
torch.Size([40, 16384])
torch.Size([40, 16384])
torch.Size([40, 16384])
torch.Size([40, 16384])
torch.Size([40, 16384])
torch.Size([40, 16384])
torch.Size([40, 16384])
torch.Size([40, 16384])
torch.Size([40, 16384])
torch.Size([40, 16384])
torch.Size([40, 16384])
torch.Size([40, 16384])
torch.Size([40, 16384])
torch.Size([20, 16384])
torch.Size([40, 16384])
torch.Size([40, 16384])
torch.Size([40, 16384])
torch.Size([40, 16384])
torch.Size([40, 16384])
torch.Size([40, 16384])
torch.Size([40, 16384])
torch.Size([40, 16384])
torch.Size([40, 16384])
torch.Size([40, 16384])
torch.Size([40, 16384])
torch.Size([40, 16384])
torch.Size([40, 16384])
torch.Size([40, 16384])
torch.Size([40, 16384])
torch.Size([40, 16384])
torch.Size([40, 16384])
torch.Size([40, 16384])
torch.Size([40, 16384])
torch.Size([40, 16384])
torch.Size([40, 16384])
torch.Size([40, 16384])
torch.Size([40, 16384])
torch.Size([40, 16384])
torch.Size([40, 16384])
torch.Size([40, 16384])
torch.Size([40, 16384])
torch.Size([20, 16384])
torch.Size([40, 16384])
torch.Size([40, 16384])
torch.Size([40, 16384])
torch.Size([40, 16384])
torch.Size([40, 16384])
torch.Size([40, 16384])
torch.Size([40, 16384])
torch.Size([40, 16384])
torch.Size([40, 16384])
torch.Size([40, 16384])
torch.Size([40, 16384])
torch.Size([40, 16384])
torch.Size([40, 16384])
torch.Size([40, 16384])
torch.Size([40, 16384])
torch.Size([40, 16384])
torch.Size([40, 16384])
torch.Size([40, 16384])
torch.Size([40, 16384])
torch.Size([40, 16384])
torch.Size([40, 16384])
torch.Size([40, 16384])
torch.Size([40, 16384])
torch.Size([40, 16384])
torch.Size([40, 16384])
torch.Size([40, 16384])
torch.Size([40, 16384])
torch.Size([20, 16384])
torch.Size([40, 16384])
torch.Size([40, 16384])
torch.Size([40, 16384])
torch.Size([40, 16384])
torch.Size([40, 16384])
torch.Size([40, 16384])
torch.Size([40, 16384])
torch.Size([40, 16384])
torch.Size([40, 16384])
torch.Size([40, 16384])
torch.Size([40, 16384])
torch.Size([40, 16384])
torch.Size([40, 16384])
torch.Size([40, 16384])
torch.Size([40, 16384])
torch.Size([40, 16384])
torch.Size([40, 16384])
torch.Size([40, 16384])
torch.Size([40, 16384])
torch.Size([40, 16384])
torch.Size([40, 16384])
torch.Size([40, 16384])
torch.Size([40, 16384])
torch.Size([40, 16384])
torch.Size([40, 16384])
torch.Size([40, 16384])
torch.Size([40, 16384])
torch.Size([20, 16384])
torch.Size([40, 16384])
torch.Size([40, 16384])
torch.Size([40, 16384])
torch.Size([40, 16384])
torch.Size([40, 16384])
torch.Size([40, 16384])
torch.Size([40, 16384])
torch.Size([40, 16384])
torch.Size([40, 16384])
torch.Size([40, 16384])
torch.Size([40, 16384])
torch.Size([40, 16384])
torch.Size([40, 16384])
torch.Size([40, 16384])
torch.Size([40, 16384])
torch.Size([40, 16384])
torch.Size([40, 16384])
torch.Size([40, 16384])
torch.Size([40, 16384])
torch.Size([40, 16384])
torch.Size([40, 16384])
torch.Size([40, 16384])
torch.Size([40, 16384])
torch.Size([40, 16384])
torch.Size([40, 16384])
torch.Size([40, 16384])
torch.Size([40, 16384])
torch.Size([20, 16384])
torch.Size([40, 16384])
torch.Size([40, 16384])
torch.Size([40, 16384])
torch.Size([40, 16384])
torch.Size([40, 16384])
torch.Size([40, 16384])
torch.Size([40, 16384])
torch.Size([40, 16384])
torch.Size([40, 16384])
torch.Size([40, 16384])
torch.Size([40, 16384])
torch.Size([40, 16384])
torch.Size([40, 16384])
torch.Size([40, 16384])
torch.Size([40, 16384])
torch.Size([40, 16384])
torch.Size([40, 16384])
torch.Size([40, 16384])
torch.Size([40, 16384])
torch.Size([40, 16384])
torch.Size([40, 16384])
torch.Size([40, 16384])
torch.Size([40, 16384])
torch.Size([40, 16384])
torch.Size([40, 16384])
torch.Size([40, 16384])
torch.Size([40, 16384])
torch.Size([20, 16384])
torch.Size([40, 16384])
torch.Size([40, 16384])
torch.Size([40, 16384])
torch.Size([40, 16384])
torch.Size([40, 16384])
torch.Size([40, 16384])
torch.Size([40, 16384])
torch.Size([40, 16384])
torch.Size([40, 16384])
torch.Size([40, 16384])
torch.Size([40, 16384])
torch.Size([40, 16384])
torch.Size([40, 16384])
torch.Size([40, 16384])
torch.Size([40, 16384])
torch.Size([40, 16384])
torch.Size([40, 16384])
torch.Size([40, 16384])
torch.Size([40, 16384])
torch.Size([40, 16384])
torch.Size([40, 16384])
torch.Size([40, 16384])
torch.Size([40, 16384])
torch.Size([40, 16384])
torch.Size([40, 16384])
torch.Size([40, 16384])
torch.Size([40, 16384])
torch.Size([20, 16384])
torch.Size([40, 16384])
torch.Size([40, 16384])
torch.Size([40, 16384])
torch.Size([40, 16384])
torch.Size([40, 16384])
torch.Size([40, 16384])
torch.Size([40, 16384])
torch.Size([40, 16384])
torch.Size([40, 16384])
torch.Size([40, 16384])
torch.Size([40, 16384])
torch.Size([40, 16384])
torch.Size([40, 16384])
torch.Size([40, 16384])
torch.Size([40, 16384])
torch.Size([40, 16384])
torch.Size([40, 16384])
torch.Size([40, 16384])
torch.Size([40, 16384])
torch.Size([40, 16384])
torch.Size([40, 16384])
torch.Size([40, 16384])
torch.Size([40, 16384])
torch.Size([40, 16384])
torch.Size([40, 16384])
torch.Size([40, 16384])
torch.Size([40, 16384])
torch.Size([20, 16384])
torch.Size([40, 16384])
torch.Size([40, 16384])
torch.Size([40, 16384])
torch.Size([40, 16384])
torch.Size([40, 16384])
torch.Size([40, 16384])
torch.Size([40, 16384])
torch.Size([40, 16384])
torch.Size([40, 16384])
torch.Size([40, 16384])
torch.Size([40, 16384])
torch.Size([40, 16384])
torch.Size([40, 16384])
torch.Size([40, 16384])
torch.Size([40, 16384])
torch.Size([40, 16384])
torch.Size([40, 16384])
torch.Size([40, 16384])
torch.Size([40, 16384])
torch.Size([40, 16384])
torch.Size([40, 16384])
torch.Size([40, 16384])
torch.Size([40, 16384])
torch.Size([40, 16384])
torch.Size([40, 16384])
torch.Size([40, 16384])
torch.Size([40, 16384])
torch.Size([20, 16384])
torch.Size([40, 16384])
torch.Size([40, 16384])
torch.Size([40, 16384])
torch.Size([40, 16384])
torch.Size([40, 16384])
torch.Size([40, 16384])
torch.Size([40, 16384])
torch.Size([40, 16384])
torch.Size([40, 16384])
torch.Size([40, 16384])
torch.Size([40, 16384])
torch.Size([40, 16384])
torch.Size([40, 16384])
torch.Size([40, 16384])
torch.Size([40, 16384])
torch.Size([40, 16384])
torch.Size([40, 16384])
torch.Size([40, 16384])
torch.Size([40, 16384])
torch.Size([40, 16384])
torch.Size([40, 16384])
torch.Size([40, 16384])
torch.Size([40, 16384])
torch.Size([40, 16384])
torch.Size([40, 16384])
torch.Size([40, 16384])
torch.Size([40, 16384])
torch.Size([20, 16384])
torch.Size([40, 16384])
torch.Size([40, 16384])
torch.Size([40, 16384])
torch.Size([40, 16384])
torch.Size([40, 16384])
torch.Size([40, 16384])
torch.Size([40, 16384])
torch.Size([40, 16384])
torch.Size([40, 16384])
torch.Size([40, 16384])
torch.Size([40, 16384])
torch.Size([40, 16384])
torch.Size([40, 16384])
torch.Size([40, 16384])
torch.Size([40, 16384])
torch.Size([40, 16384])
torch.Size([40, 16384])
torch.Size([40, 16384])
torch.Size([40, 16384])
torch.Size([40, 16384])
torch.Size([40, 16384])
torch.Size([40, 16384])
torch.Size([40, 16384])
torch.Size([40, 16384])
torch.Size([40, 16384])
torch.Size([40, 16384])
torch.Size([40, 16384])
torch.Size([20, 16384])
torch.Size([40, 16384])
torch.Size([40, 16384])
torch.Size([40, 16384])
torch.Size([40, 16384])
torch.Size([40, 16384])
torch.Size([40, 16384])
torch.Size([40, 16384])
torch.Size([40, 16384])
torch.Size([40, 16384])
torch.Size([40, 16384])
torch.Size([40, 16384])
torch.Size([40, 16384])
torch.Size([40, 16384])
torch.Size([40, 16384])
torch.Size([40, 16384])
torch.Size([40, 16384])
torch.Size([40, 16384])
torch.Size([40, 16384])
torch.Size([40, 16384])
torch.Size([40, 16384])
torch.Size([40, 16384])
torch.Size([40, 16384])
torch.Size([40, 16384])
torch.Size([40, 16384])
torch.Size([40, 16384])
torch.Size([40, 16384])
torch.Size([40, 16384])
torch.Size([20, 16384])
torch.Size([40, 16384])
torch.Size([40, 16384])
torch.Size([40, 16384])
torch.Size([40, 16384])
torch.Size([40, 16384])
torch.Size([40, 16384])
torch.Size([40, 16384])
torch.Size([40, 16384])
torch.Size([40, 16384])
torch.Size([40, 16384])
torch.Size([40, 16384])
torch.Size([40, 16384])
torch.Size([40, 16384])
torch.Size([40, 16384])
torch.Size([40, 16384])
torch.Size([40, 16384])
torch.Size([40, 16384])
torch.Size([40, 16384])
torch.Size([40, 16384])
torch.Size([40, 16384])
torch.Size([40, 16384])
torch.Size([40, 16384])
torch.Size([40, 16384])
torch.Size([40, 16384])
torch.Size([40, 16384])
torch.Size([40, 16384])
torch.Size([40, 16384])
torch.Size([20, 16384])
torch.Size([40, 16384])
torch.Size([40, 16384])
torch.Size([40, 16384])
torch.Size([40, 16384])
torch.Size([40, 16384])
torch.Size([40, 16384])
torch.Size([40, 16384])
torch.Size([40, 16384])
torch.Size([40, 16384])
torch.Size([40, 16384])
torch.Size([40, 16384])
torch.Size([40, 16384])
torch.Size([40, 16384])
torch.Size([40, 16384])
torch.Size([40, 16384])
torch.Size([40, 16384])
torch.Size([40, 16384])
torch.Size([40, 16384])
torch.Size([40, 16384])
torch.Size([40, 16384])
torch.Size([40, 16384])
torch.Size([40, 16384])
torch.Size([40, 16384])
torch.Size([40, 16384])
torch.Size([40, 16384])
torch.Size([40, 16384])
torch.Size([40, 16384])
torch.Size([20, 16384])
torch.Size([40, 16384])
torch.Size([40, 16384])
torch.Size([40, 16384])
torch.Size([40, 16384])
torch.Size([40, 16384])
torch.Size([40, 16384])
torch.Size([40, 16384])
torch.Size([40, 16384])
torch.Size([40, 16384])
torch.Size([40, 16384])
torch.Size([40, 16384])
torch.Size([40, 16384])
torch.Size([40, 16384])
torch.Size([40, 16384])
torch.Size([40, 16384])
torch.Size([40, 16384])
torch.Size([40, 16384])
torch.Size([40, 16384])
torch.Size([40, 16384])
torch.Size([40, 16384])
torch.Size([40, 16384])
torch.Size([40, 16384])
torch.Size([40, 16384])
torch.Size([40, 16384])
torch.Size([40, 16384])
torch.Size([40, 16384])
torch.Size([40, 16384])
torch.Size([20, 16384])
torch.Size([40, 16384])
torch.Size([40, 16384])
torch.Size([40, 16384])
torch.Size([40, 16384])
torch.Size([40, 16384])
torch.Size([40, 16384])
torch.Size([40, 16384])
torch.Size([40, 16384])
torch.Size([40, 16384])
torch.Size([40, 16384])
torch.Size([40, 16384])
torch.Size([40, 16384])
torch.Size([40, 16384])
torch.Size([40, 16384])
torch.Size([40, 16384])
torch.Size([40, 16384])
torch.Size([40, 16384])
torch.Size([40, 16384])
torch.Size([40, 16384])
torch.Size([40, 16384])
torch.Size([40, 16384])
torch.Size([40, 16384])
torch.Size([40, 16384])
torch.Size([40, 16384])
torch.Size([40, 16384])
torch.Size([40, 16384])
torch.Size([40, 16384])
torch.Size([20, 16384])
torch.Size([40, 16384])
torch.Size([40, 16384])
torch.Size([40, 16384])
torch.Size([40, 16384])
torch.Size([40, 16384])
torch.Size([40, 16384])
torch.Size([40, 16384])
torch.Size([40, 16384])
torch.Size([40, 16384])
torch.Size([40, 16384])
torch.Size([40, 16384])
torch.Size([40, 16384])
torch.Size([40, 16384])
torch.Size([40, 16384])
torch.Size([40, 16384])
torch.Size([40, 16384])
torch.Size([40, 16384])
torch.Size([40, 16384])
torch.Size([40, 16384])
torch.Size([40, 16384])
torch.Size([40, 16384])
torch.Size([40, 16384])
torch.Size([40, 16384])
torch.Size([40, 16384])
torch.Size([40, 16384])
torch.Size([40, 16384])
torch.Size([40, 16384])
torch.Size([20, 16384])
torch.Size([40, 16384])
torch.Size([40, 16384])
torch.Size([40, 16384])
torch.Size([40, 16384])
torch.Size([40, 16384])
torch.Size([40, 16384])
torch.Size([40, 16384])
torch.Size([40, 16384])
torch.Size([40, 16384])
torch.Size([40, 16384])
torch.Size([40, 16384])
torch.Size([40, 16384])
torch.Size([40, 16384])
torch.Size([40, 16384])
torch.Size([40, 16384])
torch.Size([40, 16384])
torch.Size([40, 16384])
torch.Size([40, 16384])
torch.Size([40, 16384])
torch.Size([40, 16384])
torch.Size([40, 16384])
torch.Size([40, 16384])
torch.Size([40, 16384])
torch.Size([40, 16384])
torch.Size([40, 16384])
torch.Size([40, 16384])
torch.Size([40, 16384])
torch.Size([20, 16384])
torch.Size([40, 16384])
torch.Size([40, 16384])
torch.Size([40, 16384])
torch.Size([40, 16384])
torch.Size([40, 16384])
torch.Size([40, 16384])
torch.Size([40, 16384])
torch.Size([40, 16384])
torch.Size([40, 16384])
torch.Size([40, 16384])
torch.Size([40, 16384])
torch.Size([40, 16384])
torch.Size([40, 16384])
torch.Size([40, 16384])
torch.Size([40, 16384])
torch.Size([40, 16384])
torch.Size([40, 16384])
torch.Size([40, 16384])
torch.Size([40, 16384])
torch.Size([40, 16384])
torch.Size([40, 16384])
torch.Size([40, 16384])
torch.Size([40, 16384])
torch.Size([40, 16384])
torch.Size([40, 16384])
torch.Size([40, 16384])
torch.Size([40, 16384])
torch.Size([20, 16384])
torch.Size([40, 16384])
torch.Size([40, 16384])
torch.Size([40, 16384])
torch.Size([40, 16384])
torch.Size([40, 16384])
torch.Size([40, 16384])
torch.Size([40, 16384])
torch.Size([40, 16384])
torch.Size([40, 16384])
torch.Size([40, 16384])
torch.Size([40, 16384])
torch.Size([40, 16384])
torch.Size([40, 16384])
torch.Size([40, 16384])
torch.Size([40, 16384])
torch.Size([40, 16384])
torch.Size([40, 16384])
torch.Size([40, 16384])
torch.Size([40, 16384])
torch.Size([40, 16384])
torch.Size([40, 16384])
torch.Size([40, 16384])
torch.Size([40, 16384])
torch.Size([40, 16384])
torch.Size([40, 16384])
torch.Size([40, 16384])
torch.Size([40, 16384])
torch.Size([20, 16384])
torch.Size([40, 16384])
torch.Size([40, 16384])
torch.Size([40, 16384])
torch.Size([40, 16384])
torch.Size([40, 16384])
torch.Size([40, 16384])
torch.Size([40, 16384])
torch.Size([40, 16384])
torch.Size([40, 16384])
torch.Size([40, 16384])
torch.Size([40, 16384])
torch.Size([40, 16384])
torch.Size([40, 16384])
torch.Size([40, 16384])
torch.Size([40, 16384])
torch.Size([40, 16384])
torch.Size([40, 16384])
torch.Size([40, 16384])
torch.Size([40, 16384])
torch.Size([40, 16384])
torch.Size([40, 16384])
torch.Size([40, 16384])
torch.Size([40, 16384])
torch.Size([40, 16384])
torch.Size([40, 16384])
torch.Size([40, 16384])
torch.Size([40, 16384])
torch.Size([20, 16384])
torch.Size([40, 16384])
torch.Size([40, 16384])
torch.Size([40, 16384])
torch.Size([40, 16384])
torch.Size([40, 16384])
torch.Size([40, 16384])
torch.Size([40, 16384])
torch.Size([40, 16384])
torch.Size([40, 16384])
torch.Size([40, 16384])
torch.Size([40, 16384])
torch.Size([40, 16384])
torch.Size([40, 16384])
torch.Size([40, 16384])
torch.Size([40, 16384])
torch.Size([40, 16384])
torch.Size([40, 16384])
torch.Size([40, 16384])
torch.Size([40, 16384])
torch.Size([40, 16384])
torch.Size([40, 16384])
torch.Size([40, 16384])
torch.Size([40, 16384])
torch.Size([40, 16384])
torch.Size([40, 16384])
torch.Size([40, 16384])
torch.Size([40, 16384])
torch.Size([20, 16384])
torch.Size([40, 16384])
torch.Size([40, 16384])
torch.Size([40, 16384])
torch.Size([40, 16384])
torch.Size([40, 16384])
torch.Size([40, 16384])
torch.Size([40, 16384])
torch.Size([40, 16384])
torch.Size([40, 16384])
torch.Size([40, 16384])
torch.Size([40, 16384])
torch.Size([40, 16384])
torch.Size([40, 16384])
torch.Size([40, 16384])
torch.Size([40, 16384])
torch.Size([40, 16384])
torch.Size([40, 16384])
torch.Size([40, 16384])
torch.Size([40, 16384])
torch.Size([40, 16384])
torch.Size([40, 16384])
torch.Size([40, 16384])
torch.Size([40, 16384])
torch.Size([40, 16384])
torch.Size([40, 16384])
torch.Size([40, 16384])
torch.Size([40, 16384])
torch.Size([20, 16384])
torch.Size([40, 16384])
torch.Size([40, 16384])
torch.Size([40, 16384])
torch.Size([40, 16384])
torch.Size([40, 16384])
torch.Size([40, 16384])
torch.Size([40, 16384])
torch.Size([40, 16384])
torch.Size([40, 16384])
torch.Size([40, 16384])
torch.Size([40, 16384])
torch.Size([40, 16384])
torch.Size([40, 16384])
torch.Size([40, 16384])
torch.Size([40, 16384])
torch.Size([40, 16384])
torch.Size([40, 16384])
torch.Size([40, 16384])
torch.Size([40, 16384])
torch.Size([40, 16384])
torch.Size([40, 16384])
torch.Size([40, 16384])
torch.Size([40, 16384])
torch.Size([40, 16384])
torch.Size([40, 16384])
torch.Size([40, 16384])
torch.Size([40, 16384])
torch.Size([20, 16384])
torch.Size([40, 16384])
torch.Size([40, 16384])
torch.Size([40, 16384])
torch.Size([40, 16384])
torch.Size([40, 16384])
torch.Size([40, 16384])
torch.Size([40, 16384])
torch.Size([40, 16384])
torch.Size([40, 16384])
torch.Size([40, 16384])
torch.Size([40, 16384])
torch.Size([40, 16384])
torch.Size([40, 16384])
torch.Size([40, 16384])
torch.Size([40, 16384])
torch.Size([40, 16384])
torch.Size([40, 16384])
torch.Size([40, 16384])
torch.Size([40, 16384])
torch.Size([40, 16384])
torch.Size([40, 16384])
torch.Size([40, 16384])
torch.Size([40, 16384])
torch.Size([40, 16384])
torch.Size([40, 16384])
torch.Size([40, 16384])
torch.Size([40, 16384])
torch.Size([20, 16384])
torch.Size([40, 16384])
torch.Size([40, 16384])
torch.Size([40, 16384])
torch.Size([40, 16384])
torch.Size([40, 16384])
torch.Size([40, 16384])
torch.Size([40, 16384])
torch.Size([40, 16384])
torch.Size([40, 16384])
torch.Size([40, 16384])
torch.Size([40, 16384])
torch.Size([40, 16384])
torch.Size([40, 16384])
torch.Size([40, 16384])
torch.Size([40, 16384])
torch.Size([40, 16384])
torch.Size([40, 16384])
torch.Size([40, 16384])
torch.Size([40, 16384])
torch.Size([40, 16384])
torch.Size([40, 16384])
torch.Size([40, 16384])
torch.Size([40, 16384])
torch.Size([40, 16384])
torch.Size([40, 16384])
torch.Size([40, 16384])
torch.Size([40, 16384])
torch.Size([20, 16384])
