Program will start executing in a bit
/apps/sw/miniconda/envs/ai-4/lib/python3.10/site-packages/torch/utils/_device.py:77: UserWarning: To copy construct from a tensor, it is recommended to use sourceTensor.clone().detach() or sourceTensor.clone().detach().requires_grad_(True), rather than torch.tensor(sourceTensor).
  return func(*args, **kwargs)
✅ Using CUDA globally
GPU: Tesla V100-PCIE-32GB
Current directory: /home/cbe05/MaqamDiffusion
Cross_Entropy lr = 0.01 Loss 1/300 Loss is L =2.021498918533325 
Cross_Entropy lr = 0.01 Loss 2/300 Loss is L =1.9674144983291626 
Cross_Entropy lr = 0.01 Loss 3/300 Loss is L =1.918737769126892 
Cross_Entropy lr = 0.01 Loss 4/300 Loss is L =1.8913522958755493 
Cross_Entropy lr = 0.01 Loss 5/300 Loss is L =1.8104267120361328 
Cross_Entropy lr = 0.01 Loss 6/300 Loss is L =1.7023143768310547 
Cross_Entropy lr = 0.01 Loss 7/300 Loss is L =1.6666301488876343 
Cross_Entropy lr = 0.01 Loss 8/300 Loss is L =1.5998681783676147 
Cross_Entropy lr = 0.01 Loss 9/300 Loss is L =1.453802466392517 
Cross_Entropy lr = 0.01 Loss 10/300 Loss is L =1.4343048334121704 
Cross_Entropy lr = 0.01 Loss 11/300 Loss is L =1.4624007940292358 
Cross_Entropy lr = 0.01 Loss 12/300 Loss is L =1.2565864324569702 
Cross_Entropy lr = 0.01 Loss 13/300 Loss is L =1.2722147703170776 
Cross_Entropy lr = 0.01 Loss 14/300 Loss is L =1.0996955633163452 
Cross_Entropy lr = 0.01 Loss 15/300 Loss is L =1.0761765241622925 
Cross_Entropy lr = 0.01 Loss 16/300 Loss is L =1.0100901126861572 
Cross_Entropy lr = 0.01 Loss 17/300 Loss is L =0.914175808429718 
Cross_Entropy lr = 0.01 Loss 18/300 Loss is L =0.8415009379386902 
Cross_Entropy lr = 0.01 Loss 19/300 Loss is L =0.6671632528305054 
Cross_Entropy lr = 0.01 Loss 20/300 Loss is L =0.7047368288040161 
Cross_Entropy lr = 0.01 Loss 21/300 Loss is L =0.6422485709190369 
Cross_Entropy lr = 0.01 Loss 22/300 Loss is L =0.6199662089347839 
Cross_Entropy lr = 0.01 Loss 23/300 Loss is L =0.5322173833847046 
Cross_Entropy lr = 0.01 Loss 24/300 Loss is L =0.42273879051208496 
Cross_Entropy lr = 0.01 Loss 25/300 Loss is L =0.43544575572013855 
Cross_Entropy lr = 0.01 Loss 26/300 Loss is L =0.43095651268959045 
Cross_Entropy lr = 0.01 Loss 27/300 Loss is L =0.36967942118644714 
Cross_Entropy lr = 0.01 Loss 28/300 Loss is L =0.3590196371078491 
Cross_Entropy lr = 0.01 Loss 29/300 Loss is L =0.27257105708122253 
Cross_Entropy lr = 0.01 Loss 30/300 Loss is L =0.2679879367351532 
Cross_Entropy lr = 0.01 Loss 31/300 Loss is L =0.31323909759521484 
Cross_Entropy lr = 0.01 Loss 32/300 Loss is L =0.23001252114772797 
Cross_Entropy lr = 0.01 Loss 33/300 Loss is L =0.21032026410102844 
Cross_Entropy lr = 0.01 Loss 34/300 Loss is L =0.18732821941375732 
Cross_Entropy lr = 0.01 Loss 35/300 Loss is L =0.19077889621257782 
Cross_Entropy lr = 0.01 Loss 36/300 Loss is L =0.1531427502632141 
Cross_Entropy lr = 0.01 Loss 37/300 Loss is L =0.11742054671049118 
Cross_Entropy lr = 0.01 Loss 38/300 Loss is L =0.12280197441577911 
Cross_Entropy lr = 0.01 Loss 39/300 Loss is L =0.11829612404108047 
Cross_Entropy lr = 0.01 Loss 40/300 Loss is L =0.12783144414424896 
Cross_Entropy lr = 0.01 Loss 41/300 Loss is L =0.09964434057474136 
Cross_Entropy lr = 0.01 Loss 42/300 Loss is L =0.09277612715959549 
Cross_Entropy lr = 0.01 Loss 43/300 Loss is L =0.10778011381626129 
Cross_Entropy lr = 0.01 Loss 44/300 Loss is L =0.11193525791168213 
Cross_Entropy lr = 0.01 Loss 45/300 Loss is L =0.10473686456680298 
Cross_Entropy lr = 0.01 Loss 46/300 Loss is L =0.08826183527708054 
Cross_Entropy lr = 0.01 Loss 47/300 Loss is L =0.07032281905412674 
Cross_Entropy lr = 0.01 Loss 48/300 Loss is L =0.06750260293483734 
Cross_Entropy lr = 0.01 Loss 49/300 Loss is L =0.08091975748538971 
Cross_Entropy lr = 0.01 Loss 50/300 Loss is L =0.06728925555944443 
Cross_Entropy lr = 0.01 Loss 51/300 Loss is L =0.06512502580881119 
Cross_Entropy lr = 0.01 Loss 52/300 Loss is L =0.05753261595964432 
Cross_Entropy lr = 0.01 Loss 53/300 Loss is L =0.0514339804649353 
Cross_Entropy lr = 0.01 Loss 54/300 Loss is L =0.060951054096221924 
Cross_Entropy lr = 0.01 Loss 55/300 Loss is L =0.08138515800237656 
Cross_Entropy lr = 0.01 Loss 56/300 Loss is L =0.06820665299892426 
Cross_Entropy lr = 0.01 Loss 57/300 Loss is L =0.09556049108505249 
Cross_Entropy lr = 0.01 Loss 58/300 Loss is L =0.07574750483036041 
Cross_Entropy lr = 0.01 Loss 59/300 Loss is L =0.06904739886522293 
Cross_Entropy lr = 0.01 Loss 60/300 Loss is L =0.04785019904375076 
Cross_Entropy lr = 0.01 Loss 61/300 Loss is L =0.06136549264192581 
Cross_Entropy lr = 0.01 Loss 62/300 Loss is L =0.053275108337402344 
Cross_Entropy lr = 0.01 Loss 63/300 Loss is L =0.04344869777560234 
Cross_Entropy lr = 0.01 Loss 64/300 Loss is L =0.04421275854110718 
Cross_Entropy lr = 0.01 Loss 65/300 Loss is L =0.054035235196352005 
Cross_Entropy lr = 0.01 Loss 66/300 Loss is L =0.08361309766769409 
Cross_Entropy lr = 0.01 Loss 67/300 Loss is L =0.08913727849721909 
Cross_Entropy lr = 0.01 Loss 68/300 Loss is L =0.049827445298433304 
Cross_Entropy lr = 0.01 Loss 69/300 Loss is L =0.06340193748474121 
Cross_Entropy lr = 0.01 Loss 70/300 Loss is L =0.0364583395421505 
Cross_Entropy lr = 0.01 Loss 71/300 Loss is L =0.04136797413229942 
Cross_Entropy lr = 0.01 Loss 72/300 Loss is L =0.13756196200847626 
Cross_Entropy lr = 0.01 Loss 73/300 Loss is L =0.04172767326235771 
Cross_Entropy lr = 0.01 Loss 74/300 Loss is L =0.04009971767663956 
Cross_Entropy lr = 0.01 Loss 75/300 Loss is L =0.10917399078607559 
Cross_Entropy lr = 0.01 Loss 76/300 Loss is L =0.044219858944416046 
Cross_Entropy lr = 0.01 Loss 77/300 Loss is L =0.0423138402402401 
Cross_Entropy lr = 0.01 Loss 78/300 Loss is L =0.04299497976899147 
Cross_Entropy lr = 0.01 Loss 79/300 Loss is L =0.03973664715886116 
Cross_Entropy lr = 0.01 Loss 80/300 Loss is L =0.038742270320653915 
Cross_Entropy lr = 0.01 Loss 81/300 Loss is L =0.10052020847797394 
Cross_Entropy lr = 0.01 Loss 82/300 Loss is L =0.030761143192648888 
Cross_Entropy lr = 0.01 Loss 83/300 Loss is L =0.05169657617807388 
Cross_Entropy lr = 0.01 Loss 84/300 Loss is L =0.05314971134066582 
Cross_Entropy lr = 0.01 Loss 85/300 Loss is L =0.04029587656259537 
Cross_Entropy lr = 0.01 Loss 86/300 Loss is L =0.07609134912490845 
Cross_Entropy lr = 0.01 Loss 87/300 Loss is L =0.06416098028421402 
Cross_Entropy lr = 0.01 Loss 88/300 Loss is L =0.048305463045835495 
Cross_Entropy lr = 0.01 Loss 89/300 Loss is L =0.08561357110738754 
Cross_Entropy lr = 0.01 Loss 90/300 Loss is L =0.035192620009183884 
Cross_Entropy lr = 0.01 Loss 91/300 Loss is L =0.044846151024103165 
Cross_Entropy lr = 0.01 Loss 92/300 Loss is L =0.03476826101541519 
Cross_Entropy lr = 0.01 Loss 93/300 Loss is L =0.05022231861948967 
Cross_Entropy lr = 0.01 Loss 94/300 Loss is L =0.0680251270532608 
Cross_Entropy lr = 0.01 Loss 95/300 Loss is L =0.0364401638507843 
Cross_Entropy lr = 0.01 Loss 96/300 Loss is L =0.04099637269973755 
Cross_Entropy lr = 0.01 Loss 97/300 Loss is L =0.03662816807627678 
Cross_Entropy lr = 0.01 Loss 98/300 Loss is L =0.03308526426553726 
Cross_Entropy lr = 0.01 Loss 99/300 Loss is L =0.06123851612210274 
Cross_Entropy lr = 0.01 Loss 100/300 Loss is L =0.037557922303676605 
Cross_Entropy lr = 0.01 Loss 101/300 Loss is L =0.06663793325424194 
Cross_Entropy lr = 0.01 Loss 102/300 Loss is L =0.04651885852217674 
Cross_Entropy lr = 0.01 Loss 103/300 Loss is L =0.027729947119951248 
Cross_Entropy lr = 0.01 Loss 104/300 Loss is L =0.03749684616923332 
Cross_Entropy lr = 0.01 Loss 105/300 Loss is L =0.04037409648299217 
Cross_Entropy lr = 0.01 Loss 106/300 Loss is L =0.035805683583021164 
Cross_Entropy lr = 0.01 Loss 107/300 Loss is L =0.06021939590573311 
Cross_Entropy lr = 0.01 Loss 108/300 Loss is L =0.036626726388931274 
Cross_Entropy lr = 0.01 Loss 109/300 Loss is L =0.04188290983438492 
Cross_Entropy lr = 0.01 Loss 110/300 Loss is L =0.02851664461195469 
Cross_Entropy lr = 0.01 Loss 111/300 Loss is L =0.030307253822684288 
Cross_Entropy lr = 0.01 Loss 112/300 Loss is L =0.05483443662524223 
Cross_Entropy lr = 0.01 Loss 113/300 Loss is L =0.03883766755461693 
Cross_Entropy lr = 0.01 Loss 114/300 Loss is L =0.03244872763752937 
Cross_Entropy lr = 0.01 Loss 115/300 Loss is L =0.03227188438177109 
Cross_Entropy lr = 0.01 Loss 116/300 Loss is L =0.02761121466755867 
Cross_Entropy lr = 0.01 Loss 117/300 Loss is L =0.038606323301792145 
Cross_Entropy lr = 0.01 Loss 118/300 Loss is L =0.04057298228144646 
Cross_Entropy lr = 0.01 Loss 119/300 Loss is L =0.04036328196525574 
Cross_Entropy lr = 0.01 Loss 120/300 Loss is L =0.04340537264943123 
Cross_Entropy lr = 0.01 Loss 121/300 Loss is L =0.04476549103856087 
Cross_Entropy lr = 0.01 Loss 122/300 Loss is L =0.0312967486679554 
Cross_Entropy lr = 0.01 Loss 123/300 Loss is L =0.057397641241550446 
Cross_Entropy lr = 0.01 Loss 124/300 Loss is L =0.04004877805709839 
Cross_Entropy lr = 0.01 Loss 125/300 Loss is L =0.03457493707537651 
Cross_Entropy lr = 0.01 Loss 126/300 Loss is L =0.036065369844436646 
Cross_Entropy lr = 0.01 Loss 127/300 Loss is L =0.05857968330383301 
Cross_Entropy lr = 0.01 Loss 128/300 Loss is L =0.03823510557413101 
Cross_Entropy lr = 0.01 Loss 129/300 Loss is L =0.04127420857548714 
Cross_Entropy lr = 0.01 Loss 130/300 Loss is L =0.04139356687664986 
Cross_Entropy lr = 0.01 Loss 131/300 Loss is L =0.030075902119278908 
Cross_Entropy lr = 0.01 Loss 132/300 Loss is L =0.028119951486587524 
Cross_Entropy lr = 0.01 Loss 133/300 Loss is L =0.04848301038146019 
Cross_Entropy lr = 0.01 Loss 134/300 Loss is L =0.03093111887574196 
Cross_Entropy lr = 0.01 Loss 135/300 Loss is L =0.03903314098715782 
Cross_Entropy lr = 0.01 Loss 136/300 Loss is L =0.03829531744122505 
Cross_Entropy lr = 0.01 Loss 137/300 Loss is L =0.03456549718976021 
Cross_Entropy lr = 0.01 Loss 138/300 Loss is L =0.038580045104026794 
Cross_Entropy lr = 0.01 Loss 139/300 Loss is L =0.03785944730043411 
Cross_Entropy lr = 0.01 Loss 140/300 Loss is L =0.02707013487815857 
Cross_Entropy lr = 0.01 Loss 141/300 Loss is L =0.035873714834451675 
Cross_Entropy lr = 0.01 Loss 142/300 Loss is L =0.03704581782221794 
Cross_Entropy lr = 0.01 Loss 143/300 Loss is L =0.03569319099187851 
Cross_Entropy lr = 0.01 Loss 144/300 Loss is L =0.04662421718239784 
Cross_Entropy lr = 0.01 Loss 145/300 Loss is L =0.02796749211847782 
Cross_Entropy lr = 0.01 Loss 146/300 Loss is L =0.0427614226937294 
Cross_Entropy lr = 0.01 Loss 147/300 Loss is L =0.027356190606951714 
Cross_Entropy lr = 0.01 Loss 148/300 Loss is L =0.05290311574935913 
Cross_Entropy lr = 0.01 Loss 149/300 Loss is L =0.03901079297065735 
Cross_Entropy lr = 0.01 Loss 150/300 Loss is L =0.034119538962841034 
Cross_Entropy lr = 0.01 Loss 151/300 Loss is L =0.09534350037574768 
Cross_Entropy lr = 0.01 Loss 152/300 Loss is L =0.04437517747282982 
Cross_Entropy lr = 0.01 Loss 153/300 Loss is L =0.041030269116163254 
Cross_Entropy lr = 0.01 Loss 154/300 Loss is L =0.02951270155608654 
Cross_Entropy lr = 0.01 Loss 155/300 Loss is L =0.04991784691810608 
Cross_Entropy lr = 0.01 Loss 156/300 Loss is L =0.03605508431792259 
Cross_Entropy lr = 0.01 Loss 157/300 Loss is L =0.035008158534765244 
Cross_Entropy lr = 0.01 Loss 158/300 Loss is L =0.027541110292077065 
Cross_Entropy lr = 0.01 Loss 159/300 Loss is L =0.033582139760255814 
Cross_Entropy lr = 0.01 Loss 160/300 Loss is L =0.02897602878510952 
Cross_Entropy lr = 0.01 Loss 161/300 Loss is L =0.024908093735575676 
Cross_Entropy lr = 0.01 Loss 162/300 Loss is L =0.028947627171874046 
Cross_Entropy lr = 0.01 Loss 163/300 Loss is L =0.03973982110619545 
Cross_Entropy lr = 0.01 Loss 164/300 Loss is L =0.031956400722265244 
Cross_Entropy lr = 0.01 Loss 165/300 Loss is L =0.043935101479291916 
Cross_Entropy lr = 0.01 Loss 166/300 Loss is L =0.0329461544752121 
Cross_Entropy lr = 0.01 Loss 167/300 Loss is L =0.09001245349645615 
Cross_Entropy lr = 0.01 Loss 168/300 Loss is L =0.05423537641763687 
Cross_Entropy lr = 0.01 Loss 169/300 Loss is L =0.03373409062623978 
Cross_Entropy lr = 0.01 Loss 170/300 Loss is L =0.040602907538414 
Cross_Entropy lr = 0.01 Loss 171/300 Loss is L =0.03517254814505577 
Cross_Entropy lr = 0.01 Loss 172/300 Loss is L =0.03188186511397362 
Cross_Entropy lr = 0.01 Loss 173/300 Loss is L =0.07312792539596558 
Cross_Entropy lr = 0.01 Loss 174/300 Loss is L =0.027012944221496582 
Cross_Entropy lr = 0.01 Loss 175/300 Loss is L =0.09860239923000336 
Cross_Entropy lr = 0.01 Loss 176/300 Loss is L =0.02716049551963806 
Cross_Entropy lr = 0.01 Loss 177/300 Loss is L =0.051447488367557526 
Cross_Entropy lr = 0.01 Loss 178/300 Loss is L =0.051879461854696274 
Cross_Entropy lr = 0.01 Loss 179/300 Loss is L =0.030333084985613823 
Cross_Entropy lr = 0.01 Loss 180/300 Loss is L =0.027178466320037842 
Cross_Entropy lr = 0.01 Loss 181/300 Loss is L =0.03014223836362362 
Cross_Entropy lr = 0.01 Loss 182/300 Loss is L =0.045650240033864975 
Cross_Entropy lr = 0.01 Loss 183/300 Loss is L =0.1155366450548172 
Cross_Entropy lr = 0.01 Loss 184/300 Loss is L =0.03221212700009346 
Cross_Entropy lr = 0.01 Loss 185/300 Loss is L =0.031039386987686157 
Cross_Entropy lr = 0.01 Loss 186/300 Loss is L =0.033840250223875046 
Cross_Entropy lr = 0.01 Loss 187/300 Loss is L =0.035598307847976685 
Cross_Entropy lr = 0.01 Loss 188/300 Loss is L =0.028530767187476158 
Cross_Entropy lr = 0.01 Loss 189/300 Loss is L =0.026017343625426292 
Cross_Entropy lr = 0.01 Loss 190/300 Loss is L =0.03020547330379486 
Cross_Entropy lr = 0.01 Loss 191/300 Loss is L =0.0329836867749691 
Cross_Entropy lr = 0.01 Loss 192/300 Loss is L =0.0356534905731678 
Cross_Entropy lr = 0.01 Loss 193/300 Loss is L =0.030420303344726562 
Cross_Entropy lr = 0.01 Loss 194/300 Loss is L =0.030525071546435356 
Cross_Entropy lr = 0.01 Loss 195/300 Loss is L =0.0349157489836216 
Cross_Entropy lr = 0.01 Loss 196/300 Loss is L =0.04923411086201668 
Cross_Entropy lr = 0.01 Loss 197/300 Loss is L =0.03412685543298721 
Cross_Entropy lr = 0.01 Loss 198/300 Loss is L =0.0590033195912838 
Cross_Entropy lr = 0.01 Loss 199/300 Loss is L =0.027743209153413773 
Cross_Entropy lr = 0.01 Loss 200/300 Loss is L =0.02772674523293972 
Cross_Entropy lr = 0.01 Loss 201/300 Loss is L =0.06140357255935669 
Cross_Entropy lr = 0.01 Loss 202/300 Loss is L =0.046351876109838486 
Cross_Entropy lr = 0.01 Loss 203/300 Loss is L =0.031187161803245544 
Cross_Entropy lr = 0.01 Loss 204/300 Loss is L =0.09280344098806381 
Cross_Entropy lr = 0.01 Loss 205/300 Loss is L =0.02510787919163704 
Cross_Entropy lr = 0.01 Loss 206/300 Loss is L =0.027953431010246277 
Cross_Entropy lr = 0.01 Loss 207/300 Loss is L =0.03487410768866539 
Cross_Entropy lr = 0.01 Loss 208/300 Loss is L =0.028258545324206352 
Cross_Entropy lr = 0.01 Loss 209/300 Loss is L =0.032202549278736115 
Cross_Entropy lr = 0.01 Loss 210/300 Loss is L =0.03335752710700035 
Cross_Entropy lr = 0.01 Loss 211/300 Loss is L =0.055001646280288696 
Cross_Entropy lr = 0.01 Loss 212/300 Loss is L =0.03744840621948242 
Cross_Entropy lr = 0.01 Loss 213/300 Loss is L =0.028929119929671288 
Cross_Entropy lr = 0.01 Loss 214/300 Loss is L =0.03495534509420395 
Cross_Entropy lr = 0.01 Loss 215/300 Loss is L =0.07179201394319534 
Cross_Entropy lr = 0.01 Loss 216/300 Loss is L =0.03220919519662857 
Cross_Entropy lr = 0.01 Loss 217/300 Loss is L =0.04506902024149895 
Cross_Entropy lr = 0.01 Loss 218/300 Loss is L =0.02943400852382183 
Cross_Entropy lr = 0.01 Loss 219/300 Loss is L =0.03026524744927883 
Cross_Entropy lr = 0.01 Loss 220/300 Loss is L =0.036422472447156906 
Cross_Entropy lr = 0.01 Loss 221/300 Loss is L =0.0462348610162735 
Cross_Entropy lr = 0.01 Loss 222/300 Loss is L =0.06821819394826889 
Cross_Entropy lr = 0.01 Loss 223/300 Loss is L =0.029443860054016113 
Cross_Entropy lr = 0.01 Loss 224/300 Loss is L =0.04086941480636597 
Cross_Entropy lr = 0.01 Loss 225/300 Loss is L =0.04039467126131058 
Cross_Entropy lr = 0.01 Loss 226/300 Loss is L =0.025207964703440666 
Cross_Entropy lr = 0.01 Loss 227/300 Loss is L =0.03490837290883064 
Cross_Entropy lr = 0.01 Loss 228/300 Loss is L =0.08246880024671555 
Cross_Entropy lr = 0.01 Loss 229/300 Loss is L =0.039334848523139954 
Cross_Entropy lr = 0.01 Loss 230/300 Loss is L =0.030573314055800438 
Cross_Entropy lr = 0.01 Loss 231/300 Loss is L =0.03524909168481827 
Cross_Entropy lr = 0.01 Loss 232/300 Loss is L =0.03706638142466545 
Cross_Entropy lr = 0.01 Loss 233/300 Loss is L =0.036910463124513626 
Cross_Entropy lr = 0.01 Loss 234/300 Loss is L =0.09389989823102951 
Cross_Entropy lr = 0.01 Loss 235/300 Loss is L =0.03756188973784447 
Cross_Entropy lr = 0.01 Loss 236/300 Loss is L =0.027249975129961967 
Cross_Entropy lr = 0.01 Loss 237/300 Loss is L =0.04975948855280876 
Cross_Entropy lr = 0.01 Loss 238/300 Loss is L =0.025662070140242577 
Cross_Entropy lr = 0.01 Loss 239/300 Loss is L =0.03892725333571434 
Cross_Entropy lr = 0.01 Loss 240/300 Loss is L =0.0352579802274704 
Cross_Entropy lr = 0.01 Loss 241/300 Loss is L =0.02944188378751278 
Cross_Entropy lr = 0.01 Loss 242/300 Loss is L =0.031136974692344666 
Cross_Entropy lr = 0.01 Loss 243/300 Loss is L =0.03675118088722229 
Cross_Entropy lr = 0.01 Loss 244/300 Loss is L =0.03370248153805733 
Cross_Entropy lr = 0.01 Loss 245/300 Loss is L =0.03061392344534397 
Cross_Entropy lr = 0.01 Loss 246/300 Loss is L =0.03913889452815056 
Cross_Entropy lr = 0.01 Loss 247/300 Loss is L =0.03204020857810974 
Cross_Entropy lr = 0.01 Loss 248/300 Loss is L =0.03134302794933319 
Cross_Entropy lr = 0.01 Loss 249/300 Loss is L =0.03265097737312317 
Cross_Entropy lr = 0.01 Loss 250/300 Loss is L =0.029321003705263138 
Cross_Entropy lr = 0.01 Loss 251/300 Loss is L =0.03135479614138603 
Cross_Entropy lr = 0.01 Loss 252/300 Loss is L =0.040097542107105255 
Cross_Entropy lr = 0.01 Loss 253/300 Loss is L =0.052706073969602585 
Cross_Entropy lr = 0.01 Loss 254/300 Loss is L =0.0501660481095314 
Cross_Entropy lr = 0.01 Loss 255/300 Loss is L =0.048936765640974045 
Cross_Entropy lr = 0.01 Loss 256/300 Loss is L =0.03913857415318489 
Cross_Entropy lr = 0.01 Loss 257/300 Loss is L =0.03855878859758377 
Cross_Entropy lr = 0.01 Loss 258/300 Loss is L =0.032575663179159164 
Cross_Entropy lr = 0.01 Loss 259/300 Loss is L =0.0296744704246521 
Cross_Entropy lr = 0.01 Loss 260/300 Loss is L =0.04947055131196976 
Cross_Entropy lr = 0.01 Loss 261/300 Loss is L =0.03937672823667526 
Cross_Entropy lr = 0.01 Loss 262/300 Loss is L =0.03455084189772606 
Cross_Entropy lr = 0.01 Loss 263/300 Loss is L =0.04481316730380058 
Cross_Entropy lr = 0.01 Loss 264/300 Loss is L =0.03248203173279762 
Cross_Entropy lr = 0.01 Loss 265/300 Loss is L =0.02785593271255493 
Cross_Entropy lr = 0.01 Loss 266/300 Loss is L =0.08832459896802902 
Cross_Entropy lr = 0.01 Loss 267/300 Loss is L =0.03296460956335068 
Cross_Entropy lr = 0.01 Loss 268/300 Loss is L =0.02717587910592556 
Cross_Entropy lr = 0.01 Loss 269/300 Loss is L =0.0860530361533165 
Cross_Entropy lr = 0.01 Loss 270/300 Loss is L =0.02870737574994564 
Cross_Entropy lr = 0.01 Loss 271/300 Loss is L =0.031127894297242165 
Cross_Entropy lr = 0.01 Loss 272/300 Loss is L =0.04666317626833916 
Cross_Entropy lr = 0.01 Loss 273/300 Loss is L =0.03204482048749924 
Cross_Entropy lr = 0.01 Loss 274/300 Loss is L =0.042288169264793396 
Cross_Entropy lr = 0.01 Loss 275/300 Loss is L =0.027227405458688736 
Cross_Entropy lr = 0.01 Loss 276/300 Loss is L =0.031178517267107964 
Cross_Entropy lr = 0.01 Loss 277/300 Loss is L =0.04264939948916435 
Cross_Entropy lr = 0.01 Loss 278/300 Loss is L =0.03293924406170845 
Cross_Entropy lr = 0.01 Loss 279/300 Loss is L =0.031691860407590866 
Cross_Entropy lr = 0.01 Loss 280/300 Loss is L =0.06610365211963654 
Cross_Entropy lr = 0.01 Loss 281/300 Loss is L =0.03249126672744751 
Cross_Entropy lr = 0.01 Loss 282/300 Loss is L =0.08488083630800247 
Cross_Entropy lr = 0.01 Loss 283/300 Loss is L =0.03618385270237923 
Cross_Entropy lr = 0.01 Loss 284/300 Loss is L =0.053218450397253036 
Cross_Entropy lr = 0.01 Loss 285/300 Loss is L =0.03760175406932831 
Cross_Entropy lr = 0.01 Loss 286/300 Loss is L =0.08722025156021118 
Cross_Entropy lr = 0.01 Loss 287/300 Loss is L =0.03532901033759117 
Cross_Entropy lr = 0.01 Loss 288/300 Loss is L =0.04006892442703247 
Cross_Entropy lr = 0.01 Loss 289/300 Loss is L =0.03289895877242088 
Cross_Entropy lr = 0.01 Loss 290/300 Loss is L =0.031248880550265312 
Cross_Entropy lr = 0.01 Loss 291/300 Loss is L =0.029805466532707214 
Cross_Entropy lr = 0.01 Loss 292/300 Loss is L =0.03590520843863487 
Cross_Entropy lr = 0.01 Loss 293/300 Loss is L =0.03496428206562996 
Cross_Entropy lr = 0.01 Loss 294/300 Loss is L =0.04686327651143074 
Cross_Entropy lr = 0.01 Loss 295/300 Loss is L =0.08149053901433945 
Cross_Entropy lr = 0.01 Loss 296/300 Loss is L =0.03355981782078743 
Cross_Entropy lr = 0.01 Loss 297/300 Loss is L =0.039465274661779404 
Cross_Entropy lr = 0.01 Loss 298/300 Loss is L =0.04793630912899971 
Cross_Entropy lr = 0.01 Loss 299/300 Loss is L =0.028056884184479713 
Cross_Entropy lr = 0.01 Loss 300/300 Loss is L =0.029031435027718544 
Correct: 13/298
Accuracy: 4.36%
