Program will start executing in a bit
/apps/sw/miniconda/envs/ai-4/lib/python3.10/site-packages/torch/utils/_device.py:77: UserWarning: To copy construct from a tensor, it is recommended to use sourceTensor.clone().detach() or sourceTensor.clone().detach().requires_grad_(True), rather than torch.tensor(sourceTensor).
  return func(*args, **kwargs)
✅ Using CUDA globally
GPU: Tesla V100-PCIE-32GB
✅ Using CUDA globally
GPU: Tesla V100-PCIE-32GB
Current directory: /home/cbe05/MaqamDiffusion
lr = 0.001 Loss 1/150 Loss is L =0.035387855023145676 
lr = 0.001 Loss 2/150 Loss is L =0.027906596660614014 
lr = 0.001 Loss 3/150 Loss is L =0.027356266975402832 
lr = 0.001 Loss 4/150 Loss is L =0.02866980992257595 
lr = 0.001 Loss 5/150 Loss is L =0.028926407918334007 
lr = 0.001 Loss 6/150 Loss is L =0.029979510232806206 
lr = 0.001 Loss 7/150 Loss is L =0.0238996259868145 
lr = 0.001 Loss 8/150 Loss is L =0.02449035830795765 
lr = 0.001 Loss 9/150 Loss is L =0.0207925196737051 
lr = 0.001 Loss 10/150 Loss is L =0.022925717756152153 
lr = 0.001 Loss 11/150 Loss is L =0.02335912361741066 
lr = 0.001 Loss 12/150 Loss is L =0.02541867271065712 
lr = 0.001 Loss 13/150 Loss is L =0.024212047457695007 
lr = 0.001 Loss 14/150 Loss is L =0.021010233089327812 
lr = 0.001 Loss 15/150 Loss is L =0.021796319633722305 
lr = 0.001 Loss 16/150 Loss is L =0.022962724789977074 
lr = 0.001 Loss 17/150 Loss is L =0.018738603219389915 
lr = 0.001 Loss 18/150 Loss is L =0.020118219777941704 
lr = 0.001 Loss 19/150 Loss is L =0.02352300100028515 
lr = 0.001 Loss 20/150 Loss is L =0.02211829088628292 
lr = 0.001 Loss 21/150 Loss is L =0.021844780072569847 
lr = 0.001 Loss 22/150 Loss is L =0.02034522406756878 
lr = 0.001 Loss 23/150 Loss is L =0.018380511552095413 
lr = 0.001 Loss 24/150 Loss is L =0.021584568545222282 
lr = 0.001 Loss 25/150 Loss is L =0.019768793135881424 
lr = 0.001 Loss 26/150 Loss is L =0.020203914493322372 
lr = 0.001 Loss 27/150 Loss is L =0.01960921473801136 
lr = 0.001 Loss 28/150 Loss is L =0.019736886024475098 
lr = 0.001 Loss 29/150 Loss is L =0.020113682374358177 
lr = 0.001 Loss 30/150 Loss is L =0.019965359941124916 
lr = 0.001 Loss 31/150 Loss is L =0.018374601379036903 
lr = 0.001 Loss 32/150 Loss is L =0.019533172249794006 
lr = 0.001 Loss 33/150 Loss is L =0.01923660933971405 
lr = 0.001 Loss 34/150 Loss is L =0.021556507796049118 
lr = 0.001 Loss 35/150 Loss is L =0.019775016233325005 
lr = 0.001 Loss 36/150 Loss is L =0.019591474905610085 
lr = 0.001 Loss 37/150 Loss is L =0.020172977820038795 
lr = 0.001 Loss 38/150 Loss is L =0.019239788874983788 
lr = 0.001 Loss 39/150 Loss is L =0.019697800278663635 
lr = 0.001 Loss 40/150 Loss is L =0.02046496421098709 
lr = 0.001 Loss 41/150 Loss is L =0.02015531435608864 
lr = 0.001 Loss 42/150 Loss is L =0.02084202878177166 
lr = 0.001 Loss 43/150 Loss is L =0.02269028127193451 
lr = 0.001 Loss 44/150 Loss is L =0.019664280116558075 
lr = 0.001 Loss 45/150 Loss is L =0.01986009068787098 
lr = 0.001 Loss 46/150 Loss is L =0.019612645730376244 
lr = 0.001 Loss 47/150 Loss is L =0.022713372483849525 
lr = 0.001 Loss 48/150 Loss is L =0.019445717334747314 
lr = 0.001 Loss 49/150 Loss is L =0.019153380766510963 
lr = 0.001 Loss 50/150 Loss is L =0.019090814515948296 
lr = 0.001 Loss 51/150 Loss is L =0.019017377868294716 
lr = 0.001 Loss 52/150 Loss is L =0.018548015505075455 
lr = 0.001 Loss 53/150 Loss is L =0.020689498633146286 
lr = 0.001 Loss 54/150 Loss is L =0.019970880821347237 
lr = 0.001 Loss 55/150 Loss is L =0.02168680541217327 
lr = 0.001 Loss 56/150 Loss is L =0.020188970491290092 
lr = 0.001 Loss 57/150 Loss is L =0.018603060394525528 
lr = 0.001 Loss 58/150 Loss is L =0.018738890066742897 
lr = 0.001 Loss 59/150 Loss is L =0.01952953077852726 
lr = 0.001 Loss 60/150 Loss is L =0.019100835546851158 
lr = 0.001 Loss 61/150 Loss is L =0.01725071482360363 
lr = 0.001 Loss 62/150 Loss is L =0.02077530324459076 
lr = 0.001 Loss 63/150 Loss is L =0.019346272572875023 
lr = 0.001 Loss 64/150 Loss is L =0.01959812454879284 
lr = 0.001 Loss 65/150 Loss is L =0.019756581634283066 
lr = 0.001 Loss 66/150 Loss is L =0.01805157959461212 
lr = 0.001 Loss 67/150 Loss is L =0.019743356853723526 
lr = 0.001 Loss 68/150 Loss is L =0.01747838221490383 
lr = 0.001 Loss 69/150 Loss is L =0.017732301726937294 
lr = 0.001 Loss 70/150 Loss is L =0.018869709223508835 
lr = 0.001 Loss 71/150 Loss is L =0.017925668507814407 
lr = 0.001 Loss 72/150 Loss is L =0.019143372774124146 
lr = 0.001 Loss 73/150 Loss is L =0.020195724442601204 
lr = 0.001 Loss 74/150 Loss is L =0.018012765794992447 
lr = 0.001 Loss 75/150 Loss is L =0.020220747217535973 
lr = 0.001 Loss 76/150 Loss is L =0.019161349162459373 
lr = 0.001 Loss 77/150 Loss is L =0.019298581406474113 
lr = 0.001 Loss 78/150 Loss is L =0.019545793533325195 
lr = 0.001 Loss 79/150 Loss is L =0.020360717549920082 
lr = 0.001 Loss 80/150 Loss is L =0.020176012068986893 
lr = 0.001 Loss 81/150 Loss is L =0.019190246239304543 
lr = 0.001 Loss 82/150 Loss is L =0.018024662509560585 
lr = 0.001 Loss 83/150 Loss is L =0.019220169633626938 
lr = 0.001 Loss 84/150 Loss is L =0.0196075439453125 
lr = 0.001 Loss 85/150 Loss is L =0.018907804042100906 
lr = 0.001 Loss 86/150 Loss is L =0.018680715933442116 
lr = 0.001 Loss 87/150 Loss is L =0.019177526235580444 
lr = 0.001 Loss 88/150 Loss is L =0.020328084006905556 
lr = 0.001 Loss 89/150 Loss is L =0.0198357030749321 
lr = 0.001 Loss 90/150 Loss is L =0.018071098253130913 
lr = 0.001 Loss 91/150 Loss is L =0.018740622326731682 
lr = 0.001 Loss 92/150 Loss is L =0.01740155555307865 
lr = 0.001 Loss 93/150 Loss is L =0.0200513768941164 
lr = 0.001 Loss 94/150 Loss is L =0.0192317645996809 
lr = 0.001 Loss 95/150 Loss is L =0.01894978992640972 
lr = 0.001 Loss 96/150 Loss is L =0.018142787739634514 
lr = 0.001 Loss 97/150 Loss is L =0.019815629348158836 
lr = 0.001 Loss 98/150 Loss is L =0.018685804679989815 
lr = 0.001 Loss 99/150 Loss is L =0.017786270007491112 
lr = 0.001 Loss 100/150 Loss is L =0.019177621230483055 
lr = 0.001 Loss 101/150 Loss is L =0.016176698729395866 
lr = 0.001 Loss 102/150 Loss is L =0.018107516691088676 
lr = 0.001 Loss 103/150 Loss is L =0.019030410796403885 
lr = 0.001 Loss 104/150 Loss is L =0.01862514205276966 
lr = 0.001 Loss 105/150 Loss is L =0.01891404762864113 
lr = 0.001 Loss 106/150 Loss is L =0.019466284662485123 
lr = 0.001 Loss 107/150 Loss is L =0.018488848581910133 
lr = 0.001 Loss 108/150 Loss is L =0.018357260152697563 
lr = 0.001 Loss 109/150 Loss is L =0.01875537447631359 
lr = 0.001 Loss 110/150 Loss is L =0.01857668161392212 
lr = 0.001 Loss 111/150 Loss is L =0.018126381561160088 
lr = 0.001 Loss 112/150 Loss is L =0.01985287480056286 
lr = 0.001 Loss 113/150 Loss is L =0.01888490654528141 
lr = 0.001 Loss 114/150 Loss is L =0.01776089146733284 
lr = 0.001 Loss 115/150 Loss is L =0.017450803890824318 
lr = 0.001 Loss 116/150 Loss is L =0.016838504001498222 
lr = 0.001 Loss 117/150 Loss is L =0.01871880516409874 
lr = 0.001 Loss 118/150 Loss is L =0.018109163269400597 
lr = 0.001 Loss 119/150 Loss is L =0.018896549940109253 
lr = 0.001 Loss 120/150 Loss is L =0.017407268285751343 
lr = 0.001 Loss 121/150 Loss is L =0.01842322200536728 
lr = 0.001 Loss 122/150 Loss is L =0.019234491512179375 
lr = 0.001 Loss 123/150 Loss is L =0.01815982721745968 
lr = 0.001 Loss 124/150 Loss is L =0.018536977469921112 
lr = 0.001 Loss 125/150 Loss is L =0.01816529594361782 
lr = 0.001 Loss 126/150 Loss is L =0.019756687805056572 
lr = 0.001 Loss 127/150 Loss is L =0.0208382960408926 
lr = 0.001 Loss 128/150 Loss is L =0.01967221312224865 
lr = 0.001 Loss 129/150 Loss is L =0.01772129349410534 
lr = 0.001 Loss 130/150 Loss is L =0.017673742026090622 
lr = 0.001 Loss 131/150 Loss is L =0.01724337413907051 
lr = 0.001 Loss 132/150 Loss is L =0.019257554784417152 
lr = 0.001 Loss 133/150 Loss is L =0.019423186779022217 
lr = 0.001 Loss 134/150 Loss is L =0.019644439220428467 
lr = 0.001 Loss 135/150 Loss is L =0.021466881036758423 
lr = 0.001 Loss 136/150 Loss is L =0.019842304289340973 
lr = 0.001 Loss 137/150 Loss is L =0.017207736149430275 
lr = 0.001 Loss 138/150 Loss is L =0.017396489158272743 
lr = 0.001 Loss 139/150 Loss is L =0.01901082880795002 
lr = 0.001 Loss 140/150 Loss is L =0.018578803166747093 
lr = 0.001 Loss 141/150 Loss is L =0.01935667358338833 
lr = 0.001 Loss 142/150 Loss is L =0.018320409581065178 
lr = 0.001 Loss 143/150 Loss is L =0.019837303087115288 
lr = 0.001 Loss 144/150 Loss is L =0.017677105963230133 
lr = 0.001 Loss 145/150 Loss is L =0.019403213635087013 
lr = 0.001 Loss 146/150 Loss is L =0.018696120008826256 
lr = 0.001 Loss 147/150 Loss is L =0.019448095932602882 
lr = 0.001 Loss 148/150 Loss is L =0.020505938678979874 
lr = 0.001 Loss 149/150 Loss is L =0.018590066581964493 
lr = 0.001 Loss 150/150 Loss is L =0.01678435504436493 
torch.Size([40, 2048])
torch.Size([40, 2048])
torch.Size([40, 2048])
torch.Size([40, 2048])
torch.Size([40, 2048])
torch.Size([40, 2048])
torch.Size([40, 2048])
torch.Size([40, 2048])
torch.Size([40, 2048])
torch.Size([40, 2048])
torch.Size([40, 2048])
torch.Size([40, 2048])
torch.Size([40, 2048])
torch.Size([40, 2048])
torch.Size([40, 2048])
torch.Size([40, 2048])
torch.Size([40, 2048])
torch.Size([40, 2048])
torch.Size([40, 2048])
torch.Size([40, 2048])
torch.Size([40, 2048])
torch.Size([40, 2048])
torch.Size([40, 2048])
torch.Size([40, 2048])
torch.Size([40, 2048])
torch.Size([40, 2048])
torch.Size([40, 2048])
torch.Size([20, 2048])
torch.Size([40, 2048])
torch.Size([40, 2048])
torch.Size([40, 2048])
torch.Size([40, 2048])
torch.Size([40, 2048])
torch.Size([40, 2048])
torch.Size([40, 2048])
torch.Size([40, 2048])
torch.Size([40, 2048])
torch.Size([40, 2048])
torch.Size([40, 2048])
torch.Size([40, 2048])
torch.Size([40, 2048])
torch.Size([40, 2048])
torch.Size([40, 2048])
torch.Size([40, 2048])
torch.Size([40, 2048])
torch.Size([40, 2048])
torch.Size([40, 2048])
torch.Size([40, 2048])
torch.Size([40, 2048])
torch.Size([40, 2048])
torch.Size([40, 2048])
torch.Size([40, 2048])
torch.Size([40, 2048])
torch.Size([40, 2048])
torch.Size([40, 2048])
torch.Size([20, 2048])
torch.Size([40, 2048])
torch.Size([40, 2048])
torch.Size([40, 2048])
torch.Size([40, 2048])
torch.Size([40, 2048])
torch.Size([40, 2048])
torch.Size([40, 2048])
torch.Size([40, 2048])
torch.Size([40, 2048])
torch.Size([40, 2048])
torch.Size([40, 2048])
torch.Size([40, 2048])
torch.Size([40, 2048])
torch.Size([40, 2048])
torch.Size([40, 2048])
torch.Size([40, 2048])
torch.Size([40, 2048])
torch.Size([40, 2048])
torch.Size([40, 2048])
torch.Size([40, 2048])
torch.Size([40, 2048])
torch.Size([40, 2048])
torch.Size([40, 2048])
torch.Size([40, 2048])
torch.Size([40, 2048])
torch.Size([40, 2048])
torch.Size([40, 2048])
torch.Size([20, 2048])
torch.Size([40, 2048])
torch.Size([40, 2048])
torch.Size([40, 2048])
torch.Size([40, 2048])
torch.Size([40, 2048])
torch.Size([40, 2048])
torch.Size([40, 2048])
torch.Size([40, 2048])
torch.Size([40, 2048])
torch.Size([40, 2048])
torch.Size([40, 2048])
torch.Size([40, 2048])
torch.Size([40, 2048])
torch.Size([40, 2048])
torch.Size([40, 2048])
torch.Size([40, 2048])
torch.Size([40, 2048])
torch.Size([40, 2048])
torch.Size([40, 2048])
torch.Size([40, 2048])
torch.Size([40, 2048])
torch.Size([40, 2048])
torch.Size([40, 2048])
torch.Size([40, 2048])
torch.Size([40, 2048])
torch.Size([40, 2048])
torch.Size([40, 2048])
torch.Size([20, 2048])
torch.Size([40, 2048])
torch.Size([40, 2048])
torch.Size([40, 2048])
torch.Size([40, 2048])
torch.Size([40, 2048])
torch.Size([40, 2048])
torch.Size([40, 2048])
torch.Size([40, 2048])
torch.Size([40, 2048])
torch.Size([40, 2048])
torch.Size([40, 2048])
torch.Size([40, 2048])
torch.Size([40, 2048])
torch.Size([40, 2048])
torch.Size([40, 2048])
torch.Size([40, 2048])
torch.Size([40, 2048])
torch.Size([40, 2048])
torch.Size([40, 2048])
torch.Size([40, 2048])
torch.Size([40, 2048])
torch.Size([40, 2048])
torch.Size([40, 2048])
torch.Size([40, 2048])
torch.Size([40, 2048])
torch.Size([40, 2048])
torch.Size([40, 2048])
torch.Size([20, 2048])
torch.Size([40, 2048])
torch.Size([40, 2048])
torch.Size([40, 2048])
torch.Size([40, 2048])
torch.Size([40, 2048])
torch.Size([40, 2048])
torch.Size([40, 2048])
torch.Size([40, 2048])
torch.Size([40, 2048])
torch.Size([40, 2048])
torch.Size([40, 2048])
torch.Size([40, 2048])
torch.Size([40, 2048])
torch.Size([40, 2048])
torch.Size([40, 2048])
torch.Size([40, 2048])
torch.Size([40, 2048])
torch.Size([40, 2048])
torch.Size([40, 2048])
torch.Size([40, 2048])
torch.Size([40, 2048])
torch.Size([40, 2048])
torch.Size([40, 2048])
torch.Size([40, 2048])
torch.Size([40, 2048])
torch.Size([40, 2048])
torch.Size([40, 2048])
torch.Size([20, 2048])
torch.Size([40, 2048])
torch.Size([40, 2048])
torch.Size([40, 2048])
torch.Size([40, 2048])
torch.Size([40, 2048])
torch.Size([40, 2048])
torch.Size([40, 2048])
torch.Size([40, 2048])
torch.Size([40, 2048])
torch.Size([40, 2048])
torch.Size([40, 2048])
torch.Size([40, 2048])
torch.Size([40, 2048])
torch.Size([40, 2048])
torch.Size([40, 2048])
torch.Size([40, 2048])
torch.Size([40, 2048])
torch.Size([40, 2048])
torch.Size([40, 2048])
torch.Size([40, 2048])
torch.Size([40, 2048])
torch.Size([40, 2048])
torch.Size([40, 2048])
torch.Size([40, 2048])
torch.Size([40, 2048])
torch.Size([40, 2048])
torch.Size([40, 2048])
torch.Size([20, 2048])
torch.Size([40, 2048])
torch.Size([40, 2048])
torch.Size([40, 2048])
torch.Size([40, 2048])
torch.Size([40, 2048])
torch.Size([40, 2048])
torch.Size([40, 2048])
torch.Size([40, 2048])
torch.Size([40, 2048])
torch.Size([40, 2048])
torch.Size([40, 2048])
torch.Size([40, 2048])
torch.Size([40, 2048])
torch.Size([40, 2048])
torch.Size([40, 2048])
torch.Size([40, 2048])
torch.Size([40, 2048])
torch.Size([40, 2048])
torch.Size([40, 2048])
torch.Size([40, 2048])
torch.Size([40, 2048])
torch.Size([40, 2048])
torch.Size([40, 2048])
torch.Size([40, 2048])
torch.Size([40, 2048])
torch.Size([40, 2048])
torch.Size([40, 2048])
torch.Size([20, 2048])
torch.Size([40, 2048])
torch.Size([40, 2048])
torch.Size([40, 2048])
torch.Size([40, 2048])
torch.Size([40, 2048])
torch.Size([40, 2048])
torch.Size([40, 2048])
torch.Size([40, 2048])
torch.Size([40, 2048])
torch.Size([40, 2048])
torch.Size([40, 2048])
torch.Size([40, 2048])
torch.Size([40, 2048])
torch.Size([40, 2048])
torch.Size([40, 2048])
torch.Size([40, 2048])
torch.Size([40, 2048])
torch.Size([40, 2048])
torch.Size([40, 2048])
torch.Size([40, 2048])
torch.Size([40, 2048])
torch.Size([40, 2048])
torch.Size([40, 2048])
torch.Size([40, 2048])
torch.Size([40, 2048])
torch.Size([40, 2048])
torch.Size([40, 2048])
torch.Size([20, 2048])
torch.Size([40, 2048])
torch.Size([40, 2048])
torch.Size([40, 2048])
torch.Size([40, 2048])
torch.Size([40, 2048])
torch.Size([40, 2048])
torch.Size([40, 2048])
torch.Size([40, 2048])
torch.Size([40, 2048])
torch.Size([40, 2048])
torch.Size([40, 2048])
torch.Size([40, 2048])
torch.Size([40, 2048])
torch.Size([40, 2048])
torch.Size([40, 2048])
torch.Size([40, 2048])
torch.Size([40, 2048])
torch.Size([40, 2048])
torch.Size([40, 2048])
torch.Size([40, 2048])
torch.Size([40, 2048])
torch.Size([40, 2048])
torch.Size([40, 2048])
torch.Size([40, 2048])
torch.Size([40, 2048])
torch.Size([40, 2048])
torch.Size([40, 2048])
torch.Size([20, 2048])
torch.Size([40, 2048])
torch.Size([40, 2048])
torch.Size([40, 2048])
torch.Size([40, 2048])
torch.Size([40, 2048])
torch.Size([40, 2048])
torch.Size([40, 2048])
torch.Size([40, 2048])
torch.Size([40, 2048])
torch.Size([40, 2048])
torch.Size([40, 2048])
torch.Size([40, 2048])
torch.Size([40, 2048])
torch.Size([40, 2048])
torch.Size([40, 2048])
torch.Size([40, 2048])
torch.Size([40, 2048])
torch.Size([40, 2048])
torch.Size([40, 2048])
torch.Size([40, 2048])
torch.Size([40, 2048])
torch.Size([40, 2048])
torch.Size([40, 2048])
torch.Size([40, 2048])
torch.Size([40, 2048])
torch.Size([40, 2048])
torch.Size([40, 2048])
torch.Size([20, 2048])
torch.Size([40, 2048])
torch.Size([40, 2048])
torch.Size([40, 2048])
torch.Size([40, 2048])
torch.Size([40, 2048])
torch.Size([40, 2048])
torch.Size([40, 2048])
torch.Size([40, 2048])
torch.Size([40, 2048])
torch.Size([40, 2048])
torch.Size([40, 2048])
torch.Size([40, 2048])
torch.Size([40, 2048])
torch.Size([40, 2048])
torch.Size([40, 2048])
torch.Size([40, 2048])
torch.Size([40, 2048])
torch.Size([40, 2048])
torch.Size([40, 2048])
torch.Size([40, 2048])
torch.Size([40, 2048])
torch.Size([40, 2048])
torch.Size([40, 2048])
torch.Size([40, 2048])
torch.Size([40, 2048])
torch.Size([40, 2048])
torch.Size([40, 2048])
torch.Size([20, 2048])
torch.Size([40, 2048])
torch.Size([40, 2048])
torch.Size([40, 2048])
torch.Size([40, 2048])
torch.Size([40, 2048])
torch.Size([40, 2048])
torch.Size([40, 2048])
torch.Size([40, 2048])
torch.Size([40, 2048])
torch.Size([40, 2048])
torch.Size([40, 2048])
torch.Size([40, 2048])
torch.Size([40, 2048])
torch.Size([40, 2048])
torch.Size([40, 2048])
torch.Size([40, 2048])
torch.Size([40, 2048])
torch.Size([40, 2048])
torch.Size([40, 2048])
torch.Size([40, 2048])
torch.Size([40, 2048])
torch.Size([40, 2048])
torch.Size([40, 2048])
torch.Size([40, 2048])
torch.Size([40, 2048])
torch.Size([40, 2048])
torch.Size([40, 2048])
torch.Size([20, 2048])
torch.Size([40, 2048])
torch.Size([40, 2048])
torch.Size([40, 2048])
torch.Size([40, 2048])
torch.Size([40, 2048])
torch.Size([40, 2048])
torch.Size([40, 2048])
torch.Size([40, 2048])
torch.Size([40, 2048])
torch.Size([40, 2048])
torch.Size([40, 2048])
torch.Size([40, 2048])
torch.Size([40, 2048])
torch.Size([40, 2048])
torch.Size([40, 2048])
torch.Size([40, 2048])
torch.Size([40, 2048])
torch.Size([40, 2048])
torch.Size([40, 2048])
torch.Size([40, 2048])
torch.Size([40, 2048])
torch.Size([40, 2048])
torch.Size([40, 2048])
torch.Size([40, 2048])
torch.Size([40, 2048])
torch.Size([40, 2048])
torch.Size([40, 2048])
torch.Size([20, 2048])
torch.Size([40, 2048])
torch.Size([40, 2048])
torch.Size([40, 2048])
torch.Size([40, 2048])
torch.Size([40, 2048])
torch.Size([40, 2048])
torch.Size([40, 2048])
torch.Size([40, 2048])
torch.Size([40, 2048])
torch.Size([40, 2048])
torch.Size([40, 2048])
torch.Size([40, 2048])
torch.Size([40, 2048])
torch.Size([40, 2048])
torch.Size([40, 2048])
torch.Size([40, 2048])
torch.Size([40, 2048])
torch.Size([40, 2048])
torch.Size([40, 2048])
torch.Size([40, 2048])
torch.Size([40, 2048])
torch.Size([40, 2048])
torch.Size([40, 2048])
torch.Size([40, 2048])
torch.Size([40, 2048])
torch.Size([40, 2048])
torch.Size([40, 2048])
torch.Size([20, 2048])
torch.Size([40, 2048])
torch.Size([40, 2048])
torch.Size([40, 2048])
torch.Size([40, 2048])
torch.Size([40, 2048])
torch.Size([40, 2048])
torch.Size([40, 2048])
torch.Size([40, 2048])
torch.Size([40, 2048])
torch.Size([40, 2048])
torch.Size([40, 2048])
torch.Size([40, 2048])
torch.Size([40, 2048])
torch.Size([40, 2048])
torch.Size([40, 2048])
torch.Size([40, 2048])
torch.Size([40, 2048])
torch.Size([40, 2048])
torch.Size([40, 2048])
torch.Size([40, 2048])
torch.Size([40, 2048])
torch.Size([40, 2048])
torch.Size([40, 2048])
torch.Size([40, 2048])
torch.Size([40, 2048])
torch.Size([40, 2048])
torch.Size([40, 2048])
torch.Size([20, 2048])
torch.Size([40, 2048])
torch.Size([40, 2048])
torch.Size([40, 2048])
torch.Size([40, 2048])
torch.Size([40, 2048])
torch.Size([40, 2048])
torch.Size([40, 2048])
torch.Size([40, 2048])
torch.Size([40, 2048])
torch.Size([40, 2048])
torch.Size([40, 2048])
torch.Size([40, 2048])
torch.Size([40, 2048])
torch.Size([40, 2048])
torch.Size([40, 2048])
torch.Size([40, 2048])
torch.Size([40, 2048])
torch.Size([40, 2048])
torch.Size([40, 2048])
torch.Size([40, 2048])
torch.Size([40, 2048])
torch.Size([40, 2048])
torch.Size([40, 2048])
torch.Size([40, 2048])
torch.Size([40, 2048])
torch.Size([40, 2048])
torch.Size([40, 2048])
torch.Size([20, 2048])
torch.Size([40, 2048])
torch.Size([40, 2048])
torch.Size([40, 2048])
torch.Size([40, 2048])
torch.Size([40, 2048])
torch.Size([40, 2048])
torch.Size([40, 2048])
torch.Size([40, 2048])
torch.Size([40, 2048])
torch.Size([40, 2048])
torch.Size([40, 2048])
torch.Size([40, 2048])
torch.Size([40, 2048])
torch.Size([40, 2048])
torch.Size([40, 2048])
torch.Size([40, 2048])
torch.Size([40, 2048])
torch.Size([40, 2048])
torch.Size([40, 2048])
torch.Size([40, 2048])
torch.Size([40, 2048])
torch.Size([40, 2048])
torch.Size([40, 2048])
torch.Size([40, 2048])
torch.Size([40, 2048])
torch.Size([40, 2048])
torch.Size([40, 2048])
torch.Size([20, 2048])
torch.Size([40, 2048])
torch.Size([40, 2048])
torch.Size([40, 2048])
torch.Size([40, 2048])
torch.Size([40, 2048])
torch.Size([40, 2048])
torch.Size([40, 2048])
torch.Size([40, 2048])
torch.Size([40, 2048])
torch.Size([40, 2048])
torch.Size([40, 2048])
torch.Size([40, 2048])
torch.Size([40, 2048])
torch.Size([40, 2048])
torch.Size([40, 2048])
torch.Size([40, 2048])
torch.Size([40, 2048])
torch.Size([40, 2048])
torch.Size([40, 2048])
torch.Size([40, 2048])
torch.Size([40, 2048])
torch.Size([40, 2048])
torch.Size([40, 2048])
torch.Size([40, 2048])
torch.Size([40, 2048])
torch.Size([40, 2048])
torch.Size([40, 2048])
torch.Size([20, 2048])
torch.Size([40, 2048])
torch.Size([40, 2048])
torch.Size([40, 2048])
torch.Size([40, 2048])
torch.Size([40, 2048])
torch.Size([40, 2048])
torch.Size([40, 2048])
torch.Size([40, 2048])
torch.Size([40, 2048])
torch.Size([40, 2048])
torch.Size([40, 2048])
torch.Size([40, 2048])
torch.Size([40, 2048])
torch.Size([40, 2048])
torch.Size([40, 2048])
torch.Size([40, 2048])
torch.Size([40, 2048])
torch.Size([40, 2048])
torch.Size([40, 2048])
torch.Size([40, 2048])
torch.Size([40, 2048])
torch.Size([40, 2048])
torch.Size([40, 2048])
torch.Size([40, 2048])
torch.Size([40, 2048])
torch.Size([40, 2048])
torch.Size([40, 2048])
torch.Size([20, 2048])
torch.Size([40, 2048])
torch.Size([40, 2048])
torch.Size([40, 2048])
torch.Size([40, 2048])
torch.Size([40, 2048])
torch.Size([40, 2048])
torch.Size([40, 2048])
torch.Size([40, 2048])
torch.Size([40, 2048])
torch.Size([40, 2048])
torch.Size([40, 2048])
torch.Size([40, 2048])
torch.Size([40, 2048])
torch.Size([40, 2048])
torch.Size([40, 2048])
torch.Size([40, 2048])
torch.Size([40, 2048])
torch.Size([40, 2048])
torch.Size([40, 2048])
torch.Size([40, 2048])
torch.Size([40, 2048])
torch.Size([40, 2048])
torch.Size([40, 2048])
torch.Size([40, 2048])
torch.Size([40, 2048])
torch.Size([40, 2048])
torch.Size([40, 2048])
torch.Size([20, 2048])
torch.Size([40, 2048])
torch.Size([40, 2048])
torch.Size([40, 2048])
torch.Size([40, 2048])
torch.Size([40, 2048])
torch.Size([40, 2048])
torch.Size([40, 2048])
torch.Size([40, 2048])
torch.Size([40, 2048])
torch.Size([40, 2048])
torch.Size([40, 2048])
torch.Size([40, 2048])
torch.Size([40, 2048])
torch.Size([40, 2048])
torch.Size([40, 2048])
torch.Size([40, 2048])
torch.Size([40, 2048])
torch.Size([40, 2048])
torch.Size([40, 2048])
torch.Size([40, 2048])
torch.Size([40, 2048])
torch.Size([40, 2048])
torch.Size([40, 2048])
torch.Size([40, 2048])
torch.Size([40, 2048])
torch.Size([40, 2048])
torch.Size([40, 2048])
torch.Size([20, 2048])
torch.Size([40, 2048])
torch.Size([40, 2048])
torch.Size([40, 2048])
torch.Size([40, 2048])
torch.Size([40, 2048])
torch.Size([40, 2048])
torch.Size([40, 2048])
torch.Size([40, 2048])
torch.Size([40, 2048])
torch.Size([40, 2048])
torch.Size([40, 2048])
torch.Size([40, 2048])
torch.Size([40, 2048])
torch.Size([40, 2048])
torch.Size([40, 2048])
torch.Size([40, 2048])
torch.Size([40, 2048])
torch.Size([40, 2048])
torch.Size([40, 2048])
torch.Size([40, 2048])
torch.Size([40, 2048])
torch.Size([40, 2048])
torch.Size([40, 2048])
torch.Size([40, 2048])
torch.Size([40, 2048])
torch.Size([40, 2048])
torch.Size([40, 2048])
torch.Size([20, 2048])
torch.Size([40, 2048])
torch.Size([40, 2048])
torch.Size([40, 2048])
torch.Size([40, 2048])
torch.Size([40, 2048])
torch.Size([40, 2048])
torch.Size([40, 2048])
torch.Size([40, 2048])
torch.Size([40, 2048])
torch.Size([40, 2048])
torch.Size([40, 2048])
torch.Size([40, 2048])
torch.Size([40, 2048])
torch.Size([40, 2048])
torch.Size([40, 2048])
torch.Size([40, 2048])
torch.Size([40, 2048])
torch.Size([40, 2048])
torch.Size([40, 2048])
torch.Size([40, 2048])
torch.Size([40, 2048])
torch.Size([40, 2048])
torch.Size([40, 2048])
torch.Size([40, 2048])
torch.Size([40, 2048])
torch.Size([40, 2048])
torch.Size([40, 2048])
torch.Size([20, 2048])
torch.Size([40, 2048])
torch.Size([40, 2048])
torch.Size([40, 2048])
torch.Size([40, 2048])
torch.Size([40, 2048])
torch.Size([40, 2048])
torch.Size([40, 2048])
torch.Size([40, 2048])
torch.Size([40, 2048])
torch.Size([40, 2048])
torch.Size([40, 2048])
torch.Size([40, 2048])
torch.Size([40, 2048])
torch.Size([40, 2048])
torch.Size([40, 2048])
torch.Size([40, 2048])
torch.Size([40, 2048])
torch.Size([40, 2048])
torch.Size([40, 2048])
torch.Size([40, 2048])
torch.Size([40, 2048])
torch.Size([40, 2048])
torch.Size([40, 2048])
torch.Size([40, 2048])
torch.Size([40, 2048])
torch.Size([40, 2048])
torch.Size([40, 2048])
torch.Size([20, 2048])
torch.Size([40, 2048])
torch.Size([40, 2048])
torch.Size([40, 2048])
torch.Size([40, 2048])
torch.Size([40, 2048])
torch.Size([40, 2048])
torch.Size([40, 2048])
torch.Size([40, 2048])
torch.Size([40, 2048])
torch.Size([40, 2048])
torch.Size([40, 2048])
torch.Size([40, 2048])
torch.Size([40, 2048])
torch.Size([40, 2048])
torch.Size([40, 2048])
torch.Size([40, 2048])
torch.Size([40, 2048])
torch.Size([40, 2048])
torch.Size([40, 2048])
torch.Size([40, 2048])
torch.Size([40, 2048])
torch.Size([40, 2048])
torch.Size([40, 2048])
torch.Size([40, 2048])
torch.Size([40, 2048])
torch.Size([40, 2048])
torch.Size([40, 2048])
torch.Size([20, 2048])
torch.Size([40, 2048])
torch.Size([40, 2048])
torch.Size([40, 2048])
torch.Size([40, 2048])
torch.Size([40, 2048])
torch.Size([40, 2048])
torch.Size([40, 2048])
torch.Size([40, 2048])
torch.Size([40, 2048])
torch.Size([40, 2048])
torch.Size([40, 2048])
torch.Size([40, 2048])
torch.Size([40, 2048])
torch.Size([40, 2048])
torch.Size([40, 2048])
torch.Size([40, 2048])
torch.Size([40, 2048])
torch.Size([40, 2048])
torch.Size([40, 2048])
torch.Size([40, 2048])
torch.Size([40, 2048])
torch.Size([40, 2048])
torch.Size([40, 2048])
torch.Size([40, 2048])
torch.Size([40, 2048])
torch.Size([40, 2048])
torch.Size([40, 2048])
torch.Size([20, 2048])
torch.Size([40, 2048])
torch.Size([40, 2048])
torch.Size([40, 2048])
torch.Size([40, 2048])
torch.Size([40, 2048])
torch.Size([40, 2048])
torch.Size([40, 2048])
torch.Size([40, 2048])
torch.Size([40, 2048])
torch.Size([40, 2048])
torch.Size([40, 2048])
torch.Size([40, 2048])
torch.Size([40, 2048])
torch.Size([40, 2048])
torch.Size([40, 2048])
torch.Size([40, 2048])
torch.Size([40, 2048])
torch.Size([40, 2048])
torch.Size([40, 2048])
torch.Size([40, 2048])
torch.Size([40, 2048])
torch.Size([40, 2048])
torch.Size([40, 2048])
torch.Size([40, 2048])
torch.Size([40, 2048])
torch.Size([40, 2048])
torch.Size([40, 2048])
torch.Size([20, 2048])
torch.Size([40, 2048])
torch.Size([40, 2048])
torch.Size([40, 2048])
torch.Size([40, 2048])
torch.Size([40, 2048])
torch.Size([40, 2048])
torch.Size([40, 2048])
torch.Size([40, 2048])
torch.Size([40, 2048])
torch.Size([40, 2048])
torch.Size([40, 2048])
torch.Size([40, 2048])
torch.Size([40, 2048])
torch.Size([40, 2048])
torch.Size([40, 2048])
torch.Size([40, 2048])
torch.Size([40, 2048])
torch.Size([40, 2048])
torch.Size([40, 2048])
torch.Size([40, 2048])
torch.Size([40, 2048])
torch.Size([40, 2048])
torch.Size([40, 2048])
torch.Size([40, 2048])
torch.Size([40, 2048])
torch.Size([40, 2048])
torch.Size([40, 2048])
torch.Size([20, 2048])
torch.Size([40, 2048])
torch.Size([40, 2048])
torch.Size([40, 2048])
torch.Size([40, 2048])
torch.Size([40, 2048])
torch.Size([40, 2048])
torch.Size([40, 2048])
torch.Size([40, 2048])
torch.Size([40, 2048])
torch.Size([40, 2048])
torch.Size([40, 2048])
torch.Size([40, 2048])
torch.Size([40, 2048])
torch.Size([40, 2048])
torch.Size([40, 2048])
torch.Size([40, 2048])
torch.Size([40, 2048])
torch.Size([40, 2048])
torch.Size([40, 2048])
torch.Size([40, 2048])
torch.Size([40, 2048])
torch.Size([40, 2048])
torch.Size([40, 2048])
torch.Size([40, 2048])
torch.Size([40, 2048])
torch.Size([40, 2048])
torch.Size([40, 2048])
torch.Size([20, 2048])
torch.Size([40, 2048])
torch.Size([40, 2048])
torch.Size([40, 2048])
torch.Size([40, 2048])
torch.Size([40, 2048])
torch.Size([40, 2048])
torch.Size([40, 2048])
torch.Size([40, 2048])
torch.Size([40, 2048])
torch.Size([40, 2048])
torch.Size([40, 2048])
torch.Size([40, 2048])
torch.Size([40, 2048])
torch.Size([40, 2048])
torch.Size([40, 2048])
torch.Size([40, 2048])
torch.Size([40, 2048])
torch.Size([40, 2048])
torch.Size([40, 2048])
torch.Size([40, 2048])
torch.Size([40, 2048])
torch.Size([40, 2048])
torch.Size([40, 2048])
torch.Size([40, 2048])
torch.Size([40, 2048])
torch.Size([40, 2048])
torch.Size([40, 2048])
torch.Size([20, 2048])
torch.Size([40, 2048])
torch.Size([40, 2048])
torch.Size([40, 2048])
torch.Size([40, 2048])
torch.Size([40, 2048])
torch.Size([40, 2048])
torch.Size([40, 2048])
torch.Size([40, 2048])
torch.Size([40, 2048])
torch.Size([40, 2048])
torch.Size([40, 2048])
torch.Size([40, 2048])
torch.Size([40, 2048])
torch.Size([40, 2048])
torch.Size([40, 2048])
torch.Size([40, 2048])
torch.Size([40, 2048])
torch.Size([40, 2048])
torch.Size([40, 2048])
torch.Size([40, 2048])
torch.Size([40, 2048])
torch.Size([40, 2048])
torch.Size([40, 2048])
torch.Size([40, 2048])
torch.Size([40, 2048])
torch.Size([40, 2048])
torch.Size([40, 2048])
torch.Size([20, 2048])
torch.Size([40, 2048])
torch.Size([40, 2048])
torch.Size([40, 2048])
torch.Size([40, 2048])
torch.Size([40, 2048])
torch.Size([40, 2048])
torch.Size([40, 2048])
torch.Size([40, 2048])
torch.Size([40, 2048])
torch.Size([40, 2048])
torch.Size([40, 2048])
torch.Size([40, 2048])
torch.Size([40, 2048])
torch.Size([40, 2048])
torch.Size([40, 2048])
torch.Size([40, 2048])
torch.Size([40, 2048])
torch.Size([40, 2048])
torch.Size([40, 2048])
torch.Size([40, 2048])
torch.Size([40, 2048])
torch.Size([40, 2048])
torch.Size([40, 2048])
torch.Size([40, 2048])
torch.Size([40, 2048])
torch.Size([40, 2048])
torch.Size([40, 2048])
torch.Size([20, 2048])
torch.Size([40, 2048])
torch.Size([40, 2048])
torch.Size([40, 2048])
torch.Size([40, 2048])
torch.Size([40, 2048])
torch.Size([40, 2048])
torch.Size([40, 2048])
torch.Size([40, 2048])
torch.Size([40, 2048])
torch.Size([40, 2048])
torch.Size([40, 2048])
torch.Size([40, 2048])
torch.Size([40, 2048])
torch.Size([40, 2048])
torch.Size([40, 2048])
torch.Size([40, 2048])
torch.Size([40, 2048])
torch.Size([40, 2048])
torch.Size([40, 2048])
torch.Size([40, 2048])
torch.Size([40, 2048])
torch.Size([40, 2048])
torch.Size([40, 2048])
torch.Size([40, 2048])
torch.Size([40, 2048])
torch.Size([40, 2048])
torch.Size([40, 2048])
torch.Size([20, 2048])
torch.Size([40, 2048])
torch.Size([40, 2048])
torch.Size([40, 2048])
torch.Size([40, 2048])
torch.Size([40, 2048])
torch.Size([40, 2048])
torch.Size([40, 2048])
torch.Size([40, 2048])
torch.Size([40, 2048])
torch.Size([40, 2048])
torch.Size([40, 2048])
torch.Size([40, 2048])
torch.Size([40, 2048])
torch.Size([40, 2048])
torch.Size([40, 2048])
torch.Size([40, 2048])
torch.Size([40, 2048])
torch.Size([40, 2048])
torch.Size([40, 2048])
torch.Size([40, 2048])
torch.Size([40, 2048])
torch.Size([40, 2048])
torch.Size([40, 2048])
torch.Size([40, 2048])
torch.Size([40, 2048])
torch.Size([40, 2048])
torch.Size([40, 2048])
torch.Size([20, 2048])
torch.Size([40, 2048])
torch.Size([40, 2048])
torch.Size([40, 2048])
torch.Size([40, 2048])
torch.Size([40, 2048])
torch.Size([40, 2048])
torch.Size([40, 2048])
torch.Size([40, 2048])
torch.Size([40, 2048])
torch.Size([40, 2048])
torch.Size([40, 2048])
torch.Size([40, 2048])
torch.Size([40, 2048])
torch.Size([40, 2048])
torch.Size([40, 2048])
torch.Size([40, 2048])
torch.Size([40, 2048])
torch.Size([40, 2048])
torch.Size([40, 2048])
torch.Size([40, 2048])
torch.Size([40, 2048])
torch.Size([40, 2048])
torch.Size([40, 2048])
torch.Size([40, 2048])
torch.Size([40, 2048])
torch.Size([40, 2048])
torch.Size([40, 2048])
torch.Size([20, 2048])
torch.Size([40, 2048])
torch.Size([40, 2048])
torch.Size([40, 2048])
torch.Size([40, 2048])
torch.Size([40, 2048])
torch.Size([40, 2048])
torch.Size([40, 2048])
torch.Size([40, 2048])
torch.Size([40, 2048])
torch.Size([40, 2048])
torch.Size([40, 2048])
torch.Size([40, 2048])
torch.Size([40, 2048])
torch.Size([40, 2048])
torch.Size([40, 2048])
torch.Size([40, 2048])
torch.Size([40, 2048])
torch.Size([40, 2048])
torch.Size([40, 2048])
torch.Size([40, 2048])
torch.Size([40, 2048])
torch.Size([40, 2048])
torch.Size([40, 2048])
torch.Size([40, 2048])
torch.Size([40, 2048])
torch.Size([40, 2048])
torch.Size([40, 2048])
torch.Size([20, 2048])
torch.Size([40, 2048])
torch.Size([40, 2048])
torch.Size([40, 2048])
torch.Size([40, 2048])
torch.Size([40, 2048])
torch.Size([40, 2048])
torch.Size([40, 2048])
torch.Size([40, 2048])
torch.Size([40, 2048])
torch.Size([40, 2048])
torch.Size([40, 2048])
torch.Size([40, 2048])
torch.Size([40, 2048])
torch.Size([40, 2048])
torch.Size([40, 2048])
torch.Size([40, 2048])
torch.Size([40, 2048])
torch.Size([40, 2048])
torch.Size([40, 2048])
torch.Size([40, 2048])
torch.Size([40, 2048])
torch.Size([40, 2048])
torch.Size([40, 2048])
torch.Size([40, 2048])
torch.Size([40, 2048])
torch.Size([40, 2048])
torch.Size([40, 2048])
torch.Size([20, 2048])
torch.Size([40, 2048])
torch.Size([40, 2048])
torch.Size([40, 2048])
torch.Size([40, 2048])
torch.Size([40, 2048])
torch.Size([40, 2048])
torch.Size([40, 2048])
torch.Size([40, 2048])
torch.Size([40, 2048])
torch.Size([40, 2048])
torch.Size([40, 2048])
torch.Size([40, 2048])
torch.Size([40, 2048])
torch.Size([40, 2048])
torch.Size([40, 2048])
torch.Size([40, 2048])
torch.Size([40, 2048])
torch.Size([40, 2048])
torch.Size([40, 2048])
torch.Size([40, 2048])
torch.Size([40, 2048])
torch.Size([40, 2048])
torch.Size([40, 2048])
torch.Size([40, 2048])
torch.Size([40, 2048])
torch.Size([40, 2048])
torch.Size([40, 2048])
torch.Size([20, 2048])
torch.Size([40, 2048])
torch.Size([40, 2048])
torch.Size([40, 2048])
torch.Size([40, 2048])
torch.Size([40, 2048])
torch.Size([40, 2048])
torch.Size([40, 2048])
torch.Size([40, 2048])
torch.Size([40, 2048])
torch.Size([40, 2048])
torch.Size([40, 2048])
torch.Size([40, 2048])
torch.Size([40, 2048])
torch.Size([40, 2048])
torch.Size([40, 2048])
torch.Size([40, 2048])
torch.Size([40, 2048])
torch.Size([40, 2048])
torch.Size([40, 2048])
torch.Size([40, 2048])
torch.Size([40, 2048])
torch.Size([40, 2048])
torch.Size([40, 2048])
torch.Size([40, 2048])
torch.Size([40, 2048])
torch.Size([40, 2048])
torch.Size([40, 2048])
torch.Size([20, 2048])
torch.Size([40, 2048])
torch.Size([40, 2048])
torch.Size([40, 2048])
torch.Size([40, 2048])
torch.Size([40, 2048])
torch.Size([40, 2048])
torch.Size([40, 2048])
torch.Size([40, 2048])
torch.Size([40, 2048])
torch.Size([40, 2048])
torch.Size([40, 2048])
torch.Size([40, 2048])
torch.Size([40, 2048])
torch.Size([40, 2048])
torch.Size([40, 2048])
torch.Size([40, 2048])
torch.Size([40, 2048])
torch.Size([40, 2048])
torch.Size([40, 2048])
torch.Size([40, 2048])
torch.Size([40, 2048])
torch.Size([40, 2048])
torch.Size([40, 2048])
torch.Size([40, 2048])
torch.Size([40, 2048])
torch.Size([40, 2048])
torch.Size([40, 2048])
torch.Size([20, 2048])
torch.Size([40, 2048])
torch.Size([40, 2048])
torch.Size([40, 2048])
torch.Size([40, 2048])
torch.Size([40, 2048])
torch.Size([40, 2048])
torch.Size([40, 2048])
torch.Size([40, 2048])
torch.Size([40, 2048])
torch.Size([40, 2048])
torch.Size([40, 2048])
torch.Size([40, 2048])
torch.Size([40, 2048])
torch.Size([40, 2048])
torch.Size([40, 2048])
torch.Size([40, 2048])
torch.Size([40, 2048])
torch.Size([40, 2048])
torch.Size([40, 2048])
torch.Size([40, 2048])
torch.Size([40, 2048])
torch.Size([40, 2048])
torch.Size([40, 2048])
torch.Size([40, 2048])
torch.Size([40, 2048])
torch.Size([40, 2048])
torch.Size([40, 2048])
torch.Size([20, 2048])
torch.Size([40, 2048])
torch.Size([40, 2048])
torch.Size([40, 2048])
torch.Size([40, 2048])
torch.Size([40, 2048])
torch.Size([40, 2048])
torch.Size([40, 2048])
torch.Size([40, 2048])
torch.Size([40, 2048])
torch.Size([40, 2048])
torch.Size([40, 2048])
torch.Size([40, 2048])
torch.Size([40, 2048])
torch.Size([40, 2048])
torch.Size([40, 2048])
torch.Size([40, 2048])
torch.Size([40, 2048])
torch.Size([40, 2048])
torch.Size([40, 2048])
torch.Size([40, 2048])
torch.Size([40, 2048])
torch.Size([40, 2048])
torch.Size([40, 2048])
torch.Size([40, 2048])
torch.Size([40, 2048])
torch.Size([40, 2048])
torch.Size([40, 2048])
torch.Size([20, 2048])
torch.Size([40, 2048])
torch.Size([40, 2048])
torch.Size([40, 2048])
torch.Size([40, 2048])
torch.Size([40, 2048])
torch.Size([40, 2048])
torch.Size([40, 2048])
torch.Size([40, 2048])
torch.Size([40, 2048])
torch.Size([40, 2048])
torch.Size([40, 2048])
torch.Size([40, 2048])
torch.Size([40, 2048])
torch.Size([40, 2048])
torch.Size([40, 2048])
torch.Size([40, 2048])
torch.Size([40, 2048])
torch.Size([40, 2048])
torch.Size([40, 2048])
torch.Size([40, 2048])
torch.Size([40, 2048])
torch.Size([40, 2048])
torch.Size([40, 2048])
torch.Size([40, 2048])
torch.Size([40, 2048])
torch.Size([40, 2048])
torch.Size([40, 2048])
torch.Size([20, 2048])
torch.Size([40, 2048])
torch.Size([40, 2048])
torch.Size([40, 2048])
torch.Size([40, 2048])
torch.Size([40, 2048])
torch.Size([40, 2048])
torch.Size([40, 2048])
torch.Size([40, 2048])
torch.Size([40, 2048])
torch.Size([40, 2048])
torch.Size([40, 2048])
torch.Size([40, 2048])
torch.Size([40, 2048])
torch.Size([40, 2048])
torch.Size([40, 2048])
torch.Size([40, 2048])
torch.Size([40, 2048])
torch.Size([40, 2048])
torch.Size([40, 2048])
torch.Size([40, 2048])
torch.Size([40, 2048])
torch.Size([40, 2048])
torch.Size([40, 2048])
torch.Size([40, 2048])
torch.Size([40, 2048])
torch.Size([40, 2048])
torch.Size([40, 2048])
torch.Size([20, 2048])
torch.Size([40, 2048])
torch.Size([40, 2048])
torch.Size([40, 2048])
torch.Size([40, 2048])
torch.Size([40, 2048])
torch.Size([40, 2048])
torch.Size([40, 2048])
torch.Size([40, 2048])
torch.Size([40, 2048])
torch.Size([40, 2048])
torch.Size([40, 2048])
torch.Size([40, 2048])
torch.Size([40, 2048])
torch.Size([40, 2048])
torch.Size([40, 2048])
torch.Size([40, 2048])
torch.Size([40, 2048])
torch.Size([40, 2048])
torch.Size([40, 2048])
torch.Size([40, 2048])
torch.Size([40, 2048])
torch.Size([40, 2048])
torch.Size([40, 2048])
torch.Size([40, 2048])
torch.Size([40, 2048])
torch.Size([40, 2048])
torch.Size([40, 2048])
torch.Size([20, 2048])
torch.Size([40, 2048])
torch.Size([40, 2048])
torch.Size([40, 2048])
torch.Size([40, 2048])
torch.Size([40, 2048])
torch.Size([40, 2048])
torch.Size([40, 2048])
torch.Size([40, 2048])
torch.Size([40, 2048])
torch.Size([40, 2048])
torch.Size([40, 2048])
torch.Size([40, 2048])
torch.Size([40, 2048])
torch.Size([40, 2048])
torch.Size([40, 2048])
torch.Size([40, 2048])
torch.Size([40, 2048])
torch.Size([40, 2048])
torch.Size([40, 2048])
torch.Size([40, 2048])
torch.Size([40, 2048])
torch.Size([40, 2048])
torch.Size([40, 2048])
torch.Size([40, 2048])
torch.Size([40, 2048])
torch.Size([40, 2048])
torch.Size([40, 2048])
torch.Size([20, 2048])
torch.Size([40, 2048])
torch.Size([40, 2048])
torch.Size([40, 2048])
torch.Size([40, 2048])
torch.Size([40, 2048])
torch.Size([40, 2048])
torch.Size([40, 2048])
torch.Size([40, 2048])
torch.Size([40, 2048])
torch.Size([40, 2048])
torch.Size([40, 2048])
torch.Size([40, 2048])
torch.Size([40, 2048])
torch.Size([40, 2048])
torch.Size([40, 2048])
torch.Size([40, 2048])
torch.Size([40, 2048])
torch.Size([40, 2048])
torch.Size([40, 2048])
torch.Size([40, 2048])
torch.Size([40, 2048])
torch.Size([40, 2048])
torch.Size([40, 2048])
torch.Size([40, 2048])
torch.Size([40, 2048])
torch.Size([40, 2048])
torch.Size([40, 2048])
torch.Size([20, 2048])
torch.Size([40, 2048])
torch.Size([40, 2048])
torch.Size([40, 2048])
torch.Size([40, 2048])
torch.Size([40, 2048])
torch.Size([40, 2048])
torch.Size([40, 2048])
torch.Size([40, 2048])
torch.Size([40, 2048])
torch.Size([40, 2048])
torch.Size([40, 2048])
torch.Size([40, 2048])
torch.Size([40, 2048])
torch.Size([40, 2048])
torch.Size([40, 2048])
torch.Size([40, 2048])
torch.Size([40, 2048])
torch.Size([40, 2048])
torch.Size([40, 2048])
torch.Size([40, 2048])
torch.Size([40, 2048])
torch.Size([40, 2048])
torch.Size([40, 2048])
torch.Size([40, 2048])
torch.Size([40, 2048])
torch.Size([40, 2048])
torch.Size([40, 2048])
torch.Size([20, 2048])
torch.Size([40, 2048])
torch.Size([40, 2048])
torch.Size([40, 2048])
torch.Size([40, 2048])
torch.Size([40, 2048])
torch.Size([40, 2048])
torch.Size([40, 2048])
torch.Size([40, 2048])
torch.Size([40, 2048])
torch.Size([40, 2048])
torch.Size([40, 2048])
torch.Size([40, 2048])
torch.Size([40, 2048])
torch.Size([40, 2048])
torch.Size([40, 2048])
torch.Size([40, 2048])
torch.Size([40, 2048])
torch.Size([40, 2048])
torch.Size([40, 2048])
torch.Size([40, 2048])
torch.Size([40, 2048])
torch.Size([40, 2048])
torch.Size([40, 2048])
torch.Size([40, 2048])
torch.Size([40, 2048])
torch.Size([40, 2048])
torch.Size([40, 2048])
torch.Size([20, 2048])
torch.Size([40, 2048])
torch.Size([40, 2048])
torch.Size([40, 2048])
torch.Size([40, 2048])
torch.Size([40, 2048])
torch.Size([40, 2048])
torch.Size([40, 2048])
torch.Size([40, 2048])
torch.Size([40, 2048])
torch.Size([40, 2048])
torch.Size([40, 2048])
torch.Size([40, 2048])
torch.Size([40, 2048])
torch.Size([40, 2048])
torch.Size([40, 2048])
torch.Size([40, 2048])
torch.Size([40, 2048])
torch.Size([40, 2048])
torch.Size([40, 2048])
torch.Size([40, 2048])
torch.Size([40, 2048])
torch.Size([40, 2048])
torch.Size([40, 2048])
torch.Size([40, 2048])
torch.Size([40, 2048])
torch.Size([40, 2048])
torch.Size([40, 2048])
torch.Size([20, 2048])
torch.Size([40, 2048])
torch.Size([40, 2048])
torch.Size([40, 2048])
torch.Size([40, 2048])
torch.Size([40, 2048])
torch.Size([40, 2048])
torch.Size([40, 2048])
torch.Size([40, 2048])
torch.Size([40, 2048])
torch.Size([40, 2048])
torch.Size([40, 2048])
torch.Size([40, 2048])
torch.Size([40, 2048])
torch.Size([40, 2048])
torch.Size([40, 2048])
torch.Size([40, 2048])
torch.Size([40, 2048])
torch.Size([40, 2048])
torch.Size([40, 2048])
torch.Size([40, 2048])
torch.Size([40, 2048])
torch.Size([40, 2048])
torch.Size([40, 2048])
torch.Size([40, 2048])
torch.Size([40, 2048])
torch.Size([40, 2048])
torch.Size([40, 2048])
torch.Size([20, 2048])
torch.Size([40, 2048])
torch.Size([40, 2048])
torch.Size([40, 2048])
torch.Size([40, 2048])
torch.Size([40, 2048])
torch.Size([40, 2048])
torch.Size([40, 2048])
torch.Size([40, 2048])
torch.Size([40, 2048])
torch.Size([40, 2048])
torch.Size([40, 2048])
torch.Size([40, 2048])
torch.Size([40, 2048])
torch.Size([40, 2048])
torch.Size([40, 2048])
torch.Size([40, 2048])
torch.Size([40, 2048])
torch.Size([40, 2048])
torch.Size([40, 2048])
torch.Size([40, 2048])
torch.Size([40, 2048])
torch.Size([40, 2048])
torch.Size([40, 2048])
torch.Size([40, 2048])
torch.Size([40, 2048])
torch.Size([40, 2048])
torch.Size([40, 2048])
torch.Size([20, 2048])
torch.Size([40, 2048])
torch.Size([40, 2048])
torch.Size([40, 2048])
torch.Size([40, 2048])
torch.Size([40, 2048])
torch.Size([40, 2048])
torch.Size([40, 2048])
torch.Size([40, 2048])
torch.Size([40, 2048])
torch.Size([40, 2048])
torch.Size([40, 2048])
torch.Size([40, 2048])
torch.Size([40, 2048])
torch.Size([40, 2048])
torch.Size([40, 2048])
torch.Size([40, 2048])
torch.Size([40, 2048])
torch.Size([40, 2048])
torch.Size([40, 2048])
torch.Size([40, 2048])
torch.Size([40, 2048])
torch.Size([40, 2048])
torch.Size([40, 2048])
torch.Size([40, 2048])
torch.Size([40, 2048])
torch.Size([40, 2048])
torch.Size([40, 2048])
torch.Size([20, 2048])
torch.Size([40, 2048])
torch.Size([40, 2048])
torch.Size([40, 2048])
torch.Size([40, 2048])
torch.Size([40, 2048])
torch.Size([40, 2048])
torch.Size([40, 2048])
torch.Size([40, 2048])
torch.Size([40, 2048])
torch.Size([40, 2048])
torch.Size([40, 2048])
torch.Size([40, 2048])
torch.Size([40, 2048])
torch.Size([40, 2048])
torch.Size([40, 2048])
torch.Size([40, 2048])
torch.Size([40, 2048])
torch.Size([40, 2048])
torch.Size([40, 2048])
torch.Size([40, 2048])
torch.Size([40, 2048])
torch.Size([40, 2048])
torch.Size([40, 2048])
torch.Size([40, 2048])
torch.Size([40, 2048])
torch.Size([40, 2048])
torch.Size([40, 2048])
torch.Size([20, 2048])
torch.Size([40, 2048])
torch.Size([40, 2048])
torch.Size([40, 2048])
torch.Size([40, 2048])
torch.Size([40, 2048])
torch.Size([40, 2048])
torch.Size([40, 2048])
torch.Size([40, 2048])
torch.Size([40, 2048])
torch.Size([40, 2048])
torch.Size([40, 2048])
torch.Size([40, 2048])
torch.Size([40, 2048])
torch.Size([40, 2048])
torch.Size([40, 2048])
torch.Size([40, 2048])
torch.Size([40, 2048])
torch.Size([40, 2048])
torch.Size([40, 2048])
torch.Size([40, 2048])
torch.Size([40, 2048])
torch.Size([40, 2048])
torch.Size([40, 2048])
torch.Size([40, 2048])
torch.Size([40, 2048])
torch.Size([40, 2048])
torch.Size([40, 2048])
torch.Size([20, 2048])
torch.Size([40, 2048])
torch.Size([40, 2048])
torch.Size([40, 2048])
torch.Size([40, 2048])
torch.Size([40, 2048])
torch.Size([40, 2048])
torch.Size([40, 2048])
torch.Size([40, 2048])
torch.Size([40, 2048])
torch.Size([40, 2048])
torch.Size([40, 2048])
torch.Size([40, 2048])
torch.Size([40, 2048])
torch.Size([40, 2048])
torch.Size([40, 2048])
torch.Size([40, 2048])
torch.Size([40, 2048])
torch.Size([40, 2048])
torch.Size([40, 2048])
torch.Size([40, 2048])
torch.Size([40, 2048])
torch.Size([40, 2048])
torch.Size([40, 2048])
torch.Size([40, 2048])
torch.Size([40, 2048])
torch.Size([40, 2048])
torch.Size([40, 2048])
torch.Size([20, 2048])
torch.Size([40, 2048])
torch.Size([40, 2048])
torch.Size([40, 2048])
torch.Size([40, 2048])
torch.Size([40, 2048])
torch.Size([40, 2048])
torch.Size([40, 2048])
torch.Size([40, 2048])
torch.Size([40, 2048])
torch.Size([40, 2048])
torch.Size([40, 2048])
torch.Size([40, 2048])
torch.Size([40, 2048])
torch.Size([40, 2048])
torch.Size([40, 2048])
torch.Size([40, 2048])
torch.Size([40, 2048])
torch.Size([40, 2048])
torch.Size([40, 2048])
torch.Size([40, 2048])
torch.Size([40, 2048])
torch.Size([40, 2048])
torch.Size([40, 2048])
torch.Size([40, 2048])
torch.Size([40, 2048])
torch.Size([40, 2048])
torch.Size([40, 2048])
torch.Size([20, 2048])
torch.Size([40, 2048])
torch.Size([40, 2048])
torch.Size([40, 2048])
torch.Size([40, 2048])
torch.Size([40, 2048])
torch.Size([40, 2048])
torch.Size([40, 2048])
torch.Size([40, 2048])
torch.Size([40, 2048])
torch.Size([40, 2048])
torch.Size([40, 2048])
torch.Size([40, 2048])
torch.Size([40, 2048])
torch.Size([40, 2048])
torch.Size([40, 2048])
torch.Size([40, 2048])
torch.Size([40, 2048])
torch.Size([40, 2048])
torch.Size([40, 2048])
torch.Size([40, 2048])
torch.Size([40, 2048])
torch.Size([40, 2048])
torch.Size([40, 2048])
torch.Size([40, 2048])
torch.Size([40, 2048])
torch.Size([40, 2048])
torch.Size([40, 2048])
torch.Size([20, 2048])
torch.Size([40, 2048])
torch.Size([40, 2048])
torch.Size([40, 2048])
torch.Size([40, 2048])
torch.Size([40, 2048])
torch.Size([40, 2048])
torch.Size([40, 2048])
torch.Size([40, 2048])
torch.Size([40, 2048])
torch.Size([40, 2048])
torch.Size([40, 2048])
torch.Size([40, 2048])
torch.Size([40, 2048])
torch.Size([40, 2048])
torch.Size([40, 2048])
torch.Size([40, 2048])
torch.Size([40, 2048])
torch.Size([40, 2048])
torch.Size([40, 2048])
torch.Size([40, 2048])
torch.Size([40, 2048])
torch.Size([40, 2048])
torch.Size([40, 2048])
torch.Size([40, 2048])
torch.Size([40, 2048])
torch.Size([40, 2048])
torch.Size([40, 2048])
torch.Size([20, 2048])
torch.Size([40, 2048])
torch.Size([40, 2048])
torch.Size([40, 2048])
torch.Size([40, 2048])
torch.Size([40, 2048])
torch.Size([40, 2048])
torch.Size([40, 2048])
torch.Size([40, 2048])
torch.Size([40, 2048])
torch.Size([40, 2048])
torch.Size([40, 2048])
torch.Size([40, 2048])
torch.Size([40, 2048])
torch.Size([40, 2048])
torch.Size([40, 2048])
torch.Size([40, 2048])
torch.Size([40, 2048])
torch.Size([40, 2048])
torch.Size([40, 2048])
torch.Size([40, 2048])
torch.Size([40, 2048])
torch.Size([40, 2048])
torch.Size([40, 2048])
torch.Size([40, 2048])
torch.Size([40, 2048])
torch.Size([40, 2048])
torch.Size([40, 2048])
torch.Size([20, 2048])
torch.Size([40, 2048])
torch.Size([40, 2048])
torch.Size([40, 2048])
torch.Size([40, 2048])
torch.Size([40, 2048])
torch.Size([40, 2048])
torch.Size([40, 2048])
torch.Size([40, 2048])
torch.Size([40, 2048])
torch.Size([40, 2048])
torch.Size([40, 2048])
torch.Size([40, 2048])
torch.Size([40, 2048])
torch.Size([40, 2048])
torch.Size([40, 2048])
torch.Size([40, 2048])
torch.Size([40, 2048])
torch.Size([40, 2048])
torch.Size([40, 2048])
torch.Size([40, 2048])
torch.Size([40, 2048])
torch.Size([40, 2048])
torch.Size([40, 2048])
torch.Size([40, 2048])
torch.Size([40, 2048])
torch.Size([40, 2048])
torch.Size([40, 2048])
torch.Size([20, 2048])
torch.Size([40, 2048])
torch.Size([40, 2048])
torch.Size([40, 2048])
torch.Size([40, 2048])
torch.Size([40, 2048])
torch.Size([40, 2048])
torch.Size([40, 2048])
torch.Size([40, 2048])
torch.Size([40, 2048])
torch.Size([40, 2048])
torch.Size([40, 2048])
torch.Size([40, 2048])
torch.Size([40, 2048])
torch.Size([40, 2048])
torch.Size([40, 2048])
torch.Size([40, 2048])
torch.Size([40, 2048])
torch.Size([40, 2048])
torch.Size([40, 2048])
torch.Size([40, 2048])
torch.Size([40, 2048])
torch.Size([40, 2048])
torch.Size([40, 2048])
torch.Size([40, 2048])
torch.Size([40, 2048])
torch.Size([40, 2048])
torch.Size([40, 2048])
torch.Size([20, 2048])
torch.Size([40, 2048])
torch.Size([40, 2048])
torch.Size([40, 2048])
torch.Size([40, 2048])
torch.Size([40, 2048])
torch.Size([40, 2048])
torch.Size([40, 2048])
torch.Size([40, 2048])
torch.Size([40, 2048])
torch.Size([40, 2048])
torch.Size([40, 2048])
torch.Size([40, 2048])
torch.Size([40, 2048])
torch.Size([40, 2048])
torch.Size([40, 2048])
torch.Size([40, 2048])
torch.Size([40, 2048])
torch.Size([40, 2048])
torch.Size([40, 2048])
torch.Size([40, 2048])
torch.Size([40, 2048])
torch.Size([40, 2048])
torch.Size([40, 2048])
torch.Size([40, 2048])
torch.Size([40, 2048])
torch.Size([40, 2048])
torch.Size([40, 2048])
torch.Size([20, 2048])
torch.Size([40, 2048])
torch.Size([40, 2048])
torch.Size([40, 2048])
torch.Size([40, 2048])
torch.Size([40, 2048])
torch.Size([40, 2048])
torch.Size([40, 2048])
torch.Size([40, 2048])
torch.Size([40, 2048])
torch.Size([40, 2048])
torch.Size([40, 2048])
torch.Size([40, 2048])
torch.Size([40, 2048])
torch.Size([40, 2048])
torch.Size([40, 2048])
torch.Size([40, 2048])
torch.Size([40, 2048])
torch.Size([40, 2048])
torch.Size([40, 2048])
torch.Size([40, 2048])
torch.Size([40, 2048])
torch.Size([40, 2048])
torch.Size([40, 2048])
torch.Size([40, 2048])
torch.Size([40, 2048])
torch.Size([40, 2048])
torch.Size([40, 2048])
torch.Size([20, 2048])
torch.Size([40, 2048])
torch.Size([40, 2048])
torch.Size([40, 2048])
torch.Size([40, 2048])
torch.Size([40, 2048])
torch.Size([40, 2048])
torch.Size([40, 2048])
torch.Size([40, 2048])
torch.Size([40, 2048])
torch.Size([40, 2048])
torch.Size([40, 2048])
torch.Size([40, 2048])
torch.Size([40, 2048])
torch.Size([40, 2048])
torch.Size([40, 2048])
torch.Size([40, 2048])
torch.Size([40, 2048])
torch.Size([40, 2048])
torch.Size([40, 2048])
torch.Size([40, 2048])
torch.Size([40, 2048])
torch.Size([40, 2048])
torch.Size([40, 2048])
torch.Size([40, 2048])
torch.Size([40, 2048])
torch.Size([40, 2048])
torch.Size([40, 2048])
torch.Size([20, 2048])
torch.Size([40, 2048])
torch.Size([40, 2048])
torch.Size([40, 2048])
torch.Size([40, 2048])
torch.Size([40, 2048])
torch.Size([40, 2048])
torch.Size([40, 2048])
torch.Size([40, 2048])
torch.Size([40, 2048])
torch.Size([40, 2048])
torch.Size([40, 2048])
torch.Size([40, 2048])
torch.Size([40, 2048])
torch.Size([40, 2048])
torch.Size([40, 2048])
torch.Size([40, 2048])
torch.Size([40, 2048])
torch.Size([40, 2048])
torch.Size([40, 2048])
torch.Size([40, 2048])
torch.Size([40, 2048])
torch.Size([40, 2048])
torch.Size([40, 2048])
torch.Size([40, 2048])
torch.Size([40, 2048])
torch.Size([40, 2048])
torch.Size([40, 2048])
torch.Size([20, 2048])
torch.Size([40, 2048])
torch.Size([40, 2048])
torch.Size([40, 2048])
torch.Size([40, 2048])
torch.Size([40, 2048])
torch.Size([40, 2048])
torch.Size([40, 2048])
torch.Size([40, 2048])
torch.Size([40, 2048])
torch.Size([40, 2048])
torch.Size([40, 2048])
torch.Size([40, 2048])
torch.Size([40, 2048])
torch.Size([40, 2048])
torch.Size([40, 2048])
torch.Size([40, 2048])
torch.Size([40, 2048])
torch.Size([40, 2048])
torch.Size([40, 2048])
torch.Size([40, 2048])
torch.Size([40, 2048])
torch.Size([40, 2048])
torch.Size([40, 2048])
torch.Size([40, 2048])
torch.Size([40, 2048])
torch.Size([40, 2048])
torch.Size([40, 2048])
torch.Size([20, 2048])
torch.Size([40, 2048])
torch.Size([40, 2048])
torch.Size([40, 2048])
torch.Size([40, 2048])
torch.Size([40, 2048])
torch.Size([40, 2048])
torch.Size([40, 2048])
torch.Size([40, 2048])
torch.Size([40, 2048])
torch.Size([40, 2048])
torch.Size([40, 2048])
torch.Size([40, 2048])
torch.Size([40, 2048])
torch.Size([40, 2048])
torch.Size([40, 2048])
torch.Size([40, 2048])
torch.Size([40, 2048])
torch.Size([40, 2048])
torch.Size([40, 2048])
torch.Size([40, 2048])
torch.Size([40, 2048])
torch.Size([40, 2048])
torch.Size([40, 2048])
torch.Size([40, 2048])
torch.Size([40, 2048])
torch.Size([40, 2048])
torch.Size([40, 2048])
torch.Size([20, 2048])
torch.Size([40, 2048])
torch.Size([40, 2048])
torch.Size([40, 2048])
torch.Size([40, 2048])
torch.Size([40, 2048])
torch.Size([40, 2048])
torch.Size([40, 2048])
torch.Size([40, 2048])
torch.Size([40, 2048])
torch.Size([40, 2048])
torch.Size([40, 2048])
torch.Size([40, 2048])
torch.Size([40, 2048])
torch.Size([40, 2048])
torch.Size([40, 2048])
torch.Size([40, 2048])
torch.Size([40, 2048])
torch.Size([40, 2048])
torch.Size([40, 2048])
torch.Size([40, 2048])
torch.Size([40, 2048])
torch.Size([40, 2048])
torch.Size([40, 2048])
torch.Size([40, 2048])
torch.Size([40, 2048])
torch.Size([40, 2048])
torch.Size([40, 2048])
torch.Size([20, 2048])
torch.Size([40, 2048])
torch.Size([40, 2048])
torch.Size([40, 2048])
torch.Size([40, 2048])
torch.Size([40, 2048])
torch.Size([40, 2048])
torch.Size([40, 2048])
torch.Size([40, 2048])
torch.Size([40, 2048])
torch.Size([40, 2048])
torch.Size([40, 2048])
torch.Size([40, 2048])
torch.Size([40, 2048])
torch.Size([40, 2048])
torch.Size([40, 2048])
torch.Size([40, 2048])
torch.Size([40, 2048])
torch.Size([40, 2048])
torch.Size([40, 2048])
torch.Size([40, 2048])
torch.Size([40, 2048])
torch.Size([40, 2048])
torch.Size([40, 2048])
torch.Size([40, 2048])
torch.Size([40, 2048])
torch.Size([40, 2048])
torch.Size([40, 2048])
torch.Size([20, 2048])
torch.Size([40, 2048])
torch.Size([40, 2048])
torch.Size([40, 2048])
torch.Size([40, 2048])
torch.Size([40, 2048])
torch.Size([40, 2048])
torch.Size([40, 2048])
torch.Size([40, 2048])
torch.Size([40, 2048])
torch.Size([40, 2048])
torch.Size([40, 2048])
torch.Size([40, 2048])
torch.Size([40, 2048])
torch.Size([40, 2048])
torch.Size([40, 2048])
torch.Size([40, 2048])
torch.Size([40, 2048])
torch.Size([40, 2048])
torch.Size([40, 2048])
torch.Size([40, 2048])
torch.Size([40, 2048])
torch.Size([40, 2048])
torch.Size([40, 2048])
torch.Size([40, 2048])
torch.Size([40, 2048])
torch.Size([40, 2048])
torch.Size([40, 2048])
torch.Size([20, 2048])
torch.Size([40, 2048])
torch.Size([40, 2048])
torch.Size([40, 2048])
torch.Size([40, 2048])
torch.Size([40, 2048])
torch.Size([40, 2048])
torch.Size([40, 2048])
torch.Size([40, 2048])
torch.Size([40, 2048])
torch.Size([40, 2048])
torch.Size([40, 2048])
torch.Size([40, 2048])
torch.Size([40, 2048])
torch.Size([40, 2048])
torch.Size([40, 2048])
torch.Size([40, 2048])
torch.Size([40, 2048])
torch.Size([40, 2048])
torch.Size([40, 2048])
torch.Size([40, 2048])
torch.Size([40, 2048])
torch.Size([40, 2048])
torch.Size([40, 2048])
torch.Size([40, 2048])
torch.Size([40, 2048])
torch.Size([40, 2048])
torch.Size([40, 2048])
torch.Size([20, 2048])
torch.Size([40, 2048])
torch.Size([40, 2048])
torch.Size([40, 2048])
torch.Size([40, 2048])
torch.Size([40, 2048])
torch.Size([40, 2048])
torch.Size([40, 2048])
torch.Size([40, 2048])
torch.Size([40, 2048])
torch.Size([40, 2048])
torch.Size([40, 2048])
torch.Size([40, 2048])
torch.Size([40, 2048])
torch.Size([40, 2048])
torch.Size([40, 2048])
torch.Size([40, 2048])
torch.Size([40, 2048])
torch.Size([40, 2048])
torch.Size([40, 2048])
torch.Size([40, 2048])
torch.Size([40, 2048])
torch.Size([40, 2048])
torch.Size([40, 2048])
torch.Size([40, 2048])
torch.Size([40, 2048])
torch.Size([40, 2048])
torch.Size([40, 2048])
torch.Size([20, 2048])
torch.Size([40, 2048])
torch.Size([40, 2048])
torch.Size([40, 2048])
torch.Size([40, 2048])
torch.Size([40, 2048])
torch.Size([40, 2048])
torch.Size([40, 2048])
torch.Size([40, 2048])
torch.Size([40, 2048])
torch.Size([40, 2048])
torch.Size([40, 2048])
torch.Size([40, 2048])
torch.Size([40, 2048])
torch.Size([40, 2048])
torch.Size([40, 2048])
torch.Size([40, 2048])
torch.Size([40, 2048])
torch.Size([40, 2048])
torch.Size([40, 2048])
torch.Size([40, 2048])
torch.Size([40, 2048])
torch.Size([40, 2048])
torch.Size([40, 2048])
torch.Size([40, 2048])
torch.Size([40, 2048])
torch.Size([40, 2048])
torch.Size([40, 2048])
torch.Size([20, 2048])
torch.Size([40, 2048])
torch.Size([40, 2048])
torch.Size([40, 2048])
torch.Size([40, 2048])
torch.Size([40, 2048])
torch.Size([40, 2048])
torch.Size([40, 2048])
torch.Size([40, 2048])
torch.Size([40, 2048])
torch.Size([40, 2048])
torch.Size([40, 2048])
torch.Size([40, 2048])
torch.Size([40, 2048])
torch.Size([40, 2048])
torch.Size([40, 2048])
torch.Size([40, 2048])
torch.Size([40, 2048])
torch.Size([40, 2048])
torch.Size([40, 2048])
torch.Size([40, 2048])
torch.Size([40, 2048])
torch.Size([40, 2048])
torch.Size([40, 2048])
torch.Size([40, 2048])
torch.Size([40, 2048])
torch.Size([40, 2048])
torch.Size([40, 2048])
torch.Size([20, 2048])
torch.Size([40, 2048])
torch.Size([40, 2048])
torch.Size([40, 2048])
torch.Size([40, 2048])
torch.Size([40, 2048])
torch.Size([40, 2048])
torch.Size([40, 2048])
torch.Size([40, 2048])
torch.Size([40, 2048])
torch.Size([40, 2048])
torch.Size([40, 2048])
torch.Size([40, 2048])
torch.Size([40, 2048])
torch.Size([40, 2048])
torch.Size([40, 2048])
torch.Size([40, 2048])
torch.Size([40, 2048])
torch.Size([40, 2048])
torch.Size([40, 2048])
torch.Size([40, 2048])
torch.Size([40, 2048])
torch.Size([40, 2048])
torch.Size([40, 2048])
torch.Size([40, 2048])
torch.Size([40, 2048])
torch.Size([40, 2048])
torch.Size([40, 2048])
torch.Size([20, 2048])
torch.Size([40, 2048])
torch.Size([40, 2048])
torch.Size([40, 2048])
torch.Size([40, 2048])
torch.Size([40, 2048])
torch.Size([40, 2048])
torch.Size([40, 2048])
torch.Size([40, 2048])
torch.Size([40, 2048])
torch.Size([40, 2048])
torch.Size([40, 2048])
torch.Size([40, 2048])
torch.Size([40, 2048])
torch.Size([40, 2048])
torch.Size([40, 2048])
torch.Size([40, 2048])
torch.Size([40, 2048])
torch.Size([40, 2048])
torch.Size([40, 2048])
torch.Size([40, 2048])
torch.Size([40, 2048])
torch.Size([40, 2048])
torch.Size([40, 2048])
torch.Size([40, 2048])
torch.Size([40, 2048])
torch.Size([40, 2048])
torch.Size([40, 2048])
torch.Size([20, 2048])
torch.Size([40, 2048])
torch.Size([40, 2048])
torch.Size([40, 2048])
torch.Size([40, 2048])
torch.Size([40, 2048])
torch.Size([40, 2048])
torch.Size([40, 2048])
torch.Size([40, 2048])
torch.Size([40, 2048])
torch.Size([40, 2048])
torch.Size([40, 2048])
torch.Size([40, 2048])
torch.Size([40, 2048])
torch.Size([40, 2048])
torch.Size([40, 2048])
torch.Size([40, 2048])
torch.Size([40, 2048])
torch.Size([40, 2048])
torch.Size([40, 2048])
torch.Size([40, 2048])
torch.Size([40, 2048])
torch.Size([40, 2048])
torch.Size([40, 2048])
torch.Size([40, 2048])
torch.Size([40, 2048])
torch.Size([40, 2048])
torch.Size([40, 2048])
torch.Size([20, 2048])
torch.Size([40, 2048])
torch.Size([40, 2048])
torch.Size([40, 2048])
torch.Size([40, 2048])
torch.Size([40, 2048])
torch.Size([40, 2048])
torch.Size([40, 2048])
torch.Size([40, 2048])
torch.Size([40, 2048])
torch.Size([40, 2048])
torch.Size([40, 2048])
torch.Size([40, 2048])
torch.Size([40, 2048])
torch.Size([40, 2048])
torch.Size([40, 2048])
torch.Size([40, 2048])
torch.Size([40, 2048])
torch.Size([40, 2048])
torch.Size([40, 2048])
torch.Size([40, 2048])
torch.Size([40, 2048])
torch.Size([40, 2048])
torch.Size([40, 2048])
torch.Size([40, 2048])
torch.Size([40, 2048])
torch.Size([40, 2048])
torch.Size([40, 2048])
torch.Size([20, 2048])
torch.Size([40, 2048])
torch.Size([40, 2048])
torch.Size([40, 2048])
torch.Size([40, 2048])
torch.Size([40, 2048])
torch.Size([40, 2048])
torch.Size([40, 2048])
torch.Size([40, 2048])
torch.Size([40, 2048])
torch.Size([40, 2048])
torch.Size([40, 2048])
torch.Size([40, 2048])
torch.Size([40, 2048])
torch.Size([40, 2048])
torch.Size([40, 2048])
torch.Size([40, 2048])
torch.Size([40, 2048])
torch.Size([40, 2048])
torch.Size([40, 2048])
torch.Size([40, 2048])
torch.Size([40, 2048])
torch.Size([40, 2048])
torch.Size([40, 2048])
torch.Size([40, 2048])
torch.Size([40, 2048])
torch.Size([40, 2048])
torch.Size([40, 2048])
torch.Size([20, 2048])
torch.Size([40, 2048])
torch.Size([40, 2048])
torch.Size([40, 2048])
torch.Size([40, 2048])
torch.Size([40, 2048])
torch.Size([40, 2048])
torch.Size([40, 2048])
torch.Size([40, 2048])
torch.Size([40, 2048])
torch.Size([40, 2048])
torch.Size([40, 2048])
torch.Size([40, 2048])
torch.Size([40, 2048])
torch.Size([40, 2048])
torch.Size([40, 2048])
torch.Size([40, 2048])
torch.Size([40, 2048])
torch.Size([40, 2048])
torch.Size([40, 2048])
torch.Size([40, 2048])
torch.Size([40, 2048])
torch.Size([40, 2048])
torch.Size([40, 2048])
torch.Size([40, 2048])
torch.Size([40, 2048])
torch.Size([40, 2048])
torch.Size([40, 2048])
torch.Size([20, 2048])
torch.Size([40, 2048])
torch.Size([40, 2048])
torch.Size([40, 2048])
torch.Size([40, 2048])
torch.Size([40, 2048])
torch.Size([40, 2048])
torch.Size([40, 2048])
torch.Size([40, 2048])
torch.Size([40, 2048])
torch.Size([40, 2048])
torch.Size([40, 2048])
torch.Size([40, 2048])
torch.Size([40, 2048])
torch.Size([40, 2048])
torch.Size([40, 2048])
torch.Size([40, 2048])
torch.Size([40, 2048])
torch.Size([40, 2048])
torch.Size([40, 2048])
torch.Size([40, 2048])
torch.Size([40, 2048])
torch.Size([40, 2048])
torch.Size([40, 2048])
torch.Size([40, 2048])
torch.Size([40, 2048])
torch.Size([40, 2048])
torch.Size([40, 2048])
torch.Size([20, 2048])
torch.Size([40, 2048])
torch.Size([40, 2048])
torch.Size([40, 2048])
torch.Size([40, 2048])
torch.Size([40, 2048])
torch.Size([40, 2048])
torch.Size([40, 2048])
torch.Size([40, 2048])
torch.Size([40, 2048])
torch.Size([40, 2048])
torch.Size([40, 2048])
torch.Size([40, 2048])
torch.Size([40, 2048])
torch.Size([40, 2048])
torch.Size([40, 2048])
torch.Size([40, 2048])
torch.Size([40, 2048])
torch.Size([40, 2048])
torch.Size([40, 2048])
torch.Size([40, 2048])
torch.Size([40, 2048])
torch.Size([40, 2048])
torch.Size([40, 2048])
torch.Size([40, 2048])
torch.Size([40, 2048])
torch.Size([40, 2048])
torch.Size([40, 2048])
torch.Size([20, 2048])
torch.Size([40, 2048])
torch.Size([40, 2048])
torch.Size([40, 2048])
torch.Size([40, 2048])
torch.Size([40, 2048])
torch.Size([40, 2048])
torch.Size([40, 2048])
torch.Size([40, 2048])
torch.Size([40, 2048])
torch.Size([40, 2048])
torch.Size([40, 2048])
torch.Size([40, 2048])
torch.Size([40, 2048])
torch.Size([40, 2048])
torch.Size([40, 2048])
torch.Size([40, 2048])
torch.Size([40, 2048])
torch.Size([40, 2048])
torch.Size([40, 2048])
torch.Size([40, 2048])
torch.Size([40, 2048])
torch.Size([40, 2048])
torch.Size([40, 2048])
torch.Size([40, 2048])
torch.Size([40, 2048])
torch.Size([40, 2048])
torch.Size([40, 2048])
torch.Size([20, 2048])
torch.Size([40, 2048])
torch.Size([40, 2048])
torch.Size([40, 2048])
torch.Size([40, 2048])
torch.Size([40, 2048])
torch.Size([40, 2048])
torch.Size([40, 2048])
torch.Size([40, 2048])
torch.Size([40, 2048])
torch.Size([40, 2048])
torch.Size([40, 2048])
torch.Size([40, 2048])
torch.Size([40, 2048])
torch.Size([40, 2048])
torch.Size([40, 2048])
torch.Size([40, 2048])
torch.Size([40, 2048])
torch.Size([40, 2048])
torch.Size([40, 2048])
torch.Size([40, 2048])
torch.Size([40, 2048])
torch.Size([40, 2048])
torch.Size([40, 2048])
torch.Size([40, 2048])
torch.Size([40, 2048])
torch.Size([40, 2048])
torch.Size([40, 2048])
torch.Size([20, 2048])
torch.Size([40, 2048])
torch.Size([40, 2048])
torch.Size([40, 2048])
torch.Size([40, 2048])
torch.Size([40, 2048])
torch.Size([40, 2048])
torch.Size([40, 2048])
torch.Size([40, 2048])
torch.Size([40, 2048])
torch.Size([40, 2048])
torch.Size([40, 2048])
torch.Size([40, 2048])
torch.Size([40, 2048])
torch.Size([40, 2048])
torch.Size([40, 2048])
torch.Size([40, 2048])
torch.Size([40, 2048])
torch.Size([40, 2048])
torch.Size([40, 2048])
torch.Size([40, 2048])
torch.Size([40, 2048])
torch.Size([40, 2048])
torch.Size([40, 2048])
torch.Size([40, 2048])
torch.Size([40, 2048])
torch.Size([40, 2048])
torch.Size([40, 2048])
torch.Size([20, 2048])
torch.Size([40, 2048])
torch.Size([40, 2048])
torch.Size([40, 2048])
torch.Size([40, 2048])
torch.Size([40, 2048])
torch.Size([40, 2048])
torch.Size([40, 2048])
torch.Size([40, 2048])
torch.Size([40, 2048])
torch.Size([40, 2048])
torch.Size([40, 2048])
torch.Size([40, 2048])
torch.Size([40, 2048])
torch.Size([40, 2048])
torch.Size([40, 2048])
torch.Size([40, 2048])
torch.Size([40, 2048])
torch.Size([40, 2048])
torch.Size([40, 2048])
torch.Size([40, 2048])
torch.Size([40, 2048])
torch.Size([40, 2048])
torch.Size([40, 2048])
torch.Size([40, 2048])
torch.Size([40, 2048])
torch.Size([40, 2048])
torch.Size([40, 2048])
torch.Size([20, 2048])
torch.Size([40, 2048])
torch.Size([40, 2048])
torch.Size([40, 2048])
torch.Size([40, 2048])
torch.Size([40, 2048])
torch.Size([40, 2048])
torch.Size([40, 2048])
torch.Size([40, 2048])
torch.Size([40, 2048])
torch.Size([40, 2048])
torch.Size([40, 2048])
torch.Size([40, 2048])
torch.Size([40, 2048])
torch.Size([40, 2048])
torch.Size([40, 2048])
torch.Size([40, 2048])
torch.Size([40, 2048])
torch.Size([40, 2048])
torch.Size([40, 2048])
torch.Size([40, 2048])
torch.Size([40, 2048])
torch.Size([40, 2048])
torch.Size([40, 2048])
torch.Size([40, 2048])
torch.Size([40, 2048])
torch.Size([40, 2048])
torch.Size([40, 2048])
torch.Size([20, 2048])
torch.Size([40, 2048])
torch.Size([40, 2048])
torch.Size([40, 2048])
torch.Size([40, 2048])
torch.Size([40, 2048])
torch.Size([40, 2048])
torch.Size([40, 2048])
torch.Size([40, 2048])
torch.Size([40, 2048])
torch.Size([40, 2048])
torch.Size([40, 2048])
torch.Size([40, 2048])
torch.Size([40, 2048])
torch.Size([40, 2048])
torch.Size([40, 2048])
torch.Size([40, 2048])
torch.Size([40, 2048])
torch.Size([40, 2048])
torch.Size([40, 2048])
torch.Size([40, 2048])
torch.Size([40, 2048])
torch.Size([40, 2048])
torch.Size([40, 2048])
torch.Size([40, 2048])
torch.Size([40, 2048])
torch.Size([40, 2048])
torch.Size([40, 2048])
torch.Size([20, 2048])
torch.Size([40, 2048])
torch.Size([40, 2048])
torch.Size([40, 2048])
torch.Size([40, 2048])
torch.Size([40, 2048])
torch.Size([40, 2048])
torch.Size([40, 2048])
torch.Size([40, 2048])
torch.Size([40, 2048])
torch.Size([40, 2048])
torch.Size([40, 2048])
torch.Size([40, 2048])
torch.Size([40, 2048])
torch.Size([40, 2048])
torch.Size([40, 2048])
torch.Size([40, 2048])
torch.Size([40, 2048])
torch.Size([40, 2048])
torch.Size([40, 2048])
torch.Size([40, 2048])
torch.Size([40, 2048])
torch.Size([40, 2048])
torch.Size([40, 2048])
torch.Size([40, 2048])
torch.Size([40, 2048])
torch.Size([40, 2048])
torch.Size([40, 2048])
torch.Size([20, 2048])
torch.Size([40, 2048])
torch.Size([40, 2048])
torch.Size([40, 2048])
torch.Size([40, 2048])
torch.Size([40, 2048])
torch.Size([40, 2048])
torch.Size([40, 2048])
torch.Size([40, 2048])
torch.Size([40, 2048])
torch.Size([40, 2048])
torch.Size([40, 2048])
torch.Size([40, 2048])
torch.Size([40, 2048])
torch.Size([40, 2048])
torch.Size([40, 2048])
torch.Size([40, 2048])
torch.Size([40, 2048])
torch.Size([40, 2048])
torch.Size([40, 2048])
torch.Size([40, 2048])
torch.Size([40, 2048])
torch.Size([40, 2048])
torch.Size([40, 2048])
torch.Size([40, 2048])
torch.Size([40, 2048])
torch.Size([40, 2048])
torch.Size([40, 2048])
torch.Size([20, 2048])
torch.Size([40, 2048])
torch.Size([40, 2048])
torch.Size([40, 2048])
torch.Size([40, 2048])
torch.Size([40, 2048])
torch.Size([40, 2048])
torch.Size([40, 2048])
torch.Size([40, 2048])
torch.Size([40, 2048])
torch.Size([40, 2048])
torch.Size([40, 2048])
torch.Size([40, 2048])
torch.Size([40, 2048])
torch.Size([40, 2048])
torch.Size([40, 2048])
torch.Size([40, 2048])
torch.Size([40, 2048])
torch.Size([40, 2048])
torch.Size([40, 2048])
torch.Size([40, 2048])
torch.Size([40, 2048])
torch.Size([40, 2048])
torch.Size([40, 2048])
torch.Size([40, 2048])
torch.Size([40, 2048])
torch.Size([40, 2048])
torch.Size([40, 2048])
torch.Size([20, 2048])
torch.Size([40, 2048])
torch.Size([40, 2048])
torch.Size([40, 2048])
torch.Size([40, 2048])
torch.Size([40, 2048])
torch.Size([40, 2048])
torch.Size([40, 2048])
torch.Size([40, 2048])
torch.Size([40, 2048])
torch.Size([40, 2048])
torch.Size([40, 2048])
torch.Size([40, 2048])
torch.Size([40, 2048])
torch.Size([40, 2048])
torch.Size([40, 2048])
torch.Size([40, 2048])
torch.Size([40, 2048])
torch.Size([40, 2048])
torch.Size([40, 2048])
torch.Size([40, 2048])
torch.Size([40, 2048])
torch.Size([40, 2048])
torch.Size([40, 2048])
torch.Size([40, 2048])
torch.Size([40, 2048])
torch.Size([40, 2048])
torch.Size([40, 2048])
torch.Size([20, 2048])
torch.Size([40, 2048])
torch.Size([40, 2048])
torch.Size([40, 2048])
torch.Size([40, 2048])
torch.Size([40, 2048])
torch.Size([40, 2048])
torch.Size([40, 2048])
torch.Size([40, 2048])
torch.Size([40, 2048])
torch.Size([40, 2048])
torch.Size([40, 2048])
torch.Size([40, 2048])
torch.Size([40, 2048])
torch.Size([40, 2048])
torch.Size([40, 2048])
torch.Size([40, 2048])
torch.Size([40, 2048])
torch.Size([40, 2048])
torch.Size([40, 2048])
torch.Size([40, 2048])
torch.Size([40, 2048])
torch.Size([40, 2048])
torch.Size([40, 2048])
torch.Size([40, 2048])
torch.Size([40, 2048])
torch.Size([40, 2048])
torch.Size([40, 2048])
torch.Size([20, 2048])
torch.Size([40, 2048])
torch.Size([40, 2048])
torch.Size([40, 2048])
torch.Size([40, 2048])
torch.Size([40, 2048])
torch.Size([40, 2048])
torch.Size([40, 2048])
torch.Size([40, 2048])
torch.Size([40, 2048])
torch.Size([40, 2048])
torch.Size([40, 2048])
torch.Size([40, 2048])
torch.Size([40, 2048])
torch.Size([40, 2048])
torch.Size([40, 2048])
torch.Size([40, 2048])
torch.Size([40, 2048])
torch.Size([40, 2048])
torch.Size([40, 2048])
torch.Size([40, 2048])
torch.Size([40, 2048])
torch.Size([40, 2048])
torch.Size([40, 2048])
torch.Size([40, 2048])
torch.Size([40, 2048])
torch.Size([40, 2048])
torch.Size([40, 2048])
torch.Size([20, 2048])
torch.Size([40, 2048])
torch.Size([40, 2048])
torch.Size([40, 2048])
torch.Size([40, 2048])
torch.Size([40, 2048])
torch.Size([40, 2048])
torch.Size([40, 2048])
torch.Size([40, 2048])
torch.Size([40, 2048])
torch.Size([40, 2048])
torch.Size([40, 2048])
torch.Size([40, 2048])
torch.Size([40, 2048])
torch.Size([40, 2048])
torch.Size([40, 2048])
torch.Size([40, 2048])
torch.Size([40, 2048])
torch.Size([40, 2048])
torch.Size([40, 2048])
torch.Size([40, 2048])
torch.Size([40, 2048])
torch.Size([40, 2048])
torch.Size([40, 2048])
torch.Size([40, 2048])
torch.Size([40, 2048])
torch.Size([40, 2048])
torch.Size([40, 2048])
torch.Size([20, 2048])
torch.Size([40, 2048])
torch.Size([40, 2048])
torch.Size([40, 2048])
torch.Size([40, 2048])
torch.Size([40, 2048])
torch.Size([40, 2048])
torch.Size([40, 2048])
torch.Size([40, 2048])
torch.Size([40, 2048])
torch.Size([40, 2048])
torch.Size([40, 2048])
torch.Size([40, 2048])
torch.Size([40, 2048])
torch.Size([40, 2048])
torch.Size([40, 2048])
torch.Size([40, 2048])
torch.Size([40, 2048])
torch.Size([40, 2048])
torch.Size([40, 2048])
torch.Size([40, 2048])
torch.Size([40, 2048])
torch.Size([40, 2048])
torch.Size([40, 2048])
torch.Size([40, 2048])
torch.Size([40, 2048])
torch.Size([40, 2048])
torch.Size([40, 2048])
torch.Size([20, 2048])
torch.Size([40, 2048])
torch.Size([40, 2048])
torch.Size([40, 2048])
torch.Size([40, 2048])
torch.Size([40, 2048])
torch.Size([40, 2048])
torch.Size([40, 2048])
torch.Size([40, 2048])
torch.Size([40, 2048])
torch.Size([40, 2048])
torch.Size([40, 2048])
torch.Size([40, 2048])
torch.Size([40, 2048])
torch.Size([40, 2048])
torch.Size([40, 2048])
torch.Size([40, 2048])
torch.Size([40, 2048])
torch.Size([40, 2048])
torch.Size([40, 2048])
torch.Size([40, 2048])
torch.Size([40, 2048])
torch.Size([40, 2048])
torch.Size([40, 2048])
torch.Size([40, 2048])
torch.Size([40, 2048])
torch.Size([40, 2048])
torch.Size([40, 2048])
torch.Size([20, 2048])
torch.Size([40, 2048])
torch.Size([40, 2048])
torch.Size([40, 2048])
torch.Size([40, 2048])
torch.Size([40, 2048])
torch.Size([40, 2048])
torch.Size([40, 2048])
torch.Size([40, 2048])
torch.Size([40, 2048])
torch.Size([40, 2048])
torch.Size([40, 2048])
torch.Size([40, 2048])
torch.Size([40, 2048])
torch.Size([40, 2048])
torch.Size([40, 2048])
torch.Size([40, 2048])
torch.Size([40, 2048])
torch.Size([40, 2048])
torch.Size([40, 2048])
torch.Size([40, 2048])
torch.Size([40, 2048])
torch.Size([40, 2048])
torch.Size([40, 2048])
torch.Size([40, 2048])
torch.Size([40, 2048])
torch.Size([40, 2048])
torch.Size([40, 2048])
torch.Size([20, 2048])
