Program will start executing in a bit
/apps/sw/miniconda/envs/ai-4/lib/python3.10/site-packages/torch/utils/_device.py:77: UserWarning: To copy construct from a tensor, it is recommended to use sourceTensor.clone().detach() or sourceTensor.clone().detach().requires_grad_(True), rather than torch.tensor(sourceTensor).
  return func(*args, **kwargs)
✅ Using CUDA globally
GPU: Tesla V100-PCIE-32GB
Current directory: /home/cbe05/MaqamDiffusion
Cross_Entropy lr = 0.01 Loss 1/300 Loss is L =1.99713134765625 
Cross_Entropy lr = 0.01 Loss 2/300 Loss is L =1.9361828565597534 
Cross_Entropy lr = 0.01 Loss 3/300 Loss is L =1.8613929748535156 
Cross_Entropy lr = 0.01 Loss 4/300 Loss is L =1.8489834070205688 
Cross_Entropy lr = 0.01 Loss 5/300 Loss is L =1.7245315313339233 
Cross_Entropy lr = 0.01 Loss 6/300 Loss is L =1.6910133361816406 
Cross_Entropy lr = 0.01 Loss 7/300 Loss is L =1.5203946828842163 
Cross_Entropy lr = 0.01 Loss 8/300 Loss is L =1.5244265794754028 
Cross_Entropy lr = 0.01 Loss 9/300 Loss is L =1.3612216711044312 
Cross_Entropy lr = 0.01 Loss 10/300 Loss is L =1.3567943572998047 
Cross_Entropy lr = 0.01 Loss 11/300 Loss is L =1.3075330257415771 
Cross_Entropy lr = 0.01 Loss 12/300 Loss is L =1.0859497785568237 
Cross_Entropy lr = 0.01 Loss 13/300 Loss is L =1.0036518573760986 
Cross_Entropy lr = 0.01 Loss 14/300 Loss is L =0.8715497851371765 
Cross_Entropy lr = 0.01 Loss 15/300 Loss is L =0.9031286239624023 
Cross_Entropy lr = 0.01 Loss 16/300 Loss is L =0.7249727249145508 
Cross_Entropy lr = 0.01 Loss 17/300 Loss is L =0.7099093794822693 
Cross_Entropy lr = 0.01 Loss 18/300 Loss is L =0.668441653251648 
Cross_Entropy lr = 0.01 Loss 19/300 Loss is L =0.6048858761787415 
Cross_Entropy lr = 0.01 Loss 20/300 Loss is L =0.48734980821609497 
Cross_Entropy lr = 0.01 Loss 21/300 Loss is L =0.4059866964817047 
Cross_Entropy lr = 0.01 Loss 22/300 Loss is L =0.3949926793575287 
Cross_Entropy lr = 0.01 Loss 23/300 Loss is L =0.32513627409935 
Cross_Entropy lr = 0.01 Loss 24/300 Loss is L =0.2722671926021576 
Cross_Entropy lr = 0.01 Loss 25/300 Loss is L =0.33658167719841003 
Cross_Entropy lr = 0.01 Loss 26/300 Loss is L =0.2770874500274658 
Cross_Entropy lr = 0.01 Loss 27/300 Loss is L =0.22344262897968292 
Cross_Entropy lr = 0.01 Loss 28/300 Loss is L =0.2440062016248703 
Cross_Entropy lr = 0.01 Loss 29/300 Loss is L =0.15558858215808868 
Cross_Entropy lr = 0.01 Loss 30/300 Loss is L =0.15282611548900604 
Cross_Entropy lr = 0.01 Loss 31/300 Loss is L =0.15473201870918274 
Cross_Entropy lr = 0.01 Loss 32/300 Loss is L =0.13595335185527802 
Cross_Entropy lr = 0.01 Loss 33/300 Loss is L =0.11677364259958267 
Cross_Entropy lr = 0.01 Loss 34/300 Loss is L =0.10940559953451157 
Cross_Entropy lr = 0.01 Loss 35/300 Loss is L =0.1127343401312828 
Cross_Entropy lr = 0.01 Loss 36/300 Loss is L =0.09144759178161621 
Cross_Entropy lr = 0.01 Loss 37/300 Loss is L =0.1121063232421875 
Cross_Entropy lr = 0.01 Loss 38/300 Loss is L =0.12982098758220673 
Cross_Entropy lr = 0.01 Loss 39/300 Loss is L =0.07141851633787155 
Cross_Entropy lr = 0.01 Loss 40/300 Loss is L =0.09912770986557007 
Cross_Entropy lr = 0.01 Loss 41/300 Loss is L =0.07473503798246384 
Cross_Entropy lr = 0.01 Loss 42/300 Loss is L =0.09505714476108551 
Cross_Entropy lr = 0.01 Loss 43/300 Loss is L =0.05548575520515442 
Cross_Entropy lr = 0.01 Loss 44/300 Loss is L =0.05611981078982353 
Cross_Entropy lr = 0.01 Loss 45/300 Loss is L =0.05587894469499588 
Cross_Entropy lr = 0.01 Loss 46/300 Loss is L =0.11510377377271652 
Cross_Entropy lr = 0.01 Loss 47/300 Loss is L =0.053958822041749954 
Cross_Entropy lr = 0.01 Loss 48/300 Loss is L =0.06255923956632614 
Cross_Entropy lr = 0.01 Loss 49/300 Loss is L =0.05481274053454399 
Cross_Entropy lr = 0.01 Loss 50/300 Loss is L =0.041218578815460205 
Cross_Entropy lr = 0.01 Loss 51/300 Loss is L =0.047826044261455536 
Cross_Entropy lr = 0.01 Loss 52/300 Loss is L =0.09546791762113571 
Cross_Entropy lr = 0.01 Loss 53/300 Loss is L =0.08455292135477066 
Cross_Entropy lr = 0.01 Loss 54/300 Loss is L =0.09745361655950546 
Cross_Entropy lr = 0.01 Loss 55/300 Loss is L =0.039214521646499634 
Cross_Entropy lr = 0.01 Loss 56/300 Loss is L =0.04676637053489685 
Cross_Entropy lr = 0.01 Loss 57/300 Loss is L =0.043188221752643585 
Cross_Entropy lr = 0.01 Loss 58/300 Loss is L =0.04152175411581993 
Cross_Entropy lr = 0.01 Loss 59/300 Loss is L =0.07675694674253464 
Cross_Entropy lr = 0.01 Loss 60/300 Loss is L =0.054646361619234085 
Cross_Entropy lr = 0.01 Loss 61/300 Loss is L =0.04586092382669449 
Cross_Entropy lr = 0.01 Loss 62/300 Loss is L =0.05719573050737381 
Cross_Entropy lr = 0.01 Loss 63/300 Loss is L =0.03313043713569641 
Cross_Entropy lr = 0.01 Loss 64/300 Loss is L =0.040693871676921844 
Cross_Entropy lr = 0.01 Loss 65/300 Loss is L =0.061628907918930054 
Cross_Entropy lr = 0.01 Loss 66/300 Loss is L =0.0435367226600647 
Cross_Entropy lr = 0.01 Loss 67/300 Loss is L =0.0261759702116251 
Cross_Entropy lr = 0.01 Loss 68/300 Loss is L =0.03676629811525345 
Cross_Entropy lr = 0.01 Loss 69/300 Loss is L =0.034832537174224854 
Cross_Entropy lr = 0.01 Loss 70/300 Loss is L =0.03484373539686203 
Cross_Entropy lr = 0.01 Loss 71/300 Loss is L =0.046594467014074326 
Cross_Entropy lr = 0.01 Loss 72/300 Loss is L =0.08045788109302521 
Cross_Entropy lr = 0.01 Loss 73/300 Loss is L =0.02950381673872471 
Cross_Entropy lr = 0.01 Loss 74/300 Loss is L =0.028348375111818314 
Cross_Entropy lr = 0.01 Loss 75/300 Loss is L =0.044225092977285385 
Cross_Entropy lr = 0.01 Loss 76/300 Loss is L =0.05225254222750664 
Cross_Entropy lr = 0.01 Loss 77/300 Loss is L =0.049779120832681656 
Cross_Entropy lr = 0.01 Loss 78/300 Loss is L =0.025901496410369873 
Cross_Entropy lr = 0.01 Loss 79/300 Loss is L =0.04714608192443848 
Cross_Entropy lr = 0.01 Loss 80/300 Loss is L =0.029393581673502922 
Cross_Entropy lr = 0.01 Loss 81/300 Loss is L =0.03282569721341133 
Cross_Entropy lr = 0.01 Loss 82/300 Loss is L =0.028153805062174797 
Cross_Entropy lr = 0.01 Loss 83/300 Loss is L =0.032008297741413116 
Cross_Entropy lr = 0.01 Loss 84/300 Loss is L =0.033056288957595825 
Cross_Entropy lr = 0.01 Loss 85/300 Loss is L =0.033018093556165695 
Cross_Entropy lr = 0.01 Loss 86/300 Loss is L =0.07364805042743683 
Cross_Entropy lr = 0.01 Loss 87/300 Loss is L =0.04833138734102249 
Cross_Entropy lr = 0.01 Loss 88/300 Loss is L =0.0763898640871048 
Cross_Entropy lr = 0.01 Loss 89/300 Loss is L =0.03783276304602623 
Cross_Entropy lr = 0.01 Loss 90/300 Loss is L =0.030755138024687767 
Cross_Entropy lr = 0.01 Loss 91/300 Loss is L =0.025525694712996483 
Cross_Entropy lr = 0.01 Loss 92/300 Loss is L =0.027205998077988625 
Cross_Entropy lr = 0.01 Loss 93/300 Loss is L =0.030988872051239014 
Cross_Entropy lr = 0.01 Loss 94/300 Loss is L =0.0430547334253788 
Cross_Entropy lr = 0.01 Loss 95/300 Loss is L =0.029622478410601616 
Cross_Entropy lr = 0.01 Loss 96/300 Loss is L =0.04153609275817871 
Cross_Entropy lr = 0.01 Loss 97/300 Loss is L =0.06827080249786377 
Cross_Entropy lr = 0.01 Loss 98/300 Loss is L =0.06330373138189316 
Cross_Entropy lr = 0.01 Loss 99/300 Loss is L =0.029740149155259132 
Cross_Entropy lr = 0.01 Loss 100/300 Loss is L =0.0595795176923275 
Cross_Entropy lr = 0.01 Loss 101/300 Loss is L =0.02934962883591652 
Cross_Entropy lr = 0.01 Loss 102/300 Loss is L =0.025661850348114967 
Cross_Entropy lr = 0.01 Loss 103/300 Loss is L =0.05009723827242851 
Cross_Entropy lr = 0.01 Loss 104/300 Loss is L =0.022029658779501915 
Cross_Entropy lr = 0.01 Loss 105/300 Loss is L =0.02578677050769329 
Cross_Entropy lr = 0.01 Loss 106/300 Loss is L =0.022422507405281067 
Cross_Entropy lr = 0.01 Loss 107/300 Loss is L =0.029338527470827103 
Cross_Entropy lr = 0.01 Loss 108/300 Loss is L =0.027596205472946167 
Cross_Entropy lr = 0.01 Loss 109/300 Loss is L =0.03747228905558586 
Cross_Entropy lr = 0.01 Loss 110/300 Loss is L =0.028836702927947044 
Cross_Entropy lr = 0.01 Loss 111/300 Loss is L =0.026992378756403923 
Cross_Entropy lr = 0.01 Loss 112/300 Loss is L =0.022708306089043617 
Cross_Entropy lr = 0.01 Loss 113/300 Loss is L =0.06836993992328644 
Cross_Entropy lr = 0.01 Loss 114/300 Loss is L =0.023513613268733025 
Cross_Entropy lr = 0.01 Loss 115/300 Loss is L =0.026684796437621117 
Cross_Entropy lr = 0.01 Loss 116/300 Loss is L =0.022006835788488388 
Cross_Entropy lr = 0.01 Loss 117/300 Loss is L =0.020349634811282158 
Cross_Entropy lr = 0.01 Loss 118/300 Loss is L =0.031366001814603806 
Cross_Entropy lr = 0.01 Loss 119/300 Loss is L =0.04516107589006424 
Cross_Entropy lr = 0.01 Loss 120/300 Loss is L =0.022573480382561684 
Cross_Entropy lr = 0.01 Loss 121/300 Loss is L =0.06282264739274979 
Cross_Entropy lr = 0.01 Loss 122/300 Loss is L =0.02533656358718872 
Cross_Entropy lr = 0.01 Loss 123/300 Loss is L =0.029208052903413773 
Cross_Entropy lr = 0.01 Loss 124/300 Loss is L =0.02444447949528694 
Cross_Entropy lr = 0.01 Loss 125/300 Loss is L =0.023852383717894554 
Cross_Entropy lr = 0.01 Loss 126/300 Loss is L =0.023114796727895737 
Cross_Entropy lr = 0.01 Loss 127/300 Loss is L =0.0318516381084919 
Cross_Entropy lr = 0.01 Loss 128/300 Loss is L =0.021681275218725204 
Cross_Entropy lr = 0.01 Loss 129/300 Loss is L =0.05302973464131355 
Cross_Entropy lr = 0.01 Loss 130/300 Loss is L =0.05716588720679283 
Cross_Entropy lr = 0.01 Loss 131/300 Loss is L =0.021143613383173943 
Cross_Entropy lr = 0.01 Loss 132/300 Loss is L =0.0295766182243824 
Cross_Entropy lr = 0.01 Loss 133/300 Loss is L =0.026906535029411316 
Cross_Entropy lr = 0.01 Loss 134/300 Loss is L =0.04039134457707405 
Cross_Entropy lr = 0.01 Loss 135/300 Loss is L =0.02227017842233181 
Cross_Entropy lr = 0.01 Loss 136/300 Loss is L =0.04295395687222481 
Cross_Entropy lr = 0.01 Loss 137/300 Loss is L =0.026284530758857727 
Cross_Entropy lr = 0.01 Loss 138/300 Loss is L =0.030619686469435692 
Cross_Entropy lr = 0.01 Loss 139/300 Loss is L =0.022563651204109192 
Cross_Entropy lr = 0.01 Loss 140/300 Loss is L =0.033339522778987885 
Cross_Entropy lr = 0.01 Loss 141/300 Loss is L =0.026669317856431007 
Cross_Entropy lr = 0.01 Loss 142/300 Loss is L =0.02819042280316353 
Cross_Entropy lr = 0.01 Loss 143/300 Loss is L =0.02184288762509823 
Cross_Entropy lr = 0.01 Loss 144/300 Loss is L =0.027706021443009377 
Cross_Entropy lr = 0.01 Loss 145/300 Loss is L =0.03126072511076927 
Cross_Entropy lr = 0.01 Loss 146/300 Loss is L =0.017410647124052048 
Cross_Entropy lr = 0.01 Loss 147/300 Loss is L =0.022589098662137985 
Cross_Entropy lr = 0.01 Loss 148/300 Loss is L =0.0237280260771513 
Cross_Entropy lr = 0.01 Loss 149/300 Loss is L =0.03500489145517349 
Cross_Entropy lr = 0.01 Loss 150/300 Loss is L =0.0324169360101223 
Cross_Entropy lr = 0.01 Loss 151/300 Loss is L =0.025092482566833496 
Cross_Entropy lr = 0.01 Loss 152/300 Loss is L =0.025073451921343803 
Cross_Entropy lr = 0.01 Loss 153/300 Loss is L =0.02331911213696003 
Cross_Entropy lr = 0.01 Loss 154/300 Loss is L =0.02681981958448887 
Cross_Entropy lr = 0.01 Loss 155/300 Loss is L =0.0344369038939476 
Cross_Entropy lr = 0.01 Loss 156/300 Loss is L =0.025300640612840652 
Cross_Entropy lr = 0.01 Loss 157/300 Loss is L =0.040513988584280014 
Cross_Entropy lr = 0.01 Loss 158/300 Loss is L =0.02464905008673668 
Cross_Entropy lr = 0.01 Loss 159/300 Loss is L =0.025593355298042297 
Cross_Entropy lr = 0.01 Loss 160/300 Loss is L =0.028719587251544 
Cross_Entropy lr = 0.01 Loss 161/300 Loss is L =0.02723933570086956 
Cross_Entropy lr = 0.01 Loss 162/300 Loss is L =0.024721208959817886 
Cross_Entropy lr = 0.01 Loss 163/300 Loss is L =0.020388079807162285 
Cross_Entropy lr = 0.01 Loss 164/300 Loss is L =0.023528939113020897 
Cross_Entropy lr = 0.01 Loss 165/300 Loss is L =0.024561652913689613 
Cross_Entropy lr = 0.01 Loss 166/300 Loss is L =0.01879861019551754 
Cross_Entropy lr = 0.01 Loss 167/300 Loss is L =0.02289598062634468 
Cross_Entropy lr = 0.01 Loss 168/300 Loss is L =0.03292294964194298 
Cross_Entropy lr = 0.01 Loss 169/300 Loss is L =0.025106489658355713 
Cross_Entropy lr = 0.01 Loss 170/300 Loss is L =0.018364422023296356 
Cross_Entropy lr = 0.01 Loss 171/300 Loss is L =0.024575425311923027 
Cross_Entropy lr = 0.01 Loss 172/300 Loss is L =0.026909632608294487 
Cross_Entropy lr = 0.01 Loss 173/300 Loss is L =0.021723536774516106 
Cross_Entropy lr = 0.01 Loss 174/300 Loss is L =0.022824319079518318 
Cross_Entropy lr = 0.01 Loss 175/300 Loss is L =0.0447998046875 
Cross_Entropy lr = 0.01 Loss 176/300 Loss is L =0.02662726305425167 
Cross_Entropy lr = 0.01 Loss 177/300 Loss is L =0.06830855458974838 
Cross_Entropy lr = 0.01 Loss 178/300 Loss is L =0.0523393340408802 
Cross_Entropy lr = 0.01 Loss 179/300 Loss is L =0.02807595394551754 
Cross_Entropy lr = 0.01 Loss 180/300 Loss is L =0.058332573622465134 
Cross_Entropy lr = 0.01 Loss 181/300 Loss is L =0.01932995207607746 
Cross_Entropy lr = 0.01 Loss 182/300 Loss is L =0.022205403074622154 
Cross_Entropy lr = 0.01 Loss 183/300 Loss is L =0.021620482206344604 
Cross_Entropy lr = 0.01 Loss 184/300 Loss is L =0.025750352069735527 
Cross_Entropy lr = 0.01 Loss 185/300 Loss is L =0.029254794120788574 
Cross_Entropy lr = 0.01 Loss 186/300 Loss is L =0.024883350357413292 
Cross_Entropy lr = 0.01 Loss 187/300 Loss is L =0.023328140377998352 
Cross_Entropy lr = 0.01 Loss 188/300 Loss is L =0.03095214068889618 
Cross_Entropy lr = 0.01 Loss 189/300 Loss is L =0.022113950923085213 
Cross_Entropy lr = 0.01 Loss 190/300 Loss is L =0.02153743803501129 
Cross_Entropy lr = 0.01 Loss 191/300 Loss is L =0.02570161037147045 
Cross_Entropy lr = 0.01 Loss 192/300 Loss is L =0.03558250889182091 
Cross_Entropy lr = 0.01 Loss 193/300 Loss is L =0.03182905912399292 
Cross_Entropy lr = 0.01 Loss 194/300 Loss is L =0.06381305307149887 
Cross_Entropy lr = 0.01 Loss 195/300 Loss is L =0.02041729725897312 
Cross_Entropy lr = 0.01 Loss 196/300 Loss is L =0.01865277998149395 
Cross_Entropy lr = 0.01 Loss 197/300 Loss is L =0.03169257193803787 
Cross_Entropy lr = 0.01 Loss 198/300 Loss is L =0.02301892451941967 
Cross_Entropy lr = 0.01 Loss 199/300 Loss is L =0.025909051299095154 
Cross_Entropy lr = 0.01 Loss 200/300 Loss is L =0.029416009783744812 
Cross_Entropy lr = 0.01 Loss 201/300 Loss is L =0.048596661537885666 
Cross_Entropy lr = 0.01 Loss 202/300 Loss is L =0.02393927052617073 
Cross_Entropy lr = 0.01 Loss 203/300 Loss is L =0.02468438260257244 
Cross_Entropy lr = 0.01 Loss 204/300 Loss is L =0.022129693999886513 
Cross_Entropy lr = 0.01 Loss 205/300 Loss is L =0.022866565734148026 
Cross_Entropy lr = 0.01 Loss 206/300 Loss is L =0.022606655955314636 
Cross_Entropy lr = 0.01 Loss 207/300 Loss is L =0.020832223817706108 
Cross_Entropy lr = 0.01 Loss 208/300 Loss is L =0.02171449176967144 
Cross_Entropy lr = 0.01 Loss 209/300 Loss is L =0.0246910210698843 
Cross_Entropy lr = 0.01 Loss 210/300 Loss is L =0.02063506469130516 
Cross_Entropy lr = 0.01 Loss 211/300 Loss is L =0.07938408106565475 
Cross_Entropy lr = 0.01 Loss 212/300 Loss is L =0.0645260140299797 
Cross_Entropy lr = 0.01 Loss 213/300 Loss is L =0.03986550122499466 
Cross_Entropy lr = 0.01 Loss 214/300 Loss is L =0.02516789734363556 
Cross_Entropy lr = 0.01 Loss 215/300 Loss is L =0.02094299905002117 
Cross_Entropy lr = 0.01 Loss 216/300 Loss is L =0.04259380325675011 
Cross_Entropy lr = 0.01 Loss 217/300 Loss is L =0.022202778607606888 
Cross_Entropy lr = 0.01 Loss 218/300 Loss is L =0.03115406073629856 
Cross_Entropy lr = 0.01 Loss 219/300 Loss is L =0.020045535638928413 
Cross_Entropy lr = 0.01 Loss 220/300 Loss is L =0.026814443990588188 
Cross_Entropy lr = 0.01 Loss 221/300 Loss is L =0.07163870334625244 
Cross_Entropy lr = 0.01 Loss 222/300 Loss is L =0.019139904528856277 
Cross_Entropy lr = 0.01 Loss 223/300 Loss is L =0.04663136973977089 
Cross_Entropy lr = 0.01 Loss 224/300 Loss is L =0.030811533331871033 
Cross_Entropy lr = 0.01 Loss 225/300 Loss is L =0.032870035618543625 
Cross_Entropy lr = 0.01 Loss 226/300 Loss is L =0.02081148698925972 
Cross_Entropy lr = 0.01 Loss 227/300 Loss is L =0.026071736589074135 
Cross_Entropy lr = 0.01 Loss 228/300 Loss is L =0.06570078432559967 
Cross_Entropy lr = 0.01 Loss 229/300 Loss is L =0.029903700575232506 
Cross_Entropy lr = 0.01 Loss 230/300 Loss is L =0.02627444826066494 
Cross_Entropy lr = 0.01 Loss 231/300 Loss is L =0.06787180155515671 
Cross_Entropy lr = 0.01 Loss 232/300 Loss is L =0.027166172862052917 
Cross_Entropy lr = 0.01 Loss 233/300 Loss is L =0.023338116705417633 
Cross_Entropy lr = 0.01 Loss 234/300 Loss is L =0.03175264969468117 
Cross_Entropy lr = 0.01 Loss 235/300 Loss is L =0.02695601060986519 
Cross_Entropy lr = 0.01 Loss 236/300 Loss is L =0.0359092652797699 
Cross_Entropy lr = 0.01 Loss 237/300 Loss is L =0.028515195474028587 
Cross_Entropy lr = 0.01 Loss 238/300 Loss is L =0.0222606398165226 
Cross_Entropy lr = 0.01 Loss 239/300 Loss is L =0.028096497058868408 
Cross_Entropy lr = 0.01 Loss 240/300 Loss is L =0.022962108254432678 
Cross_Entropy lr = 0.01 Loss 241/300 Loss is L =0.029617637395858765 
Cross_Entropy lr = 0.01 Loss 242/300 Loss is L =0.02911059930920601 
Cross_Entropy lr = 0.01 Loss 243/300 Loss is L =0.01698346622288227 
Cross_Entropy lr = 0.01 Loss 244/300 Loss is L =0.03804802522063255 
Cross_Entropy lr = 0.01 Loss 245/300 Loss is L =0.07927034050226212 
Cross_Entropy lr = 0.01 Loss 246/300 Loss is L =0.023315785452723503 
Cross_Entropy lr = 0.01 Loss 247/300 Loss is L =0.03276028111577034 
Cross_Entropy lr = 0.01 Loss 248/300 Loss is L =0.06795765459537506 
Cross_Entropy lr = 0.01 Loss 249/300 Loss is L =0.0209811981767416 
Cross_Entropy lr = 0.01 Loss 250/300 Loss is L =0.018398737534880638 
Cross_Entropy lr = 0.01 Loss 251/300 Loss is L =0.021761484444141388 
Cross_Entropy lr = 0.01 Loss 252/300 Loss is L =0.03572813794016838 
Cross_Entropy lr = 0.01 Loss 253/300 Loss is L =0.023249061778187752 
Cross_Entropy lr = 0.01 Loss 254/300 Loss is L =0.022224342450499535 
Cross_Entropy lr = 0.01 Loss 255/300 Loss is L =0.06321308016777039 
Cross_Entropy lr = 0.01 Loss 256/300 Loss is L =0.02178942784667015 
Cross_Entropy lr = 0.01 Loss 257/300 Loss is L =0.025237157940864563 
Cross_Entropy lr = 0.01 Loss 258/300 Loss is L =0.02259727381169796 
Cross_Entropy lr = 0.01 Loss 259/300 Loss is L =0.017316242679953575 
Cross_Entropy lr = 0.01 Loss 260/300 Loss is L =0.0415460579097271 
Cross_Entropy lr = 0.01 Loss 261/300 Loss is L =0.08238495886325836 
Cross_Entropy lr = 0.01 Loss 262/300 Loss is L =0.028026318177580833 
Cross_Entropy lr = 0.01 Loss 263/300 Loss is L =0.017429431900382042 
Cross_Entropy lr = 0.01 Loss 264/300 Loss is L =0.023515623062849045 
Cross_Entropy lr = 0.01 Loss 265/300 Loss is L =0.023599740117788315 
Cross_Entropy lr = 0.01 Loss 266/300 Loss is L =0.020700449123978615 
Cross_Entropy lr = 0.01 Loss 267/300 Loss is L =0.01958056353032589 
Cross_Entropy lr = 0.01 Loss 268/300 Loss is L =0.07658910006284714 
Cross_Entropy lr = 0.01 Loss 269/300 Loss is L =0.02182355336844921 
Cross_Entropy lr = 0.01 Loss 270/300 Loss is L =0.038351621478796005 
Cross_Entropy lr = 0.01 Loss 271/300 Loss is L =0.03484504297375679 
Cross_Entropy lr = 0.01 Loss 272/300 Loss is L =0.02046533115208149 
Cross_Entropy lr = 0.01 Loss 273/300 Loss is L =0.029200298711657524 
Cross_Entropy lr = 0.01 Loss 274/300 Loss is L =0.02731105498969555 
Cross_Entropy lr = 0.01 Loss 275/300 Loss is L =0.039292242377996445 
Cross_Entropy lr = 0.01 Loss 276/300 Loss is L =0.03272876515984535 
Cross_Entropy lr = 0.01 Loss 277/300 Loss is L =0.02550087869167328 
Cross_Entropy lr = 0.01 Loss 278/300 Loss is L =0.019949696958065033 
Cross_Entropy lr = 0.01 Loss 279/300 Loss is L =0.02272196114063263 
Cross_Entropy lr = 0.01 Loss 280/300 Loss is L =0.04261898249387741 
Cross_Entropy lr = 0.01 Loss 281/300 Loss is L =0.02174714021384716 
Cross_Entropy lr = 0.01 Loss 282/300 Loss is L =0.027313724160194397 
Cross_Entropy lr = 0.01 Loss 283/300 Loss is L =0.020846562460064888 
Cross_Entropy lr = 0.01 Loss 284/300 Loss is L =0.026652855798602104 
Cross_Entropy lr = 0.01 Loss 285/300 Loss is L =0.0186831746250391 
Cross_Entropy lr = 0.01 Loss 286/300 Loss is L =0.029932359233498573 
Cross_Entropy lr = 0.01 Loss 287/300 Loss is L =0.023548366501927376 
Cross_Entropy lr = 0.01 Loss 288/300 Loss is L =0.03911376744508743 
Cross_Entropy lr = 0.01 Loss 289/300 Loss is L =0.02057722955942154 
Cross_Entropy lr = 0.01 Loss 290/300 Loss is L =0.04434007406234741 
Cross_Entropy lr = 0.01 Loss 291/300 Loss is L =0.03279980272054672 
Cross_Entropy lr = 0.01 Loss 292/300 Loss is L =0.021677907556295395 
Cross_Entropy lr = 0.01 Loss 293/300 Loss is L =0.01978340931236744 
Cross_Entropy lr = 0.01 Loss 294/300 Loss is L =0.02565642260015011 
Cross_Entropy lr = 0.01 Loss 295/300 Loss is L =0.07403071969747543 
Cross_Entropy lr = 0.01 Loss 296/300 Loss is L =0.0249226875603199 
Cross_Entropy lr = 0.01 Loss 297/300 Loss is L =0.023349091410636902 
Cross_Entropy lr = 0.01 Loss 298/300 Loss is L =0.021666614338755608 
Cross_Entropy lr = 0.01 Loss 299/300 Loss is L =0.025169676169753075 
Cross_Entropy lr = 0.01 Loss 300/300 Loss is L =0.024228733032941818 
