Program will start executing in a bit
/apps/sw/miniconda/envs/ai-4/lib/python3.10/site-packages/torch/utils/_device.py:77: UserWarning: To copy construct from a tensor, it is recommended to use sourceTensor.clone().detach() or sourceTensor.clone().detach().requires_grad_(True), rather than torch.tensor(sourceTensor).
  return func(*args, **kwargs)
✅ Using CUDA globally
GPU: Tesla V100-PCIE-32GB
Current directory: /home/cbe05/MaqamDiffusion
Cross_Entropy lr = 0.01 Loss 1/300 Loss is L =1.6485780477523804 
Cross_Entropy lr = 0.01 Loss 2/300 Loss is L =1.4920144081115723 
Cross_Entropy lr = 0.01 Loss 3/300 Loss is L =1.4407812356948853 
Cross_Entropy lr = 0.01 Loss 4/300 Loss is L =1.4561151266098022 
Cross_Entropy lr = 0.01 Loss 5/300 Loss is L =1.4483228921890259 
Cross_Entropy lr = 0.01 Loss 6/300 Loss is L =1.2655173540115356 
Cross_Entropy lr = 0.01 Loss 7/300 Loss is L =1.2328369617462158 
Cross_Entropy lr = 0.01 Loss 8/300 Loss is L =1.2120367288589478 
Cross_Entropy lr = 0.01 Loss 9/300 Loss is L =1.198559284210205 
Cross_Entropy lr = 0.01 Loss 10/300 Loss is L =1.0113129615783691 
Cross_Entropy lr = 0.01 Loss 11/300 Loss is L =0.8024405837059021 
Cross_Entropy lr = 0.01 Loss 12/300 Loss is L =1.165942668914795 
Cross_Entropy lr = 0.01 Loss 13/300 Loss is L =0.8469862341880798 
Cross_Entropy lr = 0.01 Loss 14/300 Loss is L =0.9475122690200806 
Cross_Entropy lr = 0.01 Loss 15/300 Loss is L =0.7486964464187622 
Cross_Entropy lr = 0.01 Loss 16/300 Loss is L =0.7820872664451599 
Cross_Entropy lr = 0.01 Loss 17/300 Loss is L =0.9037392735481262 
Cross_Entropy lr = 0.01 Loss 18/300 Loss is L =0.8837869763374329 
Cross_Entropy lr = 0.01 Loss 19/300 Loss is L =0.7287212610244751 
Cross_Entropy lr = 0.01 Loss 20/300 Loss is L =0.48427221179008484 
Cross_Entropy lr = 0.01 Loss 21/300 Loss is L =0.5308751463890076 
Cross_Entropy lr = 0.01 Loss 22/300 Loss is L =0.6054323315620422 
Cross_Entropy lr = 0.01 Loss 23/300 Loss is L =0.43747010827064514 
Cross_Entropy lr = 0.01 Loss 24/300 Loss is L =0.9714921116828918 
Cross_Entropy lr = 0.01 Loss 25/300 Loss is L =0.7429701089859009 
Cross_Entropy lr = 0.01 Loss 26/300 Loss is L =0.5687237977981567 
Cross_Entropy lr = 0.01 Loss 27/300 Loss is L =0.38937756419181824 
Cross_Entropy lr = 0.01 Loss 28/300 Loss is L =0.3276110589504242 
Cross_Entropy lr = 0.01 Loss 29/300 Loss is L =0.23964209854602814 
Cross_Entropy lr = 0.01 Loss 30/300 Loss is L =0.26919135451316833 
Cross_Entropy lr = 0.01 Loss 31/300 Loss is L =0.314141184091568 
Cross_Entropy lr = 0.01 Loss 32/300 Loss is L =0.47122737765312195 
Cross_Entropy lr = 0.01 Loss 33/300 Loss is L =0.22389602661132812 
Cross_Entropy lr = 0.01 Loss 34/300 Loss is L =0.13587433099746704 
Cross_Entropy lr = 0.01 Loss 35/300 Loss is L =0.32482507824897766 
Cross_Entropy lr = 0.01 Loss 36/300 Loss is L =0.14000077545642853 
Cross_Entropy lr = 0.01 Loss 37/300 Loss is L =0.1823764443397522 
Cross_Entropy lr = 0.01 Loss 38/300 Loss is L =0.13641053438186646 
Cross_Entropy lr = 0.01 Loss 39/300 Loss is L =0.16823087632656097 
Cross_Entropy lr = 0.01 Loss 40/300 Loss is L =0.12632668018341064 
Cross_Entropy lr = 0.01 Loss 41/300 Loss is L =0.036464739590883255 
Cross_Entropy lr = 0.01 Loss 42/300 Loss is L =0.02881627157330513 
Cross_Entropy lr = 0.01 Loss 43/300 Loss is L =0.09741797298192978 
Cross_Entropy lr = 0.01 Loss 44/300 Loss is L =0.07372116297483444 
Cross_Entropy lr = 0.01 Loss 45/300 Loss is L =0.1825588494539261 
Cross_Entropy lr = 0.01 Loss 46/300 Loss is L =0.1450449675321579 
Cross_Entropy lr = 0.01 Loss 47/300 Loss is L =0.07404061406850815 
Cross_Entropy lr = 0.01 Loss 48/300 Loss is L =0.1725863218307495 
Cross_Entropy lr = 0.01 Loss 49/300 Loss is L =0.05148063972592354 
Cross_Entropy lr = 0.01 Loss 50/300 Loss is L =0.04416380450129509 
Cross_Entropy lr = 0.01 Loss 51/300 Loss is L =0.06177697330713272 
Cross_Entropy lr = 0.01 Loss 52/300 Loss is L =0.14046213030815125 
Cross_Entropy lr = 0.01 Loss 53/300 Loss is L =0.14352689683437347 
Cross_Entropy lr = 0.01 Loss 54/300 Loss is L =0.06161511689424515 
Cross_Entropy lr = 0.01 Loss 55/300 Loss is L =0.07257367670536041 
Cross_Entropy lr = 0.01 Loss 56/300 Loss is L =0.06348714977502823 
Cross_Entropy lr = 0.01 Loss 57/300 Loss is L =0.014861232601106167 
Cross_Entropy lr = 0.01 Loss 58/300 Loss is L =0.08878225088119507 
Cross_Entropy lr = 0.01 Loss 59/300 Loss is L =0.01099264807999134 
Cross_Entropy lr = 0.01 Loss 60/300 Loss is L =0.06029869243502617 
Cross_Entropy lr = 0.01 Loss 61/300 Loss is L =0.018517568707466125 
Cross_Entropy lr = 0.01 Loss 62/300 Loss is L =0.05654290318489075 
Cross_Entropy lr = 0.01 Loss 63/300 Loss is L =0.03673005849123001 
Cross_Entropy lr = 0.01 Loss 64/300 Loss is L =0.0410178117454052 
Cross_Entropy lr = 0.01 Loss 65/300 Loss is L =0.040548354387283325 
Cross_Entropy lr = 0.01 Loss 66/300 Loss is L =0.13233917951583862 
Cross_Entropy lr = 0.01 Loss 67/300 Loss is L =0.10616271942853928 
Cross_Entropy lr = 0.01 Loss 68/300 Loss is L =0.024933693930506706 
Cross_Entropy lr = 0.01 Loss 69/300 Loss is L =0.10267303138971329 
Cross_Entropy lr = 0.01 Loss 70/300 Loss is L =0.08096142113208771 
Cross_Entropy lr = 0.01 Loss 71/300 Loss is L =0.11315438896417618 
Cross_Entropy lr = 0.01 Loss 72/300 Loss is L =0.16943250596523285 
Cross_Entropy lr = 0.01 Loss 73/300 Loss is L =0.0785197839140892 
Cross_Entropy lr = 0.01 Loss 74/300 Loss is L =0.04946519061923027 
Cross_Entropy lr = 0.01 Loss 75/300 Loss is L =0.018773384392261505 
Cross_Entropy lr = 0.01 Loss 76/300 Loss is L =0.08044345676898956 
Cross_Entropy lr = 0.01 Loss 77/300 Loss is L =0.046607859432697296 
Cross_Entropy lr = 0.01 Loss 78/300 Loss is L =0.04095533490180969 
Cross_Entropy lr = 0.01 Loss 79/300 Loss is L =0.02561885118484497 
Cross_Entropy lr = 0.01 Loss 80/300 Loss is L =0.0691637322306633 
Cross_Entropy lr = 0.01 Loss 81/300 Loss is L =0.09405805915594101 
Cross_Entropy lr = 0.01 Loss 82/300 Loss is L =0.050909291952848434 
Cross_Entropy lr = 0.01 Loss 83/300 Loss is L =0.1158442422747612 
Cross_Entropy lr = 0.01 Loss 84/300 Loss is L =0.13028119504451752 
Cross_Entropy lr = 0.01 Loss 85/300 Loss is L =0.016588648781180382 
Cross_Entropy lr = 0.01 Loss 86/300 Loss is L =0.02623879350721836 
Cross_Entropy lr = 0.01 Loss 87/300 Loss is L =0.04202140122652054 
Cross_Entropy lr = 0.01 Loss 88/300 Loss is L =0.05090063437819481 
Cross_Entropy lr = 0.01 Loss 89/300 Loss is L =0.03057199716567993 
Cross_Entropy lr = 0.01 Loss 90/300 Loss is L =0.08509117364883423 
Cross_Entropy lr = 0.01 Loss 91/300 Loss is L =0.04941257834434509 
Cross_Entropy lr = 0.01 Loss 92/300 Loss is L =0.08619408309459686 
Cross_Entropy lr = 0.01 Loss 93/300 Loss is L =0.10090368986129761 
Cross_Entropy lr = 0.01 Loss 94/300 Loss is L =0.0069399261847138405 
Cross_Entropy lr = 0.01 Loss 95/300 Loss is L =0.028356457129120827 
Cross_Entropy lr = 0.01 Loss 96/300 Loss is L =0.04339548572897911 
Cross_Entropy lr = 0.01 Loss 97/300 Loss is L =0.11479747295379639 
Cross_Entropy lr = 0.01 Loss 98/300 Loss is L =0.06716101616621017 
Cross_Entropy lr = 0.01 Loss 99/300 Loss is L =0.040991827845573425 
Cross_Entropy lr = 0.01 Loss 100/300 Loss is L =0.02790183201432228 
Cross_Entropy lr = 0.01 Loss 101/300 Loss is L =0.02539774775505066 
Cross_Entropy lr = 0.01 Loss 102/300 Loss is L =0.03870932012796402 
Cross_Entropy lr = 0.01 Loss 103/300 Loss is L =0.02106991969048977 
Cross_Entropy lr = 0.01 Loss 104/300 Loss is L =0.03651280701160431 
Cross_Entropy lr = 0.01 Loss 105/300 Loss is L =0.05446257069706917 
Cross_Entropy lr = 0.01 Loss 106/300 Loss is L =0.028398340567946434 
Cross_Entropy lr = 0.01 Loss 107/300 Loss is L =0.05835866555571556 
Cross_Entropy lr = 0.01 Loss 108/300 Loss is L =0.013943396508693695 
Cross_Entropy lr = 0.01 Loss 109/300 Loss is L =0.03032715432345867 
Cross_Entropy lr = 0.01 Loss 110/300 Loss is L =0.03373940289020538 
Cross_Entropy lr = 0.01 Loss 111/300 Loss is L =0.09097236394882202 
Cross_Entropy lr = 0.01 Loss 112/300 Loss is L =0.004072749987244606 
Cross_Entropy lr = 0.01 Loss 113/300 Loss is L =0.011006257496774197 
Cross_Entropy lr = 0.01 Loss 114/300 Loss is L =0.025031626224517822 
Cross_Entropy lr = 0.01 Loss 115/300 Loss is L =0.0260363407433033 
Cross_Entropy lr = 0.01 Loss 116/300 Loss is L =0.024541249498724937 
Cross_Entropy lr = 0.01 Loss 117/300 Loss is L =0.02392326481640339 
Cross_Entropy lr = 0.01 Loss 118/300 Loss is L =0.018421947956085205 
Cross_Entropy lr = 0.01 Loss 119/300 Loss is L =0.005179092288017273 
Cross_Entropy lr = 0.01 Loss 120/300 Loss is L =0.0186514463275671 
Cross_Entropy lr = 0.01 Loss 121/300 Loss is L =0.01477884966880083 
Cross_Entropy lr = 0.01 Loss 122/300 Loss is L =0.1742572784423828 
Cross_Entropy lr = 0.01 Loss 123/300 Loss is L =0.043163035064935684 
Cross_Entropy lr = 0.01 Loss 124/300 Loss is L =0.07912379503250122 
Cross_Entropy lr = 0.01 Loss 125/300 Loss is L =0.004887537565082312 
Cross_Entropy lr = 0.01 Loss 126/300 Loss is L =0.03410537168383598 
Cross_Entropy lr = 0.01 Loss 127/300 Loss is L =0.047171302139759064 
Cross_Entropy lr = 0.01 Loss 128/300 Loss is L =0.004641167353838682 
Cross_Entropy lr = 0.01 Loss 129/300 Loss is L =0.008053463883697987 
Cross_Entropy lr = 0.01 Loss 130/300 Loss is L =0.025806156918406487 
Cross_Entropy lr = 0.01 Loss 131/300 Loss is L =0.051198314875364304 
Cross_Entropy lr = 0.01 Loss 132/300 Loss is L =0.05597268417477608 
Cross_Entropy lr = 0.01 Loss 133/300 Loss is L =0.010383022017776966 
Cross_Entropy lr = 0.01 Loss 134/300 Loss is L =0.02656562626361847 
Cross_Entropy lr = 0.01 Loss 135/300 Loss is L =0.024310927838087082 
Cross_Entropy lr = 0.01 Loss 136/300 Loss is L =0.04445002228021622 
Cross_Entropy lr = 0.01 Loss 137/300 Loss is L =0.04827161505818367 
Cross_Entropy lr = 0.01 Loss 138/300 Loss is L =0.06296434998512268 
Cross_Entropy lr = 0.01 Loss 139/300 Loss is L =0.026876455172896385 
Cross_Entropy lr = 0.01 Loss 140/300 Loss is L =0.023431923240423203 
Cross_Entropy lr = 0.01 Loss 141/300 Loss is L =0.13943429291248322 
Cross_Entropy lr = 0.01 Loss 142/300 Loss is L =0.04403247311711311 
Cross_Entropy lr = 0.01 Loss 143/300 Loss is L =0.0030539431609213352 
Cross_Entropy lr = 0.01 Loss 144/300 Loss is L =0.003671804443001747 
Cross_Entropy lr = 0.01 Loss 145/300 Loss is L =0.046934086829423904 
Cross_Entropy lr = 0.01 Loss 146/300 Loss is L =0.04551881551742554 
Cross_Entropy lr = 0.01 Loss 147/300 Loss is L =0.05571100860834122 
Cross_Entropy lr = 0.01 Loss 148/300 Loss is L =0.013397425413131714 
Cross_Entropy lr = 0.01 Loss 149/300 Loss is L =0.055124856531620026 
Cross_Entropy lr = 0.01 Loss 150/300 Loss is L =0.06976046413183212 
Cross_Entropy lr = 0.01 Loss 151/300 Loss is L =0.016144847497344017 
Cross_Entropy lr = 0.01 Loss 152/300 Loss is L =0.001101857516914606 
Cross_Entropy lr = 0.01 Loss 153/300 Loss is L =0.006608258467167616 
Cross_Entropy lr = 0.01 Loss 154/300 Loss is L =0.0044466787949204445 
Cross_Entropy lr = 0.01 Loss 155/300 Loss is L =0.025089586153626442 
Cross_Entropy lr = 0.01 Loss 156/300 Loss is L =0.07243257015943527 
Cross_Entropy lr = 0.01 Loss 157/300 Loss is L =0.10276364535093307 
Cross_Entropy lr = 0.01 Loss 158/300 Loss is L =0.006185232196003199 
Cross_Entropy lr = 0.01 Loss 159/300 Loss is L =0.005065029487013817 
Cross_Entropy lr = 0.01 Loss 160/300 Loss is L =0.004633760545402765 
Cross_Entropy lr = 0.01 Loss 161/300 Loss is L =0.03308961167931557 
Cross_Entropy lr = 0.01 Loss 162/300 Loss is L =0.07147208601236343 
Cross_Entropy lr = 0.01 Loss 163/300 Loss is L =0.10333261638879776 
Cross_Entropy lr = 0.01 Loss 164/300 Loss is L =0.08227088302373886 
Cross_Entropy lr = 0.01 Loss 165/300 Loss is L =0.0054816086776554585 
Cross_Entropy lr = 0.01 Loss 166/300 Loss is L =0.07109145820140839 
Cross_Entropy lr = 0.01 Loss 167/300 Loss is L =0.04318908974528313 
Cross_Entropy lr = 0.01 Loss 168/300 Loss is L =0.04904026910662651 
Cross_Entropy lr = 0.01 Loss 169/300 Loss is L =0.023357024416327477 
Cross_Entropy lr = 0.01 Loss 170/300 Loss is L =0.034856073558330536 
Cross_Entropy lr = 0.01 Loss 171/300 Loss is L =0.043236300349235535 
Cross_Entropy lr = 0.01 Loss 172/300 Loss is L =0.07393992692232132 
Cross_Entropy lr = 0.01 Loss 173/300 Loss is L =0.01401041354984045 
Cross_Entropy lr = 0.01 Loss 174/300 Loss is L =0.010517149232327938 
Cross_Entropy lr = 0.01 Loss 175/300 Loss is L =0.008059876039624214 
Cross_Entropy lr = 0.01 Loss 176/300 Loss is L =0.012447384186089039 
Cross_Entropy lr = 0.01 Loss 177/300 Loss is L =0.029015425592660904 
Cross_Entropy lr = 0.01 Loss 178/300 Loss is L =0.07229260355234146 
Cross_Entropy lr = 0.01 Loss 179/300 Loss is L =0.06947378069162369 
Cross_Entropy lr = 0.01 Loss 180/300 Loss is L =0.06899534910917282 
Cross_Entropy lr = 0.01 Loss 181/300 Loss is L =0.09423866122961044 
Cross_Entropy lr = 0.01 Loss 182/300 Loss is L =0.06587588787078857 
Cross_Entropy lr = 0.01 Loss 183/300 Loss is L =0.029006287455558777 
Cross_Entropy lr = 0.01 Loss 184/300 Loss is L =0.056517668068408966 
Cross_Entropy lr = 0.01 Loss 185/300 Loss is L =0.0038970732130110264 
Cross_Entropy lr = 0.01 Loss 186/300 Loss is L =0.021146129816770554 
Cross_Entropy lr = 0.01 Loss 187/300 Loss is L =0.006277075503021479 
Cross_Entropy lr = 0.01 Loss 188/300 Loss is L =0.07932739704847336 
Cross_Entropy lr = 0.01 Loss 189/300 Loss is L =0.022543257102370262 
Cross_Entropy lr = 0.01 Loss 190/300 Loss is L =0.027839312329888344 
Cross_Entropy lr = 0.01 Loss 191/300 Loss is L =0.015159428119659424 
Cross_Entropy lr = 0.01 Loss 192/300 Loss is L =0.0772758349776268 
Cross_Entropy lr = 0.01 Loss 193/300 Loss is L =0.0029118426609784365 
Cross_Entropy lr = 0.01 Loss 194/300 Loss is L =0.019490892067551613 
Cross_Entropy lr = 0.01 Loss 195/300 Loss is L =0.004623438697308302 
Cross_Entropy lr = 0.01 Loss 196/300 Loss is L =0.05841043218970299 
Cross_Entropy lr = 0.01 Loss 197/300 Loss is L =0.007491844240576029 
Cross_Entropy lr = 0.01 Loss 198/300 Loss is L =0.0800967812538147 
Cross_Entropy lr = 0.01 Loss 199/300 Loss is L =0.0017838506028056145 
Cross_Entropy lr = 0.01 Loss 200/300 Loss is L =0.008715991862118244 
Cross_Entropy lr = 0.01 Loss 201/300 Loss is L =0.05147432163357735 
Cross_Entropy lr = 0.01 Loss 202/300 Loss is L =0.0724869892001152 
Cross_Entropy lr = 0.01 Loss 203/300 Loss is L =0.049239639192819595 
Cross_Entropy lr = 0.01 Loss 204/300 Loss is L =0.0018172633135691285 
Cross_Entropy lr = 0.01 Loss 205/300 Loss is L =0.06563379615545273 
Cross_Entropy lr = 0.01 Loss 206/300 Loss is L =0.06813137978315353 
Cross_Entropy lr = 0.01 Loss 207/300 Loss is L =0.029760366305708885 
Cross_Entropy lr = 0.01 Loss 208/300 Loss is L =0.016996581107378006 
Cross_Entropy lr = 0.01 Loss 209/300 Loss is L =0.07624774426221848 
Cross_Entropy lr = 0.01 Loss 210/300 Loss is L =0.014039585366845131 
Cross_Entropy lr = 0.01 Loss 211/300 Loss is L =0.029466424137353897 
Cross_Entropy lr = 0.01 Loss 212/300 Loss is L =0.0800597220659256 
Cross_Entropy lr = 0.01 Loss 213/300 Loss is L =0.004608211573213339 
Cross_Entropy lr = 0.01 Loss 214/300 Loss is L =0.027767682448029518 
Cross_Entropy lr = 0.01 Loss 215/300 Loss is L =0.0026042943354696035 
Cross_Entropy lr = 0.01 Loss 216/300 Loss is L =0.05153731256723404 
Cross_Entropy lr = 0.01 Loss 217/300 Loss is L =0.0555136576294899 
Cross_Entropy lr = 0.01 Loss 218/300 Loss is L =0.08577588945627213 
Cross_Entropy lr = 0.01 Loss 219/300 Loss is L =0.062455277889966965 
Cross_Entropy lr = 0.01 Loss 220/300 Loss is L =0.015968695282936096 
Cross_Entropy lr = 0.01 Loss 221/300 Loss is L =0.0140390545129776 
Cross_Entropy lr = 0.01 Loss 222/300 Loss is L =0.11106542497873306 
Cross_Entropy lr = 0.01 Loss 223/300 Loss is L =0.011170250363647938 
Cross_Entropy lr = 0.01 Loss 224/300 Loss is L =0.021726900711655617 
Cross_Entropy lr = 0.01 Loss 225/300 Loss is L =0.0395713709294796 
Cross_Entropy lr = 0.01 Loss 226/300 Loss is L =0.04902787506580353 
Cross_Entropy lr = 0.01 Loss 227/300 Loss is L =0.027672046795487404 
Cross_Entropy lr = 0.01 Loss 228/300 Loss is L =0.006822164636105299 
Cross_Entropy lr = 0.01 Loss 229/300 Loss is L =0.046855222433805466 
Cross_Entropy lr = 0.01 Loss 230/300 Loss is L =0.06661929935216904 
Cross_Entropy lr = 0.01 Loss 231/300 Loss is L =0.006142824422568083 
Cross_Entropy lr = 0.01 Loss 232/300 Loss is L =0.04037664458155632 
Cross_Entropy lr = 0.01 Loss 233/300 Loss is L =0.0445852167904377 
Cross_Entropy lr = 0.01 Loss 234/300 Loss is L =0.008305791765451431 
Cross_Entropy lr = 0.01 Loss 235/300 Loss is L =0.050326377153396606 
Cross_Entropy lr = 0.01 Loss 236/300 Loss is L =0.003935777582228184 
Cross_Entropy lr = 0.01 Loss 237/300 Loss is L =0.031245384365320206 
Cross_Entropy lr = 0.01 Loss 238/300 Loss is L =0.013900639489293098 
Cross_Entropy lr = 0.01 Loss 239/300 Loss is L =0.05888805910944939 
Cross_Entropy lr = 0.01 Loss 240/300 Loss is L =0.025866135954856873 
Cross_Entropy lr = 0.01 Loss 241/300 Loss is L =0.1126064881682396 
Cross_Entropy lr = 0.01 Loss 242/300 Loss is L =0.19717320799827576 
Cross_Entropy lr = 0.01 Loss 243/300 Loss is L =0.02882443182170391 
Cross_Entropy lr = 0.01 Loss 244/300 Loss is L =0.06437229365110397 
Cross_Entropy lr = 0.01 Loss 245/300 Loss is L =0.046047840267419815 
Cross_Entropy lr = 0.01 Loss 246/300 Loss is L =0.04521803930401802 
Cross_Entropy lr = 0.01 Loss 247/300 Loss is L =0.006373985204845667 
Cross_Entropy lr = 0.01 Loss 248/300 Loss is L =0.02398255281150341 
Cross_Entropy lr = 0.01 Loss 249/300 Loss is L =0.0044412873685359955 
Cross_Entropy lr = 0.01 Loss 250/300 Loss is L =0.003967931494116783 
Cross_Entropy lr = 0.01 Loss 251/300 Loss is L =0.054525502026081085 
Cross_Entropy lr = 0.01 Loss 252/300 Loss is L =0.004627804737538099 
Cross_Entropy lr = 0.01 Loss 253/300 Loss is L =0.06971399486064911 
Cross_Entropy lr = 0.01 Loss 254/300 Loss is L =0.07207972556352615 
Cross_Entropy lr = 0.01 Loss 255/300 Loss is L =0.04512062296271324 
Cross_Entropy lr = 0.01 Loss 256/300 Loss is L =0.012118336744606495 
Cross_Entropy lr = 0.01 Loss 257/300 Loss is L =0.007160974200814962 
Cross_Entropy lr = 0.01 Loss 258/300 Loss is L =0.0698142945766449 
Cross_Entropy lr = 0.01 Loss 259/300 Loss is L =0.05684501677751541 
Cross_Entropy lr = 0.01 Loss 260/300 Loss is L =0.007543667685240507 
Cross_Entropy lr = 0.01 Loss 261/300 Loss is L =0.056959368288517 
Cross_Entropy lr = 0.01 Loss 262/300 Loss is L =0.02769644558429718 
Cross_Entropy lr = 0.01 Loss 263/300 Loss is L =0.11930399388074875 
Cross_Entropy lr = 0.01 Loss 264/300 Loss is L =0.09097836166620255 
Cross_Entropy lr = 0.01 Loss 265/300 Loss is L =0.0032713026739656925 
Cross_Entropy lr = 0.01 Loss 266/300 Loss is L =0.0039799329824745655 
Cross_Entropy lr = 0.01 Loss 267/300 Loss is L =0.045195892453193665 
Cross_Entropy lr = 0.01 Loss 268/300 Loss is L =0.1144246980547905 
Cross_Entropy lr = 0.01 Loss 269/300 Loss is L =0.12530794739723206 
Cross_Entropy lr = 0.01 Loss 270/300 Loss is L =0.058800049126148224 
Cross_Entropy lr = 0.01 Loss 271/300 Loss is L =0.02786373160779476 
Cross_Entropy lr = 0.01 Loss 272/300 Loss is L =0.015593905933201313 
Cross_Entropy lr = 0.01 Loss 273/300 Loss is L =0.06679406017065048 
Cross_Entropy lr = 0.01 Loss 274/300 Loss is L =0.07858263701200485 
Cross_Entropy lr = 0.01 Loss 275/300 Loss is L =0.005940122064203024 
Cross_Entropy lr = 0.01 Loss 276/300 Loss is L =0.006061318796128035 
Cross_Entropy lr = 0.01 Loss 277/300 Loss is L =0.006484550423920155 
Cross_Entropy lr = 0.01 Loss 278/300 Loss is L =0.04577368125319481 
Cross_Entropy lr = 0.01 Loss 279/300 Loss is L =0.029081260785460472 
Cross_Entropy lr = 0.01 Loss 280/300 Loss is L =0.061878133565187454 
Cross_Entropy lr = 0.01 Loss 281/300 Loss is L =0.056898463517427444 
Cross_Entropy lr = 0.01 Loss 282/300 Loss is L =0.039892684668302536 
Cross_Entropy lr = 0.01 Loss 283/300 Loss is L =0.021044669672846794 
Cross_Entropy lr = 0.01 Loss 284/300 Loss is L =0.011169906705617905 
Cross_Entropy lr = 0.01 Loss 285/300 Loss is L =0.019885635003447533 
Cross_Entropy lr = 0.01 Loss 286/300 Loss is L =0.0036268197000026703 
Cross_Entropy lr = 0.01 Loss 287/300 Loss is L =0.07225856930017471 
Cross_Entropy lr = 0.01 Loss 288/300 Loss is L =0.04675871133804321 
Cross_Entropy lr = 0.01 Loss 289/300 Loss is L =0.00464236456900835 
Cross_Entropy lr = 0.01 Loss 290/300 Loss is L =0.04854815453290939 
Cross_Entropy lr = 0.01 Loss 291/300 Loss is L =0.032130248844623566 
Cross_Entropy lr = 0.01 Loss 292/300 Loss is L =0.008390349335968494 
Cross_Entropy lr = 0.01 Loss 293/300 Loss is L =0.11391615867614746 
Cross_Entropy lr = 0.01 Loss 294/300 Loss is L =0.028137898072600365 
Cross_Entropy lr = 0.01 Loss 295/300 Loss is L =0.028678705915808678 
Cross_Entropy lr = 0.01 Loss 296/300 Loss is L =0.007285869214683771 
Cross_Entropy lr = 0.01 Loss 297/300 Loss is L =0.004367693793028593 
Cross_Entropy lr = 0.01 Loss 298/300 Loss is L =0.004418422933667898 
Cross_Entropy lr = 0.01 Loss 299/300 Loss is L =0.06828252971172333 
Cross_Entropy lr = 0.01 Loss 300/300 Loss is L =0.005260783713310957 
Correct: 158/298
Accuracy: 53.02%
