Program will start executing in a bit
/apps/sw/miniconda/envs/ai-4/lib/python3.10/site-packages/torch/utils/_device.py:77: UserWarning: To copy construct from a tensor, it is recommended to use sourceTensor.clone().detach() or sourceTensor.clone().detach().requires_grad_(True), rather than torch.tensor(sourceTensor).
  return func(*args, **kwargs)
✅ Using CUDA globally
GPU: Tesla V100-PCIE-32GB
✅ Using CUDA globally
GPU: Tesla V100-PCIE-32GB
Current directory: /home/cbe05/MaqamDiffusion
lr = 0.001 Loss 1/150 Loss is L =0.03365246206521988 
lr = 0.001 Loss 2/150 Loss is L =0.03211097791790962 
lr = 0.001 Loss 3/150 Loss is L =0.026899028569459915 
lr = 0.001 Loss 4/150 Loss is L =0.030510110780596733 
lr = 0.001 Loss 5/150 Loss is L =0.024294845759868622 
lr = 0.001 Loss 6/150 Loss is L =0.027521951124072075 
lr = 0.001 Loss 7/150 Loss is L =0.025798602029681206 
lr = 0.001 Loss 8/150 Loss is L =0.025620097294449806 
lr = 0.001 Loss 9/150 Loss is L =0.023834023624658585 
lr = 0.001 Loss 10/150 Loss is L =0.025297274813055992 
lr = 0.001 Loss 11/150 Loss is L =0.023749588057398796 
lr = 0.001 Loss 12/150 Loss is L =0.024456040933728218 
lr = 0.001 Loss 13/150 Loss is L =0.025075936689972878 
lr = 0.001 Loss 14/150 Loss is L =0.02528320625424385 
lr = 0.001 Loss 15/150 Loss is L =0.022924061864614487 
lr = 0.001 Loss 16/150 Loss is L =0.024262525141239166 
lr = 0.001 Loss 17/150 Loss is L =0.022100679576396942 
lr = 0.001 Loss 18/150 Loss is L =0.023475144058465958 
lr = 0.001 Loss 19/150 Loss is L =0.02353183552622795 
lr = 0.001 Loss 20/150 Loss is L =0.02491125836968422 
lr = 0.001 Loss 21/150 Loss is L =0.021516529843211174 
lr = 0.001 Loss 22/150 Loss is L =0.02238597348332405 
lr = 0.001 Loss 23/150 Loss is L =0.02336513064801693 
lr = 0.001 Loss 24/150 Loss is L =0.022999858483672142 
lr = 0.001 Loss 25/150 Loss is L =0.024024946615099907 
lr = 0.001 Loss 26/150 Loss is L =0.022678380832076073 
lr = 0.001 Loss 27/150 Loss is L =0.02309250645339489 
lr = 0.001 Loss 28/150 Loss is L =0.024076325818896294 
lr = 0.001 Loss 29/150 Loss is L =0.023669926449656487 
lr = 0.001 Loss 30/150 Loss is L =0.023742875084280968 
lr = 0.001 Loss 31/150 Loss is L =0.021789446473121643 
lr = 0.001 Loss 32/150 Loss is L =0.025222165510058403 
lr = 0.001 Loss 33/150 Loss is L =0.021526146680116653 
lr = 0.001 Loss 34/150 Loss is L =0.0215329360216856 
lr = 0.001 Loss 35/150 Loss is L =0.026615142822265625 
lr = 0.001 Loss 36/150 Loss is L =0.02356238290667534 
lr = 0.001 Loss 37/150 Loss is L =0.024174675345420837 
lr = 0.001 Loss 38/150 Loss is L =0.021958094090223312 
lr = 0.001 Loss 39/150 Loss is L =0.025122398510575294 
lr = 0.001 Loss 40/150 Loss is L =0.02333826571702957 
lr = 0.001 Loss 41/150 Loss is L =0.024013087153434753 
lr = 0.001 Loss 42/150 Loss is L =0.022737935185432434 
lr = 0.001 Loss 43/150 Loss is L =0.02093682251870632 
lr = 0.001 Loss 44/150 Loss is L =0.021228311583399773 
lr = 0.001 Loss 45/150 Loss is L =0.022412745282053947 
lr = 0.001 Loss 46/150 Loss is L =0.02696182206273079 
lr = 0.001 Loss 47/150 Loss is L =0.023687129840254784 
lr = 0.001 Loss 48/150 Loss is L =0.02088373526930809 
lr = 0.001 Loss 49/150 Loss is L =0.02184442989528179 
lr = 0.001 Loss 50/150 Loss is L =0.02291410230100155 
lr = 0.001 Loss 51/150 Loss is L =0.022287551313638687 
lr = 0.001 Loss 52/150 Loss is L =0.021673649549484253 
lr = 0.001 Loss 53/150 Loss is L =0.021943319588899612 
lr = 0.001 Loss 54/150 Loss is L =0.021390361711382866 
lr = 0.001 Loss 55/150 Loss is L =0.02280593290925026 
lr = 0.001 Loss 56/150 Loss is L =0.022505009546875954 
lr = 0.001 Loss 57/150 Loss is L =0.023153502494096756 
lr = 0.001 Loss 58/150 Loss is L =0.020252343267202377 
lr = 0.001 Loss 59/150 Loss is L =0.02473691664636135 
lr = 0.001 Loss 60/150 Loss is L =0.024263985455036163 
lr = 0.001 Loss 61/150 Loss is L =0.02380051091313362 
lr = 0.001 Loss 62/150 Loss is L =0.02194148860871792 
lr = 0.001 Loss 63/150 Loss is L =0.023230168968439102 
lr = 0.001 Loss 64/150 Loss is L =0.024680694565176964 
lr = 0.001 Loss 65/150 Loss is L =0.023988932371139526 
lr = 0.001 Loss 66/150 Loss is L =0.020480705425143242 
lr = 0.001 Loss 67/150 Loss is L =0.022319165989756584 
lr = 0.001 Loss 68/150 Loss is L =0.02157563529908657 
lr = 0.001 Loss 69/150 Loss is L =0.022282732650637627 
lr = 0.001 Loss 70/150 Loss is L =0.02216101437807083 
lr = 0.001 Loss 71/150 Loss is L =0.020921997725963593 
lr = 0.001 Loss 72/150 Loss is L =0.02279161475598812 
lr = 0.001 Loss 73/150 Loss is L =0.025125587359070778 
lr = 0.001 Loss 74/150 Loss is L =0.02211747132241726 
lr = 0.001 Loss 75/150 Loss is L =0.02094513736665249 
lr = 0.001 Loss 76/150 Loss is L =0.023752937093377113 
lr = 0.001 Loss 77/150 Loss is L =0.0216815322637558 
lr = 0.001 Loss 78/150 Loss is L =0.022249510511755943 
lr = 0.001 Loss 79/150 Loss is L =0.02270558848977089 
lr = 0.001 Loss 80/150 Loss is L =0.0207730270922184 
lr = 0.001 Loss 81/150 Loss is L =0.02289668656885624 
lr = 0.001 Loss 82/150 Loss is L =0.02181110344827175 
lr = 0.001 Loss 83/150 Loss is L =0.0213609766215086 
lr = 0.001 Loss 84/150 Loss is L =0.02296489290893078 
lr = 0.001 Loss 85/150 Loss is L =0.023043841123580933 
lr = 0.001 Loss 86/150 Loss is L =0.023867180570960045 
lr = 0.001 Loss 87/150 Loss is L =0.02360936440527439 
lr = 0.001 Loss 88/150 Loss is L =0.02164582349359989 
lr = 0.001 Loss 89/150 Loss is L =0.02355889417231083 
lr = 0.001 Loss 90/150 Loss is L =0.021852359175682068 
lr = 0.001 Loss 91/150 Loss is L =0.021513983607292175 
lr = 0.001 Loss 92/150 Loss is L =0.024121860042214394 
lr = 0.001 Loss 93/150 Loss is L =0.024048209190368652 
lr = 0.001 Loss 94/150 Loss is L =0.023119434714317322 
lr = 0.001 Loss 95/150 Loss is L =0.02149428054690361 
lr = 0.001 Loss 96/150 Loss is L =0.021788304671645164 
lr = 0.001 Loss 97/150 Loss is L =0.023524252697825432 
lr = 0.001 Loss 98/150 Loss is L =0.02403262071311474 
lr = 0.001 Loss 99/150 Loss is L =0.020262472331523895 
lr = 0.001 Loss 100/150 Loss is L =0.021527720615267754 
lr = 0.001 Loss 101/150 Loss is L =0.023508429527282715 
lr = 0.001 Loss 102/150 Loss is L =0.024353837594389915 
lr = 0.001 Loss 103/150 Loss is L =0.02106242999434471 
lr = 0.001 Loss 104/150 Loss is L =0.022241121158003807 
lr = 0.001 Loss 105/150 Loss is L =0.022849109023809433 
lr = 0.001 Loss 106/150 Loss is L =0.024000948294997215 
lr = 0.001 Loss 107/150 Loss is L =0.021772323176264763 
lr = 0.001 Loss 108/150 Loss is L =0.025407398119568825 
lr = 0.001 Loss 109/150 Loss is L =0.02072000689804554 
lr = 0.001 Loss 110/150 Loss is L =0.024623461067676544 
lr = 0.001 Loss 111/150 Loss is L =0.021813517436385155 
lr = 0.001 Loss 112/150 Loss is L =0.0217753816395998 
lr = 0.001 Loss 113/150 Loss is L =0.0220695398747921 
lr = 0.001 Loss 114/150 Loss is L =0.023655356839299202 
lr = 0.001 Loss 115/150 Loss is L =0.023893585428595543 
lr = 0.001 Loss 116/150 Loss is L =0.021654585376381874 
lr = 0.001 Loss 117/150 Loss is L =0.02305668592453003 
lr = 0.001 Loss 118/150 Loss is L =0.021732760593295097 
lr = 0.001 Loss 119/150 Loss is L =0.024495378136634827 
lr = 0.001 Loss 120/150 Loss is L =0.02331233024597168 
lr = 0.001 Loss 121/150 Loss is L =0.023204771801829338 
lr = 0.001 Loss 122/150 Loss is L =0.0233876034617424 
lr = 0.001 Loss 123/150 Loss is L =0.022466713562607765 
lr = 0.001 Loss 124/150 Loss is L =0.02561318874359131 
lr = 0.001 Loss 125/150 Loss is L =0.02135365642607212 
lr = 0.001 Loss 126/150 Loss is L =0.024621495977044106 
lr = 0.001 Loss 127/150 Loss is L =0.02594783902168274 
lr = 0.001 Loss 128/150 Loss is L =0.023897094652056694 
lr = 0.001 Loss 129/150 Loss is L =0.022598763927817345 
lr = 0.001 Loss 130/150 Loss is L =0.021605757996439934 
lr = 0.001 Loss 131/150 Loss is L =0.02028585597872734 
lr = 0.001 Loss 132/150 Loss is L =0.022518398240208626 
lr = 0.001 Loss 133/150 Loss is L =0.022502107545733452 
lr = 0.001 Loss 134/150 Loss is L =0.020737966522574425 
lr = 0.001 Loss 135/150 Loss is L =0.0229378379881382 
lr = 0.001 Loss 136/150 Loss is L =0.021886508911848068 
lr = 0.001 Loss 137/150 Loss is L =0.021901870146393776 
lr = 0.001 Loss 138/150 Loss is L =0.021260226145386696 
lr = 0.001 Loss 139/150 Loss is L =0.023132137954235077 
lr = 0.001 Loss 140/150 Loss is L =0.019955437630414963 
lr = 0.001 Loss 141/150 Loss is L =0.0235565435141325 
lr = 0.001 Loss 142/150 Loss is L =0.021688705310225487 
lr = 0.001 Loss 143/150 Loss is L =0.02282283641397953 
lr = 0.001 Loss 144/150 Loss is L =0.022841988131403923 
lr = 0.001 Loss 145/150 Loss is L =0.019568176940083504 
lr = 0.001 Loss 146/150 Loss is L =0.021720020100474358 
lr = 0.001 Loss 147/150 Loss is L =0.02290263958275318 
lr = 0.001 Loss 148/150 Loss is L =0.024103308096528053 
lr = 0.001 Loss 149/150 Loss is L =0.023353366181254387 
lr = 0.001 Loss 150/150 Loss is L =0.02119368687272072 
torch.Size([40, 256])
torch.Size([40, 256])
torch.Size([40, 256])
torch.Size([40, 256])
torch.Size([40, 256])
torch.Size([40, 256])
torch.Size([40, 256])
torch.Size([40, 256])
torch.Size([40, 256])
torch.Size([40, 256])
torch.Size([40, 256])
torch.Size([40, 256])
torch.Size([40, 256])
torch.Size([40, 256])
torch.Size([40, 256])
torch.Size([40, 256])
torch.Size([40, 256])
torch.Size([40, 256])
torch.Size([40, 256])
torch.Size([40, 256])
torch.Size([40, 256])
torch.Size([40, 256])
torch.Size([40, 256])
torch.Size([40, 256])
torch.Size([40, 256])
torch.Size([40, 256])
torch.Size([40, 256])
torch.Size([20, 256])
torch.Size([40, 256])
torch.Size([40, 256])
torch.Size([40, 256])
torch.Size([40, 256])
torch.Size([40, 256])
torch.Size([40, 256])
torch.Size([40, 256])
torch.Size([40, 256])
torch.Size([40, 256])
torch.Size([40, 256])
torch.Size([40, 256])
torch.Size([40, 256])
torch.Size([40, 256])
torch.Size([40, 256])
torch.Size([40, 256])
torch.Size([40, 256])
torch.Size([40, 256])
torch.Size([40, 256])
torch.Size([40, 256])
torch.Size([40, 256])
torch.Size([40, 256])
torch.Size([40, 256])
torch.Size([40, 256])
torch.Size([40, 256])
torch.Size([40, 256])
torch.Size([40, 256])
torch.Size([40, 256])
torch.Size([20, 256])
torch.Size([40, 256])
torch.Size([40, 256])
torch.Size([40, 256])
torch.Size([40, 256])
torch.Size([40, 256])
torch.Size([40, 256])
torch.Size([40, 256])
torch.Size([40, 256])
torch.Size([40, 256])
torch.Size([40, 256])
torch.Size([40, 256])
torch.Size([40, 256])
torch.Size([40, 256])
torch.Size([40, 256])
torch.Size([40, 256])
torch.Size([40, 256])
torch.Size([40, 256])
torch.Size([40, 256])
torch.Size([40, 256])
torch.Size([40, 256])
torch.Size([40, 256])
torch.Size([40, 256])
torch.Size([40, 256])
torch.Size([40, 256])
torch.Size([40, 256])
torch.Size([40, 256])
torch.Size([40, 256])
torch.Size([20, 256])
torch.Size([40, 256])
torch.Size([40, 256])
torch.Size([40, 256])
torch.Size([40, 256])
torch.Size([40, 256])
torch.Size([40, 256])
torch.Size([40, 256])
torch.Size([40, 256])
torch.Size([40, 256])
torch.Size([40, 256])
torch.Size([40, 256])
torch.Size([40, 256])
torch.Size([40, 256])
torch.Size([40, 256])
torch.Size([40, 256])
torch.Size([40, 256])
torch.Size([40, 256])
torch.Size([40, 256])
torch.Size([40, 256])
torch.Size([40, 256])
torch.Size([40, 256])
torch.Size([40, 256])
torch.Size([40, 256])
torch.Size([40, 256])
torch.Size([40, 256])
torch.Size([40, 256])
torch.Size([40, 256])
torch.Size([20, 256])
torch.Size([40, 256])
torch.Size([40, 256])
torch.Size([40, 256])
torch.Size([40, 256])
torch.Size([40, 256])
torch.Size([40, 256])
torch.Size([40, 256])
torch.Size([40, 256])
torch.Size([40, 256])
torch.Size([40, 256])
torch.Size([40, 256])
torch.Size([40, 256])
torch.Size([40, 256])
torch.Size([40, 256])
torch.Size([40, 256])
torch.Size([40, 256])
torch.Size([40, 256])
torch.Size([40, 256])
torch.Size([40, 256])
torch.Size([40, 256])
torch.Size([40, 256])
torch.Size([40, 256])
torch.Size([40, 256])
torch.Size([40, 256])
torch.Size([40, 256])
torch.Size([40, 256])
torch.Size([40, 256])
torch.Size([20, 256])
torch.Size([40, 256])
torch.Size([40, 256])
torch.Size([40, 256])
torch.Size([40, 256])
torch.Size([40, 256])
torch.Size([40, 256])
torch.Size([40, 256])
torch.Size([40, 256])
torch.Size([40, 256])
torch.Size([40, 256])
torch.Size([40, 256])
torch.Size([40, 256])
torch.Size([40, 256])
torch.Size([40, 256])
torch.Size([40, 256])
torch.Size([40, 256])
torch.Size([40, 256])
torch.Size([40, 256])
torch.Size([40, 256])
torch.Size([40, 256])
torch.Size([40, 256])
torch.Size([40, 256])
torch.Size([40, 256])
torch.Size([40, 256])
torch.Size([40, 256])
torch.Size([40, 256])
torch.Size([40, 256])
torch.Size([20, 256])
torch.Size([40, 256])
torch.Size([40, 256])
torch.Size([40, 256])
torch.Size([40, 256])
torch.Size([40, 256])
torch.Size([40, 256])
torch.Size([40, 256])
torch.Size([40, 256])
torch.Size([40, 256])
torch.Size([40, 256])
torch.Size([40, 256])
torch.Size([40, 256])
torch.Size([40, 256])
torch.Size([40, 256])
torch.Size([40, 256])
torch.Size([40, 256])
torch.Size([40, 256])
torch.Size([40, 256])
torch.Size([40, 256])
torch.Size([40, 256])
torch.Size([40, 256])
torch.Size([40, 256])
torch.Size([40, 256])
torch.Size([40, 256])
torch.Size([40, 256])
torch.Size([40, 256])
torch.Size([40, 256])
torch.Size([20, 256])
torch.Size([40, 256])
torch.Size([40, 256])
torch.Size([40, 256])
torch.Size([40, 256])
torch.Size([40, 256])
torch.Size([40, 256])
torch.Size([40, 256])
torch.Size([40, 256])
torch.Size([40, 256])
torch.Size([40, 256])
torch.Size([40, 256])
torch.Size([40, 256])
torch.Size([40, 256])
torch.Size([40, 256])
torch.Size([40, 256])
torch.Size([40, 256])
torch.Size([40, 256])
torch.Size([40, 256])
torch.Size([40, 256])
torch.Size([40, 256])
torch.Size([40, 256])
torch.Size([40, 256])
torch.Size([40, 256])
torch.Size([40, 256])
torch.Size([40, 256])
torch.Size([40, 256])
torch.Size([40, 256])
torch.Size([20, 256])
torch.Size([40, 256])
torch.Size([40, 256])
torch.Size([40, 256])
torch.Size([40, 256])
torch.Size([40, 256])
torch.Size([40, 256])
torch.Size([40, 256])
torch.Size([40, 256])
torch.Size([40, 256])
torch.Size([40, 256])
torch.Size([40, 256])
torch.Size([40, 256])
torch.Size([40, 256])
torch.Size([40, 256])
torch.Size([40, 256])
torch.Size([40, 256])
torch.Size([40, 256])
torch.Size([40, 256])
torch.Size([40, 256])
torch.Size([40, 256])
torch.Size([40, 256])
torch.Size([40, 256])
torch.Size([40, 256])
torch.Size([40, 256])
torch.Size([40, 256])
torch.Size([40, 256])
torch.Size([40, 256])
torch.Size([20, 256])
torch.Size([40, 256])
torch.Size([40, 256])
torch.Size([40, 256])
torch.Size([40, 256])
torch.Size([40, 256])
torch.Size([40, 256])
torch.Size([40, 256])
torch.Size([40, 256])
torch.Size([40, 256])
torch.Size([40, 256])
torch.Size([40, 256])
torch.Size([40, 256])
torch.Size([40, 256])
torch.Size([40, 256])
torch.Size([40, 256])
torch.Size([40, 256])
torch.Size([40, 256])
torch.Size([40, 256])
torch.Size([40, 256])
torch.Size([40, 256])
torch.Size([40, 256])
torch.Size([40, 256])
torch.Size([40, 256])
torch.Size([40, 256])
torch.Size([40, 256])
torch.Size([40, 256])
torch.Size([40, 256])
torch.Size([20, 256])
torch.Size([40, 256])
torch.Size([40, 256])
torch.Size([40, 256])
torch.Size([40, 256])
torch.Size([40, 256])
torch.Size([40, 256])
torch.Size([40, 256])
torch.Size([40, 256])
torch.Size([40, 256])
torch.Size([40, 256])
torch.Size([40, 256])
torch.Size([40, 256])
torch.Size([40, 256])
torch.Size([40, 256])
torch.Size([40, 256])
torch.Size([40, 256])
torch.Size([40, 256])
torch.Size([40, 256])
torch.Size([40, 256])
torch.Size([40, 256])
torch.Size([40, 256])
torch.Size([40, 256])
torch.Size([40, 256])
torch.Size([40, 256])
torch.Size([40, 256])
torch.Size([40, 256])
torch.Size([40, 256])
torch.Size([20, 256])
torch.Size([40, 256])
torch.Size([40, 256])
torch.Size([40, 256])
torch.Size([40, 256])
torch.Size([40, 256])
torch.Size([40, 256])
torch.Size([40, 256])
torch.Size([40, 256])
torch.Size([40, 256])
torch.Size([40, 256])
torch.Size([40, 256])
torch.Size([40, 256])
torch.Size([40, 256])
torch.Size([40, 256])
torch.Size([40, 256])
torch.Size([40, 256])
torch.Size([40, 256])
torch.Size([40, 256])
torch.Size([40, 256])
torch.Size([40, 256])
torch.Size([40, 256])
torch.Size([40, 256])
torch.Size([40, 256])
torch.Size([40, 256])
torch.Size([40, 256])
torch.Size([40, 256])
torch.Size([40, 256])
torch.Size([20, 256])
torch.Size([40, 256])
torch.Size([40, 256])
torch.Size([40, 256])
torch.Size([40, 256])
torch.Size([40, 256])
torch.Size([40, 256])
torch.Size([40, 256])
torch.Size([40, 256])
torch.Size([40, 256])
torch.Size([40, 256])
torch.Size([40, 256])
torch.Size([40, 256])
torch.Size([40, 256])
torch.Size([40, 256])
torch.Size([40, 256])
torch.Size([40, 256])
torch.Size([40, 256])
torch.Size([40, 256])
torch.Size([40, 256])
torch.Size([40, 256])
torch.Size([40, 256])
torch.Size([40, 256])
torch.Size([40, 256])
torch.Size([40, 256])
torch.Size([40, 256])
torch.Size([40, 256])
torch.Size([40, 256])
torch.Size([20, 256])
torch.Size([40, 256])
torch.Size([40, 256])
torch.Size([40, 256])
torch.Size([40, 256])
torch.Size([40, 256])
torch.Size([40, 256])
torch.Size([40, 256])
torch.Size([40, 256])
torch.Size([40, 256])
torch.Size([40, 256])
torch.Size([40, 256])
torch.Size([40, 256])
torch.Size([40, 256])
torch.Size([40, 256])
torch.Size([40, 256])
torch.Size([40, 256])
torch.Size([40, 256])
torch.Size([40, 256])
torch.Size([40, 256])
torch.Size([40, 256])
torch.Size([40, 256])
torch.Size([40, 256])
torch.Size([40, 256])
torch.Size([40, 256])
torch.Size([40, 256])
torch.Size([40, 256])
torch.Size([40, 256])
torch.Size([20, 256])
torch.Size([40, 256])
torch.Size([40, 256])
torch.Size([40, 256])
torch.Size([40, 256])
torch.Size([40, 256])
torch.Size([40, 256])
torch.Size([40, 256])
torch.Size([40, 256])
torch.Size([40, 256])
torch.Size([40, 256])
torch.Size([40, 256])
torch.Size([40, 256])
torch.Size([40, 256])
torch.Size([40, 256])
torch.Size([40, 256])
torch.Size([40, 256])
torch.Size([40, 256])
torch.Size([40, 256])
torch.Size([40, 256])
torch.Size([40, 256])
torch.Size([40, 256])
torch.Size([40, 256])
torch.Size([40, 256])
torch.Size([40, 256])
torch.Size([40, 256])
torch.Size([40, 256])
torch.Size([40, 256])
torch.Size([20, 256])
torch.Size([40, 256])
torch.Size([40, 256])
torch.Size([40, 256])
torch.Size([40, 256])
torch.Size([40, 256])
torch.Size([40, 256])
torch.Size([40, 256])
torch.Size([40, 256])
torch.Size([40, 256])
torch.Size([40, 256])
torch.Size([40, 256])
torch.Size([40, 256])
torch.Size([40, 256])
torch.Size([40, 256])
torch.Size([40, 256])
torch.Size([40, 256])
torch.Size([40, 256])
torch.Size([40, 256])
torch.Size([40, 256])
torch.Size([40, 256])
torch.Size([40, 256])
torch.Size([40, 256])
torch.Size([40, 256])
torch.Size([40, 256])
torch.Size([40, 256])
torch.Size([40, 256])
torch.Size([40, 256])
torch.Size([20, 256])
torch.Size([40, 256])
torch.Size([40, 256])
torch.Size([40, 256])
torch.Size([40, 256])
torch.Size([40, 256])
torch.Size([40, 256])
torch.Size([40, 256])
torch.Size([40, 256])
torch.Size([40, 256])
torch.Size([40, 256])
torch.Size([40, 256])
torch.Size([40, 256])
torch.Size([40, 256])
torch.Size([40, 256])
torch.Size([40, 256])
torch.Size([40, 256])
torch.Size([40, 256])
torch.Size([40, 256])
torch.Size([40, 256])
torch.Size([40, 256])
torch.Size([40, 256])
torch.Size([40, 256])
torch.Size([40, 256])
torch.Size([40, 256])
torch.Size([40, 256])
torch.Size([40, 256])
torch.Size([40, 256])
torch.Size([20, 256])
torch.Size([40, 256])
torch.Size([40, 256])
torch.Size([40, 256])
torch.Size([40, 256])
torch.Size([40, 256])
torch.Size([40, 256])
torch.Size([40, 256])
torch.Size([40, 256])
torch.Size([40, 256])
torch.Size([40, 256])
torch.Size([40, 256])
torch.Size([40, 256])
torch.Size([40, 256])
torch.Size([40, 256])
torch.Size([40, 256])
torch.Size([40, 256])
torch.Size([40, 256])
torch.Size([40, 256])
torch.Size([40, 256])
torch.Size([40, 256])
torch.Size([40, 256])
torch.Size([40, 256])
torch.Size([40, 256])
torch.Size([40, 256])
torch.Size([40, 256])
torch.Size([40, 256])
torch.Size([40, 256])
torch.Size([20, 256])
torch.Size([40, 256])
torch.Size([40, 256])
torch.Size([40, 256])
torch.Size([40, 256])
torch.Size([40, 256])
torch.Size([40, 256])
torch.Size([40, 256])
torch.Size([40, 256])
torch.Size([40, 256])
torch.Size([40, 256])
torch.Size([40, 256])
torch.Size([40, 256])
torch.Size([40, 256])
torch.Size([40, 256])
torch.Size([40, 256])
torch.Size([40, 256])
torch.Size([40, 256])
torch.Size([40, 256])
torch.Size([40, 256])
torch.Size([40, 256])
torch.Size([40, 256])
torch.Size([40, 256])
torch.Size([40, 256])
torch.Size([40, 256])
torch.Size([40, 256])
torch.Size([40, 256])
torch.Size([40, 256])
torch.Size([20, 256])
torch.Size([40, 256])
torch.Size([40, 256])
torch.Size([40, 256])
torch.Size([40, 256])
torch.Size([40, 256])
torch.Size([40, 256])
torch.Size([40, 256])
torch.Size([40, 256])
torch.Size([40, 256])
torch.Size([40, 256])
torch.Size([40, 256])
torch.Size([40, 256])
torch.Size([40, 256])
torch.Size([40, 256])
torch.Size([40, 256])
torch.Size([40, 256])
torch.Size([40, 256])
torch.Size([40, 256])
torch.Size([40, 256])
torch.Size([40, 256])
torch.Size([40, 256])
torch.Size([40, 256])
torch.Size([40, 256])
torch.Size([40, 256])
torch.Size([40, 256])
torch.Size([40, 256])
torch.Size([40, 256])
torch.Size([20, 256])
torch.Size([40, 256])
torch.Size([40, 256])
torch.Size([40, 256])
torch.Size([40, 256])
torch.Size([40, 256])
torch.Size([40, 256])
torch.Size([40, 256])
torch.Size([40, 256])
torch.Size([40, 256])
torch.Size([40, 256])
torch.Size([40, 256])
torch.Size([40, 256])
torch.Size([40, 256])
torch.Size([40, 256])
torch.Size([40, 256])
torch.Size([40, 256])
torch.Size([40, 256])
torch.Size([40, 256])
torch.Size([40, 256])
torch.Size([40, 256])
torch.Size([40, 256])
torch.Size([40, 256])
torch.Size([40, 256])
torch.Size([40, 256])
torch.Size([40, 256])
torch.Size([40, 256])
torch.Size([40, 256])
torch.Size([20, 256])
torch.Size([40, 256])
torch.Size([40, 256])
torch.Size([40, 256])
torch.Size([40, 256])
torch.Size([40, 256])
torch.Size([40, 256])
torch.Size([40, 256])
torch.Size([40, 256])
torch.Size([40, 256])
torch.Size([40, 256])
torch.Size([40, 256])
torch.Size([40, 256])
torch.Size([40, 256])
torch.Size([40, 256])
torch.Size([40, 256])
torch.Size([40, 256])
torch.Size([40, 256])
torch.Size([40, 256])
torch.Size([40, 256])
torch.Size([40, 256])
torch.Size([40, 256])
torch.Size([40, 256])
torch.Size([40, 256])
torch.Size([40, 256])
torch.Size([40, 256])
torch.Size([40, 256])
torch.Size([40, 256])
torch.Size([20, 256])
torch.Size([40, 256])
torch.Size([40, 256])
torch.Size([40, 256])
torch.Size([40, 256])
torch.Size([40, 256])
torch.Size([40, 256])
torch.Size([40, 256])
torch.Size([40, 256])
torch.Size([40, 256])
torch.Size([40, 256])
torch.Size([40, 256])
torch.Size([40, 256])
torch.Size([40, 256])
torch.Size([40, 256])
torch.Size([40, 256])
torch.Size([40, 256])
torch.Size([40, 256])
torch.Size([40, 256])
torch.Size([40, 256])
torch.Size([40, 256])
torch.Size([40, 256])
torch.Size([40, 256])
torch.Size([40, 256])
torch.Size([40, 256])
torch.Size([40, 256])
torch.Size([40, 256])
torch.Size([40, 256])
torch.Size([20, 256])
torch.Size([40, 256])
torch.Size([40, 256])
torch.Size([40, 256])
torch.Size([40, 256])
torch.Size([40, 256])
torch.Size([40, 256])
torch.Size([40, 256])
torch.Size([40, 256])
torch.Size([40, 256])
torch.Size([40, 256])
torch.Size([40, 256])
torch.Size([40, 256])
torch.Size([40, 256])
torch.Size([40, 256])
torch.Size([40, 256])
torch.Size([40, 256])
torch.Size([40, 256])
torch.Size([40, 256])
torch.Size([40, 256])
torch.Size([40, 256])
torch.Size([40, 256])
torch.Size([40, 256])
torch.Size([40, 256])
torch.Size([40, 256])
torch.Size([40, 256])
torch.Size([40, 256])
torch.Size([40, 256])
torch.Size([20, 256])
torch.Size([40, 256])
torch.Size([40, 256])
torch.Size([40, 256])
torch.Size([40, 256])
torch.Size([40, 256])
torch.Size([40, 256])
torch.Size([40, 256])
torch.Size([40, 256])
torch.Size([40, 256])
torch.Size([40, 256])
torch.Size([40, 256])
torch.Size([40, 256])
torch.Size([40, 256])
torch.Size([40, 256])
torch.Size([40, 256])
torch.Size([40, 256])
torch.Size([40, 256])
torch.Size([40, 256])
torch.Size([40, 256])
torch.Size([40, 256])
torch.Size([40, 256])
torch.Size([40, 256])
torch.Size([40, 256])
torch.Size([40, 256])
torch.Size([40, 256])
torch.Size([40, 256])
torch.Size([40, 256])
torch.Size([20, 256])
torch.Size([40, 256])
torch.Size([40, 256])
torch.Size([40, 256])
torch.Size([40, 256])
torch.Size([40, 256])
torch.Size([40, 256])
torch.Size([40, 256])
torch.Size([40, 256])
torch.Size([40, 256])
torch.Size([40, 256])
torch.Size([40, 256])
torch.Size([40, 256])
torch.Size([40, 256])
torch.Size([40, 256])
torch.Size([40, 256])
torch.Size([40, 256])
torch.Size([40, 256])
torch.Size([40, 256])
torch.Size([40, 256])
torch.Size([40, 256])
torch.Size([40, 256])
torch.Size([40, 256])
torch.Size([40, 256])
torch.Size([40, 256])
torch.Size([40, 256])
torch.Size([40, 256])
torch.Size([40, 256])
torch.Size([20, 256])
torch.Size([40, 256])
torch.Size([40, 256])
torch.Size([40, 256])
torch.Size([40, 256])
torch.Size([40, 256])
torch.Size([40, 256])
torch.Size([40, 256])
torch.Size([40, 256])
torch.Size([40, 256])
torch.Size([40, 256])
torch.Size([40, 256])
torch.Size([40, 256])
torch.Size([40, 256])
torch.Size([40, 256])
torch.Size([40, 256])
torch.Size([40, 256])
torch.Size([40, 256])
torch.Size([40, 256])
torch.Size([40, 256])
torch.Size([40, 256])
torch.Size([40, 256])
torch.Size([40, 256])
torch.Size([40, 256])
torch.Size([40, 256])
torch.Size([40, 256])
torch.Size([40, 256])
torch.Size([40, 256])
torch.Size([20, 256])
torch.Size([40, 256])
torch.Size([40, 256])
torch.Size([40, 256])
torch.Size([40, 256])
torch.Size([40, 256])
torch.Size([40, 256])
torch.Size([40, 256])
torch.Size([40, 256])
torch.Size([40, 256])
torch.Size([40, 256])
torch.Size([40, 256])
torch.Size([40, 256])
torch.Size([40, 256])
torch.Size([40, 256])
torch.Size([40, 256])
torch.Size([40, 256])
torch.Size([40, 256])
torch.Size([40, 256])
torch.Size([40, 256])
torch.Size([40, 256])
torch.Size([40, 256])
torch.Size([40, 256])
torch.Size([40, 256])
torch.Size([40, 256])
torch.Size([40, 256])
torch.Size([40, 256])
torch.Size([40, 256])
torch.Size([20, 256])
torch.Size([40, 256])
torch.Size([40, 256])
torch.Size([40, 256])
torch.Size([40, 256])
torch.Size([40, 256])
torch.Size([40, 256])
torch.Size([40, 256])
torch.Size([40, 256])
torch.Size([40, 256])
torch.Size([40, 256])
torch.Size([40, 256])
torch.Size([40, 256])
torch.Size([40, 256])
torch.Size([40, 256])
torch.Size([40, 256])
torch.Size([40, 256])
torch.Size([40, 256])
torch.Size([40, 256])
torch.Size([40, 256])
torch.Size([40, 256])
torch.Size([40, 256])
torch.Size([40, 256])
torch.Size([40, 256])
torch.Size([40, 256])
torch.Size([40, 256])
torch.Size([40, 256])
torch.Size([40, 256])
torch.Size([20, 256])
torch.Size([40, 256])
torch.Size([40, 256])
torch.Size([40, 256])
torch.Size([40, 256])
torch.Size([40, 256])
torch.Size([40, 256])
torch.Size([40, 256])
torch.Size([40, 256])
torch.Size([40, 256])
torch.Size([40, 256])
torch.Size([40, 256])
torch.Size([40, 256])
torch.Size([40, 256])
torch.Size([40, 256])
torch.Size([40, 256])
torch.Size([40, 256])
torch.Size([40, 256])
torch.Size([40, 256])
torch.Size([40, 256])
torch.Size([40, 256])
torch.Size([40, 256])
torch.Size([40, 256])
torch.Size([40, 256])
torch.Size([40, 256])
torch.Size([40, 256])
torch.Size([40, 256])
torch.Size([40, 256])
torch.Size([20, 256])
torch.Size([40, 256])
torch.Size([40, 256])
torch.Size([40, 256])
torch.Size([40, 256])
torch.Size([40, 256])
torch.Size([40, 256])
torch.Size([40, 256])
torch.Size([40, 256])
torch.Size([40, 256])
torch.Size([40, 256])
torch.Size([40, 256])
torch.Size([40, 256])
torch.Size([40, 256])
torch.Size([40, 256])
torch.Size([40, 256])
torch.Size([40, 256])
torch.Size([40, 256])
torch.Size([40, 256])
torch.Size([40, 256])
torch.Size([40, 256])
torch.Size([40, 256])
torch.Size([40, 256])
torch.Size([40, 256])
torch.Size([40, 256])
torch.Size([40, 256])
torch.Size([40, 256])
torch.Size([40, 256])
torch.Size([20, 256])
torch.Size([40, 256])
torch.Size([40, 256])
torch.Size([40, 256])
torch.Size([40, 256])
torch.Size([40, 256])
torch.Size([40, 256])
torch.Size([40, 256])
torch.Size([40, 256])
torch.Size([40, 256])
torch.Size([40, 256])
torch.Size([40, 256])
torch.Size([40, 256])
torch.Size([40, 256])
torch.Size([40, 256])
torch.Size([40, 256])
torch.Size([40, 256])
torch.Size([40, 256])
torch.Size([40, 256])
torch.Size([40, 256])
torch.Size([40, 256])
torch.Size([40, 256])
torch.Size([40, 256])
torch.Size([40, 256])
torch.Size([40, 256])
torch.Size([40, 256])
torch.Size([40, 256])
torch.Size([40, 256])
torch.Size([20, 256])
torch.Size([40, 256])
torch.Size([40, 256])
torch.Size([40, 256])
torch.Size([40, 256])
torch.Size([40, 256])
torch.Size([40, 256])
torch.Size([40, 256])
torch.Size([40, 256])
torch.Size([40, 256])
torch.Size([40, 256])
torch.Size([40, 256])
torch.Size([40, 256])
torch.Size([40, 256])
torch.Size([40, 256])
torch.Size([40, 256])
torch.Size([40, 256])
torch.Size([40, 256])
torch.Size([40, 256])
torch.Size([40, 256])
torch.Size([40, 256])
torch.Size([40, 256])
torch.Size([40, 256])
torch.Size([40, 256])
torch.Size([40, 256])
torch.Size([40, 256])
torch.Size([40, 256])
torch.Size([40, 256])
torch.Size([20, 256])
torch.Size([40, 256])
torch.Size([40, 256])
torch.Size([40, 256])
torch.Size([40, 256])
torch.Size([40, 256])
torch.Size([40, 256])
torch.Size([40, 256])
torch.Size([40, 256])
torch.Size([40, 256])
torch.Size([40, 256])
torch.Size([40, 256])
torch.Size([40, 256])
torch.Size([40, 256])
torch.Size([40, 256])
torch.Size([40, 256])
torch.Size([40, 256])
torch.Size([40, 256])
torch.Size([40, 256])
torch.Size([40, 256])
torch.Size([40, 256])
torch.Size([40, 256])
torch.Size([40, 256])
torch.Size([40, 256])
torch.Size([40, 256])
torch.Size([40, 256])
torch.Size([40, 256])
torch.Size([40, 256])
torch.Size([20, 256])
torch.Size([40, 256])
torch.Size([40, 256])
torch.Size([40, 256])
torch.Size([40, 256])
torch.Size([40, 256])
torch.Size([40, 256])
torch.Size([40, 256])
torch.Size([40, 256])
torch.Size([40, 256])
torch.Size([40, 256])
torch.Size([40, 256])
torch.Size([40, 256])
torch.Size([40, 256])
torch.Size([40, 256])
torch.Size([40, 256])
torch.Size([40, 256])
torch.Size([40, 256])
torch.Size([40, 256])
torch.Size([40, 256])
torch.Size([40, 256])
torch.Size([40, 256])
torch.Size([40, 256])
torch.Size([40, 256])
torch.Size([40, 256])
torch.Size([40, 256])
torch.Size([40, 256])
torch.Size([40, 256])
torch.Size([20, 256])
torch.Size([40, 256])
torch.Size([40, 256])
torch.Size([40, 256])
torch.Size([40, 256])
torch.Size([40, 256])
torch.Size([40, 256])
torch.Size([40, 256])
torch.Size([40, 256])
torch.Size([40, 256])
torch.Size([40, 256])
torch.Size([40, 256])
torch.Size([40, 256])
torch.Size([40, 256])
torch.Size([40, 256])
torch.Size([40, 256])
torch.Size([40, 256])
torch.Size([40, 256])
torch.Size([40, 256])
torch.Size([40, 256])
torch.Size([40, 256])
torch.Size([40, 256])
torch.Size([40, 256])
torch.Size([40, 256])
torch.Size([40, 256])
torch.Size([40, 256])
torch.Size([40, 256])
torch.Size([40, 256])
torch.Size([20, 256])
torch.Size([40, 256])
torch.Size([40, 256])
torch.Size([40, 256])
torch.Size([40, 256])
torch.Size([40, 256])
torch.Size([40, 256])
torch.Size([40, 256])
torch.Size([40, 256])
torch.Size([40, 256])
torch.Size([40, 256])
torch.Size([40, 256])
torch.Size([40, 256])
torch.Size([40, 256])
torch.Size([40, 256])
torch.Size([40, 256])
torch.Size([40, 256])
torch.Size([40, 256])
torch.Size([40, 256])
torch.Size([40, 256])
torch.Size([40, 256])
torch.Size([40, 256])
torch.Size([40, 256])
torch.Size([40, 256])
torch.Size([40, 256])
torch.Size([40, 256])
torch.Size([40, 256])
torch.Size([40, 256])
torch.Size([20, 256])
torch.Size([40, 256])
torch.Size([40, 256])
torch.Size([40, 256])
torch.Size([40, 256])
torch.Size([40, 256])
torch.Size([40, 256])
torch.Size([40, 256])
torch.Size([40, 256])
torch.Size([40, 256])
torch.Size([40, 256])
torch.Size([40, 256])
torch.Size([40, 256])
torch.Size([40, 256])
torch.Size([40, 256])
torch.Size([40, 256])
torch.Size([40, 256])
torch.Size([40, 256])
torch.Size([40, 256])
torch.Size([40, 256])
torch.Size([40, 256])
torch.Size([40, 256])
torch.Size([40, 256])
torch.Size([40, 256])
torch.Size([40, 256])
torch.Size([40, 256])
torch.Size([40, 256])
torch.Size([40, 256])
torch.Size([20, 256])
torch.Size([40, 256])
torch.Size([40, 256])
torch.Size([40, 256])
torch.Size([40, 256])
torch.Size([40, 256])
torch.Size([40, 256])
torch.Size([40, 256])
torch.Size([40, 256])
torch.Size([40, 256])
torch.Size([40, 256])
torch.Size([40, 256])
torch.Size([40, 256])
torch.Size([40, 256])
torch.Size([40, 256])
torch.Size([40, 256])
torch.Size([40, 256])
torch.Size([40, 256])
torch.Size([40, 256])
torch.Size([40, 256])
torch.Size([40, 256])
torch.Size([40, 256])
torch.Size([40, 256])
torch.Size([40, 256])
torch.Size([40, 256])
torch.Size([40, 256])
torch.Size([40, 256])
torch.Size([40, 256])
torch.Size([20, 256])
torch.Size([40, 256])
torch.Size([40, 256])
torch.Size([40, 256])
torch.Size([40, 256])
torch.Size([40, 256])
torch.Size([40, 256])
torch.Size([40, 256])
torch.Size([40, 256])
torch.Size([40, 256])
torch.Size([40, 256])
torch.Size([40, 256])
torch.Size([40, 256])
torch.Size([40, 256])
torch.Size([40, 256])
torch.Size([40, 256])
torch.Size([40, 256])
torch.Size([40, 256])
torch.Size([40, 256])
torch.Size([40, 256])
torch.Size([40, 256])
torch.Size([40, 256])
torch.Size([40, 256])
torch.Size([40, 256])
torch.Size([40, 256])
torch.Size([40, 256])
torch.Size([40, 256])
torch.Size([40, 256])
torch.Size([20, 256])
torch.Size([40, 256])
torch.Size([40, 256])
torch.Size([40, 256])
torch.Size([40, 256])
torch.Size([40, 256])
torch.Size([40, 256])
torch.Size([40, 256])
torch.Size([40, 256])
torch.Size([40, 256])
torch.Size([40, 256])
torch.Size([40, 256])
torch.Size([40, 256])
torch.Size([40, 256])
torch.Size([40, 256])
torch.Size([40, 256])
torch.Size([40, 256])
torch.Size([40, 256])
torch.Size([40, 256])
torch.Size([40, 256])
torch.Size([40, 256])
torch.Size([40, 256])
torch.Size([40, 256])
torch.Size([40, 256])
torch.Size([40, 256])
torch.Size([40, 256])
torch.Size([40, 256])
torch.Size([40, 256])
torch.Size([20, 256])
torch.Size([40, 256])
torch.Size([40, 256])
torch.Size([40, 256])
torch.Size([40, 256])
torch.Size([40, 256])
torch.Size([40, 256])
torch.Size([40, 256])
torch.Size([40, 256])
torch.Size([40, 256])
torch.Size([40, 256])
torch.Size([40, 256])
torch.Size([40, 256])
torch.Size([40, 256])
torch.Size([40, 256])
torch.Size([40, 256])
torch.Size([40, 256])
torch.Size([40, 256])
torch.Size([40, 256])
torch.Size([40, 256])
torch.Size([40, 256])
torch.Size([40, 256])
torch.Size([40, 256])
torch.Size([40, 256])
torch.Size([40, 256])
torch.Size([40, 256])
torch.Size([40, 256])
torch.Size([40, 256])
torch.Size([20, 256])
torch.Size([40, 256])
torch.Size([40, 256])
torch.Size([40, 256])
torch.Size([40, 256])
torch.Size([40, 256])
torch.Size([40, 256])
torch.Size([40, 256])
torch.Size([40, 256])
torch.Size([40, 256])
torch.Size([40, 256])
torch.Size([40, 256])
torch.Size([40, 256])
torch.Size([40, 256])
torch.Size([40, 256])
torch.Size([40, 256])
torch.Size([40, 256])
torch.Size([40, 256])
torch.Size([40, 256])
torch.Size([40, 256])
torch.Size([40, 256])
torch.Size([40, 256])
torch.Size([40, 256])
torch.Size([40, 256])
torch.Size([40, 256])
torch.Size([40, 256])
torch.Size([40, 256])
torch.Size([40, 256])
torch.Size([20, 256])
torch.Size([40, 256])
torch.Size([40, 256])
torch.Size([40, 256])
torch.Size([40, 256])
torch.Size([40, 256])
torch.Size([40, 256])
torch.Size([40, 256])
torch.Size([40, 256])
torch.Size([40, 256])
torch.Size([40, 256])
torch.Size([40, 256])
torch.Size([40, 256])
torch.Size([40, 256])
torch.Size([40, 256])
torch.Size([40, 256])
torch.Size([40, 256])
torch.Size([40, 256])
torch.Size([40, 256])
torch.Size([40, 256])
torch.Size([40, 256])
torch.Size([40, 256])
torch.Size([40, 256])
torch.Size([40, 256])
torch.Size([40, 256])
torch.Size([40, 256])
torch.Size([40, 256])
torch.Size([40, 256])
torch.Size([20, 256])
torch.Size([40, 256])
torch.Size([40, 256])
torch.Size([40, 256])
torch.Size([40, 256])
torch.Size([40, 256])
torch.Size([40, 256])
torch.Size([40, 256])
torch.Size([40, 256])
torch.Size([40, 256])
torch.Size([40, 256])
torch.Size([40, 256])
torch.Size([40, 256])
torch.Size([40, 256])
torch.Size([40, 256])
torch.Size([40, 256])
torch.Size([40, 256])
torch.Size([40, 256])
torch.Size([40, 256])
torch.Size([40, 256])
torch.Size([40, 256])
torch.Size([40, 256])
torch.Size([40, 256])
torch.Size([40, 256])
torch.Size([40, 256])
torch.Size([40, 256])
torch.Size([40, 256])
torch.Size([40, 256])
torch.Size([20, 256])
torch.Size([40, 256])
torch.Size([40, 256])
torch.Size([40, 256])
torch.Size([40, 256])
torch.Size([40, 256])
torch.Size([40, 256])
torch.Size([40, 256])
torch.Size([40, 256])
torch.Size([40, 256])
torch.Size([40, 256])
torch.Size([40, 256])
torch.Size([40, 256])
torch.Size([40, 256])
torch.Size([40, 256])
torch.Size([40, 256])
torch.Size([40, 256])
torch.Size([40, 256])
torch.Size([40, 256])
torch.Size([40, 256])
torch.Size([40, 256])
torch.Size([40, 256])
torch.Size([40, 256])
torch.Size([40, 256])
torch.Size([40, 256])
torch.Size([40, 256])
torch.Size([40, 256])
torch.Size([40, 256])
torch.Size([20, 256])
torch.Size([40, 256])
torch.Size([40, 256])
torch.Size([40, 256])
torch.Size([40, 256])
torch.Size([40, 256])
torch.Size([40, 256])
torch.Size([40, 256])
torch.Size([40, 256])
torch.Size([40, 256])
torch.Size([40, 256])
torch.Size([40, 256])
torch.Size([40, 256])
torch.Size([40, 256])
torch.Size([40, 256])
torch.Size([40, 256])
torch.Size([40, 256])
torch.Size([40, 256])
torch.Size([40, 256])
torch.Size([40, 256])
torch.Size([40, 256])
torch.Size([40, 256])
torch.Size([40, 256])
torch.Size([40, 256])
torch.Size([40, 256])
torch.Size([40, 256])
torch.Size([40, 256])
torch.Size([40, 256])
torch.Size([20, 256])
torch.Size([40, 256])
torch.Size([40, 256])
torch.Size([40, 256])
torch.Size([40, 256])
torch.Size([40, 256])
torch.Size([40, 256])
torch.Size([40, 256])
torch.Size([40, 256])
torch.Size([40, 256])
torch.Size([40, 256])
torch.Size([40, 256])
torch.Size([40, 256])
torch.Size([40, 256])
torch.Size([40, 256])
torch.Size([40, 256])
torch.Size([40, 256])
torch.Size([40, 256])
torch.Size([40, 256])
torch.Size([40, 256])
torch.Size([40, 256])
torch.Size([40, 256])
torch.Size([40, 256])
torch.Size([40, 256])
torch.Size([40, 256])
torch.Size([40, 256])
torch.Size([40, 256])
torch.Size([40, 256])
torch.Size([20, 256])
torch.Size([40, 256])
torch.Size([40, 256])
torch.Size([40, 256])
torch.Size([40, 256])
torch.Size([40, 256])
torch.Size([40, 256])
torch.Size([40, 256])
torch.Size([40, 256])
torch.Size([40, 256])
torch.Size([40, 256])
torch.Size([40, 256])
torch.Size([40, 256])
torch.Size([40, 256])
torch.Size([40, 256])
torch.Size([40, 256])
torch.Size([40, 256])
torch.Size([40, 256])
torch.Size([40, 256])
torch.Size([40, 256])
torch.Size([40, 256])
torch.Size([40, 256])
torch.Size([40, 256])
torch.Size([40, 256])
torch.Size([40, 256])
torch.Size([40, 256])
torch.Size([40, 256])
torch.Size([40, 256])
torch.Size([20, 256])
torch.Size([40, 256])
torch.Size([40, 256])
torch.Size([40, 256])
torch.Size([40, 256])
torch.Size([40, 256])
torch.Size([40, 256])
torch.Size([40, 256])
torch.Size([40, 256])
torch.Size([40, 256])
torch.Size([40, 256])
torch.Size([40, 256])
torch.Size([40, 256])
torch.Size([40, 256])
torch.Size([40, 256])
torch.Size([40, 256])
torch.Size([40, 256])
torch.Size([40, 256])
torch.Size([40, 256])
torch.Size([40, 256])
torch.Size([40, 256])
torch.Size([40, 256])
torch.Size([40, 256])
torch.Size([40, 256])
torch.Size([40, 256])
torch.Size([40, 256])
torch.Size([40, 256])
torch.Size([40, 256])
torch.Size([20, 256])
torch.Size([40, 256])
torch.Size([40, 256])
torch.Size([40, 256])
torch.Size([40, 256])
torch.Size([40, 256])
torch.Size([40, 256])
torch.Size([40, 256])
torch.Size([40, 256])
torch.Size([40, 256])
torch.Size([40, 256])
torch.Size([40, 256])
torch.Size([40, 256])
torch.Size([40, 256])
torch.Size([40, 256])
torch.Size([40, 256])
torch.Size([40, 256])
torch.Size([40, 256])
torch.Size([40, 256])
torch.Size([40, 256])
torch.Size([40, 256])
torch.Size([40, 256])
torch.Size([40, 256])
torch.Size([40, 256])
torch.Size([40, 256])
torch.Size([40, 256])
torch.Size([40, 256])
torch.Size([40, 256])
torch.Size([20, 256])
torch.Size([40, 256])
torch.Size([40, 256])
torch.Size([40, 256])
torch.Size([40, 256])
torch.Size([40, 256])
torch.Size([40, 256])
torch.Size([40, 256])
torch.Size([40, 256])
torch.Size([40, 256])
torch.Size([40, 256])
torch.Size([40, 256])
torch.Size([40, 256])
torch.Size([40, 256])
torch.Size([40, 256])
torch.Size([40, 256])
torch.Size([40, 256])
torch.Size([40, 256])
torch.Size([40, 256])
torch.Size([40, 256])
torch.Size([40, 256])
torch.Size([40, 256])
torch.Size([40, 256])
torch.Size([40, 256])
torch.Size([40, 256])
torch.Size([40, 256])
torch.Size([40, 256])
torch.Size([40, 256])
torch.Size([20, 256])
torch.Size([40, 256])
torch.Size([40, 256])
torch.Size([40, 256])
torch.Size([40, 256])
torch.Size([40, 256])
torch.Size([40, 256])
torch.Size([40, 256])
torch.Size([40, 256])
torch.Size([40, 256])
torch.Size([40, 256])
torch.Size([40, 256])
torch.Size([40, 256])
torch.Size([40, 256])
torch.Size([40, 256])
torch.Size([40, 256])
torch.Size([40, 256])
torch.Size([40, 256])
torch.Size([40, 256])
torch.Size([40, 256])
torch.Size([40, 256])
torch.Size([40, 256])
torch.Size([40, 256])
torch.Size([40, 256])
torch.Size([40, 256])
torch.Size([40, 256])
torch.Size([40, 256])
torch.Size([40, 256])
torch.Size([20, 256])
torch.Size([40, 256])
torch.Size([40, 256])
torch.Size([40, 256])
torch.Size([40, 256])
torch.Size([40, 256])
torch.Size([40, 256])
torch.Size([40, 256])
torch.Size([40, 256])
torch.Size([40, 256])
torch.Size([40, 256])
torch.Size([40, 256])
torch.Size([40, 256])
torch.Size([40, 256])
torch.Size([40, 256])
torch.Size([40, 256])
torch.Size([40, 256])
torch.Size([40, 256])
torch.Size([40, 256])
torch.Size([40, 256])
torch.Size([40, 256])
torch.Size([40, 256])
torch.Size([40, 256])
torch.Size([40, 256])
torch.Size([40, 256])
torch.Size([40, 256])
torch.Size([40, 256])
torch.Size([40, 256])
torch.Size([20, 256])
torch.Size([40, 256])
torch.Size([40, 256])
torch.Size([40, 256])
torch.Size([40, 256])
torch.Size([40, 256])
torch.Size([40, 256])
torch.Size([40, 256])
torch.Size([40, 256])
torch.Size([40, 256])
torch.Size([40, 256])
torch.Size([40, 256])
torch.Size([40, 256])
torch.Size([40, 256])
torch.Size([40, 256])
torch.Size([40, 256])
torch.Size([40, 256])
torch.Size([40, 256])
torch.Size([40, 256])
torch.Size([40, 256])
torch.Size([40, 256])
torch.Size([40, 256])
torch.Size([40, 256])
torch.Size([40, 256])
torch.Size([40, 256])
torch.Size([40, 256])
torch.Size([40, 256])
torch.Size([40, 256])
torch.Size([20, 256])
torch.Size([40, 256])
torch.Size([40, 256])
torch.Size([40, 256])
torch.Size([40, 256])
torch.Size([40, 256])
torch.Size([40, 256])
torch.Size([40, 256])
torch.Size([40, 256])
torch.Size([40, 256])
torch.Size([40, 256])
torch.Size([40, 256])
torch.Size([40, 256])
torch.Size([40, 256])
torch.Size([40, 256])
torch.Size([40, 256])
torch.Size([40, 256])
torch.Size([40, 256])
torch.Size([40, 256])
torch.Size([40, 256])
torch.Size([40, 256])
torch.Size([40, 256])
torch.Size([40, 256])
torch.Size([40, 256])
torch.Size([40, 256])
torch.Size([40, 256])
torch.Size([40, 256])
torch.Size([40, 256])
torch.Size([20, 256])
torch.Size([40, 256])
torch.Size([40, 256])
torch.Size([40, 256])
torch.Size([40, 256])
torch.Size([40, 256])
torch.Size([40, 256])
torch.Size([40, 256])
torch.Size([40, 256])
torch.Size([40, 256])
torch.Size([40, 256])
torch.Size([40, 256])
torch.Size([40, 256])
torch.Size([40, 256])
torch.Size([40, 256])
torch.Size([40, 256])
torch.Size([40, 256])
torch.Size([40, 256])
torch.Size([40, 256])
torch.Size([40, 256])
torch.Size([40, 256])
torch.Size([40, 256])
torch.Size([40, 256])
torch.Size([40, 256])
torch.Size([40, 256])
torch.Size([40, 256])
torch.Size([40, 256])
torch.Size([40, 256])
torch.Size([20, 256])
torch.Size([40, 256])
torch.Size([40, 256])
torch.Size([40, 256])
torch.Size([40, 256])
torch.Size([40, 256])
torch.Size([40, 256])
torch.Size([40, 256])
torch.Size([40, 256])
torch.Size([40, 256])
torch.Size([40, 256])
torch.Size([40, 256])
torch.Size([40, 256])
torch.Size([40, 256])
torch.Size([40, 256])
torch.Size([40, 256])
torch.Size([40, 256])
torch.Size([40, 256])
torch.Size([40, 256])
torch.Size([40, 256])
torch.Size([40, 256])
torch.Size([40, 256])
torch.Size([40, 256])
torch.Size([40, 256])
torch.Size([40, 256])
torch.Size([40, 256])
torch.Size([40, 256])
torch.Size([40, 256])
torch.Size([20, 256])
torch.Size([40, 256])
torch.Size([40, 256])
torch.Size([40, 256])
torch.Size([40, 256])
torch.Size([40, 256])
torch.Size([40, 256])
torch.Size([40, 256])
torch.Size([40, 256])
torch.Size([40, 256])
torch.Size([40, 256])
torch.Size([40, 256])
torch.Size([40, 256])
torch.Size([40, 256])
torch.Size([40, 256])
torch.Size([40, 256])
torch.Size([40, 256])
torch.Size([40, 256])
torch.Size([40, 256])
torch.Size([40, 256])
torch.Size([40, 256])
torch.Size([40, 256])
torch.Size([40, 256])
torch.Size([40, 256])
torch.Size([40, 256])
torch.Size([40, 256])
torch.Size([40, 256])
torch.Size([40, 256])
torch.Size([20, 256])
torch.Size([40, 256])
torch.Size([40, 256])
torch.Size([40, 256])
torch.Size([40, 256])
torch.Size([40, 256])
torch.Size([40, 256])
torch.Size([40, 256])
torch.Size([40, 256])
torch.Size([40, 256])
torch.Size([40, 256])
torch.Size([40, 256])
torch.Size([40, 256])
torch.Size([40, 256])
torch.Size([40, 256])
torch.Size([40, 256])
torch.Size([40, 256])
torch.Size([40, 256])
torch.Size([40, 256])
torch.Size([40, 256])
torch.Size([40, 256])
torch.Size([40, 256])
torch.Size([40, 256])
torch.Size([40, 256])
torch.Size([40, 256])
torch.Size([40, 256])
torch.Size([40, 256])
torch.Size([40, 256])
torch.Size([20, 256])
torch.Size([40, 256])
torch.Size([40, 256])
torch.Size([40, 256])
torch.Size([40, 256])
torch.Size([40, 256])
torch.Size([40, 256])
torch.Size([40, 256])
torch.Size([40, 256])
torch.Size([40, 256])
torch.Size([40, 256])
torch.Size([40, 256])
torch.Size([40, 256])
torch.Size([40, 256])
torch.Size([40, 256])
torch.Size([40, 256])
torch.Size([40, 256])
torch.Size([40, 256])
torch.Size([40, 256])
torch.Size([40, 256])
torch.Size([40, 256])
torch.Size([40, 256])
torch.Size([40, 256])
torch.Size([40, 256])
torch.Size([40, 256])
torch.Size([40, 256])
torch.Size([40, 256])
torch.Size([40, 256])
torch.Size([20, 256])
torch.Size([40, 256])
torch.Size([40, 256])
torch.Size([40, 256])
torch.Size([40, 256])
torch.Size([40, 256])
torch.Size([40, 256])
torch.Size([40, 256])
torch.Size([40, 256])
torch.Size([40, 256])
torch.Size([40, 256])
torch.Size([40, 256])
torch.Size([40, 256])
torch.Size([40, 256])
torch.Size([40, 256])
torch.Size([40, 256])
torch.Size([40, 256])
torch.Size([40, 256])
torch.Size([40, 256])
torch.Size([40, 256])
torch.Size([40, 256])
torch.Size([40, 256])
torch.Size([40, 256])
torch.Size([40, 256])
torch.Size([40, 256])
torch.Size([40, 256])
torch.Size([40, 256])
torch.Size([40, 256])
torch.Size([20, 256])
torch.Size([40, 256])
torch.Size([40, 256])
torch.Size([40, 256])
torch.Size([40, 256])
torch.Size([40, 256])
torch.Size([40, 256])
torch.Size([40, 256])
torch.Size([40, 256])
torch.Size([40, 256])
torch.Size([40, 256])
torch.Size([40, 256])
torch.Size([40, 256])
torch.Size([40, 256])
torch.Size([40, 256])
torch.Size([40, 256])
torch.Size([40, 256])
torch.Size([40, 256])
torch.Size([40, 256])
torch.Size([40, 256])
torch.Size([40, 256])
torch.Size([40, 256])
torch.Size([40, 256])
torch.Size([40, 256])
torch.Size([40, 256])
torch.Size([40, 256])
torch.Size([40, 256])
torch.Size([40, 256])
torch.Size([20, 256])
torch.Size([40, 256])
torch.Size([40, 256])
torch.Size([40, 256])
torch.Size([40, 256])
torch.Size([40, 256])
torch.Size([40, 256])
torch.Size([40, 256])
torch.Size([40, 256])
torch.Size([40, 256])
torch.Size([40, 256])
torch.Size([40, 256])
torch.Size([40, 256])
torch.Size([40, 256])
torch.Size([40, 256])
torch.Size([40, 256])
torch.Size([40, 256])
torch.Size([40, 256])
torch.Size([40, 256])
torch.Size([40, 256])
torch.Size([40, 256])
torch.Size([40, 256])
torch.Size([40, 256])
torch.Size([40, 256])
torch.Size([40, 256])
torch.Size([40, 256])
torch.Size([40, 256])
torch.Size([40, 256])
torch.Size([20, 256])
torch.Size([40, 256])
torch.Size([40, 256])
torch.Size([40, 256])
torch.Size([40, 256])
torch.Size([40, 256])
torch.Size([40, 256])
torch.Size([40, 256])
torch.Size([40, 256])
torch.Size([40, 256])
torch.Size([40, 256])
torch.Size([40, 256])
torch.Size([40, 256])
torch.Size([40, 256])
torch.Size([40, 256])
torch.Size([40, 256])
torch.Size([40, 256])
torch.Size([40, 256])
torch.Size([40, 256])
torch.Size([40, 256])
torch.Size([40, 256])
torch.Size([40, 256])
torch.Size([40, 256])
torch.Size([40, 256])
torch.Size([40, 256])
torch.Size([40, 256])
torch.Size([40, 256])
torch.Size([40, 256])
torch.Size([20, 256])
torch.Size([40, 256])
torch.Size([40, 256])
torch.Size([40, 256])
torch.Size([40, 256])
torch.Size([40, 256])
torch.Size([40, 256])
torch.Size([40, 256])
torch.Size([40, 256])
torch.Size([40, 256])
torch.Size([40, 256])
torch.Size([40, 256])
torch.Size([40, 256])
torch.Size([40, 256])
torch.Size([40, 256])
torch.Size([40, 256])
torch.Size([40, 256])
torch.Size([40, 256])
torch.Size([40, 256])
torch.Size([40, 256])
torch.Size([40, 256])
torch.Size([40, 256])
torch.Size([40, 256])
torch.Size([40, 256])
torch.Size([40, 256])
torch.Size([40, 256])
torch.Size([40, 256])
torch.Size([40, 256])
torch.Size([20, 256])
torch.Size([40, 256])
torch.Size([40, 256])
torch.Size([40, 256])
torch.Size([40, 256])
torch.Size([40, 256])
torch.Size([40, 256])
torch.Size([40, 256])
torch.Size([40, 256])
torch.Size([40, 256])
torch.Size([40, 256])
torch.Size([40, 256])
torch.Size([40, 256])
torch.Size([40, 256])
torch.Size([40, 256])
torch.Size([40, 256])
torch.Size([40, 256])
torch.Size([40, 256])
torch.Size([40, 256])
torch.Size([40, 256])
torch.Size([40, 256])
torch.Size([40, 256])
torch.Size([40, 256])
torch.Size([40, 256])
torch.Size([40, 256])
torch.Size([40, 256])
torch.Size([40, 256])
torch.Size([40, 256])
torch.Size([20, 256])
torch.Size([40, 256])
torch.Size([40, 256])
torch.Size([40, 256])
torch.Size([40, 256])
torch.Size([40, 256])
torch.Size([40, 256])
torch.Size([40, 256])
torch.Size([40, 256])
torch.Size([40, 256])
torch.Size([40, 256])
torch.Size([40, 256])
torch.Size([40, 256])
torch.Size([40, 256])
torch.Size([40, 256])
torch.Size([40, 256])
torch.Size([40, 256])
torch.Size([40, 256])
torch.Size([40, 256])
torch.Size([40, 256])
torch.Size([40, 256])
torch.Size([40, 256])
torch.Size([40, 256])
torch.Size([40, 256])
torch.Size([40, 256])
torch.Size([40, 256])
torch.Size([40, 256])
torch.Size([40, 256])
torch.Size([20, 256])
torch.Size([40, 256])
torch.Size([40, 256])
torch.Size([40, 256])
torch.Size([40, 256])
torch.Size([40, 256])
torch.Size([40, 256])
torch.Size([40, 256])
torch.Size([40, 256])
torch.Size([40, 256])
torch.Size([40, 256])
torch.Size([40, 256])
torch.Size([40, 256])
torch.Size([40, 256])
torch.Size([40, 256])
torch.Size([40, 256])
torch.Size([40, 256])
torch.Size([40, 256])
torch.Size([40, 256])
torch.Size([40, 256])
torch.Size([40, 256])
torch.Size([40, 256])
torch.Size([40, 256])
torch.Size([40, 256])
torch.Size([40, 256])
torch.Size([40, 256])
torch.Size([40, 256])
torch.Size([40, 256])
torch.Size([20, 256])
torch.Size([40, 256])
torch.Size([40, 256])
torch.Size([40, 256])
torch.Size([40, 256])
torch.Size([40, 256])
torch.Size([40, 256])
torch.Size([40, 256])
torch.Size([40, 256])
torch.Size([40, 256])
torch.Size([40, 256])
torch.Size([40, 256])
torch.Size([40, 256])
torch.Size([40, 256])
torch.Size([40, 256])
torch.Size([40, 256])
torch.Size([40, 256])
torch.Size([40, 256])
torch.Size([40, 256])
torch.Size([40, 256])
torch.Size([40, 256])
torch.Size([40, 256])
torch.Size([40, 256])
torch.Size([40, 256])
torch.Size([40, 256])
torch.Size([40, 256])
torch.Size([40, 256])
torch.Size([40, 256])
torch.Size([20, 256])
torch.Size([40, 256])
torch.Size([40, 256])
torch.Size([40, 256])
torch.Size([40, 256])
torch.Size([40, 256])
torch.Size([40, 256])
torch.Size([40, 256])
torch.Size([40, 256])
torch.Size([40, 256])
torch.Size([40, 256])
torch.Size([40, 256])
torch.Size([40, 256])
torch.Size([40, 256])
torch.Size([40, 256])
torch.Size([40, 256])
torch.Size([40, 256])
torch.Size([40, 256])
torch.Size([40, 256])
torch.Size([40, 256])
torch.Size([40, 256])
torch.Size([40, 256])
torch.Size([40, 256])
torch.Size([40, 256])
torch.Size([40, 256])
torch.Size([40, 256])
torch.Size([40, 256])
torch.Size([40, 256])
torch.Size([20, 256])
torch.Size([40, 256])
torch.Size([40, 256])
torch.Size([40, 256])
torch.Size([40, 256])
torch.Size([40, 256])
torch.Size([40, 256])
torch.Size([40, 256])
torch.Size([40, 256])
torch.Size([40, 256])
torch.Size([40, 256])
torch.Size([40, 256])
torch.Size([40, 256])
torch.Size([40, 256])
torch.Size([40, 256])
torch.Size([40, 256])
torch.Size([40, 256])
torch.Size([40, 256])
torch.Size([40, 256])
torch.Size([40, 256])
torch.Size([40, 256])
torch.Size([40, 256])
torch.Size([40, 256])
torch.Size([40, 256])
torch.Size([40, 256])
torch.Size([40, 256])
torch.Size([40, 256])
torch.Size([40, 256])
torch.Size([20, 256])
torch.Size([40, 256])
torch.Size([40, 256])
torch.Size([40, 256])
torch.Size([40, 256])
torch.Size([40, 256])
torch.Size([40, 256])
torch.Size([40, 256])
torch.Size([40, 256])
torch.Size([40, 256])
torch.Size([40, 256])
torch.Size([40, 256])
torch.Size([40, 256])
torch.Size([40, 256])
torch.Size([40, 256])
torch.Size([40, 256])
torch.Size([40, 256])
torch.Size([40, 256])
torch.Size([40, 256])
torch.Size([40, 256])
torch.Size([40, 256])
torch.Size([40, 256])
torch.Size([40, 256])
torch.Size([40, 256])
torch.Size([40, 256])
torch.Size([40, 256])
torch.Size([40, 256])
torch.Size([40, 256])
torch.Size([20, 256])
torch.Size([40, 256])
torch.Size([40, 256])
torch.Size([40, 256])
torch.Size([40, 256])
torch.Size([40, 256])
torch.Size([40, 256])
torch.Size([40, 256])
torch.Size([40, 256])
torch.Size([40, 256])
torch.Size([40, 256])
torch.Size([40, 256])
torch.Size([40, 256])
torch.Size([40, 256])
torch.Size([40, 256])
torch.Size([40, 256])
torch.Size([40, 256])
torch.Size([40, 256])
torch.Size([40, 256])
torch.Size([40, 256])
torch.Size([40, 256])
torch.Size([40, 256])
torch.Size([40, 256])
torch.Size([40, 256])
torch.Size([40, 256])
torch.Size([40, 256])
torch.Size([40, 256])
torch.Size([40, 256])
torch.Size([20, 256])
torch.Size([40, 256])
torch.Size([40, 256])
torch.Size([40, 256])
torch.Size([40, 256])
torch.Size([40, 256])
torch.Size([40, 256])
torch.Size([40, 256])
torch.Size([40, 256])
torch.Size([40, 256])
torch.Size([40, 256])
torch.Size([40, 256])
torch.Size([40, 256])
torch.Size([40, 256])
torch.Size([40, 256])
torch.Size([40, 256])
torch.Size([40, 256])
torch.Size([40, 256])
torch.Size([40, 256])
torch.Size([40, 256])
torch.Size([40, 256])
torch.Size([40, 256])
torch.Size([40, 256])
torch.Size([40, 256])
torch.Size([40, 256])
torch.Size([40, 256])
torch.Size([40, 256])
torch.Size([40, 256])
torch.Size([20, 256])
torch.Size([40, 256])
torch.Size([40, 256])
torch.Size([40, 256])
torch.Size([40, 256])
torch.Size([40, 256])
torch.Size([40, 256])
torch.Size([40, 256])
torch.Size([40, 256])
torch.Size([40, 256])
torch.Size([40, 256])
torch.Size([40, 256])
torch.Size([40, 256])
torch.Size([40, 256])
torch.Size([40, 256])
torch.Size([40, 256])
torch.Size([40, 256])
torch.Size([40, 256])
torch.Size([40, 256])
torch.Size([40, 256])
torch.Size([40, 256])
torch.Size([40, 256])
torch.Size([40, 256])
torch.Size([40, 256])
torch.Size([40, 256])
torch.Size([40, 256])
torch.Size([40, 256])
torch.Size([40, 256])
torch.Size([20, 256])
torch.Size([40, 256])
torch.Size([40, 256])
torch.Size([40, 256])
torch.Size([40, 256])
torch.Size([40, 256])
torch.Size([40, 256])
torch.Size([40, 256])
torch.Size([40, 256])
torch.Size([40, 256])
torch.Size([40, 256])
torch.Size([40, 256])
torch.Size([40, 256])
torch.Size([40, 256])
torch.Size([40, 256])
torch.Size([40, 256])
torch.Size([40, 256])
torch.Size([40, 256])
torch.Size([40, 256])
torch.Size([40, 256])
torch.Size([40, 256])
torch.Size([40, 256])
torch.Size([40, 256])
torch.Size([40, 256])
torch.Size([40, 256])
torch.Size([40, 256])
torch.Size([40, 256])
torch.Size([40, 256])
torch.Size([20, 256])
torch.Size([40, 256])
torch.Size([40, 256])
torch.Size([40, 256])
torch.Size([40, 256])
torch.Size([40, 256])
torch.Size([40, 256])
torch.Size([40, 256])
torch.Size([40, 256])
torch.Size([40, 256])
torch.Size([40, 256])
torch.Size([40, 256])
torch.Size([40, 256])
torch.Size([40, 256])
torch.Size([40, 256])
torch.Size([40, 256])
torch.Size([40, 256])
torch.Size([40, 256])
torch.Size([40, 256])
torch.Size([40, 256])
torch.Size([40, 256])
torch.Size([40, 256])
torch.Size([40, 256])
torch.Size([40, 256])
torch.Size([40, 256])
torch.Size([40, 256])
torch.Size([40, 256])
torch.Size([40, 256])
torch.Size([20, 256])
torch.Size([40, 256])
torch.Size([40, 256])
torch.Size([40, 256])
torch.Size([40, 256])
torch.Size([40, 256])
torch.Size([40, 256])
torch.Size([40, 256])
torch.Size([40, 256])
torch.Size([40, 256])
torch.Size([40, 256])
torch.Size([40, 256])
torch.Size([40, 256])
torch.Size([40, 256])
torch.Size([40, 256])
torch.Size([40, 256])
torch.Size([40, 256])
torch.Size([40, 256])
torch.Size([40, 256])
torch.Size([40, 256])
torch.Size([40, 256])
torch.Size([40, 256])
torch.Size([40, 256])
torch.Size([40, 256])
torch.Size([40, 256])
torch.Size([40, 256])
torch.Size([40, 256])
torch.Size([40, 256])
torch.Size([20, 256])
torch.Size([40, 256])
torch.Size([40, 256])
torch.Size([40, 256])
torch.Size([40, 256])
torch.Size([40, 256])
torch.Size([40, 256])
torch.Size([40, 256])
torch.Size([40, 256])
torch.Size([40, 256])
torch.Size([40, 256])
torch.Size([40, 256])
torch.Size([40, 256])
torch.Size([40, 256])
torch.Size([40, 256])
torch.Size([40, 256])
torch.Size([40, 256])
torch.Size([40, 256])
torch.Size([40, 256])
torch.Size([40, 256])
torch.Size([40, 256])
torch.Size([40, 256])
torch.Size([40, 256])
torch.Size([40, 256])
torch.Size([40, 256])
torch.Size([40, 256])
torch.Size([40, 256])
torch.Size([40, 256])
torch.Size([20, 256])
torch.Size([40, 256])
torch.Size([40, 256])
torch.Size([40, 256])
torch.Size([40, 256])
torch.Size([40, 256])
torch.Size([40, 256])
torch.Size([40, 256])
torch.Size([40, 256])
torch.Size([40, 256])
torch.Size([40, 256])
torch.Size([40, 256])
torch.Size([40, 256])
torch.Size([40, 256])
torch.Size([40, 256])
torch.Size([40, 256])
torch.Size([40, 256])
torch.Size([40, 256])
torch.Size([40, 256])
torch.Size([40, 256])
torch.Size([40, 256])
torch.Size([40, 256])
torch.Size([40, 256])
torch.Size([40, 256])
torch.Size([40, 256])
torch.Size([40, 256])
torch.Size([40, 256])
torch.Size([40, 256])
torch.Size([20, 256])
torch.Size([40, 256])
torch.Size([40, 256])
torch.Size([40, 256])
torch.Size([40, 256])
torch.Size([40, 256])
torch.Size([40, 256])
torch.Size([40, 256])
torch.Size([40, 256])
torch.Size([40, 256])
torch.Size([40, 256])
torch.Size([40, 256])
torch.Size([40, 256])
torch.Size([40, 256])
torch.Size([40, 256])
torch.Size([40, 256])
torch.Size([40, 256])
torch.Size([40, 256])
torch.Size([40, 256])
torch.Size([40, 256])
torch.Size([40, 256])
torch.Size([40, 256])
torch.Size([40, 256])
torch.Size([40, 256])
torch.Size([40, 256])
torch.Size([40, 256])
torch.Size([40, 256])
torch.Size([40, 256])
torch.Size([20, 256])
torch.Size([40, 256])
torch.Size([40, 256])
torch.Size([40, 256])
torch.Size([40, 256])
torch.Size([40, 256])
torch.Size([40, 256])
torch.Size([40, 256])
torch.Size([40, 256])
torch.Size([40, 256])
torch.Size([40, 256])
torch.Size([40, 256])
torch.Size([40, 256])
torch.Size([40, 256])
torch.Size([40, 256])
torch.Size([40, 256])
torch.Size([40, 256])
torch.Size([40, 256])
torch.Size([40, 256])
torch.Size([40, 256])
torch.Size([40, 256])
torch.Size([40, 256])
torch.Size([40, 256])
torch.Size([40, 256])
torch.Size([40, 256])
torch.Size([40, 256])
torch.Size([40, 256])
torch.Size([40, 256])
torch.Size([20, 256])
torch.Size([40, 256])
torch.Size([40, 256])
torch.Size([40, 256])
torch.Size([40, 256])
torch.Size([40, 256])
torch.Size([40, 256])
torch.Size([40, 256])
torch.Size([40, 256])
torch.Size([40, 256])
torch.Size([40, 256])
torch.Size([40, 256])
torch.Size([40, 256])
torch.Size([40, 256])
torch.Size([40, 256])
torch.Size([40, 256])
torch.Size([40, 256])
torch.Size([40, 256])
torch.Size([40, 256])
torch.Size([40, 256])
torch.Size([40, 256])
torch.Size([40, 256])
torch.Size([40, 256])
torch.Size([40, 256])
torch.Size([40, 256])
torch.Size([40, 256])
torch.Size([40, 256])
torch.Size([40, 256])
torch.Size([20, 256])
torch.Size([40, 256])
torch.Size([40, 256])
torch.Size([40, 256])
torch.Size([40, 256])
torch.Size([40, 256])
torch.Size([40, 256])
torch.Size([40, 256])
torch.Size([40, 256])
torch.Size([40, 256])
torch.Size([40, 256])
torch.Size([40, 256])
torch.Size([40, 256])
torch.Size([40, 256])
torch.Size([40, 256])
torch.Size([40, 256])
torch.Size([40, 256])
torch.Size([40, 256])
torch.Size([40, 256])
torch.Size([40, 256])
torch.Size([40, 256])
torch.Size([40, 256])
torch.Size([40, 256])
torch.Size([40, 256])
torch.Size([40, 256])
torch.Size([40, 256])
torch.Size([40, 256])
torch.Size([40, 256])
torch.Size([20, 256])
torch.Size([40, 256])
torch.Size([40, 256])
torch.Size([40, 256])
torch.Size([40, 256])
torch.Size([40, 256])
torch.Size([40, 256])
torch.Size([40, 256])
torch.Size([40, 256])
torch.Size([40, 256])
torch.Size([40, 256])
torch.Size([40, 256])
torch.Size([40, 256])
torch.Size([40, 256])
torch.Size([40, 256])
torch.Size([40, 256])
torch.Size([40, 256])
torch.Size([40, 256])
torch.Size([40, 256])
torch.Size([40, 256])
torch.Size([40, 256])
torch.Size([40, 256])
torch.Size([40, 256])
torch.Size([40, 256])
torch.Size([40, 256])
torch.Size([40, 256])
torch.Size([40, 256])
torch.Size([40, 256])
torch.Size([20, 256])
torch.Size([40, 256])
torch.Size([40, 256])
torch.Size([40, 256])
torch.Size([40, 256])
torch.Size([40, 256])
torch.Size([40, 256])
torch.Size([40, 256])
torch.Size([40, 256])
torch.Size([40, 256])
torch.Size([40, 256])
torch.Size([40, 256])
torch.Size([40, 256])
torch.Size([40, 256])
torch.Size([40, 256])
torch.Size([40, 256])
torch.Size([40, 256])
torch.Size([40, 256])
torch.Size([40, 256])
torch.Size([40, 256])
torch.Size([40, 256])
torch.Size([40, 256])
torch.Size([40, 256])
torch.Size([40, 256])
torch.Size([40, 256])
torch.Size([40, 256])
torch.Size([40, 256])
torch.Size([40, 256])
torch.Size([20, 256])
torch.Size([40, 256])
torch.Size([40, 256])
torch.Size([40, 256])
torch.Size([40, 256])
torch.Size([40, 256])
torch.Size([40, 256])
torch.Size([40, 256])
torch.Size([40, 256])
torch.Size([40, 256])
torch.Size([40, 256])
torch.Size([40, 256])
torch.Size([40, 256])
torch.Size([40, 256])
torch.Size([40, 256])
torch.Size([40, 256])
torch.Size([40, 256])
torch.Size([40, 256])
torch.Size([40, 256])
torch.Size([40, 256])
torch.Size([40, 256])
torch.Size([40, 256])
torch.Size([40, 256])
torch.Size([40, 256])
torch.Size([40, 256])
torch.Size([40, 256])
torch.Size([40, 256])
torch.Size([40, 256])
torch.Size([20, 256])
torch.Size([40, 256])
torch.Size([40, 256])
torch.Size([40, 256])
torch.Size([40, 256])
torch.Size([40, 256])
torch.Size([40, 256])
torch.Size([40, 256])
torch.Size([40, 256])
torch.Size([40, 256])
torch.Size([40, 256])
torch.Size([40, 256])
torch.Size([40, 256])
torch.Size([40, 256])
torch.Size([40, 256])
torch.Size([40, 256])
torch.Size([40, 256])
torch.Size([40, 256])
torch.Size([40, 256])
torch.Size([40, 256])
torch.Size([40, 256])
torch.Size([40, 256])
torch.Size([40, 256])
torch.Size([40, 256])
torch.Size([40, 256])
torch.Size([40, 256])
torch.Size([40, 256])
torch.Size([40, 256])
torch.Size([20, 256])
torch.Size([40, 256])
torch.Size([40, 256])
torch.Size([40, 256])
torch.Size([40, 256])
torch.Size([40, 256])
torch.Size([40, 256])
torch.Size([40, 256])
torch.Size([40, 256])
torch.Size([40, 256])
torch.Size([40, 256])
torch.Size([40, 256])
torch.Size([40, 256])
torch.Size([40, 256])
torch.Size([40, 256])
torch.Size([40, 256])
torch.Size([40, 256])
torch.Size([40, 256])
torch.Size([40, 256])
torch.Size([40, 256])
torch.Size([40, 256])
torch.Size([40, 256])
torch.Size([40, 256])
torch.Size([40, 256])
torch.Size([40, 256])
torch.Size([40, 256])
torch.Size([40, 256])
torch.Size([40, 256])
torch.Size([20, 256])
torch.Size([40, 256])
torch.Size([40, 256])
torch.Size([40, 256])
torch.Size([40, 256])
torch.Size([40, 256])
torch.Size([40, 256])
torch.Size([40, 256])
torch.Size([40, 256])
torch.Size([40, 256])
torch.Size([40, 256])
torch.Size([40, 256])
torch.Size([40, 256])
torch.Size([40, 256])
torch.Size([40, 256])
torch.Size([40, 256])
torch.Size([40, 256])
torch.Size([40, 256])
torch.Size([40, 256])
torch.Size([40, 256])
torch.Size([40, 256])
torch.Size([40, 256])
torch.Size([40, 256])
torch.Size([40, 256])
torch.Size([40, 256])
torch.Size([40, 256])
torch.Size([40, 256])
torch.Size([40, 256])
torch.Size([20, 256])
torch.Size([40, 256])
torch.Size([40, 256])
torch.Size([40, 256])
torch.Size([40, 256])
torch.Size([40, 256])
torch.Size([40, 256])
torch.Size([40, 256])
torch.Size([40, 256])
torch.Size([40, 256])
torch.Size([40, 256])
torch.Size([40, 256])
torch.Size([40, 256])
torch.Size([40, 256])
torch.Size([40, 256])
torch.Size([40, 256])
torch.Size([40, 256])
torch.Size([40, 256])
torch.Size([40, 256])
torch.Size([40, 256])
torch.Size([40, 256])
torch.Size([40, 256])
torch.Size([40, 256])
torch.Size([40, 256])
torch.Size([40, 256])
torch.Size([40, 256])
torch.Size([40, 256])
torch.Size([40, 256])
torch.Size([20, 256])
torch.Size([40, 256])
torch.Size([40, 256])
torch.Size([40, 256])
torch.Size([40, 256])
torch.Size([40, 256])
torch.Size([40, 256])
torch.Size([40, 256])
torch.Size([40, 256])
torch.Size([40, 256])
torch.Size([40, 256])
torch.Size([40, 256])
torch.Size([40, 256])
torch.Size([40, 256])
torch.Size([40, 256])
torch.Size([40, 256])
torch.Size([40, 256])
torch.Size([40, 256])
torch.Size([40, 256])
torch.Size([40, 256])
torch.Size([40, 256])
torch.Size([40, 256])
torch.Size([40, 256])
torch.Size([40, 256])
torch.Size([40, 256])
torch.Size([40, 256])
torch.Size([40, 256])
torch.Size([40, 256])
torch.Size([20, 256])
torch.Size([40, 256])
torch.Size([40, 256])
torch.Size([40, 256])
torch.Size([40, 256])
torch.Size([40, 256])
torch.Size([40, 256])
torch.Size([40, 256])
torch.Size([40, 256])
torch.Size([40, 256])
torch.Size([40, 256])
torch.Size([40, 256])
torch.Size([40, 256])
torch.Size([40, 256])
torch.Size([40, 256])
torch.Size([40, 256])
torch.Size([40, 256])
torch.Size([40, 256])
torch.Size([40, 256])
torch.Size([40, 256])
torch.Size([40, 256])
torch.Size([40, 256])
torch.Size([40, 256])
torch.Size([40, 256])
torch.Size([40, 256])
torch.Size([40, 256])
torch.Size([40, 256])
torch.Size([40, 256])
torch.Size([20, 256])
torch.Size([40, 256])
torch.Size([40, 256])
torch.Size([40, 256])
torch.Size([40, 256])
torch.Size([40, 256])
torch.Size([40, 256])
torch.Size([40, 256])
torch.Size([40, 256])
torch.Size([40, 256])
torch.Size([40, 256])
torch.Size([40, 256])
torch.Size([40, 256])
torch.Size([40, 256])
torch.Size([40, 256])
torch.Size([40, 256])
torch.Size([40, 256])
torch.Size([40, 256])
torch.Size([40, 256])
torch.Size([40, 256])
torch.Size([40, 256])
torch.Size([40, 256])
torch.Size([40, 256])
torch.Size([40, 256])
torch.Size([40, 256])
torch.Size([40, 256])
torch.Size([40, 256])
torch.Size([40, 256])
torch.Size([20, 256])
torch.Size([40, 256])
torch.Size([40, 256])
torch.Size([40, 256])
torch.Size([40, 256])
torch.Size([40, 256])
torch.Size([40, 256])
torch.Size([40, 256])
torch.Size([40, 256])
torch.Size([40, 256])
torch.Size([40, 256])
torch.Size([40, 256])
torch.Size([40, 256])
torch.Size([40, 256])
torch.Size([40, 256])
torch.Size([40, 256])
torch.Size([40, 256])
torch.Size([40, 256])
torch.Size([40, 256])
torch.Size([40, 256])
torch.Size([40, 256])
torch.Size([40, 256])
torch.Size([40, 256])
torch.Size([40, 256])
torch.Size([40, 256])
torch.Size([40, 256])
torch.Size([40, 256])
torch.Size([40, 256])
torch.Size([20, 256])
torch.Size([40, 256])
torch.Size([40, 256])
torch.Size([40, 256])
torch.Size([40, 256])
torch.Size([40, 256])
torch.Size([40, 256])
torch.Size([40, 256])
torch.Size([40, 256])
torch.Size([40, 256])
torch.Size([40, 256])
torch.Size([40, 256])
torch.Size([40, 256])
torch.Size([40, 256])
torch.Size([40, 256])
torch.Size([40, 256])
torch.Size([40, 256])
torch.Size([40, 256])
torch.Size([40, 256])
torch.Size([40, 256])
torch.Size([40, 256])
torch.Size([40, 256])
torch.Size([40, 256])
torch.Size([40, 256])
torch.Size([40, 256])
torch.Size([40, 256])
torch.Size([40, 256])
torch.Size([40, 256])
torch.Size([20, 256])
torch.Size([40, 256])
torch.Size([40, 256])
torch.Size([40, 256])
torch.Size([40, 256])
torch.Size([40, 256])
torch.Size([40, 256])
torch.Size([40, 256])
torch.Size([40, 256])
torch.Size([40, 256])
torch.Size([40, 256])
torch.Size([40, 256])
torch.Size([40, 256])
torch.Size([40, 256])
torch.Size([40, 256])
torch.Size([40, 256])
torch.Size([40, 256])
torch.Size([40, 256])
torch.Size([40, 256])
torch.Size([40, 256])
torch.Size([40, 256])
torch.Size([40, 256])
torch.Size([40, 256])
torch.Size([40, 256])
torch.Size([40, 256])
torch.Size([40, 256])
torch.Size([40, 256])
torch.Size([40, 256])
torch.Size([20, 256])
torch.Size([40, 256])
torch.Size([40, 256])
torch.Size([40, 256])
torch.Size([40, 256])
torch.Size([40, 256])
torch.Size([40, 256])
torch.Size([40, 256])
torch.Size([40, 256])
torch.Size([40, 256])
torch.Size([40, 256])
torch.Size([40, 256])
torch.Size([40, 256])
torch.Size([40, 256])
torch.Size([40, 256])
torch.Size([40, 256])
torch.Size([40, 256])
torch.Size([40, 256])
torch.Size([40, 256])
torch.Size([40, 256])
torch.Size([40, 256])
torch.Size([40, 256])
torch.Size([40, 256])
torch.Size([40, 256])
torch.Size([40, 256])
torch.Size([40, 256])
torch.Size([40, 256])
torch.Size([40, 256])
torch.Size([20, 256])
torch.Size([40, 256])
torch.Size([40, 256])
torch.Size([40, 256])
torch.Size([40, 256])
torch.Size([40, 256])
torch.Size([40, 256])
torch.Size([40, 256])
torch.Size([40, 256])
torch.Size([40, 256])
torch.Size([40, 256])
torch.Size([40, 256])
torch.Size([40, 256])
torch.Size([40, 256])
torch.Size([40, 256])
torch.Size([40, 256])
torch.Size([40, 256])
torch.Size([40, 256])
torch.Size([40, 256])
torch.Size([40, 256])
torch.Size([40, 256])
torch.Size([40, 256])
torch.Size([40, 256])
torch.Size([40, 256])
torch.Size([40, 256])
torch.Size([40, 256])
torch.Size([40, 256])
torch.Size([40, 256])
torch.Size([20, 256])
