Program will start executing in a bit
/apps/sw/miniconda/envs/ai-4/lib/python3.10/site-packages/torch/utils/_device.py:77: UserWarning: To copy construct from a tensor, it is recommended to use sourceTensor.clone().detach() or sourceTensor.clone().detach().requires_grad_(True), rather than torch.tensor(sourceTensor).
  return func(*args, **kwargs)
✅ Using CUDA globally
GPU: Tesla V100-SXM3-32GB
Current directory: /home/cbe05/MaqamDiffusion
Cross_Entropy lr = 1e-05 Loss 1/200 Loss is L =2.0817651748657227 
Cross_Entropy lr = 1e-05 Loss 2/200 Loss is L =2.0808494091033936 
Cross_Entropy lr = 1e-05 Loss 3/200 Loss is L =2.0778415203094482 
Cross_Entropy lr = 1e-05 Loss 4/200 Loss is L =2.0798957347869873 
Cross_Entropy lr = 1e-05 Loss 5/200 Loss is L =2.077404022216797 
Cross_Entropy lr = 1e-05 Loss 6/200 Loss is L =2.0774617195129395 
Cross_Entropy lr = 1e-05 Loss 7/200 Loss is L =2.078199625015259 
Cross_Entropy lr = 1e-05 Loss 8/200 Loss is L =2.0768513679504395 
Cross_Entropy lr = 1e-05 Loss 9/200 Loss is L =2.0767860412597656 
Cross_Entropy lr = 1e-05 Loss 10/200 Loss is L =2.07847261428833 
Cross_Entropy lr = 1e-05 Loss 11/200 Loss is L =2.0759944915771484 
Cross_Entropy lr = 1e-05 Loss 12/200 Loss is L =2.07769775390625 
Cross_Entropy lr = 1e-05 Loss 13/200 Loss is L =2.0757687091827393 
Cross_Entropy lr = 1e-05 Loss 14/200 Loss is L =2.077030658721924 
Cross_Entropy lr = 1e-05 Loss 15/200 Loss is L =2.0788042545318604 
Cross_Entropy lr = 1e-05 Loss 16/200 Loss is L =2.0775184631347656 
Cross_Entropy lr = 1e-05 Loss 17/200 Loss is L =2.078662395477295 
Cross_Entropy lr = 1e-05 Loss 18/200 Loss is L =2.0744924545288086 
Cross_Entropy lr = 1e-05 Loss 19/200 Loss is L =2.0767428874969482 
Cross_Entropy lr = 1e-05 Loss 20/200 Loss is L =2.0765388011932373 
Cross_Entropy lr = 1e-05 Loss 21/200 Loss is L =2.0754263401031494 
Cross_Entropy lr = 1e-05 Loss 22/200 Loss is L =2.0746161937713623 
Cross_Entropy lr = 1e-05 Loss 23/200 Loss is L =2.079484224319458 
Cross_Entropy lr = 1e-05 Loss 24/200 Loss is L =2.0779333114624023 
Cross_Entropy lr = 1e-05 Loss 25/200 Loss is L =2.0739619731903076 
Cross_Entropy lr = 1e-05 Loss 26/200 Loss is L =2.078012466430664 
Cross_Entropy lr = 1e-05 Loss 27/200 Loss is L =2.07547926902771 
Cross_Entropy lr = 1e-05 Loss 28/200 Loss is L =2.0765442848205566 
Cross_Entropy lr = 1e-05 Loss 29/200 Loss is L =2.07556414604187 
Cross_Entropy lr = 1e-05 Loss 30/200 Loss is L =2.077364683151245 
Cross_Entropy lr = 1e-05 Loss 31/200 Loss is L =2.0766003131866455 
Cross_Entropy lr = 1e-05 Loss 32/200 Loss is L =2.0765511989593506 
Cross_Entropy lr = 1e-05 Loss 33/200 Loss is L =2.0765304565429688 
Cross_Entropy lr = 1e-05 Loss 34/200 Loss is L =2.073737859725952 
Cross_Entropy lr = 1e-05 Loss 35/200 Loss is L =2.0781822204589844 
Cross_Entropy lr = 1e-05 Loss 36/200 Loss is L =2.0751113891601562 
Cross_Entropy lr = 1e-05 Loss 37/200 Loss is L =2.0759215354919434 
Cross_Entropy lr = 1e-05 Loss 38/200 Loss is L =2.0769147872924805 
Cross_Entropy lr = 1e-05 Loss 39/200 Loss is L =2.0781612396240234 
Cross_Entropy lr = 1e-05 Loss 40/200 Loss is L =2.076245069503784 
Cross_Entropy lr = 1e-05 Loss 41/200 Loss is L =2.075768232345581 
Cross_Entropy lr = 1e-05 Loss 42/200 Loss is L =2.076378107070923 
Cross_Entropy lr = 1e-05 Loss 43/200 Loss is L =2.0762813091278076 
Cross_Entropy lr = 1e-05 Loss 44/200 Loss is L =2.077350616455078 
Cross_Entropy lr = 1e-05 Loss 45/200 Loss is L =2.0767908096313477 
Cross_Entropy lr = 1e-05 Loss 46/200 Loss is L =2.0757179260253906 
Cross_Entropy lr = 1e-05 Loss 47/200 Loss is L =2.074357748031616 
Cross_Entropy lr = 1e-05 Loss 48/200 Loss is L =2.077133893966675 
Cross_Entropy lr = 1e-05 Loss 49/200 Loss is L =2.077301502227783 
Cross_Entropy lr = 1e-05 Loss 50/200 Loss is L =2.075279951095581 
Cross_Entropy lr = 1e-05 Loss 51/200 Loss is L =2.0792500972747803 
Cross_Entropy lr = 1e-05 Loss 52/200 Loss is L =2.0773866176605225 
Cross_Entropy lr = 1e-05 Loss 53/200 Loss is L =2.0765304565429688 
Cross_Entropy lr = 1e-05 Loss 54/200 Loss is L =2.0744404792785645 
Cross_Entropy lr = 1e-05 Loss 55/200 Loss is L =2.078333854675293 
Cross_Entropy lr = 1e-05 Loss 56/200 Loss is L =2.078688144683838 
Cross_Entropy lr = 1e-05 Loss 57/200 Loss is L =2.077549457550049 
Cross_Entropy lr = 1e-05 Loss 58/200 Loss is L =2.0768699645996094 
Cross_Entropy lr = 1e-05 Loss 59/200 Loss is L =2.0770986080169678 
Cross_Entropy lr = 1e-05 Loss 60/200 Loss is L =2.0760021209716797 
Cross_Entropy lr = 1e-05 Loss 61/200 Loss is L =2.076183319091797 
Cross_Entropy lr = 1e-05 Loss 62/200 Loss is L =2.076188802719116 
Cross_Entropy lr = 1e-05 Loss 63/200 Loss is L =2.074922561645508 
Cross_Entropy lr = 1e-05 Loss 64/200 Loss is L =2.0756185054779053 
Cross_Entropy lr = 1e-05 Loss 65/200 Loss is L =2.075185537338257 
Cross_Entropy lr = 1e-05 Loss 66/200 Loss is L =2.076686382293701 
Cross_Entropy lr = 1e-05 Loss 67/200 Loss is L =2.0759360790252686 
Cross_Entropy lr = 1e-05 Loss 68/200 Loss is L =2.075831651687622 
Cross_Entropy lr = 1e-05 Loss 69/200 Loss is L =2.0768980979919434 
Cross_Entropy lr = 1e-05 Loss 70/200 Loss is L =2.0755484104156494 
Cross_Entropy lr = 1e-05 Loss 71/200 Loss is L =2.0775158405303955 
Cross_Entropy lr = 1e-05 Loss 72/200 Loss is L =2.0771241188049316 
Cross_Entropy lr = 1e-05 Loss 73/200 Loss is L =2.0757687091827393 
Cross_Entropy lr = 1e-05 Loss 74/200 Loss is L =2.078536033630371 
Cross_Entropy lr = 1e-05 Loss 75/200 Loss is L =2.0758049488067627 
Cross_Entropy lr = 1e-05 Loss 76/200 Loss is L =2.0769689083099365 
Cross_Entropy lr = 1e-05 Loss 77/200 Loss is L =2.076098918914795 
Cross_Entropy lr = 1e-05 Loss 78/200 Loss is L =2.0774338245391846 
Cross_Entropy lr = 1e-05 Loss 79/200 Loss is L =2.077420473098755 
Cross_Entropy lr = 1e-05 Loss 80/200 Loss is L =2.076343536376953 
Cross_Entropy lr = 1e-05 Loss 81/200 Loss is L =2.0771071910858154 
Cross_Entropy lr = 1e-05 Loss 82/200 Loss is L =2.075918197631836 
Cross_Entropy lr = 1e-05 Loss 83/200 Loss is L =2.0749828815460205 
Cross_Entropy lr = 1e-05 Loss 84/200 Loss is L =2.0777082443237305 
Cross_Entropy lr = 1e-05 Loss 85/200 Loss is L =2.0780556201934814 
Cross_Entropy lr = 1e-05 Loss 86/200 Loss is L =2.0774543285369873 
Cross_Entropy lr = 1e-05 Loss 87/200 Loss is L =2.074660062789917 
Cross_Entropy lr = 1e-05 Loss 88/200 Loss is L =2.0785462856292725 
Cross_Entropy lr = 1e-05 Loss 89/200 Loss is L =2.0760114192962646 
Cross_Entropy lr = 1e-05 Loss 90/200 Loss is L =2.076390266418457 
Cross_Entropy lr = 1e-05 Loss 91/200 Loss is L =2.074094295501709 
Cross_Entropy lr = 1e-05 Loss 92/200 Loss is L =2.075134038925171 
Cross_Entropy lr = 1e-05 Loss 93/200 Loss is L =2.0735981464385986 
Cross_Entropy lr = 1e-05 Loss 94/200 Loss is L =2.077242136001587 
Cross_Entropy lr = 1e-05 Loss 95/200 Loss is L =2.0773723125457764 
Cross_Entropy lr = 1e-05 Loss 96/200 Loss is L =2.076711416244507 
Cross_Entropy lr = 1e-05 Loss 97/200 Loss is L =2.078040838241577 
Cross_Entropy lr = 1e-05 Loss 98/200 Loss is L =2.078342914581299 
Cross_Entropy lr = 1e-05 Loss 99/200 Loss is L =2.077618360519409 
Cross_Entropy lr = 1e-05 Loss 100/200 Loss is L =2.077249050140381 
Cross_Entropy lr = 1e-05 Loss 101/200 Loss is L =2.0758869647979736 
Cross_Entropy lr = 1e-05 Loss 102/200 Loss is L =2.077866554260254 
Cross_Entropy lr = 1e-05 Loss 103/200 Loss is L =2.074192523956299 
Cross_Entropy lr = 1e-05 Loss 104/200 Loss is L =2.0759732723236084 
Cross_Entropy lr = 1e-05 Loss 105/200 Loss is L =2.076657295227051 
Cross_Entropy lr = 1e-05 Loss 106/200 Loss is L =2.0755422115325928 
Cross_Entropy lr = 1e-05 Loss 107/200 Loss is L =2.078892469406128 
Cross_Entropy lr = 1e-05 Loss 108/200 Loss is L =2.0750977993011475 
Cross_Entropy lr = 1e-05 Loss 109/200 Loss is L =2.0768001079559326 
Cross_Entropy lr = 1e-05 Loss 110/200 Loss is L =2.077545404434204 
Cross_Entropy lr = 1e-05 Loss 111/200 Loss is L =2.076630115509033 
Cross_Entropy lr = 1e-05 Loss 112/200 Loss is L =2.0758159160614014 
Cross_Entropy lr = 1e-05 Loss 113/200 Loss is L =2.0768911838531494 
Cross_Entropy lr = 1e-05 Loss 114/200 Loss is L =2.076404571533203 
Cross_Entropy lr = 1e-05 Loss 115/200 Loss is L =2.078253984451294 
Cross_Entropy lr = 1e-05 Loss 116/200 Loss is L =2.078770875930786 
Cross_Entropy lr = 1e-05 Loss 117/200 Loss is L =2.0763373374938965 
Cross_Entropy lr = 1e-05 Loss 118/200 Loss is L =2.077125310897827 
Cross_Entropy lr = 1e-05 Loss 119/200 Loss is L =2.0754640102386475 
Cross_Entropy lr = 1e-05 Loss 120/200 Loss is L =2.0750625133514404 
Cross_Entropy lr = 1e-05 Loss 121/200 Loss is L =2.0775632858276367 
Cross_Entropy lr = 1e-05 Loss 122/200 Loss is L =2.0741286277770996 
Cross_Entropy lr = 1e-05 Loss 123/200 Loss is L =2.077455759048462 
Cross_Entropy lr = 1e-05 Loss 124/200 Loss is L =2.0772035121917725 
Cross_Entropy lr = 1e-05 Loss 125/200 Loss is L =2.075822591781616 
Cross_Entropy lr = 1e-05 Loss 126/200 Loss is L =2.076841354370117 
Cross_Entropy lr = 1e-05 Loss 127/200 Loss is L =2.0770835876464844 
Cross_Entropy lr = 1e-05 Loss 128/200 Loss is L =2.0772132873535156 
Cross_Entropy lr = 1e-05 Loss 129/200 Loss is L =2.0740950107574463 
Cross_Entropy lr = 1e-05 Loss 130/200 Loss is L =2.0777394771575928 
Cross_Entropy lr = 1e-05 Loss 131/200 Loss is L =2.0789072513580322 
Cross_Entropy lr = 1e-05 Loss 132/200 Loss is L =2.0758700370788574 
Cross_Entropy lr = 1e-05 Loss 133/200 Loss is L =2.0764942169189453 
Cross_Entropy lr = 1e-05 Loss 134/200 Loss is L =2.0760886669158936 
Cross_Entropy lr = 1e-05 Loss 135/200 Loss is L =2.077533721923828 
Cross_Entropy lr = 1e-05 Loss 136/200 Loss is L =2.0771520137786865 
Cross_Entropy lr = 1e-05 Loss 137/200 Loss is L =2.076509714126587 
Cross_Entropy lr = 1e-05 Loss 138/200 Loss is L =2.0771596431732178 
Cross_Entropy lr = 1e-05 Loss 139/200 Loss is L =2.0756032466888428 
Cross_Entropy lr = 1e-05 Loss 140/200 Loss is L =2.075958251953125 
Cross_Entropy lr = 1e-05 Loss 141/200 Loss is L =2.075899839401245 
Cross_Entropy lr = 1e-05 Loss 142/200 Loss is L =2.0750110149383545 
Cross_Entropy lr = 1e-05 Loss 143/200 Loss is L =2.073955774307251 
Cross_Entropy lr = 1e-05 Loss 144/200 Loss is L =2.076230764389038 
Cross_Entropy lr = 1e-05 Loss 145/200 Loss is L =2.0773656368255615 
Cross_Entropy lr = 1e-05 Loss 146/200 Loss is L =2.0772106647491455 
Cross_Entropy lr = 1e-05 Loss 147/200 Loss is L =2.0785419940948486 
Cross_Entropy lr = 1e-05 Loss 148/200 Loss is L =2.0755414962768555 
Cross_Entropy lr = 1e-05 Loss 149/200 Loss is L =2.0773093700408936 
Cross_Entropy lr = 1e-05 Loss 150/200 Loss is L =2.076263904571533 
Cross_Entropy lr = 1e-05 Loss 151/200 Loss is L =2.0757038593292236 
Cross_Entropy lr = 1e-05 Loss 152/200 Loss is L =2.076859712600708 
Cross_Entropy lr = 1e-05 Loss 153/200 Loss is L =2.0761547088623047 
Cross_Entropy lr = 1e-05 Loss 154/200 Loss is L =2.0767979621887207 
Cross_Entropy lr = 1e-05 Loss 155/200 Loss is L =2.077026844024658 
Cross_Entropy lr = 1e-05 Loss 156/200 Loss is L =2.0773162841796875 
Cross_Entropy lr = 1e-05 Loss 157/200 Loss is L =2.0766193866729736 
Cross_Entropy lr = 1e-05 Loss 158/200 Loss is L =2.0760228633880615 
Cross_Entropy lr = 1e-05 Loss 159/200 Loss is L =2.075728178024292 
Cross_Entropy lr = 1e-05 Loss 160/200 Loss is L =2.074984312057495 
Cross_Entropy lr = 1e-05 Loss 161/200 Loss is L =2.0767219066619873 
Cross_Entropy lr = 1e-05 Loss 162/200 Loss is L =2.077836275100708 
Cross_Entropy lr = 1e-05 Loss 163/200 Loss is L =2.0736873149871826 
Cross_Entropy lr = 1e-05 Loss 164/200 Loss is L =2.0786399841308594 
Cross_Entropy lr = 1e-05 Loss 165/200 Loss is L =2.0750033855438232 
Cross_Entropy lr = 1e-05 Loss 166/200 Loss is L =2.0757384300231934 
Cross_Entropy lr = 1e-05 Loss 167/200 Loss is L =2.077277660369873 
Cross_Entropy lr = 1e-05 Loss 168/200 Loss is L =2.0789644718170166 
Cross_Entropy lr = 1e-05 Loss 169/200 Loss is L =2.0770976543426514 
Cross_Entropy lr = 1e-05 Loss 170/200 Loss is L =2.0747900009155273 
Cross_Entropy lr = 1e-05 Loss 171/200 Loss is L =2.0773677825927734 
Cross_Entropy lr = 1e-05 Loss 172/200 Loss is L =2.078251600265503 
Cross_Entropy lr = 1e-05 Loss 173/200 Loss is L =2.0783464908599854 
Cross_Entropy lr = 1e-05 Loss 174/200 Loss is L =2.0776727199554443 
Cross_Entropy lr = 1e-05 Loss 175/200 Loss is L =2.0755577087402344 
Cross_Entropy lr = 1e-05 Loss 176/200 Loss is L =2.0773987770080566 
Cross_Entropy lr = 1e-05 Loss 177/200 Loss is L =2.0733563899993896 
Cross_Entropy lr = 1e-05 Loss 178/200 Loss is L =2.0778160095214844 
Cross_Entropy lr = 1e-05 Loss 179/200 Loss is L =2.0767955780029297 
Cross_Entropy lr = 1e-05 Loss 180/200 Loss is L =2.0758533477783203 
Cross_Entropy lr = 1e-05 Loss 181/200 Loss is L =2.0759923458099365 
Cross_Entropy lr = 1e-05 Loss 182/200 Loss is L =2.076321840286255 
Cross_Entropy lr = 1e-05 Loss 183/200 Loss is L =2.0749852657318115 
Cross_Entropy lr = 1e-05 Loss 184/200 Loss is L =2.0754170417785645 
Cross_Entropy lr = 1e-05 Loss 185/200 Loss is L =2.076897382736206 
Cross_Entropy lr = 1e-05 Loss 186/200 Loss is L =2.0794684886932373 
Cross_Entropy lr = 1e-05 Loss 187/200 Loss is L =2.0761916637420654 
Cross_Entropy lr = 1e-05 Loss 188/200 Loss is L =2.075073003768921 
Cross_Entropy lr = 1e-05 Loss 189/200 Loss is L =2.0774195194244385 
Cross_Entropy lr = 1e-05 Loss 190/200 Loss is L =2.076979875564575 
Cross_Entropy lr = 1e-05 Loss 191/200 Loss is L =2.07563853263855 
Cross_Entropy lr = 1e-05 Loss 192/200 Loss is L =2.0755958557128906 
Cross_Entropy lr = 1e-05 Loss 193/200 Loss is L =2.077472448348999 
Cross_Entropy lr = 1e-05 Loss 194/200 Loss is L =2.077446937561035 
Cross_Entropy lr = 1e-05 Loss 195/200 Loss is L =2.077648639678955 
Cross_Entropy lr = 1e-05 Loss 196/200 Loss is L =2.0758540630340576 
Cross_Entropy lr = 1e-05 Loss 197/200 Loss is L =2.0781311988830566 
Cross_Entropy lr = 1e-05 Loss 198/200 Loss is L =2.076828956604004 
Cross_Entropy lr = 1e-05 Loss 199/200 Loss is L =2.0782277584075928 
Cross_Entropy lr = 1e-05 Loss 200/200 Loss is L =2.0758755207061768 
Cross_Entropy lr = 0.0001 Loss 1/200 Loss is L =2.0723400115966797 
Cross_Entropy lr = 0.0001 Loss 2/200 Loss is L =2.0707242488861084 
Cross_Entropy lr = 0.0001 Loss 3/200 Loss is L =2.0665690898895264 
Cross_Entropy lr = 0.0001 Loss 4/200 Loss is L =2.063304901123047 
Cross_Entropy lr = 0.0001 Loss 5/200 Loss is L =2.0636558532714844 
Cross_Entropy lr = 0.0001 Loss 6/200 Loss is L =2.0637810230255127 
Cross_Entropy lr = 0.0001 Loss 7/200 Loss is L =2.0606484413146973 
Cross_Entropy lr = 0.0001 Loss 8/200 Loss is L =2.0631134510040283 
Cross_Entropy lr = 0.0001 Loss 9/200 Loss is L =2.058263063430786 
Cross_Entropy lr = 0.0001 Loss 10/200 Loss is L =2.0576908588409424 
Cross_Entropy lr = 0.0001 Loss 11/200 Loss is L =2.0546040534973145 
Cross_Entropy lr = 0.0001 Loss 12/200 Loss is L =2.055209159851074 
Cross_Entropy lr = 0.0001 Loss 13/200 Loss is L =2.0539586544036865 
Cross_Entropy lr = 0.0001 Loss 14/200 Loss is L =2.057563066482544 
Cross_Entropy lr = 0.0001 Loss 15/200 Loss is L =2.0529561042785645 
Cross_Entropy lr = 0.0001 Loss 16/200 Loss is L =2.052133321762085 
Cross_Entropy lr = 0.0001 Loss 17/200 Loss is L =2.059006452560425 
Cross_Entropy lr = 0.0001 Loss 18/200 Loss is L =2.0520875453948975 
Cross_Entropy lr = 0.0001 Loss 19/200 Loss is L =2.0515830516815186 
Cross_Entropy lr = 0.0001 Loss 20/200 Loss is L =2.05670166015625 
Cross_Entropy lr = 0.0001 Loss 21/200 Loss is L =2.0555901527404785 
Cross_Entropy lr = 0.0001 Loss 22/200 Loss is L =2.051032304763794 
Cross_Entropy lr = 0.0001 Loss 23/200 Loss is L =2.0557003021240234 
Cross_Entropy lr = 0.0001 Loss 24/200 Loss is L =2.050325870513916 
Cross_Entropy lr = 0.0001 Loss 25/200 Loss is L =2.0557172298431396 
Cross_Entropy lr = 0.0001 Loss 26/200 Loss is L =2.056593418121338 
Cross_Entropy lr = 0.0001 Loss 27/200 Loss is L =2.0550084114074707 
Cross_Entropy lr = 0.0001 Loss 28/200 Loss is L =2.053392171859741 
Cross_Entropy lr = 0.0001 Loss 29/200 Loss is L =2.057209014892578 
Cross_Entropy lr = 0.0001 Loss 30/200 Loss is L =2.054711103439331 
Cross_Entropy lr = 0.0001 Loss 31/200 Loss is L =2.053586721420288 
Cross_Entropy lr = 0.0001 Loss 32/200 Loss is L =2.052600622177124 
Cross_Entropy lr = 0.0001 Loss 33/200 Loss is L =2.0559816360473633 
Cross_Entropy lr = 0.0001 Loss 34/200 Loss is L =2.0568103790283203 
Cross_Entropy lr = 0.0001 Loss 35/200 Loss is L =2.050508499145508 
Cross_Entropy lr = 0.0001 Loss 36/200 Loss is L =2.057894706726074 
Cross_Entropy lr = 0.0001 Loss 37/200 Loss is L =2.0611305236816406 
Cross_Entropy lr = 0.0001 Loss 38/200 Loss is L =2.0573978424072266 
Cross_Entropy lr = 0.0001 Loss 39/200 Loss is L =2.0543625354766846 
Cross_Entropy lr = 0.0001 Loss 40/200 Loss is L =2.050684690475464 
Cross_Entropy lr = 0.0001 Loss 41/200 Loss is L =2.049121856689453 
Cross_Entropy lr = 0.0001 Loss 42/200 Loss is L =2.053196668624878 
Cross_Entropy lr = 0.0001 Loss 43/200 Loss is L =2.0629312992095947 
Cross_Entropy lr = 0.0001 Loss 44/200 Loss is L =2.0476715564727783 
Cross_Entropy lr = 0.0001 Loss 45/200 Loss is L =2.054748773574829 
Cross_Entropy lr = 0.0001 Loss 46/200 Loss is L =2.0530507564544678 
Cross_Entropy lr = 0.0001 Loss 47/200 Loss is L =2.0532050132751465 
Cross_Entropy lr = 0.0001 Loss 48/200 Loss is L =2.054161787033081 
Cross_Entropy lr = 0.0001 Loss 49/200 Loss is L =2.05454683303833 
Cross_Entropy lr = 0.0001 Loss 50/200 Loss is L =2.0552423000335693 
Cross_Entropy lr = 0.0001 Loss 51/200 Loss is L =2.0528976917266846 
Cross_Entropy lr = 0.0001 Loss 52/200 Loss is L =2.0545475482940674 
Cross_Entropy lr = 0.0001 Loss 53/200 Loss is L =2.0508532524108887 
Cross_Entropy lr = 0.0001 Loss 54/200 Loss is L =2.0523335933685303 
Cross_Entropy lr = 0.0001 Loss 55/200 Loss is L =2.0524232387542725 
Cross_Entropy lr = 0.0001 Loss 56/200 Loss is L =2.055269718170166 
Cross_Entropy lr = 0.0001 Loss 57/200 Loss is L =2.0554966926574707 
Cross_Entropy lr = 0.0001 Loss 58/200 Loss is L =2.054417133331299 
Cross_Entropy lr = 0.0001 Loss 59/200 Loss is L =2.051427125930786 
Cross_Entropy lr = 0.0001 Loss 60/200 Loss is L =2.0569398403167725 
Cross_Entropy lr = 0.0001 Loss 61/200 Loss is L =2.0539557933807373 
Cross_Entropy lr = 0.0001 Loss 62/200 Loss is L =2.0521209239959717 
Cross_Entropy lr = 0.0001 Loss 63/200 Loss is L =2.0537381172180176 
Cross_Entropy lr = 0.0001 Loss 64/200 Loss is L =2.0565497875213623 
Cross_Entropy lr = 0.0001 Loss 65/200 Loss is L =2.055058002471924 
Cross_Entropy lr = 0.0001 Loss 66/200 Loss is L =2.0491244792938232 
Cross_Entropy lr = 0.0001 Loss 67/200 Loss is L =2.051872491836548 
Cross_Entropy lr = 0.0001 Loss 68/200 Loss is L =2.055734634399414 
Cross_Entropy lr = 0.0001 Loss 69/200 Loss is L =2.054374933242798 
Cross_Entropy lr = 0.0001 Loss 70/200 Loss is L =2.0574681758880615 
Cross_Entropy lr = 0.0001 Loss 71/200 Loss is L =2.0501677989959717 
Cross_Entropy lr = 0.0001 Loss 72/200 Loss is L =2.056859254837036 
Cross_Entropy lr = 0.0001 Loss 73/200 Loss is L =2.056262969970703 
Cross_Entropy lr = 0.0001 Loss 74/200 Loss is L =2.0517005920410156 
Cross_Entropy lr = 0.0001 Loss 75/200 Loss is L =2.0575199127197266 
Cross_Entropy lr = 0.0001 Loss 76/200 Loss is L =2.0538978576660156 
Cross_Entropy lr = 0.0001 Loss 77/200 Loss is L =2.0589702129364014 
Cross_Entropy lr = 0.0001 Loss 78/200 Loss is L =2.0563735961914062 
Cross_Entropy lr = 0.0001 Loss 79/200 Loss is L =2.0535333156585693 
Cross_Entropy lr = 0.0001 Loss 80/200 Loss is L =2.0510270595550537 
Cross_Entropy lr = 0.0001 Loss 81/200 Loss is L =2.0497848987579346 
Cross_Entropy lr = 0.0001 Loss 82/200 Loss is L =2.053650379180908 
Cross_Entropy lr = 0.0001 Loss 83/200 Loss is L =2.058429479598999 
Cross_Entropy lr = 0.0001 Loss 84/200 Loss is L =2.051495313644409 
Cross_Entropy lr = 0.0001 Loss 85/200 Loss is L =2.056546926498413 
Cross_Entropy lr = 0.0001 Loss 86/200 Loss is L =2.056490421295166 
Cross_Entropy lr = 0.0001 Loss 87/200 Loss is L =2.0524744987487793 
Cross_Entropy lr = 0.0001 Loss 88/200 Loss is L =2.052894353866577 
Cross_Entropy lr = 0.0001 Loss 89/200 Loss is L =2.056108236312866 
Cross_Entropy lr = 0.0001 Loss 90/200 Loss is L =2.0524277687072754 
Cross_Entropy lr = 0.0001 Loss 91/200 Loss is L =2.052830934524536 
Cross_Entropy lr = 0.0001 Loss 92/200 Loss is L =2.053633689880371 
Cross_Entropy lr = 0.0001 Loss 93/200 Loss is L =2.0556514263153076 
Cross_Entropy lr = 0.0001 Loss 94/200 Loss is L =2.051321506500244 
Cross_Entropy lr = 0.0001 Loss 95/200 Loss is L =2.053593397140503 
Cross_Entropy lr = 0.0001 Loss 96/200 Loss is L =2.057528257369995 
Cross_Entropy lr = 0.0001 Loss 97/200 Loss is L =2.056217908859253 
Cross_Entropy lr = 0.0001 Loss 98/200 Loss is L =2.0509793758392334 
Cross_Entropy lr = 0.0001 Loss 99/200 Loss is L =2.0573766231536865 
Cross_Entropy lr = 0.0001 Loss 100/200 Loss is L =2.058244466781616 
Cross_Entropy lr = 0.0001 Loss 101/200 Loss is L =2.0515975952148438 
Cross_Entropy lr = 0.0001 Loss 102/200 Loss is L =2.0546302795410156 
Cross_Entropy lr = 0.0001 Loss 103/200 Loss is L =2.0516605377197266 
Cross_Entropy lr = 0.0001 Loss 104/200 Loss is L =2.05328369140625 
Cross_Entropy lr = 0.0001 Loss 105/200 Loss is L =2.0505893230438232 
Cross_Entropy lr = 0.0001 Loss 106/200 Loss is L =2.053659439086914 
Cross_Entropy lr = 0.0001 Loss 107/200 Loss is L =2.0554933547973633 
Cross_Entropy lr = 0.0001 Loss 108/200 Loss is L =2.0550594329833984 
Cross_Entropy lr = 0.0001 Loss 109/200 Loss is L =2.051664352416992 
Cross_Entropy lr = 0.0001 Loss 110/200 Loss is L =2.048577070236206 
Cross_Entropy lr = 0.0001 Loss 111/200 Loss is L =2.057438611984253 
Cross_Entropy lr = 0.0001 Loss 112/200 Loss is L =2.0544373989105225 
Cross_Entropy lr = 0.0001 Loss 113/200 Loss is L =2.0551607608795166 
Cross_Entropy lr = 0.0001 Loss 114/200 Loss is L =2.0544228553771973 
Cross_Entropy lr = 0.0001 Loss 115/200 Loss is L =2.0515995025634766 
Cross_Entropy lr = 0.0001 Loss 116/200 Loss is L =2.0514400005340576 
Cross_Entropy lr = 0.0001 Loss 117/200 Loss is L =2.0511786937713623 
Cross_Entropy lr = 0.0001 Loss 118/200 Loss is L =2.0524184703826904 
Cross_Entropy lr = 0.0001 Loss 119/200 Loss is L =2.054046392440796 
Cross_Entropy lr = 0.0001 Loss 120/200 Loss is L =2.053189992904663 
Cross_Entropy lr = 0.0001 Loss 121/200 Loss is L =2.0565383434295654 
Cross_Entropy lr = 0.0001 Loss 122/200 Loss is L =2.055443286895752 
Cross_Entropy lr = 0.0001 Loss 123/200 Loss is L =2.054901599884033 
Cross_Entropy lr = 0.0001 Loss 124/200 Loss is L =2.0509378910064697 
Cross_Entropy lr = 0.0001 Loss 125/200 Loss is L =2.0556094646453857 
Cross_Entropy lr = 0.0001 Loss 126/200 Loss is L =2.060546636581421 
Cross_Entropy lr = 0.0001 Loss 127/200 Loss is L =2.053952932357788 
Cross_Entropy lr = 0.0001 Loss 128/200 Loss is L =2.0532712936401367 
Cross_Entropy lr = 0.0001 Loss 129/200 Loss is L =2.057753801345825 
Cross_Entropy lr = 0.0001 Loss 130/200 Loss is L =2.055748701095581 
Cross_Entropy lr = 0.0001 Loss 131/200 Loss is L =2.055659294128418 
Cross_Entropy lr = 0.0001 Loss 132/200 Loss is L =2.0542752742767334 
Cross_Entropy lr = 0.0001 Loss 133/200 Loss is L =2.05448579788208 
Cross_Entropy lr = 0.0001 Loss 134/200 Loss is L =2.049952983856201 
Cross_Entropy lr = 0.0001 Loss 135/200 Loss is L =2.0532729625701904 
Cross_Entropy lr = 0.0001 Loss 136/200 Loss is L =2.05125093460083 
Cross_Entropy lr = 0.0001 Loss 137/200 Loss is L =2.0544943809509277 
Cross_Entropy lr = 0.0001 Loss 138/200 Loss is L =2.050990343093872 
Cross_Entropy lr = 0.0001 Loss 139/200 Loss is L =2.054594039916992 
Cross_Entropy lr = 0.0001 Loss 140/200 Loss is L =2.0559422969818115 
Cross_Entropy lr = 0.0001 Loss 141/200 Loss is L =2.0524661540985107 
Cross_Entropy lr = 0.0001 Loss 142/200 Loss is L =2.0511531829833984 
Cross_Entropy lr = 0.0001 Loss 143/200 Loss is L =2.051156520843506 
Cross_Entropy lr = 0.0001 Loss 144/200 Loss is L =2.0542218685150146 
Cross_Entropy lr = 0.0001 Loss 145/200 Loss is L =2.059953212738037 
Cross_Entropy lr = 0.0001 Loss 146/200 Loss is L =2.0573060512542725 
Cross_Entropy lr = 0.0001 Loss 147/200 Loss is L =2.0538299083709717 
Cross_Entropy lr = 0.0001 Loss 148/200 Loss is L =2.0504117012023926 
Cross_Entropy lr = 0.0001 Loss 149/200 Loss is L =2.0527889728546143 
Cross_Entropy lr = 0.0001 Loss 150/200 Loss is L =2.0550475120544434 
Cross_Entropy lr = 0.0001 Loss 151/200 Loss is L =2.0529162883758545 
Cross_Entropy lr = 0.0001 Loss 152/200 Loss is L =2.048834800720215 
Cross_Entropy lr = 0.0001 Loss 153/200 Loss is L =2.048129081726074 
Cross_Entropy lr = 0.0001 Loss 154/200 Loss is L =2.057398796081543 
Cross_Entropy lr = 0.0001 Loss 155/200 Loss is L =2.0534441471099854 
Cross_Entropy lr = 0.0001 Loss 156/200 Loss is L =2.056049108505249 
Cross_Entropy lr = 0.0001 Loss 157/200 Loss is L =2.0563676357269287 
Cross_Entropy lr = 0.0001 Loss 158/200 Loss is L =2.060121536254883 
Cross_Entropy lr = 0.0001 Loss 159/200 Loss is L =2.050107955932617 
Cross_Entropy lr = 0.0001 Loss 160/200 Loss is L =2.0493409633636475 
Cross_Entropy lr = 0.0001 Loss 161/200 Loss is L =2.05735182762146 
Cross_Entropy lr = 0.0001 Loss 162/200 Loss is L =2.052778482437134 
Cross_Entropy lr = 0.0001 Loss 163/200 Loss is L =2.0526273250579834 
Cross_Entropy lr = 0.0001 Loss 164/200 Loss is L =2.0562570095062256 
Cross_Entropy lr = 0.0001 Loss 165/200 Loss is L =2.0494942665100098 
Cross_Entropy lr = 0.0001 Loss 166/200 Loss is L =2.0557708740234375 
Cross_Entropy lr = 0.0001 Loss 167/200 Loss is L =2.0528934001922607 
Cross_Entropy lr = 0.0001 Loss 168/200 Loss is L =2.055748701095581 
Cross_Entropy lr = 0.0001 Loss 169/200 Loss is L =2.0513346195220947 
Cross_Entropy lr = 0.0001 Loss 170/200 Loss is L =2.055494785308838 
Cross_Entropy lr = 0.0001 Loss 171/200 Loss is L =2.0502612590789795 
Cross_Entropy lr = 0.0001 Loss 172/200 Loss is L =2.0526883602142334 
Cross_Entropy lr = 0.0001 Loss 173/200 Loss is L =2.0508453845977783 
Cross_Entropy lr = 0.0001 Loss 174/200 Loss is L =2.04998517036438 
Cross_Entropy lr = 0.0001 Loss 175/200 Loss is L =2.0530214309692383 
Cross_Entropy lr = 0.0001 Loss 176/200 Loss is L =2.054706573486328 
Cross_Entropy lr = 0.0001 Loss 177/200 Loss is L =2.052910804748535 
Cross_Entropy lr = 0.0001 Loss 178/200 Loss is L =2.0558958053588867 
Cross_Entropy lr = 0.0001 Loss 179/200 Loss is L =2.051891803741455 
Cross_Entropy lr = 0.0001 Loss 180/200 Loss is L =2.0542385578155518 
Cross_Entropy lr = 0.0001 Loss 181/200 Loss is L =2.0540122985839844 
Cross_Entropy lr = 0.0001 Loss 182/200 Loss is L =2.0524044036865234 
Cross_Entropy lr = 0.0001 Loss 183/200 Loss is L =2.051908493041992 
Cross_Entropy lr = 0.0001 Loss 184/200 Loss is L =2.0507824420928955 
Cross_Entropy lr = 0.0001 Loss 185/200 Loss is L =2.0538227558135986 
Cross_Entropy lr = 0.0001 Loss 186/200 Loss is L =2.0523571968078613 
Cross_Entropy lr = 0.0001 Loss 187/200 Loss is L =2.053344964981079 
Cross_Entropy lr = 0.0001 Loss 188/200 Loss is L =2.054462432861328 
Cross_Entropy lr = 0.0001 Loss 189/200 Loss is L =2.0511481761932373 
Cross_Entropy lr = 0.0001 Loss 190/200 Loss is L =2.052708387374878 
Cross_Entropy lr = 0.0001 Loss 191/200 Loss is L =2.0494983196258545 
Cross_Entropy lr = 0.0001 Loss 192/200 Loss is L =2.0620803833007812 
Cross_Entropy lr = 0.0001 Loss 193/200 Loss is L =2.0496675968170166 
Cross_Entropy lr = 0.0001 Loss 194/200 Loss is L =2.053342819213867 
Cross_Entropy lr = 0.0001 Loss 195/200 Loss is L =2.053905963897705 
Cross_Entropy lr = 0.0001 Loss 196/200 Loss is L =2.0501210689544678 
Cross_Entropy lr = 0.0001 Loss 197/200 Loss is L =2.04797625541687 
Cross_Entropy lr = 0.0001 Loss 198/200 Loss is L =2.052082061767578 
Cross_Entropy lr = 0.0001 Loss 199/200 Loss is L =2.055819272994995 
Cross_Entropy lr = 0.0001 Loss 200/200 Loss is L =2.056004047393799 
Cross_Entropy lr = 0.0005 Loss 1/200 Loss is L =2.0658557415008545 
Cross_Entropy lr = 0.0005 Loss 2/200 Loss is L =2.059593439102173 
Cross_Entropy lr = 0.0005 Loss 3/200 Loss is L =2.0559780597686768 
Cross_Entropy lr = 0.0005 Loss 4/200 Loss is L =2.043306827545166 
Cross_Entropy lr = 0.0005 Loss 5/200 Loss is L =2.0481879711151123 
Cross_Entropy lr = 0.0005 Loss 6/200 Loss is L =2.0328481197357178 
Cross_Entropy lr = 0.0005 Loss 7/200 Loss is L =2.0357797145843506 
Cross_Entropy lr = 0.0005 Loss 8/200 Loss is L =2.024963140487671 
Cross_Entropy lr = 0.0005 Loss 9/200 Loss is L =2.0312154293060303 
Cross_Entropy lr = 0.0005 Loss 10/200 Loss is L =2.0201520919799805 
Cross_Entropy lr = 0.0005 Loss 11/200 Loss is L =2.0114758014678955 
Cross_Entropy lr = 0.0005 Loss 12/200 Loss is L =2.0241332054138184 
Cross_Entropy lr = 0.0005 Loss 13/200 Loss is L =2.016382932662964 
Cross_Entropy lr = 0.0005 Loss 14/200 Loss is L =2.015082597732544 
Cross_Entropy lr = 0.0005 Loss 15/200 Loss is L =2.0257108211517334 
Cross_Entropy lr = 0.0005 Loss 16/200 Loss is L =2.018536329269409 
Cross_Entropy lr = 0.0005 Loss 17/200 Loss is L =2.011193037033081 
Cross_Entropy lr = 0.0005 Loss 18/200 Loss is L =2.010449171066284 
Cross_Entropy lr = 0.0005 Loss 19/200 Loss is L =2.011240243911743 
Cross_Entropy lr = 0.0005 Loss 20/200 Loss is L =2.012678861618042 
Cross_Entropy lr = 0.0005 Loss 21/200 Loss is L =2.0081467628479004 
Cross_Entropy lr = 0.0005 Loss 22/200 Loss is L =2.008284330368042 
Cross_Entropy lr = 0.0005 Loss 23/200 Loss is L =2.0103394985198975 
Cross_Entropy lr = 0.0005 Loss 24/200 Loss is L =2.009371280670166 
Cross_Entropy lr = 0.0005 Loss 25/200 Loss is L =2.018383741378784 
Cross_Entropy lr = 0.0005 Loss 26/200 Loss is L =2.00614333152771 
Cross_Entropy lr = 0.0005 Loss 27/200 Loss is L =2.006150960922241 
Cross_Entropy lr = 0.0005 Loss 28/200 Loss is L =2.0090794563293457 
Cross_Entropy lr = 0.0005 Loss 29/200 Loss is L =2.0006909370422363 
Cross_Entropy lr = 0.0005 Loss 30/200 Loss is L =2.007713794708252 
Cross_Entropy lr = 0.0005 Loss 31/200 Loss is L =2.0032460689544678 
Cross_Entropy lr = 0.0005 Loss 32/200 Loss is L =1.9996845722198486 
Cross_Entropy lr = 0.0005 Loss 33/200 Loss is L =2.008253574371338 
Cross_Entropy lr = 0.0005 Loss 34/200 Loss is L =2.0085465908050537 
Cross_Entropy lr = 0.0005 Loss 35/200 Loss is L =2.0122673511505127 
Cross_Entropy lr = 0.0005 Loss 36/200 Loss is L =2.0026142597198486 
Cross_Entropy lr = 0.0005 Loss 37/200 Loss is L =2.0148589611053467 
Cross_Entropy lr = 0.0005 Loss 38/200 Loss is L =2.012829542160034 
Cross_Entropy lr = 0.0005 Loss 39/200 Loss is L =2.0048129558563232 
Cross_Entropy lr = 0.0005 Loss 40/200 Loss is L =2.0165960788726807 
Cross_Entropy lr = 0.0005 Loss 41/200 Loss is L =2.003509998321533 
Cross_Entropy lr = 0.0005 Loss 42/200 Loss is L =1.9921764135360718 
Cross_Entropy lr = 0.0005 Loss 43/200 Loss is L =2.010732412338257 
Cross_Entropy lr = 0.0005 Loss 44/200 Loss is L =1.9980907440185547 
Cross_Entropy lr = 0.0005 Loss 45/200 Loss is L =2.0104401111602783 
Cross_Entropy lr = 0.0005 Loss 46/200 Loss is L =2.0008904933929443 
Cross_Entropy lr = 0.0005 Loss 47/200 Loss is L =2.0104541778564453 
Cross_Entropy lr = 0.0005 Loss 48/200 Loss is L =2.0103166103363037 
Cross_Entropy lr = 0.0005 Loss 49/200 Loss is L =2.0070455074310303 
Cross_Entropy lr = 0.0005 Loss 50/200 Loss is L =2.012615203857422 
Cross_Entropy lr = 0.0005 Loss 51/200 Loss is L =1.9992212057113647 
Cross_Entropy lr = 0.0005 Loss 52/200 Loss is L =2.011382818222046 
Cross_Entropy lr = 0.0005 Loss 53/200 Loss is L =2.005228042602539 
Cross_Entropy lr = 0.0005 Loss 54/200 Loss is L =2.002810478210449 
Cross_Entropy lr = 0.0005 Loss 55/200 Loss is L =2.0051116943359375 
Cross_Entropy lr = 0.0005 Loss 56/200 Loss is L =2.001929521560669 
Cross_Entropy lr = 0.0005 Loss 57/200 Loss is L =1.9974803924560547 
Cross_Entropy lr = 0.0005 Loss 58/200 Loss is L =2.002044677734375 
Cross_Entropy lr = 0.0005 Loss 59/200 Loss is L =2.007075071334839 
Cross_Entropy lr = 0.0005 Loss 60/200 Loss is L =2.0038797855377197 
Cross_Entropy lr = 0.0005 Loss 61/200 Loss is L =2.006351947784424 
Cross_Entropy lr = 0.0005 Loss 62/200 Loss is L =2.0014073848724365 
Cross_Entropy lr = 0.0005 Loss 63/200 Loss is L =2.0096466541290283 
Cross_Entropy lr = 0.0005 Loss 64/200 Loss is L =2.015775680541992 
Cross_Entropy lr = 0.0005 Loss 65/200 Loss is L =2.005612850189209 
Cross_Entropy lr = 0.0005 Loss 66/200 Loss is L =2.0036566257476807 
Cross_Entropy lr = 0.0005 Loss 67/200 Loss is L =2.019892930984497 
Cross_Entropy lr = 0.0005 Loss 68/200 Loss is L =2.014064073562622 
Cross_Entropy lr = 0.0005 Loss 69/200 Loss is L =2.017367124557495 
Cross_Entropy lr = 0.0005 Loss 70/200 Loss is L =2.009880542755127 
Cross_Entropy lr = 0.0005 Loss 71/200 Loss is L =2.011867046356201 
Cross_Entropy lr = 0.0005 Loss 72/200 Loss is L =2.0151023864746094 
Cross_Entropy lr = 0.0005 Loss 73/200 Loss is L =2.018447160720825 
Cross_Entropy lr = 0.0005 Loss 74/200 Loss is L =2.004401445388794 
Cross_Entropy lr = 0.0005 Loss 75/200 Loss is L =2.0082478523254395 
Cross_Entropy lr = 0.0005 Loss 76/200 Loss is L =2.0047357082366943 
Cross_Entropy lr = 0.0005 Loss 77/200 Loss is L =2.0014398097991943 
Cross_Entropy lr = 0.0005 Loss 78/200 Loss is L =2.0030200481414795 
Cross_Entropy lr = 0.0005 Loss 79/200 Loss is L =2.026240587234497 
Cross_Entropy lr = 0.0005 Loss 80/200 Loss is L =2.0039823055267334 
Cross_Entropy lr = 0.0005 Loss 81/200 Loss is L =2.003786563873291 
Cross_Entropy lr = 0.0005 Loss 82/200 Loss is L =2.0016722679138184 
Cross_Entropy lr = 0.0005 Loss 83/200 Loss is L =2.0049939155578613 
Cross_Entropy lr = 0.0005 Loss 84/200 Loss is L =2.017169713973999 
Cross_Entropy lr = 0.0005 Loss 85/200 Loss is L =2.0063931941986084 
Cross_Entropy lr = 0.0005 Loss 86/200 Loss is L =2.0112526416778564 
Cross_Entropy lr = 0.0005 Loss 87/200 Loss is L =2.00091290473938 
Cross_Entropy lr = 0.0005 Loss 88/200 Loss is L =2.0072855949401855 
Cross_Entropy lr = 0.0005 Loss 89/200 Loss is L =2.005234479904175 
Cross_Entropy lr = 0.0005 Loss 90/200 Loss is L =2.023489475250244 
Cross_Entropy lr = 0.0005 Loss 91/200 Loss is L =2.005838632583618 
Cross_Entropy lr = 0.0005 Loss 92/200 Loss is L =2.0156266689300537 
Cross_Entropy lr = 0.0005 Loss 93/200 Loss is L =1.9997726678848267 
Cross_Entropy lr = 0.0005 Loss 94/200 Loss is L =2.0015759468078613 
Cross_Entropy lr = 0.0005 Loss 95/200 Loss is L =2.0069997310638428 
Cross_Entropy lr = 0.0005 Loss 96/200 Loss is L =2.007755994796753 
Cross_Entropy lr = 0.0005 Loss 97/200 Loss is L =2.01986026763916 
Cross_Entropy lr = 0.0005 Loss 98/200 Loss is L =2.012390613555908 
Cross_Entropy lr = 0.0005 Loss 99/200 Loss is L =2.0056779384613037 
Cross_Entropy lr = 0.0005 Loss 100/200 Loss is L =2.027076482772827 
Cross_Entropy lr = 0.0005 Loss 101/200 Loss is L =2.0094006061553955 
Cross_Entropy lr = 0.0005 Loss 102/200 Loss is L =2.0000827312469482 
Cross_Entropy lr = 0.0005 Loss 103/200 Loss is L =2.003875732421875 
Cross_Entropy lr = 0.0005 Loss 104/200 Loss is L =2.0078353881835938 
Cross_Entropy lr = 0.0005 Loss 105/200 Loss is L =2.0091660022735596 
Cross_Entropy lr = 0.0005 Loss 106/200 Loss is L =2.004138708114624 
Cross_Entropy lr = 0.0005 Loss 107/200 Loss is L =2.0030620098114014 
Cross_Entropy lr = 0.0005 Loss 108/200 Loss is L =2.005941152572632 
Cross_Entropy lr = 0.0005 Loss 109/200 Loss is L =2.0156123638153076 
Cross_Entropy lr = 0.0005 Loss 110/200 Loss is L =2.010467290878296 
Cross_Entropy lr = 0.0005 Loss 111/200 Loss is L =2.0039827823638916 
Cross_Entropy lr = 0.0005 Loss 112/200 Loss is L =2.0044867992401123 
Cross_Entropy lr = 0.0005 Loss 113/200 Loss is L =2.0070698261260986 
Cross_Entropy lr = 0.0005 Loss 114/200 Loss is L =2.0124568939208984 
Cross_Entropy lr = 0.0005 Loss 115/200 Loss is L =2.01487135887146 
Cross_Entropy lr = 0.0005 Loss 116/200 Loss is L =2.024280309677124 
Cross_Entropy lr = 0.0005 Loss 117/200 Loss is L =2.0044121742248535 
Cross_Entropy lr = 0.0005 Loss 118/200 Loss is L =2.003628730773926 
Cross_Entropy lr = 0.0005 Loss 119/200 Loss is L =2.0057427883148193 
Cross_Entropy lr = 0.0005 Loss 120/200 Loss is L =2.0035884380340576 
Cross_Entropy lr = 0.0005 Loss 121/200 Loss is L =2.0181891918182373 
Cross_Entropy lr = 0.0005 Loss 122/200 Loss is L =2.001915454864502 
Cross_Entropy lr = 0.0005 Loss 123/200 Loss is L =2.013420820236206 
Cross_Entropy lr = 0.0005 Loss 124/200 Loss is L =1.9977245330810547 
Cross_Entropy lr = 0.0005 Loss 125/200 Loss is L =2.0089097023010254 
Cross_Entropy lr = 0.0005 Loss 126/200 Loss is L =1.9990724325180054 
Cross_Entropy lr = 0.0005 Loss 127/200 Loss is L =2.0080344676971436 
Cross_Entropy lr = 0.0005 Loss 128/200 Loss is L =2.005610704421997 
Cross_Entropy lr = 0.0005 Loss 129/200 Loss is L =2.01025652885437 
Cross_Entropy lr = 0.0005 Loss 130/200 Loss is L =2.0071523189544678 
Cross_Entropy lr = 0.0005 Loss 131/200 Loss is L =2.0196564197540283 
Cross_Entropy lr = 0.0005 Loss 132/200 Loss is L =2.0085980892181396 
Cross_Entropy lr = 0.0005 Loss 133/200 Loss is L =2.0035665035247803 
Cross_Entropy lr = 0.0005 Loss 134/200 Loss is L =2.0028953552246094 
Cross_Entropy lr = 0.0005 Loss 135/200 Loss is L =2.0026772022247314 
Cross_Entropy lr = 0.0005 Loss 136/200 Loss is L =2.015418291091919 
Cross_Entropy lr = 0.0005 Loss 137/200 Loss is L =2.0093839168548584 
Cross_Entropy lr = 0.0005 Loss 138/200 Loss is L =2.00458025932312 
Cross_Entropy lr = 0.0005 Loss 139/200 Loss is L =1.9979677200317383 
Cross_Entropy lr = 0.0005 Loss 140/200 Loss is L =2.0060441493988037 
Cross_Entropy lr = 0.0005 Loss 141/200 Loss is L =2.020711898803711 
Cross_Entropy lr = 0.0005 Loss 142/200 Loss is L =2.0113203525543213 
Cross_Entropy lr = 0.0005 Loss 143/200 Loss is L =2.0179474353790283 
Cross_Entropy lr = 0.0005 Loss 144/200 Loss is L =2.0158088207244873 
Cross_Entropy lr = 0.0005 Loss 145/200 Loss is L =2.0005061626434326 
Cross_Entropy lr = 0.0005 Loss 146/200 Loss is L =2.0007882118225098 
Cross_Entropy lr = 0.0005 Loss 147/200 Loss is L =2.0032265186309814 
Cross_Entropy lr = 0.0005 Loss 148/200 Loss is L =2.009488821029663 
Cross_Entropy lr = 0.0005 Loss 149/200 Loss is L =2.0133473873138428 
Cross_Entropy lr = 0.0005 Loss 150/200 Loss is L =2.0206408500671387 
Cross_Entropy lr = 0.0005 Loss 151/200 Loss is L =2.007795810699463 
Cross_Entropy lr = 0.0005 Loss 152/200 Loss is L =2.0136096477508545 
Cross_Entropy lr = 0.0005 Loss 153/200 Loss is L =2.000595808029175 
Cross_Entropy lr = 0.0005 Loss 154/200 Loss is L =2.006166458129883 
Cross_Entropy lr = 0.0005 Loss 155/200 Loss is L =1.9972389936447144 
Cross_Entropy lr = 0.0005 Loss 156/200 Loss is L =2.004366636276245 
Cross_Entropy lr = 0.0005 Loss 157/200 Loss is L =2.0042130947113037 
Cross_Entropy lr = 0.0005 Loss 158/200 Loss is L =2.000669002532959 
Cross_Entropy lr = 0.0005 Loss 159/200 Loss is L =2.011606216430664 
Cross_Entropy lr = 0.0005 Loss 160/200 Loss is L =2.0165321826934814 
Cross_Entropy lr = 0.0005 Loss 161/200 Loss is L =2.0114006996154785 
Cross_Entropy lr = 0.0005 Loss 162/200 Loss is L =2.0108509063720703 
Cross_Entropy lr = 0.0005 Loss 163/200 Loss is L =2.0058770179748535 
Cross_Entropy lr = 0.0005 Loss 164/200 Loss is L =2.0064563751220703 
Cross_Entropy lr = 0.0005 Loss 165/200 Loss is L =2.015672206878662 
Cross_Entropy lr = 0.0005 Loss 166/200 Loss is L =2.0065314769744873 
Cross_Entropy lr = 0.0005 Loss 167/200 Loss is L =2.0035369396209717 
Cross_Entropy lr = 0.0005 Loss 168/200 Loss is L =2.003514528274536 
Cross_Entropy lr = 0.0005 Loss 169/200 Loss is L =2.0048725605010986 
Cross_Entropy lr = 0.0005 Loss 170/200 Loss is L =2.003716468811035 
Cross_Entropy lr = 0.0005 Loss 171/200 Loss is L =1.9997532367706299 
Cross_Entropy lr = 0.0005 Loss 172/200 Loss is L =2.015754222869873 
Cross_Entropy lr = 0.0005 Loss 173/200 Loss is L =2.0076448917388916 
Cross_Entropy lr = 0.0005 Loss 174/200 Loss is L =2.0011098384857178 
Cross_Entropy lr = 0.0005 Loss 175/200 Loss is L =1.9964185953140259 
Cross_Entropy lr = 0.0005 Loss 176/200 Loss is L =1.9984391927719116 
Cross_Entropy lr = 0.0005 Loss 177/200 Loss is L =1.998883843421936 
Cross_Entropy lr = 0.0005 Loss 178/200 Loss is L =1.9987152814865112 
Cross_Entropy lr = 0.0005 Loss 179/200 Loss is L =2.0128707885742188 
Cross_Entropy lr = 0.0005 Loss 180/200 Loss is L =2.009486675262451 
Cross_Entropy lr = 0.0005 Loss 181/200 Loss is L =2.005566358566284 
Cross_Entropy lr = 0.0005 Loss 182/200 Loss is L =2.018048048019409 
Cross_Entropy lr = 0.0005 Loss 183/200 Loss is L =2.018831729888916 
Cross_Entropy lr = 0.0005 Loss 184/200 Loss is L =2.0081400871276855 
Cross_Entropy lr = 0.0005 Loss 185/200 Loss is L =1.9976485967636108 
Cross_Entropy lr = 0.0005 Loss 186/200 Loss is L =2.007423162460327 
Cross_Entropy lr = 0.0005 Loss 187/200 Loss is L =2.0026230812072754 
Cross_Entropy lr = 0.0005 Loss 188/200 Loss is L =2.0079009532928467 
Cross_Entropy lr = 0.0005 Loss 189/200 Loss is L =2.0136923789978027 
Cross_Entropy lr = 0.0005 Loss 190/200 Loss is L =2.0136234760284424 
Cross_Entropy lr = 0.0005 Loss 191/200 Loss is L =2.0218048095703125 
Cross_Entropy lr = 0.0005 Loss 192/200 Loss is L =2.0162193775177 
Cross_Entropy lr = 0.0005 Loss 193/200 Loss is L =2.006373167037964 
Cross_Entropy lr = 0.0005 Loss 194/200 Loss is L =2.0082695484161377 
Cross_Entropy lr = 0.0005 Loss 195/200 Loss is L =2.007847309112549 
Cross_Entropy lr = 0.0005 Loss 196/200 Loss is L =1.998849868774414 
Cross_Entropy lr = 0.0005 Loss 197/200 Loss is L =2.0204598903656006 
Cross_Entropy lr = 0.0005 Loss 198/200 Loss is L =2.0095229148864746 
Cross_Entropy lr = 0.0005 Loss 199/200 Loss is L =2.0045878887176514 
Cross_Entropy lr = 0.0005 Loss 200/200 Loss is L =2.004758834838867 
Cross_Entropy lr = 0.001 Loss 1/200 Loss is L =2.068061113357544 
Cross_Entropy lr = 0.001 Loss 2/200 Loss is L =2.0614280700683594 
Cross_Entropy lr = 0.001 Loss 3/200 Loss is L =2.057062864303589 
Cross_Entropy lr = 0.001 Loss 4/200 Loss is L =2.057349443435669 
Cross_Entropy lr = 0.001 Loss 5/200 Loss is L =2.0418477058410645 
Cross_Entropy lr = 0.001 Loss 6/200 Loss is L =2.04616117477417 
Cross_Entropy lr = 0.001 Loss 7/200 Loss is L =2.0374107360839844 
Cross_Entropy lr = 0.001 Loss 8/200 Loss is L =2.029409885406494 
Cross_Entropy lr = 0.001 Loss 9/200 Loss is L =2.022453784942627 
Cross_Entropy lr = 0.001 Loss 10/200 Loss is L =2.0131709575653076 
Cross_Entropy lr = 0.001 Loss 11/200 Loss is L =2.003499746322632 
Cross_Entropy lr = 0.001 Loss 12/200 Loss is L =1.9952648878097534 
Cross_Entropy lr = 0.001 Loss 13/200 Loss is L =2.010833501815796 
Cross_Entropy lr = 0.001 Loss 14/200 Loss is L =1.996233344078064 
Cross_Entropy lr = 0.001 Loss 15/200 Loss is L =2.000710964202881 
Cross_Entropy lr = 0.001 Loss 16/200 Loss is L =1.9967060089111328 
Cross_Entropy lr = 0.001 Loss 17/200 Loss is L =1.995428442955017 
Cross_Entropy lr = 0.001 Loss 18/200 Loss is L =1.9908638000488281 
Cross_Entropy lr = 0.001 Loss 19/200 Loss is L =1.9865249395370483 
Cross_Entropy lr = 0.001 Loss 20/200 Loss is L =1.9821348190307617 
Cross_Entropy lr = 0.001 Loss 21/200 Loss is L =1.9927053451538086 
Cross_Entropy lr = 0.001 Loss 22/200 Loss is L =1.9991906881332397 
Cross_Entropy lr = 0.001 Loss 23/200 Loss is L =1.9837137460708618 
Cross_Entropy lr = 0.001 Loss 24/200 Loss is L =1.9882404804229736 
Cross_Entropy lr = 0.001 Loss 25/200 Loss is L =1.993211030960083 
Cross_Entropy lr = 0.001 Loss 26/200 Loss is L =1.9893829822540283 
Cross_Entropy lr = 0.001 Loss 27/200 Loss is L =1.9905567169189453 
Cross_Entropy lr = 0.001 Loss 28/200 Loss is L =1.9834438562393188 
Cross_Entropy lr = 0.001 Loss 29/200 Loss is L =1.9761638641357422 
Cross_Entropy lr = 0.001 Loss 30/200 Loss is L =1.992898941040039 
Cross_Entropy lr = 0.001 Loss 31/200 Loss is L =1.9939968585968018 
Cross_Entropy lr = 0.001 Loss 32/200 Loss is L =1.9930492639541626 
Cross_Entropy lr = 0.001 Loss 33/200 Loss is L =1.9906787872314453 
Cross_Entropy lr = 0.001 Loss 34/200 Loss is L =1.9884284734725952 
Cross_Entropy lr = 0.001 Loss 35/200 Loss is L =1.9932100772857666 
Cross_Entropy lr = 0.001 Loss 36/200 Loss is L =1.9829533100128174 
Cross_Entropy lr = 0.001 Loss 37/200 Loss is L =1.9883297681808472 
Cross_Entropy lr = 0.001 Loss 38/200 Loss is L =1.979206919670105 
Cross_Entropy lr = 0.001 Loss 39/200 Loss is L =1.9766473770141602 
Cross_Entropy lr = 0.001 Loss 40/200 Loss is L =1.9888089895248413 
Cross_Entropy lr = 0.001 Loss 41/200 Loss is L =1.9834779500961304 
Cross_Entropy lr = 0.001 Loss 42/200 Loss is L =1.979415774345398 
Cross_Entropy lr = 0.001 Loss 43/200 Loss is L =1.9794329404830933 
Cross_Entropy lr = 0.001 Loss 44/200 Loss is L =1.9871485233306885 
Cross_Entropy lr = 0.001 Loss 45/200 Loss is L =1.9816112518310547 
Cross_Entropy lr = 0.001 Loss 46/200 Loss is L =1.992034912109375 
Cross_Entropy lr = 0.001 Loss 47/200 Loss is L =1.9757922887802124 
Cross_Entropy lr = 0.001 Loss 48/200 Loss is L =1.995195746421814 
Cross_Entropy lr = 0.001 Loss 49/200 Loss is L =1.999956727027893 
Cross_Entropy lr = 0.001 Loss 50/200 Loss is L =1.987256407737732 
Cross_Entropy lr = 0.001 Loss 51/200 Loss is L =1.9803169965744019 
Cross_Entropy lr = 0.001 Loss 52/200 Loss is L =1.9893382787704468 
Cross_Entropy lr = 0.001 Loss 53/200 Loss is L =1.9824875593185425 
Cross_Entropy lr = 0.001 Loss 54/200 Loss is L =1.9893900156021118 
Cross_Entropy lr = 0.001 Loss 55/200 Loss is L =1.9886623620986938 
Cross_Entropy lr = 0.001 Loss 56/200 Loss is L =1.9860130548477173 
Cross_Entropy lr = 0.001 Loss 57/200 Loss is L =1.9810075759887695 
Cross_Entropy lr = 0.001 Loss 58/200 Loss is L =1.999271035194397 
Cross_Entropy lr = 0.001 Loss 59/200 Loss is L =1.9850562810897827 
Cross_Entropy lr = 0.001 Loss 60/200 Loss is L =1.9742329120635986 
Cross_Entropy lr = 0.001 Loss 61/200 Loss is L =1.9858404397964478 
Cross_Entropy lr = 0.001 Loss 62/200 Loss is L =2.004023313522339 
Cross_Entropy lr = 0.001 Loss 63/200 Loss is L =1.9859249591827393 
Cross_Entropy lr = 0.001 Loss 64/200 Loss is L =2.003824472427368 
Cross_Entropy lr = 0.001 Loss 65/200 Loss is L =1.9849884510040283 
Cross_Entropy lr = 0.001 Loss 66/200 Loss is L =1.9773544073104858 
Cross_Entropy lr = 0.001 Loss 67/200 Loss is L =1.98961341381073 
Cross_Entropy lr = 0.001 Loss 68/200 Loss is L =1.994991660118103 
Cross_Entropy lr = 0.001 Loss 69/200 Loss is L =1.9877570867538452 
Cross_Entropy lr = 0.001 Loss 70/200 Loss is L =1.984537959098816 
Cross_Entropy lr = 0.001 Loss 71/200 Loss is L =1.9775203466415405 
Cross_Entropy lr = 0.001 Loss 72/200 Loss is L =1.986737847328186 
Cross_Entropy lr = 0.001 Loss 73/200 Loss is L =1.9794307947158813 
Cross_Entropy lr = 0.001 Loss 74/200 Loss is L =1.9907253980636597 
Cross_Entropy lr = 0.001 Loss 75/200 Loss is L =1.9842833280563354 
Cross_Entropy lr = 0.001 Loss 76/200 Loss is L =1.9899014234542847 
Cross_Entropy lr = 0.001 Loss 77/200 Loss is L =1.9764461517333984 
Cross_Entropy lr = 0.001 Loss 78/200 Loss is L =1.9938281774520874 
Cross_Entropy lr = 0.001 Loss 79/200 Loss is L =1.9785209894180298 
Cross_Entropy lr = 0.001 Loss 80/200 Loss is L =1.990271806716919 
Cross_Entropy lr = 0.001 Loss 81/200 Loss is L =2.0042431354522705 
Cross_Entropy lr = 0.001 Loss 82/200 Loss is L =1.9950751066207886 
Cross_Entropy lr = 0.001 Loss 83/200 Loss is L =1.980301856994629 
Cross_Entropy lr = 0.001 Loss 84/200 Loss is L =1.9930565357208252 
Cross_Entropy lr = 0.001 Loss 85/200 Loss is L =1.9979137182235718 
Cross_Entropy lr = 0.001 Loss 86/200 Loss is L =1.9870904684066772 
Cross_Entropy lr = 0.001 Loss 87/200 Loss is L =1.989693284034729 
Cross_Entropy lr = 0.001 Loss 88/200 Loss is L =1.9886387586593628 
Cross_Entropy lr = 0.001 Loss 89/200 Loss is L =1.9866825342178345 
Cross_Entropy lr = 0.001 Loss 90/200 Loss is L =1.9913250207901 
Cross_Entropy lr = 0.001 Loss 91/200 Loss is L =1.9823493957519531 
Cross_Entropy lr = 0.001 Loss 92/200 Loss is L =1.9847517013549805 
Cross_Entropy lr = 0.001 Loss 93/200 Loss is L =1.9792524576187134 
Cross_Entropy lr = 0.001 Loss 94/200 Loss is L =1.97914719581604 
Cross_Entropy lr = 0.001 Loss 95/200 Loss is L =1.9915825128555298 
Cross_Entropy lr = 0.001 Loss 96/200 Loss is L =1.9968769550323486 
Cross_Entropy lr = 0.001 Loss 97/200 Loss is L =1.9862518310546875 
Cross_Entropy lr = 0.001 Loss 98/200 Loss is L =1.9941877126693726 
Cross_Entropy lr = 0.001 Loss 99/200 Loss is L =1.9891881942749023 
Cross_Entropy lr = 0.001 Loss 100/200 Loss is L =2.008058547973633 
Cross_Entropy lr = 0.001 Loss 101/200 Loss is L =1.9885101318359375 
Cross_Entropy lr = 0.001 Loss 102/200 Loss is L =1.9812434911727905 
Cross_Entropy lr = 0.001 Loss 103/200 Loss is L =1.9941093921661377 
Cross_Entropy lr = 0.001 Loss 104/200 Loss is L =1.9882633686065674 
Cross_Entropy lr = 0.001 Loss 105/200 Loss is L =1.9788585901260376 
Cross_Entropy lr = 0.001 Loss 106/200 Loss is L =1.9783378839492798 
Cross_Entropy lr = 0.001 Loss 107/200 Loss is L =1.9897674322128296 
Cross_Entropy lr = 0.001 Loss 108/200 Loss is L =1.9863678216934204 
Cross_Entropy lr = 0.001 Loss 109/200 Loss is L =1.9857425689697266 
Cross_Entropy lr = 0.001 Loss 110/200 Loss is L =1.977643609046936 
Cross_Entropy lr = 0.001 Loss 111/200 Loss is L =1.9777408838272095 
Cross_Entropy lr = 0.001 Loss 112/200 Loss is L =2.001310110092163 
Cross_Entropy lr = 0.001 Loss 113/200 Loss is L =1.9983532428741455 
Cross_Entropy lr = 0.001 Loss 114/200 Loss is L =1.9898121356964111 
Cross_Entropy lr = 0.001 Loss 115/200 Loss is L =1.9994722604751587 
Cross_Entropy lr = 0.001 Loss 116/200 Loss is L =1.9851200580596924 
Cross_Entropy lr = 0.001 Loss 117/200 Loss is L =1.9937248229980469 
Cross_Entropy lr = 0.001 Loss 118/200 Loss is L =2.004734754562378 
Cross_Entropy lr = 0.001 Loss 119/200 Loss is L =1.9976348876953125 
Cross_Entropy lr = 0.001 Loss 120/200 Loss is L =1.9863563776016235 
Cross_Entropy lr = 0.001 Loss 121/200 Loss is L =1.991763710975647 
Cross_Entropy lr = 0.001 Loss 122/200 Loss is L =1.9831761121749878 
Cross_Entropy lr = 0.001 Loss 123/200 Loss is L =1.9844846725463867 
Cross_Entropy lr = 0.001 Loss 124/200 Loss is L =1.9855817556381226 
Cross_Entropy lr = 0.001 Loss 125/200 Loss is L =2.0056703090667725 
Cross_Entropy lr = 0.001 Loss 126/200 Loss is L =1.9853582382202148 
Cross_Entropy lr = 0.001 Loss 127/200 Loss is L =1.988789439201355 
Cross_Entropy lr = 0.001 Loss 128/200 Loss is L =1.9798179864883423 
Cross_Entropy lr = 0.001 Loss 129/200 Loss is L =1.9952080249786377 
Cross_Entropy lr = 0.001 Loss 130/200 Loss is L =1.9855985641479492 
Cross_Entropy lr = 0.001 Loss 131/200 Loss is L =1.981161117553711 
Cross_Entropy lr = 0.001 Loss 132/200 Loss is L =1.9904886484146118 
Cross_Entropy lr = 0.001 Loss 133/200 Loss is L =1.9900211095809937 
Cross_Entropy lr = 0.001 Loss 134/200 Loss is L =1.9799808263778687 
Cross_Entropy lr = 0.001 Loss 135/200 Loss is L =1.9866641759872437 
Cross_Entropy lr = 0.001 Loss 136/200 Loss is L =1.9917831420898438 
Cross_Entropy lr = 0.001 Loss 137/200 Loss is L =1.994518518447876 
Cross_Entropy lr = 0.001 Loss 138/200 Loss is L =1.9985545873641968 
Cross_Entropy lr = 0.001 Loss 139/200 Loss is L =1.9864195585250854 
Cross_Entropy lr = 0.001 Loss 140/200 Loss is L =1.992976427078247 
Cross_Entropy lr = 0.001 Loss 141/200 Loss is L =1.981153130531311 
Cross_Entropy lr = 0.001 Loss 142/200 Loss is L =1.9857620000839233 
Cross_Entropy lr = 0.001 Loss 143/200 Loss is L =1.9929535388946533 
Cross_Entropy lr = 0.001 Loss 144/200 Loss is L =1.9911056756973267 
Cross_Entropy lr = 0.001 Loss 145/200 Loss is L =1.9860823154449463 
Cross_Entropy lr = 0.001 Loss 146/200 Loss is L =1.9840259552001953 
Cross_Entropy lr = 0.001 Loss 147/200 Loss is L =1.997531533241272 
Cross_Entropy lr = 0.001 Loss 148/200 Loss is L =1.9813930988311768 
Cross_Entropy lr = 0.001 Loss 149/200 Loss is L =1.9951645135879517 
Cross_Entropy lr = 0.001 Loss 150/200 Loss is L =1.9869492053985596 
Cross_Entropy lr = 0.001 Loss 151/200 Loss is L =1.9850345849990845 
Cross_Entropy lr = 0.001 Loss 152/200 Loss is L =1.9721654653549194 
Cross_Entropy lr = 0.001 Loss 153/200 Loss is L =1.9835947751998901 
Cross_Entropy lr = 0.001 Loss 154/200 Loss is L =1.9847354888916016 
Cross_Entropy lr = 0.001 Loss 155/200 Loss is L =1.992897868156433 
Cross_Entropy lr = 0.001 Loss 156/200 Loss is L =1.994089126586914 
Cross_Entropy lr = 0.001 Loss 157/200 Loss is L =1.9944027662277222 
Cross_Entropy lr = 0.001 Loss 158/200 Loss is L =1.9833163022994995 
Cross_Entropy lr = 0.001 Loss 159/200 Loss is L =1.9933483600616455 
Cross_Entropy lr = 0.001 Loss 160/200 Loss is L =1.9764397144317627 
Cross_Entropy lr = 0.001 Loss 161/200 Loss is L =1.9912222623825073 
Cross_Entropy lr = 0.001 Loss 162/200 Loss is L =1.9952369928359985 
Cross_Entropy lr = 0.001 Loss 163/200 Loss is L =1.987505316734314 
Cross_Entropy lr = 0.001 Loss 164/200 Loss is L =1.9810093641281128 
Cross_Entropy lr = 0.001 Loss 165/200 Loss is L =1.9876625537872314 
Cross_Entropy lr = 0.001 Loss 166/200 Loss is L =1.988887071609497 
Cross_Entropy lr = 0.001 Loss 167/200 Loss is L =1.9852848052978516 
Cross_Entropy lr = 0.001 Loss 168/200 Loss is L =1.9966665506362915 
Cross_Entropy lr = 0.001 Loss 169/200 Loss is L =1.9882372617721558 
Cross_Entropy lr = 0.001 Loss 170/200 Loss is L =1.9913161993026733 
Cross_Entropy lr = 0.001 Loss 171/200 Loss is L =1.9872608184814453 
Cross_Entropy lr = 0.001 Loss 172/200 Loss is L =1.9875210523605347 
Cross_Entropy lr = 0.001 Loss 173/200 Loss is L =1.9834803342819214 
Cross_Entropy lr = 0.001 Loss 174/200 Loss is L =1.9912594556808472 
Cross_Entropy lr = 0.001 Loss 175/200 Loss is L =1.9861599206924438 
Cross_Entropy lr = 0.001 Loss 176/200 Loss is L =1.9896808862686157 
Cross_Entropy lr = 0.001 Loss 177/200 Loss is L =1.9857956171035767 
Cross_Entropy lr = 0.001 Loss 178/200 Loss is L =1.9820194244384766 
Cross_Entropy lr = 0.001 Loss 179/200 Loss is L =1.988076090812683 
Cross_Entropy lr = 0.001 Loss 180/200 Loss is L =1.996442198753357 
Cross_Entropy lr = 0.001 Loss 181/200 Loss is L =1.9983736276626587 
Cross_Entropy lr = 0.001 Loss 182/200 Loss is L =1.9981054067611694 
Cross_Entropy lr = 0.001 Loss 183/200 Loss is L =1.9940201044082642 
Cross_Entropy lr = 0.001 Loss 184/200 Loss is L =1.9785770177841187 
Cross_Entropy lr = 0.001 Loss 185/200 Loss is L =1.996903657913208 
Cross_Entropy lr = 0.001 Loss 186/200 Loss is L =1.993514895439148 
Cross_Entropy lr = 0.001 Loss 187/200 Loss is L =1.9930343627929688 
Cross_Entropy lr = 0.001 Loss 188/200 Loss is L =1.9971812963485718 
Cross_Entropy lr = 0.001 Loss 189/200 Loss is L =1.9792768955230713 
Cross_Entropy lr = 0.001 Loss 190/200 Loss is L =1.9860137701034546 
Cross_Entropy lr = 0.001 Loss 191/200 Loss is L =1.9878075122833252 
Cross_Entropy lr = 0.001 Loss 192/200 Loss is L =1.9998581409454346 
Cross_Entropy lr = 0.001 Loss 193/200 Loss is L =1.9886277914047241 
Cross_Entropy lr = 0.001 Loss 194/200 Loss is L =1.9840843677520752 
Cross_Entropy lr = 0.001 Loss 195/200 Loss is L =1.9876148700714111 
Cross_Entropy lr = 0.001 Loss 196/200 Loss is L =1.987735390663147 
Cross_Entropy lr = 0.001 Loss 197/200 Loss is L =1.9951099157333374 
Cross_Entropy lr = 0.001 Loss 198/200 Loss is L =2.0046980381011963 
Cross_Entropy lr = 0.001 Loss 199/200 Loss is L =1.9983271360397339 
Cross_Entropy lr = 0.001 Loss 200/200 Loss is L =1.985107421875 
Cross_Entropy lr = 0.005 Loss 1/200 Loss is L =2.0611324310302734 
Cross_Entropy lr = 0.005 Loss 2/200 Loss is L =2.0376036167144775 
Cross_Entropy lr = 0.005 Loss 3/200 Loss is L =2.0051839351654053 
Cross_Entropy lr = 0.005 Loss 4/200 Loss is L =1.9797443151474 
Cross_Entropy lr = 0.005 Loss 5/200 Loss is L =1.990486979484558 
Cross_Entropy lr = 0.005 Loss 6/200 Loss is L =1.9808186292648315 
Cross_Entropy lr = 0.005 Loss 7/200 Loss is L =1.9313201904296875 
Cross_Entropy lr = 0.005 Loss 8/200 Loss is L =1.9245532751083374 
Cross_Entropy lr = 0.005 Loss 9/200 Loss is L =1.806195855140686 
Cross_Entropy lr = 0.005 Loss 10/200 Loss is L =1.8207603693008423 
Cross_Entropy lr = 0.005 Loss 11/200 Loss is L =1.7833069562911987 
Cross_Entropy lr = 0.005 Loss 12/200 Loss is L =1.7745697498321533 
Cross_Entropy lr = 0.005 Loss 13/200 Loss is L =1.8304805755615234 
Cross_Entropy lr = 0.005 Loss 14/200 Loss is L =1.7441898584365845 
Cross_Entropy lr = 0.005 Loss 15/200 Loss is L =1.761598825454712 
Cross_Entropy lr = 0.005 Loss 16/200 Loss is L =1.7139438390731812 
Cross_Entropy lr = 0.005 Loss 17/200 Loss is L =1.746191382408142 
Cross_Entropy lr = 0.005 Loss 18/200 Loss is L =1.746882677078247 
Cross_Entropy lr = 0.005 Loss 19/200 Loss is L =1.6920288801193237 
Cross_Entropy lr = 0.005 Loss 20/200 Loss is L =1.737531304359436 
Cross_Entropy lr = 0.005 Loss 21/200 Loss is L =1.7411108016967773 
Cross_Entropy lr = 0.005 Loss 22/200 Loss is L =1.7532256841659546 
Cross_Entropy lr = 0.005 Loss 23/200 Loss is L =1.6835720539093018 
Cross_Entropy lr = 0.005 Loss 24/200 Loss is L =1.7742490768432617 
Cross_Entropy lr = 0.005 Loss 25/200 Loss is L =1.742867112159729 
Cross_Entropy lr = 0.005 Loss 26/200 Loss is L =1.7248038053512573 
Cross_Entropy lr = 0.005 Loss 27/200 Loss is L =1.7358583211898804 
Cross_Entropy lr = 0.005 Loss 28/200 Loss is L =1.6773064136505127 
Cross_Entropy lr = 0.005 Loss 29/200 Loss is L =1.6805915832519531 
Cross_Entropy lr = 0.005 Loss 30/200 Loss is L =1.7286633253097534 
Cross_Entropy lr = 0.005 Loss 31/200 Loss is L =1.6772644519805908 
Cross_Entropy lr = 0.005 Loss 32/200 Loss is L =1.6986656188964844 
Cross_Entropy lr = 0.005 Loss 33/200 Loss is L =1.70708167552948 
Cross_Entropy lr = 0.005 Loss 34/200 Loss is L =1.6998716592788696 
Cross_Entropy lr = 0.005 Loss 35/200 Loss is L =1.721039056777954 
Cross_Entropy lr = 0.005 Loss 36/200 Loss is L =1.7471472024917603 
Cross_Entropy lr = 0.005 Loss 37/200 Loss is L =1.6985689401626587 
Cross_Entropy lr = 0.005 Loss 38/200 Loss is L =1.7106529474258423 
Cross_Entropy lr = 0.005 Loss 39/200 Loss is L =1.6722444295883179 
Cross_Entropy lr = 0.005 Loss 40/200 Loss is L =1.7018871307373047 
Cross_Entropy lr = 0.005 Loss 41/200 Loss is L =1.6775459051132202 
Cross_Entropy lr = 0.005 Loss 42/200 Loss is L =1.7293407917022705 
Cross_Entropy lr = 0.005 Loss 43/200 Loss is L =1.7245304584503174 
Cross_Entropy lr = 0.005 Loss 44/200 Loss is L =1.701694130897522 
Cross_Entropy lr = 0.005 Loss 45/200 Loss is L =1.7027260065078735 
Cross_Entropy lr = 0.005 Loss 46/200 Loss is L =1.679942011833191 
Cross_Entropy lr = 0.005 Loss 47/200 Loss is L =1.7291542291641235 
Cross_Entropy lr = 0.005 Loss 48/200 Loss is L =1.6781119108200073 
Cross_Entropy lr = 0.005 Loss 49/200 Loss is L =1.697994589805603 
Cross_Entropy lr = 0.005 Loss 50/200 Loss is L =1.7195825576782227 
Cross_Entropy lr = 0.005 Loss 51/200 Loss is L =1.6833537817001343 
Cross_Entropy lr = 0.005 Loss 52/200 Loss is L =1.7465378046035767 
Cross_Entropy lr = 0.005 Loss 53/200 Loss is L =1.6841663122177124 
Cross_Entropy lr = 0.005 Loss 54/200 Loss is L =1.6936537027359009 
Cross_Entropy lr = 0.005 Loss 55/200 Loss is L =1.6498154401779175 
Cross_Entropy lr = 0.005 Loss 56/200 Loss is L =1.7296425104141235 
Cross_Entropy lr = 0.005 Loss 57/200 Loss is L =1.6966861486434937 
Cross_Entropy lr = 0.005 Loss 58/200 Loss is L =1.6732845306396484 
Cross_Entropy lr = 0.005 Loss 59/200 Loss is L =1.700558066368103 
Cross_Entropy lr = 0.005 Loss 60/200 Loss is L =1.7291399240493774 
Cross_Entropy lr = 0.005 Loss 61/200 Loss is L =1.6944999694824219 
Cross_Entropy lr = 0.005 Loss 62/200 Loss is L =1.6481802463531494 
Cross_Entropy lr = 0.005 Loss 63/200 Loss is L =1.648355484008789 
Cross_Entropy lr = 0.005 Loss 64/200 Loss is L =1.7030353546142578 
Cross_Entropy lr = 0.005 Loss 65/200 Loss is L =1.708936095237732 
Cross_Entropy lr = 0.005 Loss 66/200 Loss is L =1.680641531944275 
Cross_Entropy lr = 0.005 Loss 67/200 Loss is L =1.7164322137832642 
Cross_Entropy lr = 0.005 Loss 68/200 Loss is L =1.6700115203857422 
Cross_Entropy lr = 0.005 Loss 69/200 Loss is L =1.7543014287948608 
Cross_Entropy lr = 0.005 Loss 70/200 Loss is L =1.7308399677276611 
Cross_Entropy lr = 0.005 Loss 71/200 Loss is L =1.6960152387619019 
Cross_Entropy lr = 0.005 Loss 72/200 Loss is L =1.6693105697631836 
Cross_Entropy lr = 0.005 Loss 73/200 Loss is L =1.6768115758895874 
Cross_Entropy lr = 0.005 Loss 74/200 Loss is L =1.6874258518218994 
Cross_Entropy lr = 0.005 Loss 75/200 Loss is L =1.7093925476074219 
Cross_Entropy lr = 0.005 Loss 76/200 Loss is L =1.7207704782485962 
Cross_Entropy lr = 0.005 Loss 77/200 Loss is L =1.6604700088500977 
Cross_Entropy lr = 0.005 Loss 78/200 Loss is L =1.7027639150619507 
Cross_Entropy lr = 0.005 Loss 79/200 Loss is L =1.7043806314468384 
Cross_Entropy lr = 0.005 Loss 80/200 Loss is L =1.7272213697433472 
Cross_Entropy lr = 0.005 Loss 81/200 Loss is L =1.6849440336227417 
Cross_Entropy lr = 0.005 Loss 82/200 Loss is L =1.676187515258789 
Cross_Entropy lr = 0.005 Loss 83/200 Loss is L =1.731247901916504 
Cross_Entropy lr = 0.005 Loss 84/200 Loss is L =1.7427374124526978 
Cross_Entropy lr = 0.005 Loss 85/200 Loss is L =1.7238813638687134 
Cross_Entropy lr = 0.005 Loss 86/200 Loss is L =1.6952736377716064 
Cross_Entropy lr = 0.005 Loss 87/200 Loss is L =1.7056829929351807 
Cross_Entropy lr = 0.005 Loss 88/200 Loss is L =1.748907446861267 
Cross_Entropy lr = 0.005 Loss 89/200 Loss is L =1.6816818714141846 
Cross_Entropy lr = 0.005 Loss 90/200 Loss is L =1.7327728271484375 
Cross_Entropy lr = 0.005 Loss 91/200 Loss is L =1.6838535070419312 
Cross_Entropy lr = 0.005 Loss 92/200 Loss is L =1.6863678693771362 
Cross_Entropy lr = 0.005 Loss 93/200 Loss is L =1.708642601966858 
Cross_Entropy lr = 0.005 Loss 94/200 Loss is L =1.6629440784454346 
Cross_Entropy lr = 0.005 Loss 95/200 Loss is L =1.6762542724609375 
Cross_Entropy lr = 0.005 Loss 96/200 Loss is L =1.6675564050674438 
Cross_Entropy lr = 0.005 Loss 97/200 Loss is L =1.7315340042114258 
Cross_Entropy lr = 0.005 Loss 98/200 Loss is L =1.7197773456573486 
Cross_Entropy lr = 0.005 Loss 99/200 Loss is L =1.724923014640808 
Cross_Entropy lr = 0.005 Loss 100/200 Loss is L =1.7177038192749023 
Cross_Entropy lr = 0.005 Loss 101/200 Loss is L =1.7255343198776245 
Cross_Entropy lr = 0.005 Loss 102/200 Loss is L =1.7378040552139282 
Cross_Entropy lr = 0.005 Loss 103/200 Loss is L =1.6511186361312866 
Cross_Entropy lr = 0.005 Loss 104/200 Loss is L =1.6771774291992188 
Cross_Entropy lr = 0.005 Loss 105/200 Loss is L =1.6997007131576538 
Cross_Entropy lr = 0.005 Loss 106/200 Loss is L =1.7260798215866089 
Cross_Entropy lr = 0.005 Loss 107/200 Loss is L =1.6775051355361938 
Cross_Entropy lr = 0.005 Loss 108/200 Loss is L =1.68929922580719 
Cross_Entropy lr = 0.005 Loss 109/200 Loss is L =1.6938714981079102 
Cross_Entropy lr = 0.005 Loss 110/200 Loss is L =1.7485859394073486 
Cross_Entropy lr = 0.005 Loss 111/200 Loss is L =1.7084131240844727 
Cross_Entropy lr = 0.005 Loss 112/200 Loss is L =1.7013119459152222 
Cross_Entropy lr = 0.005 Loss 113/200 Loss is L =1.6999489068984985 
Cross_Entropy lr = 0.005 Loss 114/200 Loss is L =1.6780900955200195 
Cross_Entropy lr = 0.005 Loss 115/200 Loss is L =1.7219570875167847 
Cross_Entropy lr = 0.005 Loss 116/200 Loss is L =1.6812925338745117 
Cross_Entropy lr = 0.005 Loss 117/200 Loss is L =1.7135909795761108 
Cross_Entropy lr = 0.005 Loss 118/200 Loss is L =1.7360553741455078 
Cross_Entropy lr = 0.005 Loss 119/200 Loss is L =1.6821281909942627 
Cross_Entropy lr = 0.005 Loss 120/200 Loss is L =1.7032215595245361 
Cross_Entropy lr = 0.005 Loss 121/200 Loss is L =1.7159032821655273 
Cross_Entropy lr = 0.005 Loss 122/200 Loss is L =1.7219394445419312 
Cross_Entropy lr = 0.005 Loss 123/200 Loss is L =1.6884500980377197 
Cross_Entropy lr = 0.005 Loss 124/200 Loss is L =1.693131685256958 
Cross_Entropy lr = 0.005 Loss 125/200 Loss is L =1.6883739233016968 
Cross_Entropy lr = 0.005 Loss 126/200 Loss is L =1.7370423078536987 
Cross_Entropy lr = 0.005 Loss 127/200 Loss is L =1.6762956380844116 
Cross_Entropy lr = 0.005 Loss 128/200 Loss is L =1.6894317865371704 
Cross_Entropy lr = 0.005 Loss 129/200 Loss is L =1.6867722272872925 
Cross_Entropy lr = 0.005 Loss 130/200 Loss is L =1.694148302078247 
Cross_Entropy lr = 0.005 Loss 131/200 Loss is L =1.740878701210022 
Cross_Entropy lr = 0.005 Loss 132/200 Loss is L =1.7288169860839844 
Cross_Entropy lr = 0.005 Loss 133/200 Loss is L =1.7183622121810913 
Cross_Entropy lr = 0.005 Loss 134/200 Loss is L =1.67755126953125 
Cross_Entropy lr = 0.005 Loss 135/200 Loss is L =1.7332508563995361 
Cross_Entropy lr = 0.005 Loss 136/200 Loss is L =1.7080681324005127 
Cross_Entropy lr = 0.005 Loss 137/200 Loss is L =1.7182873487472534 
Cross_Entropy lr = 0.005 Loss 138/200 Loss is L =1.7162474393844604 
Cross_Entropy lr = 0.005 Loss 139/200 Loss is L =1.7525290250778198 
Cross_Entropy lr = 0.005 Loss 140/200 Loss is L =1.7034460306167603 
Cross_Entropy lr = 0.005 Loss 141/200 Loss is L =1.7412821054458618 
Cross_Entropy lr = 0.005 Loss 142/200 Loss is L =1.728128433227539 
Cross_Entropy lr = 0.005 Loss 143/200 Loss is L =1.7072495222091675 
Cross_Entropy lr = 0.005 Loss 144/200 Loss is L =1.7036646604537964 
Cross_Entropy lr = 0.005 Loss 145/200 Loss is L =1.721527099609375 
Cross_Entropy lr = 0.005 Loss 146/200 Loss is L =1.7171581983566284 
Cross_Entropy lr = 0.005 Loss 147/200 Loss is L =1.6940138339996338 
Cross_Entropy lr = 0.005 Loss 148/200 Loss is L =1.6967591047286987 
Cross_Entropy lr = 0.005 Loss 149/200 Loss is L =1.7004107236862183 
Cross_Entropy lr = 0.005 Loss 150/200 Loss is L =1.7442013025283813 
Cross_Entropy lr = 0.005 Loss 151/200 Loss is L =1.7422380447387695 
Cross_Entropy lr = 0.005 Loss 152/200 Loss is L =1.6872295141220093 
Cross_Entropy lr = 0.005 Loss 153/200 Loss is L =1.7288349866867065 
Cross_Entropy lr = 0.005 Loss 154/200 Loss is L =1.7399208545684814 
Cross_Entropy lr = 0.005 Loss 155/200 Loss is L =1.7133455276489258 
Cross_Entropy lr = 0.005 Loss 156/200 Loss is L =1.7186119556427002 
Cross_Entropy lr = 0.005 Loss 157/200 Loss is L =1.6766823530197144 
Cross_Entropy lr = 0.005 Loss 158/200 Loss is L =1.6871833801269531 
Cross_Entropy lr = 0.005 Loss 159/200 Loss is L =1.721780776977539 
Cross_Entropy lr = 0.005 Loss 160/200 Loss is L =1.713029146194458 
Cross_Entropy lr = 0.005 Loss 161/200 Loss is L =1.720192313194275 
Cross_Entropy lr = 0.005 Loss 162/200 Loss is L =1.729286551475525 
Cross_Entropy lr = 0.005 Loss 163/200 Loss is L =1.7003452777862549 
Cross_Entropy lr = 0.005 Loss 164/200 Loss is L =1.66751229763031 
Cross_Entropy lr = 0.005 Loss 165/200 Loss is L =1.7121829986572266 
Cross_Entropy lr = 0.005 Loss 166/200 Loss is L =1.7180757522583008 
Cross_Entropy lr = 0.005 Loss 167/200 Loss is L =1.7380640506744385 
Cross_Entropy lr = 0.005 Loss 168/200 Loss is L =1.7125383615493774 
Cross_Entropy lr = 0.005 Loss 169/200 Loss is L =1.7124338150024414 
Cross_Entropy lr = 0.005 Loss 170/200 Loss is L =1.7101291418075562 
Cross_Entropy lr = 0.005 Loss 171/200 Loss is L =1.6778916120529175 
Cross_Entropy lr = 0.005 Loss 172/200 Loss is L =1.688267707824707 
Cross_Entropy lr = 0.005 Loss 173/200 Loss is L =1.707250952720642 
Cross_Entropy lr = 0.005 Loss 174/200 Loss is L =1.6951929330825806 
Cross_Entropy lr = 0.005 Loss 175/200 Loss is L =1.6909942626953125 
Cross_Entropy lr = 0.005 Loss 176/200 Loss is L =1.7310539484024048 
Cross_Entropy lr = 0.005 Loss 177/200 Loss is L =1.7485843896865845 
Cross_Entropy lr = 0.005 Loss 178/200 Loss is L =1.710038423538208 
Cross_Entropy lr = 0.005 Loss 179/200 Loss is L =1.6882416009902954 
Cross_Entropy lr = 0.005 Loss 180/200 Loss is L =1.7242889404296875 
Cross_Entropy lr = 0.005 Loss 181/200 Loss is L =1.69386887550354 
Cross_Entropy lr = 0.005 Loss 182/200 Loss is L =1.7372099161148071 
Cross_Entropy lr = 0.005 Loss 183/200 Loss is L =1.7370169162750244 
Cross_Entropy lr = 0.005 Loss 184/200 Loss is L =1.7088491916656494 
Cross_Entropy lr = 0.005 Loss 185/200 Loss is L =1.7018005847930908 
Cross_Entropy lr = 0.005 Loss 186/200 Loss is L =1.704901099205017 
Cross_Entropy lr = 0.005 Loss 187/200 Loss is L =1.7012357711791992 
Cross_Entropy lr = 0.005 Loss 188/200 Loss is L =1.7433174848556519 
Cross_Entropy lr = 0.005 Loss 189/200 Loss is L =1.6942166090011597 
Cross_Entropy lr = 0.005 Loss 190/200 Loss is L =1.7194432020187378 
Cross_Entropy lr = 0.005 Loss 191/200 Loss is L =1.7467565536499023 
Cross_Entropy lr = 0.005 Loss 192/200 Loss is L =1.6755796670913696 
Cross_Entropy lr = 0.005 Loss 193/200 Loss is L =1.6723346710205078 
Cross_Entropy lr = 0.005 Loss 194/200 Loss is L =1.708687663078308 
Cross_Entropy lr = 0.005 Loss 195/200 Loss is L =1.722646951675415 
Cross_Entropy lr = 0.005 Loss 196/200 Loss is L =1.6764363050460815 
Cross_Entropy lr = 0.005 Loss 197/200 Loss is L =1.723811388015747 
Cross_Entropy lr = 0.005 Loss 198/200 Loss is L =1.706563949584961 
Cross_Entropy lr = 0.005 Loss 199/200 Loss is L =1.6851848363876343 
Cross_Entropy lr = 0.005 Loss 200/200 Loss is L =1.669626235961914 
Cross_Entropy lr = 0.01 Loss 1/200 Loss is L =2.0650460720062256 
Cross_Entropy lr = 0.01 Loss 2/200 Loss is L =2.0417802333831787 
Cross_Entropy lr = 0.01 Loss 3/200 Loss is L =2.016798734664917 
Cross_Entropy lr = 0.01 Loss 4/200 Loss is L =1.9944308996200562 
Cross_Entropy lr = 0.01 Loss 5/200 Loss is L =1.9337469339370728 
Cross_Entropy lr = 0.01 Loss 6/200 Loss is L =1.9390891790390015 
Cross_Entropy lr = 0.01 Loss 7/200 Loss is L =1.884523630142212 
Cross_Entropy lr = 0.01 Loss 8/200 Loss is L =1.8442589044570923 
Cross_Entropy lr = 0.01 Loss 9/200 Loss is L =1.6795371770858765 
Cross_Entropy lr = 0.01 Loss 10/200 Loss is L =1.6696566343307495 
Cross_Entropy lr = 0.01 Loss 11/200 Loss is L =1.6481751203536987 
Cross_Entropy lr = 0.01 Loss 12/200 Loss is L =1.616900086402893 
Cross_Entropy lr = 0.01 Loss 13/200 Loss is L =1.593027114868164 
Cross_Entropy lr = 0.01 Loss 14/200 Loss is L =1.5520151853561401 
Cross_Entropy lr = 0.01 Loss 15/200 Loss is L =1.6405757665634155 
Cross_Entropy lr = 0.01 Loss 16/200 Loss is L =1.601938247680664 
Cross_Entropy lr = 0.01 Loss 17/200 Loss is L =1.5463131666183472 
Cross_Entropy lr = 0.01 Loss 18/200 Loss is L =1.577565312385559 
Cross_Entropy lr = 0.01 Loss 19/200 Loss is L =1.5936509370803833 
Cross_Entropy lr = 0.01 Loss 20/200 Loss is L =1.578172206878662 
Cross_Entropy lr = 0.01 Loss 21/200 Loss is L =1.5835952758789062 
Cross_Entropy lr = 0.01 Loss 22/200 Loss is L =1.5460700988769531 
Cross_Entropy lr = 0.01 Loss 23/200 Loss is L =1.574575662612915 
Cross_Entropy lr = 0.01 Loss 24/200 Loss is L =1.5459316968917847 
Cross_Entropy lr = 0.01 Loss 25/200 Loss is L =1.5710569620132446 
Cross_Entropy lr = 0.01 Loss 26/200 Loss is L =1.5237518548965454 
Cross_Entropy lr = 0.01 Loss 27/200 Loss is L =1.557297945022583 
Cross_Entropy lr = 0.01 Loss 28/200 Loss is L =1.6126774549484253 
Cross_Entropy lr = 0.01 Loss 29/200 Loss is L =1.5566248893737793 
Cross_Entropy lr = 0.01 Loss 30/200 Loss is L =1.5791901350021362 
Cross_Entropy lr = 0.01 Loss 31/200 Loss is L =1.5580847263336182 
Cross_Entropy lr = 0.01 Loss 32/200 Loss is L =1.586328148841858 
Cross_Entropy lr = 0.01 Loss 33/200 Loss is L =1.5667444467544556 
Cross_Entropy lr = 0.01 Loss 34/200 Loss is L =1.5607002973556519 
Cross_Entropy lr = 0.01 Loss 35/200 Loss is L =1.5560530424118042 
Cross_Entropy lr = 0.01 Loss 36/200 Loss is L =1.572205901145935 
Cross_Entropy lr = 0.01 Loss 37/200 Loss is L =1.5391921997070312 
Cross_Entropy lr = 0.01 Loss 38/200 Loss is L =1.5719479322433472 
Cross_Entropy lr = 0.01 Loss 39/200 Loss is L =1.5762858390808105 
Cross_Entropy lr = 0.01 Loss 40/200 Loss is L =1.5446312427520752 
Cross_Entropy lr = 0.01 Loss 41/200 Loss is L =1.5748237371444702 
Cross_Entropy lr = 0.01 Loss 42/200 Loss is L =1.5254080295562744 
Cross_Entropy lr = 0.01 Loss 43/200 Loss is L =1.5383871793746948 
Cross_Entropy lr = 0.01 Loss 44/200 Loss is L =1.525341272354126 
Cross_Entropy lr = 0.01 Loss 45/200 Loss is L =1.5475730895996094 
Cross_Entropy lr = 0.01 Loss 46/200 Loss is L =1.5796483755111694 
Cross_Entropy lr = 0.01 Loss 47/200 Loss is L =1.517483115196228 
Cross_Entropy lr = 0.01 Loss 48/200 Loss is L =1.532849669456482 
Cross_Entropy lr = 0.01 Loss 49/200 Loss is L =1.580314040184021 
Cross_Entropy lr = 0.01 Loss 50/200 Loss is L =1.5372390747070312 
Cross_Entropy lr = 0.01 Loss 51/200 Loss is L =1.5531154870986938 
Cross_Entropy lr = 0.01 Loss 52/200 Loss is L =1.5784128904342651 
Cross_Entropy lr = 0.01 Loss 53/200 Loss is L =1.5514801740646362 
Cross_Entropy lr = 0.01 Loss 54/200 Loss is L =1.547319769859314 
Cross_Entropy lr = 0.01 Loss 55/200 Loss is L =1.617796540260315 
Cross_Entropy lr = 0.01 Loss 56/200 Loss is L =1.603422999382019 
Cross_Entropy lr = 0.01 Loss 57/200 Loss is L =1.5678242444992065 
Cross_Entropy lr = 0.01 Loss 58/200 Loss is L =1.5828908681869507 
Cross_Entropy lr = 0.01 Loss 59/200 Loss is L =1.6259498596191406 
Cross_Entropy lr = 0.01 Loss 60/200 Loss is L =1.5647724866867065 
Cross_Entropy lr = 0.01 Loss 61/200 Loss is L =1.575020670890808 
Cross_Entropy lr = 0.01 Loss 62/200 Loss is L =1.51134192943573 
Cross_Entropy lr = 0.01 Loss 63/200 Loss is L =1.6018236875534058 
Cross_Entropy lr = 0.01 Loss 64/200 Loss is L =1.5158442258834839 
Cross_Entropy lr = 0.01 Loss 65/200 Loss is L =1.5623358488082886 
Cross_Entropy lr = 0.01 Loss 66/200 Loss is L =1.5483839511871338 
Cross_Entropy lr = 0.01 Loss 67/200 Loss is L =1.5875954627990723 
Cross_Entropy lr = 0.01 Loss 68/200 Loss is L =1.5198040008544922 
Cross_Entropy lr = 0.01 Loss 69/200 Loss is L =1.5883876085281372 
Cross_Entropy lr = 0.01 Loss 70/200 Loss is L =1.535887360572815 
Cross_Entropy lr = 0.01 Loss 71/200 Loss is L =1.5475996732711792 
Cross_Entropy lr = 0.01 Loss 72/200 Loss is L =1.547471523284912 
Cross_Entropy lr = 0.01 Loss 73/200 Loss is L =1.538956642150879 
Cross_Entropy lr = 0.01 Loss 74/200 Loss is L =1.5662217140197754 
Cross_Entropy lr = 0.01 Loss 75/200 Loss is L =1.5529634952545166 
Cross_Entropy lr = 0.01 Loss 76/200 Loss is L =1.6143064498901367 
Cross_Entropy lr = 0.01 Loss 77/200 Loss is L =1.5977528095245361 
Cross_Entropy lr = 0.01 Loss 78/200 Loss is L =1.5180892944335938 
Cross_Entropy lr = 0.01 Loss 79/200 Loss is L =1.5427507162094116 
Cross_Entropy lr = 0.01 Loss 80/200 Loss is L =1.590038776397705 
Cross_Entropy lr = 0.01 Loss 81/200 Loss is L =1.5609735250473022 
Cross_Entropy lr = 0.01 Loss 82/200 Loss is L =1.5687276124954224 
Cross_Entropy lr = 0.01 Loss 83/200 Loss is L =1.5427178144454956 
Cross_Entropy lr = 0.01 Loss 84/200 Loss is L =1.5685744285583496 
Cross_Entropy lr = 0.01 Loss 85/200 Loss is L =1.5468876361846924 
Cross_Entropy lr = 0.01 Loss 86/200 Loss is L =1.5499706268310547 
Cross_Entropy lr = 0.01 Loss 87/200 Loss is L =1.5714926719665527 
Cross_Entropy lr = 0.01 Loss 88/200 Loss is L =1.540429711341858 
Cross_Entropy lr = 0.01 Loss 89/200 Loss is L =1.5684019327163696 
Cross_Entropy lr = 0.01 Loss 90/200 Loss is L =1.556773066520691 
Cross_Entropy lr = 0.01 Loss 91/200 Loss is L =1.6176751852035522 
Cross_Entropy lr = 0.01 Loss 92/200 Loss is L =1.5535364151000977 
Cross_Entropy lr = 0.01 Loss 93/200 Loss is L =1.55869460105896 
Cross_Entropy lr = 0.01 Loss 94/200 Loss is L =1.5322695970535278 
Cross_Entropy lr = 0.01 Loss 95/200 Loss is L =1.609330415725708 
Cross_Entropy lr = 0.01 Loss 96/200 Loss is L =1.5336599349975586 
Cross_Entropy lr = 0.01 Loss 97/200 Loss is L =1.533613681793213 
Cross_Entropy lr = 0.01 Loss 98/200 Loss is L =1.5984079837799072 
Cross_Entropy lr = 0.01 Loss 99/200 Loss is L =1.5506738424301147 
Cross_Entropy lr = 0.01 Loss 100/200 Loss is L =1.5327695608139038 
Cross_Entropy lr = 0.01 Loss 101/200 Loss is L =1.5688148736953735 
Cross_Entropy lr = 0.01 Loss 102/200 Loss is L =1.5672483444213867 
Cross_Entropy lr = 0.01 Loss 103/200 Loss is L =1.555456519126892 
Cross_Entropy lr = 0.01 Loss 104/200 Loss is L =1.5699620246887207 
Cross_Entropy lr = 0.01 Loss 105/200 Loss is L =1.5406755208969116 
Cross_Entropy lr = 0.01 Loss 106/200 Loss is L =1.519652247428894 
Cross_Entropy lr = 0.01 Loss 107/200 Loss is L =1.5611337423324585 
Cross_Entropy lr = 0.01 Loss 108/200 Loss is L =1.634722113609314 
Cross_Entropy lr = 0.01 Loss 109/200 Loss is L =1.574715495109558 
Cross_Entropy lr = 0.01 Loss 110/200 Loss is L =1.5431030988693237 
Cross_Entropy lr = 0.01 Loss 111/200 Loss is L =1.5837068557739258 
Cross_Entropy lr = 0.01 Loss 112/200 Loss is L =1.589890480041504 
Cross_Entropy lr = 0.01 Loss 113/200 Loss is L =1.515120267868042 
Cross_Entropy lr = 0.01 Loss 114/200 Loss is L =1.5609441995620728 
Cross_Entropy lr = 0.01 Loss 115/200 Loss is L =1.5181745290756226 
Cross_Entropy lr = 0.01 Loss 116/200 Loss is L =1.5411473512649536 
Cross_Entropy lr = 0.01 Loss 117/200 Loss is L =1.583706259727478 
Cross_Entropy lr = 0.01 Loss 118/200 Loss is L =1.53616201877594 
Cross_Entropy lr = 0.01 Loss 119/200 Loss is L =1.530918002128601 
Cross_Entropy lr = 0.01 Loss 120/200 Loss is L =1.544875144958496 
Cross_Entropy lr = 0.01 Loss 121/200 Loss is L =1.5219898223876953 
Cross_Entropy lr = 0.01 Loss 122/200 Loss is L =1.5376619100570679 
Cross_Entropy lr = 0.01 Loss 123/200 Loss is L =1.577275276184082 
Cross_Entropy lr = 0.01 Loss 124/200 Loss is L =1.5615379810333252 
Cross_Entropy lr = 0.01 Loss 125/200 Loss is L =1.566111445426941 
Cross_Entropy lr = 0.01 Loss 126/200 Loss is L =1.5610102415084839 
Cross_Entropy lr = 0.01 Loss 127/200 Loss is L =1.5609344244003296 
Cross_Entropy lr = 0.01 Loss 128/200 Loss is L =1.569047451019287 
Cross_Entropy lr = 0.01 Loss 129/200 Loss is L =1.5796207189559937 
Cross_Entropy lr = 0.01 Loss 130/200 Loss is L =1.6199226379394531 
Cross_Entropy lr = 0.01 Loss 131/200 Loss is L =1.5883158445358276 
Cross_Entropy lr = 0.01 Loss 132/200 Loss is L =1.5331178903579712 
Cross_Entropy lr = 0.01 Loss 133/200 Loss is L =1.5680955648422241 
Cross_Entropy lr = 0.01 Loss 134/200 Loss is L =1.5996135473251343 
Cross_Entropy lr = 0.01 Loss 135/200 Loss is L =1.576612949371338 
Cross_Entropy lr = 0.01 Loss 136/200 Loss is L =1.5467045307159424 
Cross_Entropy lr = 0.01 Loss 137/200 Loss is L =1.5603855848312378 
Cross_Entropy lr = 0.01 Loss 138/200 Loss is L =1.5564751625061035 
Cross_Entropy lr = 0.01 Loss 139/200 Loss is L =1.51345956325531 
Cross_Entropy lr = 0.01 Loss 140/200 Loss is L =1.5355685949325562 
Cross_Entropy lr = 0.01 Loss 141/200 Loss is L =1.5108082294464111 
Cross_Entropy lr = 0.01 Loss 142/200 Loss is L =1.5239039659500122 
Cross_Entropy lr = 0.01 Loss 143/200 Loss is L =1.5093544721603394 
Cross_Entropy lr = 0.01 Loss 144/200 Loss is L =1.5368616580963135 
Cross_Entropy lr = 0.01 Loss 145/200 Loss is L =1.532467246055603 
Cross_Entropy lr = 0.01 Loss 146/200 Loss is L =1.521174430847168 
Cross_Entropy lr = 0.01 Loss 147/200 Loss is L =1.5952141284942627 
Cross_Entropy lr = 0.01 Loss 148/200 Loss is L =1.5426791906356812 
Cross_Entropy lr = 0.01 Loss 149/200 Loss is L =1.591289758682251 
Cross_Entropy lr = 0.01 Loss 150/200 Loss is L =1.5328251123428345 
Cross_Entropy lr = 0.01 Loss 151/200 Loss is L =1.5759881734848022 
Cross_Entropy lr = 0.01 Loss 152/200 Loss is L =1.5435632467269897 
Cross_Entropy lr = 0.01 Loss 153/200 Loss is L =1.5614444017410278 
Cross_Entropy lr = 0.01 Loss 154/200 Loss is L =1.5481029748916626 
Cross_Entropy lr = 0.01 Loss 155/200 Loss is L =1.5655624866485596 
Cross_Entropy lr = 0.01 Loss 156/200 Loss is L =1.546951413154602 
Cross_Entropy lr = 0.01 Loss 157/200 Loss is L =1.5592864751815796 
Cross_Entropy lr = 0.01 Loss 158/200 Loss is L =1.597525954246521 
Cross_Entropy lr = 0.01 Loss 159/200 Loss is L =1.5410194396972656 
Cross_Entropy lr = 0.01 Loss 160/200 Loss is L =1.5558431148529053 
Cross_Entropy lr = 0.01 Loss 161/200 Loss is L =1.5680015087127686 
Cross_Entropy lr = 0.01 Loss 162/200 Loss is L =1.5355989933013916 
Cross_Entropy lr = 0.01 Loss 163/200 Loss is L =1.5806841850280762 
Cross_Entropy lr = 0.01 Loss 164/200 Loss is L =1.5595855712890625 
Cross_Entropy lr = 0.01 Loss 165/200 Loss is L =1.553920030593872 
Cross_Entropy lr = 0.01 Loss 166/200 Loss is L =1.5668213367462158 
Cross_Entropy lr = 0.01 Loss 167/200 Loss is L =1.5290964841842651 
Cross_Entropy lr = 0.01 Loss 168/200 Loss is L =1.5433756113052368 
Cross_Entropy lr = 0.01 Loss 169/200 Loss is L =1.5804353952407837 
Cross_Entropy lr = 0.01 Loss 170/200 Loss is L =1.5763626098632812 
Cross_Entropy lr = 0.01 Loss 171/200 Loss is L =1.5729649066925049 
Cross_Entropy lr = 0.01 Loss 172/200 Loss is L =1.5538581609725952 
Cross_Entropy lr = 0.01 Loss 173/200 Loss is L =1.5787919759750366 
Cross_Entropy lr = 0.01 Loss 174/200 Loss is L =1.5447360277175903 
Cross_Entropy lr = 0.01 Loss 175/200 Loss is L =1.5273751020431519 
Cross_Entropy lr = 0.01 Loss 176/200 Loss is L =1.5544813871383667 
Cross_Entropy lr = 0.01 Loss 177/200 Loss is L =1.546318531036377 
Cross_Entropy lr = 0.01 Loss 178/200 Loss is L =1.5584840774536133 
Cross_Entropy lr = 0.01 Loss 179/200 Loss is L =1.5830315351486206 
Cross_Entropy lr = 0.01 Loss 180/200 Loss is L =1.587378740310669 
Cross_Entropy lr = 0.01 Loss 181/200 Loss is L =1.5244476795196533 
Cross_Entropy lr = 0.01 Loss 182/200 Loss is L =1.5562188625335693 
Cross_Entropy lr = 0.01 Loss 183/200 Loss is L =1.545790195465088 
Cross_Entropy lr = 0.01 Loss 184/200 Loss is L =1.5239068269729614 
Cross_Entropy lr = 0.01 Loss 185/200 Loss is L =1.5620282888412476 
Cross_Entropy lr = 0.01 Loss 186/200 Loss is L =1.5476866960525513 
Cross_Entropy lr = 0.01 Loss 187/200 Loss is L =1.5462700128555298 
Cross_Entropy lr = 0.01 Loss 188/200 Loss is L =1.5326389074325562 
Cross_Entropy lr = 0.01 Loss 189/200 Loss is L =1.5770248174667358 
Cross_Entropy lr = 0.01 Loss 190/200 Loss is L =1.544834017753601 
Cross_Entropy lr = 0.01 Loss 191/200 Loss is L =1.512319564819336 
Cross_Entropy lr = 0.01 Loss 192/200 Loss is L =1.494497299194336 
Cross_Entropy lr = 0.01 Loss 193/200 Loss is L =1.5198280811309814 
Cross_Entropy lr = 0.01 Loss 194/200 Loss is L =1.540344476699829 
Cross_Entropy lr = 0.01 Loss 195/200 Loss is L =1.538934350013733 
Cross_Entropy lr = 0.01 Loss 196/200 Loss is L =1.630554437637329 
Cross_Entropy lr = 0.01 Loss 197/200 Loss is L =1.5117946863174438 
Cross_Entropy lr = 0.01 Loss 198/200 Loss is L =1.5410908460617065 
Cross_Entropy lr = 0.01 Loss 199/200 Loss is L =1.4957195520401 
Cross_Entropy lr = 0.01 Loss 200/200 Loss is L =1.573184609413147 
Cross_Entropy lr = 0.5 Loss 1/200 Loss is L =1.9563114643096924 
Cross_Entropy lr = 0.5 Loss 2/200 Loss is L =1.8677185773849487 
Cross_Entropy lr = 0.5 Loss 3/200 Loss is L =1.9761232137680054 
Cross_Entropy lr = 0.5 Loss 4/200 Loss is L =1.784103274345398 
Cross_Entropy lr = 0.5 Loss 5/200 Loss is L =1.837188959121704 
Cross_Entropy lr = 0.5 Loss 6/200 Loss is L =1.6902474164962769 
Cross_Entropy lr = 0.5 Loss 7/200 Loss is L =1.654658555984497 
Cross_Entropy lr = 0.5 Loss 8/200 Loss is L =1.5593827962875366 
Cross_Entropy lr = 0.5 Loss 9/200 Loss is L =1.606692910194397 
Cross_Entropy lr = 0.5 Loss 10/200 Loss is L =1.5410223007202148 
Cross_Entropy lr = 0.5 Loss 11/200 Loss is L =1.5001415014266968 
Cross_Entropy lr = 0.5 Loss 12/200 Loss is L =1.545488953590393 
Cross_Entropy lr = 0.5 Loss 13/200 Loss is L =1.4140304327011108 
Cross_Entropy lr = 0.5 Loss 14/200 Loss is L =1.5946985483169556 
Cross_Entropy lr = 0.5 Loss 15/200 Loss is L =1.5670570135116577 
Cross_Entropy lr = 0.5 Loss 16/200 Loss is L =1.5864441394805908 
Cross_Entropy lr = 0.5 Loss 17/200 Loss is L =1.5828315019607544 
Cross_Entropy lr = 0.5 Loss 18/200 Loss is L =1.5836199522018433 
Cross_Entropy lr = 0.5 Loss 19/200 Loss is L =1.550703525543213 
Cross_Entropy lr = 0.5 Loss 20/200 Loss is L =1.483734130859375 
Cross_Entropy lr = 0.5 Loss 21/200 Loss is L =1.575107455253601 
Cross_Entropy lr = 0.5 Loss 22/200 Loss is L =1.4350111484527588 
Cross_Entropy lr = 0.5 Loss 23/200 Loss is L =1.5845012664794922 
Cross_Entropy lr = 0.5 Loss 24/200 Loss is L =1.4536298513412476 
Cross_Entropy lr = 0.5 Loss 25/200 Loss is L =1.5259367227554321 
Cross_Entropy lr = 0.5 Loss 26/200 Loss is L =1.5341428518295288 
Cross_Entropy lr = 0.5 Loss 27/200 Loss is L =1.5746082067489624 
Cross_Entropy lr = 0.5 Loss 28/200 Loss is L =1.4366981983184814 
Cross_Entropy lr = 0.5 Loss 29/200 Loss is L =1.550543189048767 
Cross_Entropy lr = 0.5 Loss 30/200 Loss is L =1.517037272453308 
Cross_Entropy lr = 0.5 Loss 31/200 Loss is L =1.5094833374023438 
Cross_Entropy lr = 0.5 Loss 32/200 Loss is L =1.5193136930465698 
Cross_Entropy lr = 0.5 Loss 33/200 Loss is L =1.545889139175415 
Cross_Entropy lr = 0.5 Loss 34/200 Loss is L =1.5177757740020752 
Cross_Entropy lr = 0.5 Loss 35/200 Loss is L =1.3998868465423584 
Cross_Entropy lr = 0.5 Loss 36/200 Loss is L =1.4951399564743042 
Cross_Entropy lr = 0.5 Loss 37/200 Loss is L =1.5197542905807495 
Cross_Entropy lr = 0.5 Loss 38/200 Loss is L =1.5645052194595337 
Cross_Entropy lr = 0.5 Loss 39/200 Loss is L =1.5012598037719727 
Cross_Entropy lr = 0.5 Loss 40/200 Loss is L =1.5047333240509033 
Cross_Entropy lr = 0.5 Loss 41/200 Loss is L =1.5069422721862793 
Cross_Entropy lr = 0.5 Loss 42/200 Loss is L =1.5108240842819214 
Cross_Entropy lr = 0.5 Loss 43/200 Loss is L =1.5683671236038208 
Cross_Entropy lr = 0.5 Loss 44/200 Loss is L =1.5143179893493652 
Cross_Entropy lr = 0.5 Loss 45/200 Loss is L =1.5526063442230225 
Cross_Entropy lr = 0.5 Loss 46/200 Loss is L =1.3887269496917725 
Cross_Entropy lr = 0.5 Loss 47/200 Loss is L =1.450295329093933 
Cross_Entropy lr = 0.5 Loss 48/200 Loss is L =1.497800588607788 
Cross_Entropy lr = 0.5 Loss 49/200 Loss is L =1.520931601524353 
Cross_Entropy lr = 0.5 Loss 50/200 Loss is L =1.488336443901062 
Cross_Entropy lr = 0.5 Loss 51/200 Loss is L =1.445752739906311 
Cross_Entropy lr = 0.5 Loss 52/200 Loss is L =1.5393352508544922 
Cross_Entropy lr = 0.5 Loss 53/200 Loss is L =1.4864823818206787 
Cross_Entropy lr = 0.5 Loss 54/200 Loss is L =1.4601314067840576 
Cross_Entropy lr = 0.5 Loss 55/200 Loss is L =1.5779145956039429 
Cross_Entropy lr = 0.5 Loss 56/200 Loss is L =1.4890650510787964 
Cross_Entropy lr = 0.5 Loss 57/200 Loss is L =1.4008692502975464 
Cross_Entropy lr = 0.5 Loss 58/200 Loss is L =1.543494462966919 
Cross_Entropy lr = 0.5 Loss 59/200 Loss is L =1.5675220489501953 
Cross_Entropy lr = 0.5 Loss 60/200 Loss is L =1.544379711151123 
Cross_Entropy lr = 0.5 Loss 61/200 Loss is L =1.4950056076049805 
Cross_Entropy lr = 0.5 Loss 62/200 Loss is L =1.433690071105957 
Cross_Entropy lr = 0.5 Loss 63/200 Loss is L =1.467044472694397 
Cross_Entropy lr = 0.5 Loss 64/200 Loss is L =1.5447072982788086 
Cross_Entropy lr = 0.5 Loss 65/200 Loss is L =1.5767245292663574 
Cross_Entropy lr = 0.5 Loss 66/200 Loss is L =1.4844540357589722 
Cross_Entropy lr = 0.5 Loss 67/200 Loss is L =1.6128870248794556 
Cross_Entropy lr = 0.5 Loss 68/200 Loss is L =1.6204241514205933 
Cross_Entropy lr = 0.5 Loss 69/200 Loss is L =1.4825105667114258 
Cross_Entropy lr = 0.5 Loss 70/200 Loss is L =1.5221189260482788 
Cross_Entropy lr = 0.5 Loss 71/200 Loss is L =1.4834316968917847 
Cross_Entropy lr = 0.5 Loss 72/200 Loss is L =1.451431393623352 
Cross_Entropy lr = 0.5 Loss 73/200 Loss is L =1.4779261350631714 
Cross_Entropy lr = 0.5 Loss 74/200 Loss is L =1.51153564453125 
Cross_Entropy lr = 0.5 Loss 75/200 Loss is L =1.5713331699371338 
Cross_Entropy lr = 0.5 Loss 76/200 Loss is L =1.550896167755127 
Cross_Entropy lr = 0.5 Loss 77/200 Loss is L =1.5319427251815796 
Cross_Entropy lr = 0.5 Loss 78/200 Loss is L =1.4527435302734375 
Cross_Entropy lr = 0.5 Loss 79/200 Loss is L =1.4843029975891113 
Cross_Entropy lr = 0.5 Loss 80/200 Loss is L =1.5063647031784058 
Cross_Entropy lr = 0.5 Loss 81/200 Loss is L =1.5066379308700562 
Cross_Entropy lr = 0.5 Loss 82/200 Loss is L =1.594067931175232 
Cross_Entropy lr = 0.5 Loss 83/200 Loss is L =1.5255814790725708 
Cross_Entropy lr = 0.5 Loss 84/200 Loss is L =1.510247826576233 
Cross_Entropy lr = 0.5 Loss 85/200 Loss is L =1.5153732299804688 
Cross_Entropy lr = 0.5 Loss 86/200 Loss is L =1.5238207578659058 
Cross_Entropy lr = 0.5 Loss 87/200 Loss is L =1.5012739896774292 
Cross_Entropy lr = 0.5 Loss 88/200 Loss is L =1.5087852478027344 
Cross_Entropy lr = 0.5 Loss 89/200 Loss is L =1.481717824935913 
Cross_Entropy lr = 0.5 Loss 90/200 Loss is L =1.5300372838974 
Cross_Entropy lr = 0.5 Loss 91/200 Loss is L =1.4315822124481201 
Cross_Entropy lr = 0.5 Loss 92/200 Loss is L =1.4603993892669678 
Cross_Entropy lr = 0.5 Loss 93/200 Loss is L =1.613460898399353 
Cross_Entropy lr = 0.5 Loss 94/200 Loss is L =1.5506232976913452 
Cross_Entropy lr = 0.5 Loss 95/200 Loss is L =1.5648858547210693 
Cross_Entropy lr = 0.5 Loss 96/200 Loss is L =1.526208519935608 
Cross_Entropy lr = 0.5 Loss 97/200 Loss is L =1.4786595106124878 
Cross_Entropy lr = 0.5 Loss 98/200 Loss is L =1.43155837059021 
Cross_Entropy lr = 0.5 Loss 99/200 Loss is L =1.4814194440841675 
Cross_Entropy lr = 0.5 Loss 100/200 Loss is L =1.645471215248108 
Cross_Entropy lr = 0.5 Loss 101/200 Loss is L =1.5357075929641724 
Cross_Entropy lr = 0.5 Loss 102/200 Loss is L =1.4567008018493652 
Cross_Entropy lr = 0.5 Loss 103/200 Loss is L =1.4105002880096436 
Cross_Entropy lr = 0.5 Loss 104/200 Loss is L =1.3718950748443604 
Cross_Entropy lr = 0.5 Loss 105/200 Loss is L =1.4277509450912476 
Cross_Entropy lr = 0.5 Loss 106/200 Loss is L =1.4762877225875854 
Cross_Entropy lr = 0.5 Loss 107/200 Loss is L =1.5474849939346313 
Cross_Entropy lr = 0.5 Loss 108/200 Loss is L =1.4760487079620361 
Cross_Entropy lr = 0.5 Loss 109/200 Loss is L =1.5723036527633667 
Cross_Entropy lr = 0.5 Loss 110/200 Loss is L =1.544454574584961 
Cross_Entropy lr = 0.5 Loss 111/200 Loss is L =1.53837251663208 
Cross_Entropy lr = 0.5 Loss 112/200 Loss is L =1.4705151319503784 
Cross_Entropy lr = 0.5 Loss 113/200 Loss is L =1.5771986246109009 
Cross_Entropy lr = 0.5 Loss 114/200 Loss is L =1.5412638187408447 
Cross_Entropy lr = 0.5 Loss 115/200 Loss is L =1.5529813766479492 
Cross_Entropy lr = 0.5 Loss 116/200 Loss is L =1.448122501373291 
Cross_Entropy lr = 0.5 Loss 117/200 Loss is L =1.5228054523468018 
Cross_Entropy lr = 0.5 Loss 118/200 Loss is L =1.579605221748352 
Cross_Entropy lr = 0.5 Loss 119/200 Loss is L =1.5030313730239868 
Cross_Entropy lr = 0.5 Loss 120/200 Loss is L =1.5907973051071167 
Cross_Entropy lr = 0.5 Loss 121/200 Loss is L =1.5632778406143188 
Cross_Entropy lr = 0.5 Loss 122/200 Loss is L =1.543381690979004 
Cross_Entropy lr = 0.5 Loss 123/200 Loss is L =1.4568777084350586 
Cross_Entropy lr = 0.5 Loss 124/200 Loss is L =1.54994797706604 
Cross_Entropy lr = 0.5 Loss 125/200 Loss is L =1.5004055500030518 
Cross_Entropy lr = 0.5 Loss 126/200 Loss is L =1.4542979001998901 
Cross_Entropy lr = 0.5 Loss 127/200 Loss is L =1.4059170484542847 
Cross_Entropy lr = 0.5 Loss 128/200 Loss is L =1.4954599142074585 
Cross_Entropy lr = 0.5 Loss 129/200 Loss is L =1.4769736528396606 
Cross_Entropy lr = 0.5 Loss 130/200 Loss is L =1.4278415441513062 
Cross_Entropy lr = 0.5 Loss 131/200 Loss is L =1.532345175743103 
Cross_Entropy lr = 0.5 Loss 132/200 Loss is L =1.4772964715957642 
Cross_Entropy lr = 0.5 Loss 133/200 Loss is L =1.5198495388031006 
Cross_Entropy lr = 0.5 Loss 134/200 Loss is L =1.4810612201690674 
Cross_Entropy lr = 0.5 Loss 135/200 Loss is L =1.4267430305480957 
Cross_Entropy lr = 0.5 Loss 136/200 Loss is L =1.3843249082565308 
Cross_Entropy lr = 0.5 Loss 137/200 Loss is L =1.503308653831482 
Cross_Entropy lr = 0.5 Loss 138/200 Loss is L =1.5435324907302856 
Cross_Entropy lr = 0.5 Loss 139/200 Loss is L =1.5015897750854492 
Cross_Entropy lr = 0.5 Loss 140/200 Loss is L =1.4774788618087769 
Cross_Entropy lr = 0.5 Loss 141/200 Loss is L =1.5628206729888916 
Cross_Entropy lr = 0.5 Loss 142/200 Loss is L =1.615740418434143 
Cross_Entropy lr = 0.5 Loss 143/200 Loss is L =1.4677931070327759 
Cross_Entropy lr = 0.5 Loss 144/200 Loss is L =1.554243564605713 
Cross_Entropy lr = 0.5 Loss 145/200 Loss is L =1.5649622678756714 
Cross_Entropy lr = 0.5 Loss 146/200 Loss is L =1.508177638053894 
Cross_Entropy lr = 0.5 Loss 147/200 Loss is L =1.5758355855941772 
Cross_Entropy lr = 0.5 Loss 148/200 Loss is L =1.5300158262252808 
Cross_Entropy lr = 0.5 Loss 149/200 Loss is L =1.574202537536621 
Cross_Entropy lr = 0.5 Loss 150/200 Loss is L =1.5818419456481934 
Cross_Entropy lr = 0.5 Loss 151/200 Loss is L =1.432792067527771 
Cross_Entropy lr = 0.5 Loss 152/200 Loss is L =1.5247834920883179 
Cross_Entropy lr = 0.5 Loss 153/200 Loss is L =1.5656929016113281 
Cross_Entropy lr = 0.5 Loss 154/200 Loss is L =1.5430697202682495 
Cross_Entropy lr = 0.5 Loss 155/200 Loss is L =1.4541902542114258 
Cross_Entropy lr = 0.5 Loss 156/200 Loss is L =1.4688879251480103 
Cross_Entropy lr = 0.5 Loss 157/200 Loss is L =1.4797219038009644 
Cross_Entropy lr = 0.5 Loss 158/200 Loss is L =1.4730647802352905 
Cross_Entropy lr = 0.5 Loss 159/200 Loss is L =1.5435681343078613 
Cross_Entropy lr = 0.5 Loss 160/200 Loss is L =1.4424253702163696 
Cross_Entropy lr = 0.5 Loss 161/200 Loss is L =1.4964829683303833 
Cross_Entropy lr = 0.5 Loss 162/200 Loss is L =1.6482559442520142 
Cross_Entropy lr = 0.5 Loss 163/200 Loss is L =1.5621846914291382 
Cross_Entropy lr = 0.5 Loss 164/200 Loss is L =1.4129645824432373 
Cross_Entropy lr = 0.5 Loss 165/200 Loss is L =1.511397123336792 
Cross_Entropy lr = 0.5 Loss 166/200 Loss is L =1.5465794801712036 
Cross_Entropy lr = 0.5 Loss 167/200 Loss is L =1.4791381359100342 
Cross_Entropy lr = 0.5 Loss 168/200 Loss is L =1.4689911603927612 
Cross_Entropy lr = 0.5 Loss 169/200 Loss is L =1.593143343925476 
Cross_Entropy lr = 0.5 Loss 170/200 Loss is L =1.4596834182739258 
Cross_Entropy lr = 0.5 Loss 171/200 Loss is L =1.5232795476913452 
Cross_Entropy lr = 0.5 Loss 172/200 Loss is L =1.5261067152023315 
Cross_Entropy lr = 0.5 Loss 173/200 Loss is L =1.5009373426437378 
Cross_Entropy lr = 0.5 Loss 174/200 Loss is L =1.4812897443771362 
Cross_Entropy lr = 0.5 Loss 175/200 Loss is L =1.571982741355896 
Cross_Entropy lr = 0.5 Loss 176/200 Loss is L =1.5612539052963257 
Cross_Entropy lr = 0.5 Loss 177/200 Loss is L =1.4427013397216797 
Cross_Entropy lr = 0.5 Loss 178/200 Loss is L =1.4513325691223145 
Cross_Entropy lr = 0.5 Loss 179/200 Loss is L =1.582123041152954 
Cross_Entropy lr = 0.5 Loss 180/200 Loss is L =1.4966970682144165 
Cross_Entropy lr = 0.5 Loss 181/200 Loss is L =1.5177899599075317 
Cross_Entropy lr = 0.5 Loss 182/200 Loss is L =1.50078547000885 
Cross_Entropy lr = 0.5 Loss 183/200 Loss is L =1.4228051900863647 
Cross_Entropy lr = 0.5 Loss 184/200 Loss is L =1.5565556287765503 
Cross_Entropy lr = 0.5 Loss 185/200 Loss is L =1.507595419883728 
Cross_Entropy lr = 0.5 Loss 186/200 Loss is L =1.5671271085739136 
Cross_Entropy lr = 0.5 Loss 187/200 Loss is L =1.5643151998519897 
Cross_Entropy lr = 0.5 Loss 188/200 Loss is L =1.4512050151824951 
Cross_Entropy lr = 0.5 Loss 189/200 Loss is L =1.5457344055175781 
Cross_Entropy lr = 0.5 Loss 190/200 Loss is L =1.433674693107605 
Cross_Entropy lr = 0.5 Loss 191/200 Loss is L =1.4856709241867065 
Cross_Entropy lr = 0.5 Loss 192/200 Loss is L =1.4757438898086548 
Cross_Entropy lr = 0.5 Loss 193/200 Loss is L =1.4902523756027222 
Cross_Entropy lr = 0.5 Loss 194/200 Loss is L =1.5561729669570923 
Cross_Entropy lr = 0.5 Loss 195/200 Loss is L =1.4900060892105103 
Cross_Entropy lr = 0.5 Loss 196/200 Loss is L =1.480926513671875 
Cross_Entropy lr = 0.5 Loss 197/200 Loss is L =1.417907953262329 
Cross_Entropy lr = 0.5 Loss 198/200 Loss is L =1.481021523475647 
Cross_Entropy lr = 0.5 Loss 199/200 Loss is L =1.5315003395080566 
Cross_Entropy lr = 0.5 Loss 200/200 Loss is L =1.575498104095459 
