Program will start executing in a bit
/apps/sw/miniconda/envs/ai-4/lib/python3.10/site-packages/torch/utils/_device.py:77: UserWarning: To copy construct from a tensor, it is recommended to use sourceTensor.clone().detach() or sourceTensor.clone().detach().requires_grad_(True), rather than torch.tensor(sourceTensor).
  return func(*args, **kwargs)
✅ Using CUDA globally
GPU: Tesla V100-SXM3-32GB
Current directory: /home/cbe05/MaqamDiffusion
lr = 1e-05 Loss 1/250 Loss is L =0.24042506515979767 
lr = 1e-05 Loss 2/250 Loss is L =0.15627233684062958 
lr = 1e-05 Loss 3/250 Loss is L =0.10221519321203232 
lr = 1e-05 Loss 4/250 Loss is L =0.07528852671384811 
lr = 1e-05 Loss 5/250 Loss is L =0.06330160051584244 
lr = 1e-05 Loss 6/250 Loss is L =0.05483380705118179 
lr = 1e-05 Loss 7/250 Loss is L =0.05212968587875366 
lr = 1e-05 Loss 8/250 Loss is L =0.04502704739570618 
lr = 1e-05 Loss 9/250 Loss is L =0.045228853821754456 
lr = 1e-05 Loss 10/250 Loss is L =0.04334560036659241 
lr = 1e-05 Loss 11/250 Loss is L =0.04122301563620567 
lr = 1e-05 Loss 12/250 Loss is L =0.04187851771712303 
lr = 1e-05 Loss 13/250 Loss is L =0.041016072034835815 
lr = 1e-05 Loss 14/250 Loss is L =0.03818922117352486 
lr = 1e-05 Loss 15/250 Loss is L =0.038070984184741974 
lr = 1e-05 Loss 16/250 Loss is L =0.0367610938847065 
lr = 1e-05 Loss 17/250 Loss is L =0.038518644869327545 
lr = 1e-05 Loss 18/250 Loss is L =0.03760182484984398 
lr = 1e-05 Loss 19/250 Loss is L =0.035711172968149185 
lr = 1e-05 Loss 20/250 Loss is L =0.03897444158792496 
lr = 1e-05 Loss 21/250 Loss is L =0.03715711086988449 
lr = 1e-05 Loss 22/250 Loss is L =0.035429712384939194 
lr = 1e-05 Loss 23/250 Loss is L =0.037621982395648956 
lr = 1e-05 Loss 24/250 Loss is L =0.03688618168234825 
lr = 1e-05 Loss 25/250 Loss is L =0.0369914248585701 
lr = 1e-05 Loss 26/250 Loss is L =0.035720452666282654 
lr = 1e-05 Loss 27/250 Loss is L =0.03406527265906334 
lr = 1e-05 Loss 28/250 Loss is L =0.032754939049482346 
lr = 1e-05 Loss 29/250 Loss is L =0.03679092600941658 
lr = 1e-05 Loss 30/250 Loss is L =0.033096637576818466 
lr = 1e-05 Loss 31/250 Loss is L =0.03244118019938469 
lr = 1e-05 Loss 32/250 Loss is L =0.036115504801273346 
lr = 1e-05 Loss 33/250 Loss is L =0.037514492869377136 
lr = 1e-05 Loss 34/250 Loss is L =0.034771423786878586 
lr = 1e-05 Loss 35/250 Loss is L =0.03558877110481262 
lr = 1e-05 Loss 36/250 Loss is L =0.034967001527547836 
lr = 1e-05 Loss 37/250 Loss is L =0.034422870725393295 
lr = 1e-05 Loss 38/250 Loss is L =0.033788423985242844 
lr = 1e-05 Loss 39/250 Loss is L =0.03389286249876022 
lr = 1e-05 Loss 40/250 Loss is L =0.03548813983798027 
lr = 1e-05 Loss 41/250 Loss is L =0.032950788736343384 
lr = 1e-05 Loss 42/250 Loss is L =0.034399405121803284 
lr = 1e-05 Loss 43/250 Loss is L =0.03648905083537102 
lr = 1e-05 Loss 44/250 Loss is L =0.03334537521004677 
lr = 1e-05 Loss 45/250 Loss is L =0.035957105457782745 
lr = 1e-05 Loss 46/250 Loss is L =0.033451683819293976 
lr = 1e-05 Loss 47/250 Loss is L =0.03280133381485939 
lr = 1e-05 Loss 48/250 Loss is L =0.03419840335845947 
lr = 1e-05 Loss 49/250 Loss is L =0.032134171575307846 
lr = 1e-05 Loss 50/250 Loss is L =0.032889124006032944 
lr = 1e-05 Loss 51/250 Loss is L =0.030221763998270035 
lr = 1e-05 Loss 52/250 Loss is L =0.03013506531715393 
lr = 1e-05 Loss 53/250 Loss is L =0.032044436782598495 
lr = 1e-05 Loss 54/250 Loss is L =0.0329582504928112 
lr = 1e-05 Loss 55/250 Loss is L =0.03504408895969391 
lr = 1e-05 Loss 56/250 Loss is L =0.030628103762865067 
lr = 1e-05 Loss 57/250 Loss is L =0.03696556016802788 
lr = 1e-05 Loss 58/250 Loss is L =0.031092042103409767 
lr = 1e-05 Loss 59/250 Loss is L =0.03409121558070183 
lr = 1e-05 Loss 60/250 Loss is L =0.03366827592253685 
lr = 1e-05 Loss 61/250 Loss is L =0.032815348356962204 
lr = 1e-05 Loss 62/250 Loss is L =0.029998475685715675 
lr = 1e-05 Loss 63/250 Loss is L =0.032277945429086685 
lr = 1e-05 Loss 64/250 Loss is L =0.0349838025867939 
lr = 1e-05 Loss 65/250 Loss is L =0.03125962242484093 
lr = 1e-05 Loss 66/250 Loss is L =0.030433297157287598 
lr = 1e-05 Loss 67/250 Loss is L =0.03367230296134949 
lr = 1e-05 Loss 68/250 Loss is L =0.03370857611298561 
lr = 1e-05 Loss 69/250 Loss is L =0.03289061412215233 
lr = 1e-05 Loss 70/250 Loss is L =0.03390878066420555 
lr = 1e-05 Loss 71/250 Loss is L =0.03156377002596855 
lr = 1e-05 Loss 72/250 Loss is L =0.029754051938652992 
lr = 1e-05 Loss 73/250 Loss is L =0.032427575439214706 
lr = 1e-05 Loss 74/250 Loss is L =0.031954552978277206 
lr = 1e-05 Loss 75/250 Loss is L =0.03482019901275635 
lr = 1e-05 Loss 76/250 Loss is L =0.03164910897612572 
lr = 1e-05 Loss 77/250 Loss is L =0.030716700479388237 
lr = 1e-05 Loss 78/250 Loss is L =0.03129892796278 
lr = 1e-05 Loss 79/250 Loss is L =0.03071776032447815 
lr = 1e-05 Loss 80/250 Loss is L =0.03206111490726471 
lr = 1e-05 Loss 81/250 Loss is L =0.03152414783835411 
lr = 1e-05 Loss 82/250 Loss is L =0.03033253364264965 
lr = 1e-05 Loss 83/250 Loss is L =0.033045802265405655 
lr = 1e-05 Loss 84/250 Loss is L =0.029950851574540138 
lr = 1e-05 Loss 85/250 Loss is L =0.03303231671452522 
lr = 1e-05 Loss 86/250 Loss is L =0.03143550455570221 
lr = 1e-05 Loss 87/250 Loss is L =0.032385725528001785 
lr = 1e-05 Loss 88/250 Loss is L =0.030649472028017044 
lr = 1e-05 Loss 89/250 Loss is L =0.03132736682891846 
lr = 1e-05 Loss 90/250 Loss is L =0.030660003423690796 
lr = 1e-05 Loss 91/250 Loss is L =0.03201202675700188 
lr = 1e-05 Loss 92/250 Loss is L =0.028293360024690628 
lr = 1e-05 Loss 93/250 Loss is L =0.032945722341537476 
lr = 1e-05 Loss 94/250 Loss is L =0.03075144998729229 
lr = 1e-05 Loss 95/250 Loss is L =0.03328400105237961 
lr = 1e-05 Loss 96/250 Loss is L =0.032044123858213425 
lr = 1e-05 Loss 97/250 Loss is L =0.033138275146484375 
lr = 1e-05 Loss 98/250 Loss is L =0.03011142648756504 
lr = 1e-05 Loss 99/250 Loss is L =0.028994595631957054 
lr = 1e-05 Loss 100/250 Loss is L =0.030696695670485497 
lr = 1e-05 Loss 101/250 Loss is L =0.034335847944021225 
lr = 1e-05 Loss 102/250 Loss is L =0.0344897024333477 
lr = 1e-05 Loss 103/250 Loss is L =0.032852087169885635 
lr = 1e-05 Loss 104/250 Loss is L =0.03208332881331444 
lr = 1e-05 Loss 105/250 Loss is L =0.033950403332710266 
lr = 1e-05 Loss 106/250 Loss is L =0.031700294464826584 
lr = 1e-05 Loss 107/250 Loss is L =0.03265737369656563 
lr = 1e-05 Loss 108/250 Loss is L =0.034551676362752914 
lr = 1e-05 Loss 109/250 Loss is L =0.03090387023985386 
lr = 1e-05 Loss 110/250 Loss is L =0.033019956201314926 
lr = 1e-05 Loss 111/250 Loss is L =0.03160892054438591 
lr = 1e-05 Loss 112/250 Loss is L =0.031109852716326714 
lr = 1e-05 Loss 113/250 Loss is L =0.032150473445653915 
lr = 1e-05 Loss 114/250 Loss is L =0.034683194011449814 
lr = 1e-05 Loss 115/250 Loss is L =0.03266200050711632 
lr = 1e-05 Loss 116/250 Loss is L =0.03142832964658737 
lr = 1e-05 Loss 117/250 Loss is L =0.033187977969646454 
lr = 1e-05 Loss 118/250 Loss is L =0.03425582870841026 
lr = 1e-05 Loss 119/250 Loss is L =0.03400303050875664 
lr = 1e-05 Loss 120/250 Loss is L =0.028388122096657753 
lr = 1e-05 Loss 121/250 Loss is L =0.030543465167284012 
lr = 1e-05 Loss 122/250 Loss is L =0.03193064033985138 
lr = 1e-05 Loss 123/250 Loss is L =0.03442808613181114 
lr = 1e-05 Loss 124/250 Loss is L =0.030947629362344742 
lr = 1e-05 Loss 125/250 Loss is L =0.03152374550700188 
lr = 1e-05 Loss 126/250 Loss is L =0.03247474506497383 
lr = 1e-05 Loss 127/250 Loss is L =0.03088563121855259 
lr = 1e-05 Loss 128/250 Loss is L =0.030722517520189285 
lr = 1e-05 Loss 129/250 Loss is L =0.030629321932792664 
lr = 1e-05 Loss 130/250 Loss is L =0.03181549906730652 
lr = 1e-05 Loss 131/250 Loss is L =0.03309885784983635 
lr = 1e-05 Loss 132/250 Loss is L =0.031087035313248634 
lr = 1e-05 Loss 133/250 Loss is L =0.029049163684248924 
lr = 1e-05 Loss 134/250 Loss is L =0.03252888098359108 
lr = 1e-05 Loss 135/250 Loss is L =0.03130810335278511 
lr = 1e-05 Loss 136/250 Loss is L =0.034340400248765945 
lr = 1e-05 Loss 137/250 Loss is L =0.031632762402296066 
lr = 1e-05 Loss 138/250 Loss is L =0.03380097076296806 
lr = 1e-05 Loss 139/250 Loss is L =0.031006548553705215 
lr = 1e-05 Loss 140/250 Loss is L =0.03024037554860115 
lr = 1e-05 Loss 141/250 Loss is L =0.032185230404138565 
lr = 1e-05 Loss 142/250 Loss is L =0.03249122574925423 
lr = 1e-05 Loss 143/250 Loss is L =0.03249996155500412 
lr = 1e-05 Loss 144/250 Loss is L =0.031274136155843735 
lr = 1e-05 Loss 145/250 Loss is L =0.03350583836436272 
lr = 1e-05 Loss 146/250 Loss is L =0.030726421624422073 
lr = 1e-05 Loss 147/250 Loss is L =0.0345400832593441 
lr = 1e-05 Loss 148/250 Loss is L =0.03150809183716774 
lr = 1e-05 Loss 149/250 Loss is L =0.03506973013281822 
lr = 1e-05 Loss 150/250 Loss is L =0.029440833255648613 
lr = 1e-05 Loss 151/250 Loss is L =0.030675431713461876 
lr = 1e-05 Loss 152/250 Loss is L =0.032408908009529114 
lr = 1e-05 Loss 153/250 Loss is L =0.03016851656138897 
lr = 1e-05 Loss 154/250 Loss is L =0.032874252647161484 
lr = 1e-05 Loss 155/250 Loss is L =0.030848277732729912 
lr = 1e-05 Loss 156/250 Loss is L =0.029659453779459 
lr = 1e-05 Loss 157/250 Loss is L =0.03133043274283409 
lr = 1e-05 Loss 158/250 Loss is L =0.031146353110671043 
lr = 1e-05 Loss 159/250 Loss is L =0.033643655478954315 
lr = 1e-05 Loss 160/250 Loss is L =0.029337694868445396 
lr = 1e-05 Loss 161/250 Loss is L =0.029265576973557472 
lr = 1e-05 Loss 162/250 Loss is L =0.02948581613600254 
lr = 1e-05 Loss 163/250 Loss is L =0.032351940870285034 
lr = 1e-05 Loss 164/250 Loss is L =0.031194178387522697 
lr = 1e-05 Loss 165/250 Loss is L =0.03153781220316887 
lr = 1e-05 Loss 166/250 Loss is L =0.03498123213648796 
lr = 1e-05 Loss 167/250 Loss is L =0.030746353790163994 
lr = 1e-05 Loss 168/250 Loss is L =0.030745280906558037 
lr = 1e-05 Loss 169/250 Loss is L =0.034826453775167465 
lr = 1e-05 Loss 170/250 Loss is L =0.030471080914139748 
lr = 1e-05 Loss 171/250 Loss is L =0.03371675685048103 
lr = 1e-05 Loss 172/250 Loss is L =0.031821321696043015 
lr = 1e-05 Loss 173/250 Loss is L =0.030449915677309036 
lr = 1e-05 Loss 174/250 Loss is L =0.030236810445785522 
lr = 1e-05 Loss 175/250 Loss is L =0.03243904933333397 
lr = 1e-05 Loss 176/250 Loss is L =0.03085305355489254 
lr = 1e-05 Loss 177/250 Loss is L =0.031461212784051895 
lr = 1e-05 Loss 178/250 Loss is L =0.03172082081437111 
lr = 1e-05 Loss 179/250 Loss is L =0.03278149291872978 
lr = 1e-05 Loss 180/250 Loss is L =0.03274015709757805 
lr = 1e-05 Loss 181/250 Loss is L =0.03249672055244446 
lr = 1e-05 Loss 182/250 Loss is L =0.02984030358493328 
lr = 1e-05 Loss 183/250 Loss is L =0.03196386247873306 
lr = 1e-05 Loss 184/250 Loss is L =0.032546743750572205 
lr = 1e-05 Loss 185/250 Loss is L =0.031603243201971054 
lr = 1e-05 Loss 186/250 Loss is L =0.03212747722864151 
lr = 1e-05 Loss 187/250 Loss is L =0.03195670247077942 
lr = 1e-05 Loss 188/250 Loss is L =0.029468959197402 
lr = 1e-05 Loss 189/250 Loss is L =0.03127257898449898 
lr = 1e-05 Loss 190/250 Loss is L =0.032929129898548126 
lr = 1e-05 Loss 191/250 Loss is L =0.030934080481529236 
lr = 1e-05 Loss 192/250 Loss is L =0.03240553289651871 
lr = 1e-05 Loss 193/250 Loss is L =0.03205764666199684 
lr = 1e-05 Loss 194/250 Loss is L =0.03394599258899689 
lr = 1e-05 Loss 195/250 Loss is L =0.031236296519637108 
lr = 1e-05 Loss 196/250 Loss is L =0.032714154571294785 
lr = 1e-05 Loss 197/250 Loss is L =0.032519806176424026 
lr = 1e-05 Loss 198/250 Loss is L =0.029992250725626945 
lr = 1e-05 Loss 199/250 Loss is L =0.031903307884931564 
lr = 1e-05 Loss 200/250 Loss is L =0.028749797493219376 
lr = 1e-05 Loss 201/250 Loss is L =0.03299262747168541 
lr = 1e-05 Loss 202/250 Loss is L =0.0318104512989521 
lr = 1e-05 Loss 203/250 Loss is L =0.033870428800582886 
lr = 1e-05 Loss 204/250 Loss is L =0.032919615507125854 
lr = 1e-05 Loss 205/250 Loss is L =0.03275038301944733 
lr = 1e-05 Loss 206/250 Loss is L =0.03137194737792015 
lr = 1e-05 Loss 207/250 Loss is L =0.033675018697977066 
lr = 1e-05 Loss 208/250 Loss is L =0.03004685416817665 
lr = 1e-05 Loss 209/250 Loss is L =0.029417945072054863 
lr = 1e-05 Loss 210/250 Loss is L =0.03288903832435608 
lr = 1e-05 Loss 211/250 Loss is L =0.033147718757390976 
lr = 1e-05 Loss 212/250 Loss is L =0.03231440484523773 
lr = 1e-05 Loss 213/250 Loss is L =0.029902834445238113 
lr = 1e-05 Loss 214/250 Loss is L =0.03076840005815029 
lr = 1e-05 Loss 215/250 Loss is L =0.029127387329936028 
lr = 1e-05 Loss 216/250 Loss is L =0.03307753801345825 
lr = 1e-05 Loss 217/250 Loss is L =0.031922485679388046 
lr = 1e-05 Loss 218/250 Loss is L =0.03314251825213432 
lr = 1e-05 Loss 219/250 Loss is L =0.0321926511824131 
lr = 1e-05 Loss 220/250 Loss is L =0.03258757293224335 
lr = 1e-05 Loss 221/250 Loss is L =0.03232294321060181 
lr = 1e-05 Loss 222/250 Loss is L =0.032342977821826935 
lr = 1e-05 Loss 223/250 Loss is L =0.030294805765151978 
lr = 1e-05 Loss 224/250 Loss is L =0.03366652876138687 
lr = 1e-05 Loss 225/250 Loss is L =0.030511165037751198 
lr = 1e-05 Loss 226/250 Loss is L =0.03340248018503189 
lr = 1e-05 Loss 227/250 Loss is L =0.030988430604338646 
lr = 1e-05 Loss 228/250 Loss is L =0.03224286437034607 
lr = 1e-05 Loss 229/250 Loss is L =0.03335283696651459 
lr = 1e-05 Loss 230/250 Loss is L =0.030666261911392212 
lr = 1e-05 Loss 231/250 Loss is L =0.03116212598979473 
lr = 1e-05 Loss 232/250 Loss is L =0.03285404294729233 
lr = 1e-05 Loss 233/250 Loss is L =0.03189317509531975 
lr = 1e-05 Loss 234/250 Loss is L =0.031312357634305954 
lr = 1e-05 Loss 235/250 Loss is L =0.03004520572721958 
lr = 1e-05 Loss 236/250 Loss is L =0.03220478445291519 
lr = 1e-05 Loss 237/250 Loss is L =0.032630808651447296 
lr = 1e-05 Loss 238/250 Loss is L =0.0320652537047863 
lr = 1e-05 Loss 239/250 Loss is L =0.03246454894542694 
lr = 1e-05 Loss 240/250 Loss is L =0.03042149543762207 
lr = 1e-05 Loss 241/250 Loss is L =0.03094549849629402 
lr = 1e-05 Loss 242/250 Loss is L =0.03127388283610344 
lr = 1e-05 Loss 243/250 Loss is L =0.03188347816467285 
lr = 1e-05 Loss 244/250 Loss is L =0.03231004625558853 
lr = 1e-05 Loss 245/250 Loss is L =0.03250773996114731 
lr = 1e-05 Loss 246/250 Loss is L =0.03432139381766319 
lr = 1e-05 Loss 247/250 Loss is L =0.03352765366435051 
lr = 1e-05 Loss 248/250 Loss is L =0.03026420809328556 
lr = 1e-05 Loss 249/250 Loss is L =0.03169964626431465 
lr = 1e-05 Loss 250/250 Loss is L =0.034590836614370346 
lr = 0.0001 Loss 1/250 Loss is L =0.052794065326452255 
lr = 0.0001 Loss 2/250 Loss is L =0.040448375046253204 
lr = 0.0001 Loss 3/250 Loss is L =0.041931480169296265 
lr = 0.0001 Loss 4/250 Loss is L =0.03667127341032028 
lr = 0.0001 Loss 5/250 Loss is L =0.03396911174058914 
lr = 0.0001 Loss 6/250 Loss is L =0.03360574692487717 
lr = 0.0001 Loss 7/250 Loss is L =0.031827785074710846 
lr = 0.0001 Loss 8/250 Loss is L =0.03212740644812584 
lr = 0.0001 Loss 9/250 Loss is L =0.029095381498336792 
lr = 0.0001 Loss 10/250 Loss is L =0.0284336656332016 
lr = 0.0001 Loss 11/250 Loss is L =0.029855454340577126 
lr = 0.0001 Loss 12/250 Loss is L =0.02868318371474743 
lr = 0.0001 Loss 13/250 Loss is L =0.02796199731528759 
lr = 0.0001 Loss 14/250 Loss is L =0.027678942307829857 
lr = 0.0001 Loss 15/250 Loss is L =0.02575664594769478 
lr = 0.0001 Loss 16/250 Loss is L =0.03015660122036934 
lr = 0.0001 Loss 17/250 Loss is L =0.027250826358795166 
lr = 0.0001 Loss 18/250 Loss is L =0.028453785926103592 
lr = 0.0001 Loss 19/250 Loss is L =0.027810096740722656 
lr = 0.0001 Loss 20/250 Loss is L =0.025047777220606804 
lr = 0.0001 Loss 21/250 Loss is L =0.024399830028414726 
lr = 0.0001 Loss 22/250 Loss is L =0.025020355358719826 
lr = 0.0001 Loss 23/250 Loss is L =0.026649951934814453 
lr = 0.0001 Loss 24/250 Loss is L =0.02694341540336609 
lr = 0.0001 Loss 25/250 Loss is L =0.02594066597521305 
lr = 0.0001 Loss 26/250 Loss is L =0.026124050840735435 
lr = 0.0001 Loss 27/250 Loss is L =0.02405686303973198 
lr = 0.0001 Loss 28/250 Loss is L =0.02687624655663967 
lr = 0.0001 Loss 29/250 Loss is L =0.0279031153768301 
lr = 0.0001 Loss 30/250 Loss is L =0.024548200890421867 
lr = 0.0001 Loss 31/250 Loss is L =0.024544063955545425 
lr = 0.0001 Loss 32/250 Loss is L =0.026072386652231216 
lr = 0.0001 Loss 33/250 Loss is L =0.02479841746389866 
lr = 0.0001 Loss 34/250 Loss is L =0.02719845436513424 
lr = 0.0001 Loss 35/250 Loss is L =0.02481374889612198 
lr = 0.0001 Loss 36/250 Loss is L =0.028316140174865723 
lr = 0.0001 Loss 37/250 Loss is L =0.025446569547057152 
lr = 0.0001 Loss 38/250 Loss is L =0.023717690259218216 
lr = 0.0001 Loss 39/250 Loss is L =0.02481413073837757 
lr = 0.0001 Loss 40/250 Loss is L =0.022910406813025475 
lr = 0.0001 Loss 41/250 Loss is L =0.02559787966310978 
lr = 0.0001 Loss 42/250 Loss is L =0.02454935386776924 
lr = 0.0001 Loss 43/250 Loss is L =0.024384362623095512 
lr = 0.0001 Loss 44/250 Loss is L =0.023537077009677887 
lr = 0.0001 Loss 45/250 Loss is L =0.02559657208621502 
lr = 0.0001 Loss 46/250 Loss is L =0.025438135489821434 
lr = 0.0001 Loss 47/250 Loss is L =0.02403891645371914 
lr = 0.0001 Loss 48/250 Loss is L =0.021963153034448624 
lr = 0.0001 Loss 49/250 Loss is L =0.025123676285147667 
lr = 0.0001 Loss 50/250 Loss is L =0.023381605744361877 
lr = 0.0001 Loss 51/250 Loss is L =0.02459191344678402 
lr = 0.0001 Loss 52/250 Loss is L =0.024226119741797447 
lr = 0.0001 Loss 53/250 Loss is L =0.023725662380456924 
lr = 0.0001 Loss 54/250 Loss is L =0.02362847700715065 
lr = 0.0001 Loss 55/250 Loss is L =0.024019645527005196 
lr = 0.0001 Loss 56/250 Loss is L =0.02558242715895176 
lr = 0.0001 Loss 57/250 Loss is L =0.023941276594996452 
lr = 0.0001 Loss 58/250 Loss is L =0.024305513128638268 
lr = 0.0001 Loss 59/250 Loss is L =0.022764932364225388 
lr = 0.0001 Loss 60/250 Loss is L =0.025134539231657982 
lr = 0.0001 Loss 61/250 Loss is L =0.02359521947801113 
lr = 0.0001 Loss 62/250 Loss is L =0.023899180814623833 
lr = 0.0001 Loss 63/250 Loss is L =0.022210625931620598 
lr = 0.0001 Loss 64/250 Loss is L =0.024865951389074326 
lr = 0.0001 Loss 65/250 Loss is L =0.024726657196879387 
lr = 0.0001 Loss 66/250 Loss is L =0.022852474823594093 
lr = 0.0001 Loss 67/250 Loss is L =0.02539987862110138 
lr = 0.0001 Loss 68/250 Loss is L =0.024055136367678642 
lr = 0.0001 Loss 69/250 Loss is L =0.024881310760974884 
lr = 0.0001 Loss 70/250 Loss is L =0.023593997582793236 
lr = 0.0001 Loss 71/250 Loss is L =0.024032868444919586 
lr = 0.0001 Loss 72/250 Loss is L =0.02398342825472355 
lr = 0.0001 Loss 73/250 Loss is L =0.022940965369343758 
lr = 0.0001 Loss 74/250 Loss is L =0.022634251043200493 
lr = 0.0001 Loss 75/250 Loss is L =0.024057241156697273 
lr = 0.0001 Loss 76/250 Loss is L =0.025991130620241165 
lr = 0.0001 Loss 77/250 Loss is L =0.0223881546407938 
lr = 0.0001 Loss 78/250 Loss is L =0.025183653458952904 
lr = 0.0001 Loss 79/250 Loss is L =0.026278365403413773 
lr = 0.0001 Loss 80/250 Loss is L =0.024379035457968712 
lr = 0.0001 Loss 81/250 Loss is L =0.025196408852934837 
lr = 0.0001 Loss 82/250 Loss is L =0.024729028344154358 
lr = 0.0001 Loss 83/250 Loss is L =0.023468736559152603 
lr = 0.0001 Loss 84/250 Loss is L =0.02337937243282795 
lr = 0.0001 Loss 85/250 Loss is L =0.023352231830358505 
lr = 0.0001 Loss 86/250 Loss is L =0.0256646815687418 
lr = 0.0001 Loss 87/250 Loss is L =0.025586724281311035 
lr = 0.0001 Loss 88/250 Loss is L =0.024135662242770195 
lr = 0.0001 Loss 89/250 Loss is L =0.024543890729546547 
lr = 0.0001 Loss 90/250 Loss is L =0.02314058504998684 
lr = 0.0001 Loss 91/250 Loss is L =0.025644484907388687 
lr = 0.0001 Loss 92/250 Loss is L =0.023916443809866905 
lr = 0.0001 Loss 93/250 Loss is L =0.023465359583497047 
lr = 0.0001 Loss 94/250 Loss is L =0.023571336641907692 
lr = 0.0001 Loss 95/250 Loss is L =0.023134203627705574 
lr = 0.0001 Loss 96/250 Loss is L =0.023321082815527916 
lr = 0.0001 Loss 97/250 Loss is L =0.02408319152891636 
lr = 0.0001 Loss 98/250 Loss is L =0.022609105333685875 
lr = 0.0001 Loss 99/250 Loss is L =0.022215357050299644 
lr = 0.0001 Loss 100/250 Loss is L =0.024842122569680214 
lr = 0.0001 Loss 101/250 Loss is L =0.0232707392424345 
lr = 0.0001 Loss 102/250 Loss is L =0.024315789341926575 
lr = 0.0001 Loss 103/250 Loss is L =0.024446433410048485 
lr = 0.0001 Loss 104/250 Loss is L =0.025128483772277832 
lr = 0.0001 Loss 105/250 Loss is L =0.02464205026626587 
lr = 0.0001 Loss 106/250 Loss is L =0.024477927014231682 
lr = 0.0001 Loss 107/250 Loss is L =0.02412811852991581 
lr = 0.0001 Loss 108/250 Loss is L =0.024119628593325615 
lr = 0.0001 Loss 109/250 Loss is L =0.02356889843940735 
lr = 0.0001 Loss 110/250 Loss is L =0.024049535393714905 
lr = 0.0001 Loss 111/250 Loss is L =0.024195760488510132 
lr = 0.0001 Loss 112/250 Loss is L =0.02551155723631382 
lr = 0.0001 Loss 113/250 Loss is L =0.02362806722521782 
lr = 0.0001 Loss 114/250 Loss is L =0.022416433319449425 
lr = 0.0001 Loss 115/250 Loss is L =0.02456306293606758 
lr = 0.0001 Loss 116/250 Loss is L =0.024615833535790443 
lr = 0.0001 Loss 117/250 Loss is L =0.024543697014451027 
lr = 0.0001 Loss 118/250 Loss is L =0.023571358993649483 
lr = 0.0001 Loss 119/250 Loss is L =0.02484549582004547 
lr = 0.0001 Loss 120/250 Loss is L =0.022045331075787544 
lr = 0.0001 Loss 121/250 Loss is L =0.02300761267542839 
lr = 0.0001 Loss 122/250 Loss is L =0.02413833700120449 
lr = 0.0001 Loss 123/250 Loss is L =0.02553287148475647 
lr = 0.0001 Loss 124/250 Loss is L =0.02399630844593048 
lr = 0.0001 Loss 125/250 Loss is L =0.02311643399298191 
lr = 0.0001 Loss 126/250 Loss is L =0.0240913275629282 
lr = 0.0001 Loss 127/250 Loss is L =0.023471584543585777 
lr = 0.0001 Loss 128/250 Loss is L =0.021952254697680473 
lr = 0.0001 Loss 129/250 Loss is L =0.022961918264627457 
lr = 0.0001 Loss 130/250 Loss is L =0.025465190410614014 
lr = 0.0001 Loss 131/250 Loss is L =0.023841354995965958 
lr = 0.0001 Loss 132/250 Loss is L =0.02279036119580269 
lr = 0.0001 Loss 133/250 Loss is L =0.02482600323855877 
lr = 0.0001 Loss 134/250 Loss is L =0.02595539763569832 
lr = 0.0001 Loss 135/250 Loss is L =0.021672943606972694 
lr = 0.0001 Loss 136/250 Loss is L =0.026086052879691124 
lr = 0.0001 Loss 137/250 Loss is L =0.023561011999845505 
lr = 0.0001 Loss 138/250 Loss is L =0.02199292927980423 
lr = 0.0001 Loss 139/250 Loss is L =0.025816461071372032 
lr = 0.0001 Loss 140/250 Loss is L =0.024669287726283073 
lr = 0.0001 Loss 141/250 Loss is L =0.024491513147950172 
lr = 0.0001 Loss 142/250 Loss is L =0.02384125255048275 
lr = 0.0001 Loss 143/250 Loss is L =0.02624533511698246 
lr = 0.0001 Loss 144/250 Loss is L =0.02441677823662758 
lr = 0.0001 Loss 145/250 Loss is L =0.02276194654405117 
lr = 0.0001 Loss 146/250 Loss is L =0.02262689732015133 
lr = 0.0001 Loss 147/250 Loss is L =0.02290276251733303 
lr = 0.0001 Loss 148/250 Loss is L =0.023831304162740707 
lr = 0.0001 Loss 149/250 Loss is L =0.025230204686522484 
lr = 0.0001 Loss 150/250 Loss is L =0.02457582764327526 
lr = 0.0001 Loss 151/250 Loss is L =0.02316592074930668 
lr = 0.0001 Loss 152/250 Loss is L =0.02606290578842163 
lr = 0.0001 Loss 153/250 Loss is L =0.024795884266495705 
lr = 0.0001 Loss 154/250 Loss is L =0.024082664400339127 
lr = 0.0001 Loss 155/250 Loss is L =0.022925281897187233 
lr = 0.0001 Loss 156/250 Loss is L =0.022248264402151108 
lr = 0.0001 Loss 157/250 Loss is L =0.02456209622323513 
lr = 0.0001 Loss 158/250 Loss is L =0.022754697129130363 
lr = 0.0001 Loss 159/250 Loss is L =0.024497155100107193 
lr = 0.0001 Loss 160/250 Loss is L =0.024627719074487686 
lr = 0.0001 Loss 161/250 Loss is L =0.0254095196723938 
lr = 0.0001 Loss 162/250 Loss is L =0.024264484643936157 
lr = 0.0001 Loss 163/250 Loss is L =0.02265387959778309 
lr = 0.0001 Loss 164/250 Loss is L =0.02300831489264965 
lr = 0.0001 Loss 165/250 Loss is L =0.02306588739156723 
lr = 0.0001 Loss 166/250 Loss is L =0.024648169055581093 
lr = 0.0001 Loss 167/250 Loss is L =0.023089805617928505 
lr = 0.0001 Loss 168/250 Loss is L =0.02337244525551796 
lr = 0.0001 Loss 169/250 Loss is L =0.023002544417977333 
lr = 0.0001 Loss 170/250 Loss is L =0.024793146178126335 
lr = 0.0001 Loss 171/250 Loss is L =0.023672370240092278 
lr = 0.0001 Loss 172/250 Loss is L =0.023917952552437782 
lr = 0.0001 Loss 173/250 Loss is L =0.022992966696619987 
lr = 0.0001 Loss 174/250 Loss is L =0.026012806221842766 
lr = 0.0001 Loss 175/250 Loss is L =0.023960644379258156 
lr = 0.0001 Loss 176/250 Loss is L =0.02243940159678459 
lr = 0.0001 Loss 177/250 Loss is L =0.02487831376492977 
lr = 0.0001 Loss 178/250 Loss is L =0.025623474270105362 
lr = 0.0001 Loss 179/250 Loss is L =0.022970881313085556 
lr = 0.0001 Loss 180/250 Loss is L =0.022778218612074852 
lr = 0.0001 Loss 181/250 Loss is L =0.02433677576482296 
lr = 0.0001 Loss 182/250 Loss is L =0.024293160066008568 
lr = 0.0001 Loss 183/250 Loss is L =0.023228643462061882 
lr = 0.0001 Loss 184/250 Loss is L =0.02379460632801056 
lr = 0.0001 Loss 185/250 Loss is L =0.02418253943324089 
lr = 0.0001 Loss 186/250 Loss is L =0.025146102532744408 
lr = 0.0001 Loss 187/250 Loss is L =0.023362964391708374 
lr = 0.0001 Loss 188/250 Loss is L =0.02373315952718258 
lr = 0.0001 Loss 189/250 Loss is L =0.023416046053171158 
lr = 0.0001 Loss 190/250 Loss is L =0.022979652509093285 
lr = 0.0001 Loss 191/250 Loss is L =0.023357439786195755 
lr = 0.0001 Loss 192/250 Loss is L =0.023667721077799797 
lr = 0.0001 Loss 193/250 Loss is L =0.025058547034859657 
lr = 0.0001 Loss 194/250 Loss is L =0.022745225578546524 
lr = 0.0001 Loss 195/250 Loss is L =0.022370634600520134 
lr = 0.0001 Loss 196/250 Loss is L =0.022988755255937576 
lr = 0.0001 Loss 197/250 Loss is L =0.021857528015971184 
lr = 0.0001 Loss 198/250 Loss is L =0.02492251619696617 
lr = 0.0001 Loss 199/250 Loss is L =0.024662276729941368 
lr = 0.0001 Loss 200/250 Loss is L =0.022723516449332237 
lr = 0.0001 Loss 201/250 Loss is L =0.02389797940850258 
lr = 0.0001 Loss 202/250 Loss is L =0.024300433695316315 
lr = 0.0001 Loss 203/250 Loss is L =0.022026676684617996 
lr = 0.0001 Loss 204/250 Loss is L =0.023681843653321266 
lr = 0.0001 Loss 205/250 Loss is L =0.025360409170389175 
lr = 0.0001 Loss 206/250 Loss is L =0.02533547580242157 
lr = 0.0001 Loss 207/250 Loss is L =0.023894725367426872 
lr = 0.0001 Loss 208/250 Loss is L =0.023749036714434624 
lr = 0.0001 Loss 209/250 Loss is L =0.023643875494599342 
lr = 0.0001 Loss 210/250 Loss is L =0.026107028126716614 
lr = 0.0001 Loss 211/250 Loss is L =0.025752415880560875 
lr = 0.0001 Loss 212/250 Loss is L =0.024241361767053604 
lr = 0.0001 Loss 213/250 Loss is L =0.02405371330678463 
lr = 0.0001 Loss 214/250 Loss is L =0.02428734116256237 
lr = 0.0001 Loss 215/250 Loss is L =0.02311936393380165 
lr = 0.0001 Loss 216/250 Loss is L =0.022985335439443588 
lr = 0.0001 Loss 217/250 Loss is L =0.025538554415106773 
lr = 0.0001 Loss 218/250 Loss is L =0.024073882028460503 
lr = 0.0001 Loss 219/250 Loss is L =0.02419704757630825 
lr = 0.0001 Loss 220/250 Loss is L =0.02383202128112316 
lr = 0.0001 Loss 221/250 Loss is L =0.024200690910220146 
lr = 0.0001 Loss 222/250 Loss is L =0.023184947669506073 
lr = 0.0001 Loss 223/250 Loss is L =0.024429483339190483 
lr = 0.0001 Loss 224/250 Loss is L =0.02311215177178383 
lr = 0.0001 Loss 225/250 Loss is L =0.02467408776283264 
lr = 0.0001 Loss 226/250 Loss is L =0.022941701114177704 
lr = 0.0001 Loss 227/250 Loss is L =0.02462581731379032 
lr = 0.0001 Loss 228/250 Loss is L =0.02190910279750824 
lr = 0.0001 Loss 229/250 Loss is L =0.024284427985548973 
lr = 0.0001 Loss 230/250 Loss is L =0.02329239808022976 
lr = 0.0001 Loss 231/250 Loss is L =0.024163519963622093 
lr = 0.0001 Loss 232/250 Loss is L =0.02607172168791294 
lr = 0.0001 Loss 233/250 Loss is L =0.024150503799319267 
lr = 0.0001 Loss 234/250 Loss is L =0.023185260593891144 
lr = 0.0001 Loss 235/250 Loss is L =0.021748987957835197 
lr = 0.0001 Loss 236/250 Loss is L =0.025307893753051758 
lr = 0.0001 Loss 237/250 Loss is L =0.0248208399862051 
lr = 0.0001 Loss 238/250 Loss is L =0.022543329745531082 
lr = 0.0001 Loss 239/250 Loss is L =0.024595854803919792 
lr = 0.0001 Loss 240/250 Loss is L =0.024532699957489967 
lr = 0.0001 Loss 241/250 Loss is L =0.022900177165865898 
lr = 0.0001 Loss 242/250 Loss is L =0.024574721232056618 
lr = 0.0001 Loss 243/250 Loss is L =0.024769948795437813 
lr = 0.0001 Loss 244/250 Loss is L =0.024289844557642937 
lr = 0.0001 Loss 245/250 Loss is L =0.024877235293388367 
lr = 0.0001 Loss 246/250 Loss is L =0.022972552105784416 
lr = 0.0001 Loss 247/250 Loss is L =0.023632308468222618 
lr = 0.0001 Loss 248/250 Loss is L =0.025012841448187828 
lr = 0.0001 Loss 249/250 Loss is L =0.025594282895326614 
lr = 0.0001 Loss 250/250 Loss is L =0.02343662641942501 
lr = 0.0005 Loss 1/250 Loss is L =0.046292342245578766 
lr = 0.0005 Loss 2/250 Loss is L =0.0355592779815197 
lr = 0.0005 Loss 3/250 Loss is L =0.03295958787202835 
lr = 0.0005 Loss 4/250 Loss is L =0.030273322016000748 
lr = 0.0005 Loss 5/250 Loss is L =0.029618123546242714 
lr = 0.0005 Loss 6/250 Loss is L =0.026642311364412308 
lr = 0.0005 Loss 7/250 Loss is L =0.027017099782824516 
lr = 0.0005 Loss 8/250 Loss is L =0.026908153668045998 
lr = 0.0005 Loss 9/250 Loss is L =0.025791173800826073 
lr = 0.0005 Loss 10/250 Loss is L =0.02507117949426174 
lr = 0.0005 Loss 11/250 Loss is L =0.024151543155312538 
lr = 0.0005 Loss 12/250 Loss is L =0.02154436521232128 
lr = 0.0005 Loss 13/250 Loss is L =0.02279631420969963 
lr = 0.0005 Loss 14/250 Loss is L =0.02243621274828911 
lr = 0.0005 Loss 15/250 Loss is L =0.02082807943224907 
lr = 0.0005 Loss 16/250 Loss is L =0.02266252599656582 
lr = 0.0005 Loss 17/250 Loss is L =0.021921565756201744 
lr = 0.0005 Loss 18/250 Loss is L =0.02191287837922573 
lr = 0.0005 Loss 19/250 Loss is L =0.022184913977980614 
lr = 0.0005 Loss 20/250 Loss is L =0.021352557465434074 
lr = 0.0005 Loss 21/250 Loss is L =0.021864360198378563 
lr = 0.0005 Loss 22/250 Loss is L =0.020520145073533058 
lr = 0.0005 Loss 23/250 Loss is L =0.02193962223827839 
lr = 0.0005 Loss 24/250 Loss is L =0.020368730649352074 
lr = 0.0005 Loss 25/250 Loss is L =0.02043113112449646 
lr = 0.0005 Loss 26/250 Loss is L =0.0199356060475111 
lr = 0.0005 Loss 27/250 Loss is L =0.020837798714637756 
lr = 0.0005 Loss 28/250 Loss is L =0.021366646513342857 
lr = 0.0005 Loss 29/250 Loss is L =0.01935105212032795 
lr = 0.0005 Loss 30/250 Loss is L =0.019151998683810234 
lr = 0.0005 Loss 31/250 Loss is L =0.02101152576506138 
lr = 0.0005 Loss 32/250 Loss is L =0.021084630861878395 
lr = 0.0005 Loss 33/250 Loss is L =0.019895710051059723 
lr = 0.0005 Loss 34/250 Loss is L =0.01926409639418125 
lr = 0.0005 Loss 35/250 Loss is L =0.01976866088807583 
lr = 0.0005 Loss 36/250 Loss is L =0.019348902627825737 
lr = 0.0005 Loss 37/250 Loss is L =0.019924843683838844 
lr = 0.0005 Loss 38/250 Loss is L =0.02063906192779541 
lr = 0.0005 Loss 39/250 Loss is L =0.01985459215939045 
lr = 0.0005 Loss 40/250 Loss is L =0.019928768277168274 
lr = 0.0005 Loss 41/250 Loss is L =0.01879226043820381 
lr = 0.0005 Loss 42/250 Loss is L =0.020298734307289124 
lr = 0.0005 Loss 43/250 Loss is L =0.019433651119470596 
lr = 0.0005 Loss 44/250 Loss is L =0.017253601923584938 
lr = 0.0005 Loss 45/250 Loss is L =0.019592611119151115 
lr = 0.0005 Loss 46/250 Loss is L =0.018589308485388756 
lr = 0.0005 Loss 47/250 Loss is L =0.01893998682498932 
lr = 0.0005 Loss 48/250 Loss is L =0.020124953240156174 
lr = 0.0005 Loss 49/250 Loss is L =0.019517822191119194 
lr = 0.0005 Loss 50/250 Loss is L =0.01941324584186077 
lr = 0.0005 Loss 51/250 Loss is L =0.020045090466737747 
lr = 0.0005 Loss 52/250 Loss is L =0.020065750926733017 
lr = 0.0005 Loss 53/250 Loss is L =0.019144972786307335 
lr = 0.0005 Loss 54/250 Loss is L =0.018985820934176445 
lr = 0.0005 Loss 55/250 Loss is L =0.018743837252259254 
lr = 0.0005 Loss 56/250 Loss is L =0.019453180953860283 
lr = 0.0005 Loss 57/250 Loss is L =0.01900555193424225 
lr = 0.0005 Loss 58/250 Loss is L =0.01913965307176113 
lr = 0.0005 Loss 59/250 Loss is L =0.020230045542120934 
lr = 0.0005 Loss 60/250 Loss is L =0.018750861287117004 
lr = 0.0005 Loss 61/250 Loss is L =0.01973598450422287 
lr = 0.0005 Loss 62/250 Loss is L =0.01845206879079342 
lr = 0.0005 Loss 63/250 Loss is L =0.01875491254031658 
lr = 0.0005 Loss 64/250 Loss is L =0.01704956404864788 
lr = 0.0005 Loss 65/250 Loss is L =0.019025040790438652 
lr = 0.0005 Loss 66/250 Loss is L =0.017758561298251152 
lr = 0.0005 Loss 67/250 Loss is L =0.01614840142428875 
lr = 0.0005 Loss 68/250 Loss is L =0.01842370629310608 
lr = 0.0005 Loss 69/250 Loss is L =0.01786126010119915 
lr = 0.0005 Loss 70/250 Loss is L =0.015907887369394302 
lr = 0.0005 Loss 71/250 Loss is L =0.0187881737947464 
lr = 0.0005 Loss 72/250 Loss is L =0.01798325777053833 
lr = 0.0005 Loss 73/250 Loss is L =0.017897814512252808 
lr = 0.0005 Loss 74/250 Loss is L =0.01756017468869686 
lr = 0.0005 Loss 75/250 Loss is L =0.018227627500891685 
lr = 0.0005 Loss 76/250 Loss is L =0.015491756610572338 
lr = 0.0005 Loss 77/250 Loss is L =0.01890028454363346 
lr = 0.0005 Loss 78/250 Loss is L =0.016923611983656883 
lr = 0.0005 Loss 79/250 Loss is L =0.016800468787550926 
lr = 0.0005 Loss 80/250 Loss is L =0.016801586374640465 
lr = 0.0005 Loss 81/250 Loss is L =0.01829446665942669 
lr = 0.0005 Loss 82/250 Loss is L =0.01767166331410408 
lr = 0.0005 Loss 83/250 Loss is L =0.016897140070796013 
lr = 0.0005 Loss 84/250 Loss is L =0.017438208684325218 
lr = 0.0005 Loss 85/250 Loss is L =0.018389612436294556 
lr = 0.0005 Loss 86/250 Loss is L =0.015489615499973297 
lr = 0.0005 Loss 87/250 Loss is L =0.01586379110813141 
lr = 0.0005 Loss 88/250 Loss is L =0.019366566091775894 
lr = 0.0005 Loss 89/250 Loss is L =0.016288375481963158 
lr = 0.0005 Loss 90/250 Loss is L =0.0162765234708786 
lr = 0.0005 Loss 91/250 Loss is L =0.016518864780664444 
lr = 0.0005 Loss 92/250 Loss is L =0.017850149422883987 
lr = 0.0005 Loss 93/250 Loss is L =0.01666652224957943 
lr = 0.0005 Loss 94/250 Loss is L =0.016250673681497574 
lr = 0.0005 Loss 95/250 Loss is L =0.017697816714644432 
lr = 0.0005 Loss 96/250 Loss is L =0.017379021272063255 
lr = 0.0005 Loss 97/250 Loss is L =0.0168296005576849 
lr = 0.0005 Loss 98/250 Loss is L =0.01642470806837082 
lr = 0.0005 Loss 99/250 Loss is L =0.018493086099624634 
lr = 0.0005 Loss 100/250 Loss is L =0.018066281452775 
lr = 0.0005 Loss 101/250 Loss is L =0.017985550686717033 
lr = 0.0005 Loss 102/250 Loss is L =0.01707817055284977 
lr = 0.0005 Loss 103/250 Loss is L =0.01801503263413906 
lr = 0.0005 Loss 104/250 Loss is L =0.016511792317032814 
lr = 0.0005 Loss 105/250 Loss is L =0.017678020521998405 
lr = 0.0005 Loss 106/250 Loss is L =0.017621640115976334 
lr = 0.0005 Loss 107/250 Loss is L =0.01650957763195038 
lr = 0.0005 Loss 108/250 Loss is L =0.01659693755209446 
lr = 0.0005 Loss 109/250 Loss is L =0.01704900898039341 
lr = 0.0005 Loss 110/250 Loss is L =0.016412679105997086 
lr = 0.0005 Loss 111/250 Loss is L =0.017755847424268723 
lr = 0.0005 Loss 112/250 Loss is L =0.016488799825310707 
lr = 0.0005 Loss 113/250 Loss is L =0.0167989581823349 
lr = 0.0005 Loss 114/250 Loss is L =0.016024507582187653 
lr = 0.0005 Loss 115/250 Loss is L =0.01661710813641548 
lr = 0.0005 Loss 116/250 Loss is L =0.01692536287009716 
lr = 0.0005 Loss 117/250 Loss is L =0.017830152064561844 
lr = 0.0005 Loss 118/250 Loss is L =0.017138509079813957 
lr = 0.0005 Loss 119/250 Loss is L =0.01854979433119297 
lr = 0.0005 Loss 120/250 Loss is L =0.01736297272145748 
lr = 0.0005 Loss 121/250 Loss is L =0.017477303743362427 
lr = 0.0005 Loss 122/250 Loss is L =0.017259396612644196 
lr = 0.0005 Loss 123/250 Loss is L =0.01698179356753826 
lr = 0.0005 Loss 124/250 Loss is L =0.018004463985562325 
lr = 0.0005 Loss 125/250 Loss is L =0.01706346683204174 
lr = 0.0005 Loss 126/250 Loss is L =0.017753420397639275 
lr = 0.0005 Loss 127/250 Loss is L =0.01640692912042141 
lr = 0.0005 Loss 128/250 Loss is L =0.015451713465154171 
lr = 0.0005 Loss 129/250 Loss is L =0.017294345423579216 
lr = 0.0005 Loss 130/250 Loss is L =0.017692288383841515 
lr = 0.0005 Loss 131/250 Loss is L =0.015610173344612122 
lr = 0.0005 Loss 132/250 Loss is L =0.01665104739367962 
lr = 0.0005 Loss 133/250 Loss is L =0.017460644245147705 
lr = 0.0005 Loss 134/250 Loss is L =0.01693301647901535 
lr = 0.0005 Loss 135/250 Loss is L =0.018644968047738075 
lr = 0.0005 Loss 136/250 Loss is L =0.016471555456519127 
lr = 0.0005 Loss 137/250 Loss is L =0.01758616231381893 
lr = 0.0005 Loss 138/250 Loss is L =0.016896817833185196 
lr = 0.0005 Loss 139/250 Loss is L =0.01667535863816738 
lr = 0.0005 Loss 140/250 Loss is L =0.017349664121866226 
lr = 0.0005 Loss 141/250 Loss is L =0.016777953132987022 
lr = 0.0005 Loss 142/250 Loss is L =0.01779850386083126 
lr = 0.0005 Loss 143/250 Loss is L =0.017059391364455223 
lr = 0.0005 Loss 144/250 Loss is L =0.017079602926969528 
lr = 0.0005 Loss 145/250 Loss is L =0.01858907751739025 
lr = 0.0005 Loss 146/250 Loss is L =0.01661093719303608 
lr = 0.0005 Loss 147/250 Loss is L =0.016283396631479263 
lr = 0.0005 Loss 148/250 Loss is L =0.01694265753030777 
lr = 0.0005 Loss 149/250 Loss is L =0.015766892582178116 
lr = 0.0005 Loss 150/250 Loss is L =0.01774640381336212 
lr = 0.0005 Loss 151/250 Loss is L =0.01624145731329918 
lr = 0.0005 Loss 152/250 Loss is L =0.016362961381673813 
lr = 0.0005 Loss 153/250 Loss is L =0.019226377829909325 
lr = 0.0005 Loss 154/250 Loss is L =0.017134418711066246 
lr = 0.0005 Loss 155/250 Loss is L =0.01768903061747551 
lr = 0.0005 Loss 156/250 Loss is L =0.016439342871308327 
lr = 0.0005 Loss 157/250 Loss is L =0.016168884932994843 
lr = 0.0005 Loss 158/250 Loss is L =0.01902357116341591 
lr = 0.0005 Loss 159/250 Loss is L =0.015712963417172432 
lr = 0.0005 Loss 160/250 Loss is L =0.01902860961854458 
lr = 0.0005 Loss 161/250 Loss is L =0.01748409867286682 
lr = 0.0005 Loss 162/250 Loss is L =0.017237287014722824 
lr = 0.0005 Loss 163/250 Loss is L =0.01698099635541439 
lr = 0.0005 Loss 164/250 Loss is L =0.0158544909209013 
lr = 0.0005 Loss 165/250 Loss is L =0.01799805462360382 
lr = 0.0005 Loss 166/250 Loss is L =0.017520075663924217 
lr = 0.0005 Loss 167/250 Loss is L =0.017221471294760704 
lr = 0.0005 Loss 168/250 Loss is L =0.016637928783893585 
lr = 0.0005 Loss 169/250 Loss is L =0.018911777064204216 
lr = 0.0005 Loss 170/250 Loss is L =0.01685403659939766 
lr = 0.0005 Loss 171/250 Loss is L =0.016590578481554985 
lr = 0.0005 Loss 172/250 Loss is L =0.01720530353486538 
lr = 0.0005 Loss 173/250 Loss is L =0.01708506979048252 
lr = 0.0005 Loss 174/250 Loss is L =0.018205275759100914 
lr = 0.0005 Loss 175/250 Loss is L =0.016716009005904198 
lr = 0.0005 Loss 176/250 Loss is L =0.01578901708126068 
lr = 0.0005 Loss 177/250 Loss is L =0.017584973946213722 
lr = 0.0005 Loss 178/250 Loss is L =0.016942454501986504 
lr = 0.0005 Loss 179/250 Loss is L =0.01653868891298771 
lr = 0.0005 Loss 180/250 Loss is L =0.016423877328634262 
lr = 0.0005 Loss 181/250 Loss is L =0.016948765143752098 
lr = 0.0005 Loss 182/250 Loss is L =0.015745744109153748 
lr = 0.0005 Loss 183/250 Loss is L =0.015446332283318043 
lr = 0.0005 Loss 184/250 Loss is L =0.017582351341843605 
lr = 0.0005 Loss 185/250 Loss is L =0.01745522953569889 
lr = 0.0005 Loss 186/250 Loss is L =0.015905937179923058 
lr = 0.0005 Loss 187/250 Loss is L =0.016833458095788956 
lr = 0.0005 Loss 188/250 Loss is L =0.017112625762820244 
lr = 0.0005 Loss 189/250 Loss is L =0.01589399389922619 
lr = 0.0005 Loss 190/250 Loss is L =0.01931959204375744 
lr = 0.0005 Loss 191/250 Loss is L =0.01641237549483776 
lr = 0.0005 Loss 192/250 Loss is L =0.016528204083442688 
lr = 0.0005 Loss 193/250 Loss is L =0.016472024843096733 
lr = 0.0005 Loss 194/250 Loss is L =0.0169439185410738 
lr = 0.0005 Loss 195/250 Loss is L =0.01569334603846073 
lr = 0.0005 Loss 196/250 Loss is L =0.01692703366279602 
lr = 0.0005 Loss 197/250 Loss is L =0.017005285248160362 
lr = 0.0005 Loss 198/250 Loss is L =0.017178421840071678 
lr = 0.0005 Loss 199/250 Loss is L =0.01761430874466896 
lr = 0.0005 Loss 200/250 Loss is L =0.01784144900739193 
lr = 0.0005 Loss 201/250 Loss is L =0.01791957952082157 
lr = 0.0005 Loss 202/250 Loss is L =0.017664900049567223 
lr = 0.0005 Loss 203/250 Loss is L =0.018250877037644386 
lr = 0.0005 Loss 204/250 Loss is L =0.01685256138443947 
lr = 0.0005 Loss 205/250 Loss is L =0.01831774041056633 
lr = 0.0005 Loss 206/250 Loss is L =0.01594448648393154 
lr = 0.0005 Loss 207/250 Loss is L =0.01771804876625538 
lr = 0.0005 Loss 208/250 Loss is L =0.017268043011426926 
lr = 0.0005 Loss 209/250 Loss is L =0.016434824094176292 
lr = 0.0005 Loss 210/250 Loss is L =0.01765553466975689 
lr = 0.0005 Loss 211/250 Loss is L =0.01569671928882599 
lr = 0.0005 Loss 212/250 Loss is L =0.01608598604798317 
lr = 0.0005 Loss 213/250 Loss is L =0.017028260976076126 
lr = 0.0005 Loss 214/250 Loss is L =0.016121378168463707 
lr = 0.0005 Loss 215/250 Loss is L =0.017164897173643112 
lr = 0.0005 Loss 216/250 Loss is L =0.018299106508493423 
lr = 0.0005 Loss 217/250 Loss is L =0.01709088496863842 
lr = 0.0005 Loss 218/250 Loss is L =0.01719248667359352 
lr = 0.0005 Loss 219/250 Loss is L =0.017198411747813225 
lr = 0.0005 Loss 220/250 Loss is L =0.016978444531559944 
lr = 0.0005 Loss 221/250 Loss is L =0.017403442412614822 
lr = 0.0005 Loss 222/250 Loss is L =0.015534690581262112 
lr = 0.0005 Loss 223/250 Loss is L =0.016516558825969696 
lr = 0.0005 Loss 224/250 Loss is L =0.017541393637657166 
lr = 0.0005 Loss 225/250 Loss is L =0.016548067331314087 
lr = 0.0005 Loss 226/250 Loss is L =0.016995776444673538 
lr = 0.0005 Loss 227/250 Loss is L =0.018684914335608482 
lr = 0.0005 Loss 228/250 Loss is L =0.01614983193576336 
lr = 0.0005 Loss 229/250 Loss is L =0.016029352322220802 
lr = 0.0005 Loss 230/250 Loss is L =0.015684742480516434 
lr = 0.0005 Loss 231/250 Loss is L =0.017804011702537537 
lr = 0.0005 Loss 232/250 Loss is L =0.016546644270420074 
lr = 0.0005 Loss 233/250 Loss is L =0.01604241132736206 
lr = 0.0005 Loss 234/250 Loss is L =0.015955543145537376 
lr = 0.0005 Loss 235/250 Loss is L =0.01653561368584633 
lr = 0.0005 Loss 236/250 Loss is L =0.017177019268274307 
lr = 0.0005 Loss 237/250 Loss is L =0.016285482794046402 
lr = 0.0005 Loss 238/250 Loss is L =0.01822691224515438 
lr = 0.0005 Loss 239/250 Loss is L =0.017606187611818314 
lr = 0.0005 Loss 240/250 Loss is L =0.016278767958283424 
lr = 0.0005 Loss 241/250 Loss is L =0.017556963488459587 
lr = 0.0005 Loss 242/250 Loss is L =0.018086126074194908 
lr = 0.0005 Loss 243/250 Loss is L =0.016871262341737747 
lr = 0.0005 Loss 244/250 Loss is L =0.016567174345254898 
lr = 0.0005 Loss 245/250 Loss is L =0.015592480078339577 
lr = 0.0005 Loss 246/250 Loss is L =0.016927948221564293 
lr = 0.0005 Loss 247/250 Loss is L =0.017703378573060036 
lr = 0.0005 Loss 248/250 Loss is L =0.018135324120521545 
lr = 0.0005 Loss 249/250 Loss is L =0.01662519760429859 
lr = 0.0005 Loss 250/250 Loss is L =0.017077362164855003 
lr = 0.001 Loss 1/250 Loss is L =0.025265401229262352 
lr = 0.001 Loss 2/250 Loss is L =0.019686389714479446 
lr = 0.001 Loss 3/250 Loss is L =0.014176550321280956 
lr = 0.001 Loss 4/250 Loss is L =0.01184234768152237 
lr = 0.001 Loss 5/250 Loss is L =0.010731992311775684 
lr = 0.001 Loss 6/250 Loss is L =0.010150394402444363 
lr = 0.001 Loss 7/250 Loss is L =0.01090947724878788 
lr = 0.001 Loss 8/250 Loss is L =0.009932858869433403 
lr = 0.001 Loss 9/250 Loss is L =0.00944442767649889 
lr = 0.001 Loss 10/250 Loss is L =0.009663314558565617 
lr = 0.001 Loss 11/250 Loss is L =0.010792735032737255 
lr = 0.001 Loss 12/250 Loss is L =0.008367398753762245 
lr = 0.001 Loss 13/250 Loss is L =0.008940264582633972 
lr = 0.001 Loss 14/250 Loss is L =0.007928772829473019 
lr = 0.001 Loss 15/250 Loss is L =0.008674328215420246 
lr = 0.001 Loss 16/250 Loss is L =0.008205934427678585 
lr = 0.001 Loss 17/250 Loss is L =0.00824777502566576 
lr = 0.001 Loss 18/250 Loss is L =0.008177133277058601 
lr = 0.001 Loss 19/250 Loss is L =0.007565030362457037 
lr = 0.001 Loss 20/250 Loss is L =0.0076324897818267345 
lr = 0.001 Loss 21/250 Loss is L =0.007129413075745106 
lr = 0.001 Loss 22/250 Loss is L =0.006670115049928427 
lr = 0.001 Loss 23/250 Loss is L =0.00762887904420495 
lr = 0.001 Loss 24/250 Loss is L =0.00710867578163743 
lr = 0.001 Loss 25/250 Loss is L =0.007387691643089056 
lr = 0.001 Loss 26/250 Loss is L =0.007021055556833744 
lr = 0.001 Loss 27/250 Loss is L =0.006357976701110601 
lr = 0.001 Loss 28/250 Loss is L =0.006834426429122686 
lr = 0.001 Loss 29/250 Loss is L =0.0069761271588504314 
lr = 0.001 Loss 30/250 Loss is L =0.006312830839306116 
lr = 0.001 Loss 31/250 Loss is L =0.006110451649874449 
lr = 0.001 Loss 32/250 Loss is L =0.006305399816483259 
lr = 0.001 Loss 33/250 Loss is L =0.006092631723731756 
lr = 0.001 Loss 34/250 Loss is L =0.006084640044718981 
lr = 0.001 Loss 35/250 Loss is L =0.007054561283439398 
lr = 0.001 Loss 36/250 Loss is L =0.007160207722336054 
lr = 0.001 Loss 37/250 Loss is L =0.006313564721494913 
lr = 0.001 Loss 38/250 Loss is L =0.006079492624849081 
lr = 0.001 Loss 39/250 Loss is L =0.006868214346468449 
lr = 0.001 Loss 40/250 Loss is L =0.005784728564321995 
lr = 0.001 Loss 41/250 Loss is L =0.0066550434567034245 
lr = 0.001 Loss 42/250 Loss is L =0.005732563324272633 
lr = 0.001 Loss 43/250 Loss is L =0.006064433138817549 
lr = 0.001 Loss 44/250 Loss is L =0.006623358465731144 
lr = 0.001 Loss 45/250 Loss is L =0.006027493625879288 
lr = 0.001 Loss 46/250 Loss is L =0.0061911316588521 
lr = 0.001 Loss 47/250 Loss is L =0.006159279029816389 
lr = 0.001 Loss 48/250 Loss is L =0.006869821343570948 
lr = 0.001 Loss 49/250 Loss is L =0.005654473789036274 
lr = 0.001 Loss 50/250 Loss is L =0.006487030070275068 
lr = 0.001 Loss 51/250 Loss is L =0.006229780148714781 
lr = 0.001 Loss 52/250 Loss is L =0.006288174074143171 
lr = 0.001 Loss 53/250 Loss is L =0.005719087552279234 
lr = 0.001 Loss 54/250 Loss is L =0.005611912347376347 
lr = 0.001 Loss 55/250 Loss is L =0.005958314519375563 
lr = 0.001 Loss 56/250 Loss is L =0.006367112975567579 
lr = 0.001 Loss 57/250 Loss is L =0.005582541227340698 
lr = 0.001 Loss 58/250 Loss is L =0.005588685628026724 
lr = 0.001 Loss 59/250 Loss is L =0.006277145352214575 
lr = 0.001 Loss 60/250 Loss is L =0.005907165352255106 
lr = 0.001 Loss 61/250 Loss is L =0.006980543490499258 
lr = 0.001 Loss 62/250 Loss is L =0.0057395631447434425 
lr = 0.001 Loss 63/250 Loss is L =0.0058915442787110806 
lr = 0.001 Loss 64/250 Loss is L =0.005511313211172819 
lr = 0.001 Loss 65/250 Loss is L =0.006201672833412886 
lr = 0.001 Loss 66/250 Loss is L =0.005789961665868759 
lr = 0.001 Loss 67/250 Loss is L =0.006020914763212204 
lr = 0.001 Loss 68/250 Loss is L =0.006166000850498676 
lr = 0.001 Loss 69/250 Loss is L =0.005953563842922449 
lr = 0.001 Loss 70/250 Loss is L =0.005470256321132183 
lr = 0.001 Loss 71/250 Loss is L =0.005964220501482487 
lr = 0.001 Loss 72/250 Loss is L =0.006755190435796976 
lr = 0.001 Loss 73/250 Loss is L =0.00634357426315546 
lr = 0.001 Loss 74/250 Loss is L =0.005374954082071781 
lr = 0.001 Loss 75/250 Loss is L =0.005641750991344452 
lr = 0.001 Loss 76/250 Loss is L =0.005507321562618017 
lr = 0.001 Loss 77/250 Loss is L =0.005442352499812841 
lr = 0.001 Loss 78/250 Loss is L =0.005909108556807041 
lr = 0.001 Loss 79/250 Loss is L =0.005188364069908857 
lr = 0.001 Loss 80/250 Loss is L =0.005347924772650003 
lr = 0.001 Loss 81/250 Loss is L =0.006073488388210535 
lr = 0.001 Loss 82/250 Loss is L =0.00625340361148119 
lr = 0.001 Loss 83/250 Loss is L =0.005676447879523039 
lr = 0.001 Loss 84/250 Loss is L =0.005522224586457014 
lr = 0.001 Loss 85/250 Loss is L =0.0057490854524075985 
lr = 0.001 Loss 86/250 Loss is L =0.006518907845020294 
lr = 0.001 Loss 87/250 Loss is L =0.005773577839136124 
lr = 0.001 Loss 88/250 Loss is L =0.005427251104265451 
lr = 0.001 Loss 89/250 Loss is L =0.0062188999727368355 
lr = 0.001 Loss 90/250 Loss is L =0.005535537842661142 
lr = 0.001 Loss 91/250 Loss is L =0.005589354317635298 
lr = 0.001 Loss 92/250 Loss is L =0.004923943895846605 
lr = 0.001 Loss 93/250 Loss is L =0.005121802445501089 
lr = 0.001 Loss 94/250 Loss is L =0.005106515716761351 
lr = 0.001 Loss 95/250 Loss is L =0.006599274929612875 
lr = 0.001 Loss 96/250 Loss is L =0.0052023823373019695 
lr = 0.001 Loss 97/250 Loss is L =0.0062166983261704445 
lr = 0.001 Loss 98/250 Loss is L =0.0049898321740329266 
lr = 0.001 Loss 99/250 Loss is L =0.005288774613291025 
lr = 0.001 Loss 100/250 Loss is L =0.00517039280384779 
lr = 0.001 Loss 101/250 Loss is L =0.005342833232134581 
lr = 0.001 Loss 102/250 Loss is L =0.0064745815470814705 
lr = 0.001 Loss 103/250 Loss is L =0.0057970876805484295 
lr = 0.001 Loss 104/250 Loss is L =0.0053531695157289505 
lr = 0.001 Loss 105/250 Loss is L =0.004958766512572765 
lr = 0.001 Loss 106/250 Loss is L =0.005840823519974947 
lr = 0.001 Loss 107/250 Loss is L =0.005268629174679518 
lr = 0.001 Loss 108/250 Loss is L =0.00533544085919857 
lr = 0.001 Loss 109/250 Loss is L =0.005529501941055059 
lr = 0.001 Loss 110/250 Loss is L =0.004983563907444477 
lr = 0.001 Loss 111/250 Loss is L =0.0051915692165493965 
lr = 0.001 Loss 112/250 Loss is L =0.005896823480725288 
lr = 0.001 Loss 113/250 Loss is L =0.005823202431201935 
lr = 0.001 Loss 114/250 Loss is L =0.0055462876334786415 
lr = 0.001 Loss 115/250 Loss is L =0.005749269854277372 
lr = 0.001 Loss 116/250 Loss is L =0.0054171523079276085 
lr = 0.001 Loss 117/250 Loss is L =0.005695755127817392 
lr = 0.001 Loss 118/250 Loss is L =0.005877139046788216 
lr = 0.001 Loss 119/250 Loss is L =0.005252969451248646 
lr = 0.001 Loss 120/250 Loss is L =0.006008288823068142 
lr = 0.001 Loss 121/250 Loss is L =0.005005310755223036 
lr = 0.001 Loss 122/250 Loss is L =0.005405716132372618 
lr = 0.001 Loss 123/250 Loss is L =0.004978605546057224 
lr = 0.001 Loss 124/250 Loss is L =0.005400277208536863 
lr = 0.001 Loss 125/250 Loss is L =0.0057508014142513275 
lr = 0.001 Loss 126/250 Loss is L =0.004846719093620777 
lr = 0.001 Loss 127/250 Loss is L =0.005669054575264454 
lr = 0.001 Loss 128/250 Loss is L =0.005861217621713877 
lr = 0.001 Loss 129/250 Loss is L =0.005004937760531902 
lr = 0.001 Loss 130/250 Loss is L =0.00602318299934268 
lr = 0.001 Loss 131/250 Loss is L =0.005394661333411932 
lr = 0.001 Loss 132/250 Loss is L =0.005723289679735899 
lr = 0.001 Loss 133/250 Loss is L =0.005411491729319096 
lr = 0.001 Loss 134/250 Loss is L =0.005030415486544371 
lr = 0.001 Loss 135/250 Loss is L =0.005916099529713392 
lr = 0.001 Loss 136/250 Loss is L =0.004656906705349684 
lr = 0.001 Loss 137/250 Loss is L =0.004966796841472387 
lr = 0.001 Loss 138/250 Loss is L =0.005755226593464613 
lr = 0.001 Loss 139/250 Loss is L =0.005440787877887487 
lr = 0.001 Loss 140/250 Loss is L =0.005383730866014957 
lr = 0.001 Loss 141/250 Loss is L =0.005537330638617277 
lr = 0.001 Loss 142/250 Loss is L =0.005642344709485769 
lr = 0.001 Loss 143/250 Loss is L =0.005416211672127247 
lr = 0.001 Loss 144/250 Loss is L =0.004805184900760651 
lr = 0.001 Loss 145/250 Loss is L =0.005510119255632162 
lr = 0.001 Loss 146/250 Loss is L =0.004654567688703537 
lr = 0.001 Loss 147/250 Loss is L =0.005456637125462294 
lr = 0.001 Loss 148/250 Loss is L =0.005509072449058294 
lr = 0.001 Loss 149/250 Loss is L =0.004745255224406719 
lr = 0.001 Loss 150/250 Loss is L =0.005330636631697416 
lr = 0.001 Loss 151/250 Loss is L =0.005357015412300825 
lr = 0.001 Loss 152/250 Loss is L =0.005696630571037531 
lr = 0.001 Loss 153/250 Loss is L =0.005151997786015272 
lr = 0.001 Loss 154/250 Loss is L =0.005074692890048027 
lr = 0.001 Loss 155/250 Loss is L =0.005514715798199177 
lr = 0.001 Loss 156/250 Loss is L =0.005393355153501034 
lr = 0.001 Loss 157/250 Loss is L =0.005515442229807377 
lr = 0.001 Loss 158/250 Loss is L =0.005472372751682997 
lr = 0.001 Loss 159/250 Loss is L =0.0049615525640547276 
lr = 0.001 Loss 160/250 Loss is L =0.005115146283060312 
lr = 0.001 Loss 161/250 Loss is L =0.00532185984775424 
lr = 0.001 Loss 162/250 Loss is L =0.0051195984706282616 
lr = 0.001 Loss 163/250 Loss is L =0.005137001629918814 
lr = 0.001 Loss 164/250 Loss is L =0.005319736897945404 
lr = 0.001 Loss 165/250 Loss is L =0.005988892167806625 
lr = 0.001 Loss 166/250 Loss is L =0.005352245178073645 
lr = 0.001 Loss 167/250 Loss is L =0.005026187282055616 
lr = 0.001 Loss 168/250 Loss is L =0.005607972387224436 
lr = 0.001 Loss 169/250 Loss is L =0.005575282033532858 
lr = 0.001 Loss 170/250 Loss is L =0.006079323124140501 
lr = 0.001 Loss 171/250 Loss is L =0.005246095359325409 
lr = 0.001 Loss 172/250 Loss is L =0.005299018230289221 
lr = 0.001 Loss 173/250 Loss is L =0.005303292069584131 
lr = 0.001 Loss 174/250 Loss is L =0.005663454066962004 
lr = 0.001 Loss 175/250 Loss is L =0.005487890914082527 
lr = 0.001 Loss 176/250 Loss is L =0.005488721188157797 
lr = 0.001 Loss 177/250 Loss is L =0.005678895395249128 
lr = 0.001 Loss 178/250 Loss is L =0.0048040407709777355 
lr = 0.001 Loss 179/250 Loss is L =0.004755321424454451 
lr = 0.001 Loss 180/250 Loss is L =0.005431767553091049 
lr = 0.001 Loss 181/250 Loss is L =0.006104075815528631 
lr = 0.001 Loss 182/250 Loss is L =0.005345627199858427 
lr = 0.001 Loss 183/250 Loss is L =0.0050905318930745125 
lr = 0.001 Loss 184/250 Loss is L =0.006263767369091511 
lr = 0.001 Loss 185/250 Loss is L =0.005542943719774485 
lr = 0.001 Loss 186/250 Loss is L =0.005221907515078783 
lr = 0.001 Loss 187/250 Loss is L =0.0045749731361866 
lr = 0.001 Loss 188/250 Loss is L =0.005213145166635513 
lr = 0.001 Loss 189/250 Loss is L =0.004637845791876316 
lr = 0.001 Loss 190/250 Loss is L =0.005065116565674543 
lr = 0.001 Loss 191/250 Loss is L =0.005762729328125715 
lr = 0.001 Loss 192/250 Loss is L =0.005111451726406813 
lr = 0.001 Loss 193/250 Loss is L =0.00558569235727191 
lr = 0.001 Loss 194/250 Loss is L =0.005480192136019468 
lr = 0.001 Loss 195/250 Loss is L =0.005642857868224382 
lr = 0.001 Loss 196/250 Loss is L =0.005037160124629736 
lr = 0.001 Loss 197/250 Loss is L =0.00527214864268899 
lr = 0.001 Loss 198/250 Loss is L =0.005164767615497112 
lr = 0.001 Loss 199/250 Loss is L =0.005456898361444473 
lr = 0.001 Loss 200/250 Loss is L =0.005050641484558582 
lr = 0.001 Loss 201/250 Loss is L =0.005043830722570419 
lr = 0.001 Loss 202/250 Loss is L =0.005898027215152979 
lr = 0.001 Loss 203/250 Loss is L =0.005604800768196583 
lr = 0.001 Loss 204/250 Loss is L =0.0058389464393258095 
lr = 0.001 Loss 205/250 Loss is L =0.0050986106507480145 
lr = 0.001 Loss 206/250 Loss is L =0.005660818889737129 
lr = 0.001 Loss 207/250 Loss is L =0.004979903344064951 
lr = 0.001 Loss 208/250 Loss is L =0.005049829371273518 
lr = 0.001 Loss 209/250 Loss is L =0.005809027235955 
lr = 0.001 Loss 210/250 Loss is L =0.0054822987876832485 
lr = 0.001 Loss 211/250 Loss is L =0.005390238016843796 
lr = 0.001 Loss 212/250 Loss is L =0.005680055357515812 
lr = 0.001 Loss 213/250 Loss is L =0.005167579744011164 
lr = 0.001 Loss 214/250 Loss is L =0.0051071178168058395 
lr = 0.001 Loss 215/250 Loss is L =0.004986426793038845 
lr = 0.001 Loss 216/250 Loss is L =0.005338310729712248 
lr = 0.001 Loss 217/250 Loss is L =0.004568522330373526 
lr = 0.001 Loss 218/250 Loss is L =0.005458917934447527 
lr = 0.001 Loss 219/250 Loss is L =0.005371551029384136 
lr = 0.001 Loss 220/250 Loss is L =0.005221291910856962 
lr = 0.001 Loss 221/250 Loss is L =0.00499779311940074 
lr = 0.001 Loss 222/250 Loss is L =0.005181820597499609 
lr = 0.001 Loss 223/250 Loss is L =0.005483801010996103 
lr = 0.001 Loss 224/250 Loss is L =0.004891181830316782 
lr = 0.001 Loss 225/250 Loss is L =0.005544095765799284 
lr = 0.001 Loss 226/250 Loss is L =0.005690051708370447 
lr = 0.001 Loss 227/250 Loss is L =0.006088668014854193 
lr = 0.001 Loss 228/250 Loss is L =0.005394782871007919 
lr = 0.001 Loss 229/250 Loss is L =0.005267586093395948 
lr = 0.001 Loss 230/250 Loss is L =0.005523283965885639 
lr = 0.001 Loss 231/250 Loss is L =0.005384383257478476 
lr = 0.001 Loss 232/250 Loss is L =0.00538488058373332 
lr = 0.001 Loss 233/250 Loss is L =0.005685084965080023 
lr = 0.001 Loss 234/250 Loss is L =0.004913765471428633 
lr = 0.001 Loss 235/250 Loss is L =0.005277726333588362 
lr = 0.001 Loss 236/250 Loss is L =0.00597112812101841 
lr = 0.001 Loss 237/250 Loss is L =0.005581883247941732 
lr = 0.001 Loss 238/250 Loss is L =0.005014270544052124 
lr = 0.001 Loss 239/250 Loss is L =0.005040993448346853 
lr = 0.001 Loss 240/250 Loss is L =0.005471188109368086 
lr = 0.001 Loss 241/250 Loss is L =0.005337853450328112 
lr = 0.001 Loss 242/250 Loss is L =0.005468605551868677 
lr = 0.001 Loss 243/250 Loss is L =0.0051120310090482235 
lr = 0.001 Loss 244/250 Loss is L =0.00537800183519721 
lr = 0.001 Loss 245/250 Loss is L =0.005428488831967115 
lr = 0.001 Loss 246/250 Loss is L =0.005099959205836058 
lr = 0.001 Loss 247/250 Loss is L =0.0051424261182546616 
lr = 0.001 Loss 248/250 Loss is L =0.0054021598771214485 
lr = 0.001 Loss 249/250 Loss is L =0.005633204244077206 
lr = 0.001 Loss 250/250 Loss is L =0.005085660610347986 
lr = 0.005 Loss 1/250 Loss is L =0.044144805520772934 
lr = 0.005 Loss 2/250 Loss is L =0.03687746450304985 
lr = 0.005 Loss 3/250 Loss is L =0.03470440208911896 
lr = 0.005 Loss 4/250 Loss is L =0.03251584246754646 
lr = 0.005 Loss 5/250 Loss is L =0.03214183822274208 
lr = 0.005 Loss 6/250 Loss is L =0.03189302608370781 
lr = 0.005 Loss 7/250 Loss is L =0.031101563945412636 
lr = 0.005 Loss 8/250 Loss is L =0.033213309943675995 
lr = 0.005 Loss 9/250 Loss is L =0.029883993789553642 
lr = 0.005 Loss 10/250 Loss is L =0.02776317112147808 
lr = 0.005 Loss 11/250 Loss is L =0.030083466321229935 
lr = 0.005 Loss 12/250 Loss is L =0.029209434986114502 
lr = 0.005 Loss 13/250 Loss is L =0.030872130766510963 
lr = 0.005 Loss 14/250 Loss is L =0.03045053593814373 
lr = 0.005 Loss 15/250 Loss is L =0.031288620084524155 
lr = 0.005 Loss 16/250 Loss is L =0.027456531301140785 
lr = 0.005 Loss 17/250 Loss is L =0.02975444868206978 
lr = 0.005 Loss 18/250 Loss is L =0.030963420867919922 
lr = 0.005 Loss 19/250 Loss is L =0.02913719229400158 
lr = 0.005 Loss 20/250 Loss is L =0.028285128995776176 
lr = 0.005 Loss 21/250 Loss is L =0.028850961476564407 
lr = 0.005 Loss 22/250 Loss is L =0.029875969514250755 
lr = 0.005 Loss 23/250 Loss is L =0.027796437963843346 
lr = 0.005 Loss 24/250 Loss is L =0.028074044734239578 
lr = 0.005 Loss 25/250 Loss is L =0.02850775234401226 
lr = 0.005 Loss 26/250 Loss is L =0.028218412771821022 
lr = 0.005 Loss 27/250 Loss is L =0.026607036590576172 
lr = 0.005 Loss 28/250 Loss is L =0.028389209881424904 
lr = 0.005 Loss 29/250 Loss is L =0.02721847966313362 
lr = 0.005 Loss 30/250 Loss is L =0.028757108375430107 
lr = 0.005 Loss 31/250 Loss is L =0.02870051935315132 
lr = 0.005 Loss 32/250 Loss is L =0.030070150271058083 
lr = 0.005 Loss 33/250 Loss is L =0.028086036443710327 
lr = 0.005 Loss 34/250 Loss is L =0.027443548664450645 
lr = 0.005 Loss 35/250 Loss is L =0.026971084997057915 
lr = 0.005 Loss 36/250 Loss is L =0.028035808354616165 
lr = 0.005 Loss 37/250 Loss is L =0.028943760320544243 
lr = 0.005 Loss 38/250 Loss is L =0.027152931317687035 
lr = 0.005 Loss 39/250 Loss is L =0.02969643473625183 
lr = 0.005 Loss 40/250 Loss is L =0.02826882340013981 
lr = 0.005 Loss 41/250 Loss is L =0.026760652661323547 
lr = 0.005 Loss 42/250 Loss is L =0.02815924398601055 
lr = 0.005 Loss 43/250 Loss is L =0.028195500373840332 
lr = 0.005 Loss 44/250 Loss is L =0.02858140505850315 
lr = 0.005 Loss 45/250 Loss is L =0.028871437534689903 
lr = 0.005 Loss 46/250 Loss is L =0.026447951793670654 
lr = 0.005 Loss 47/250 Loss is L =0.027854055166244507 
lr = 0.005 Loss 48/250 Loss is L =0.02725273184478283 
lr = 0.005 Loss 49/250 Loss is L =0.029672278091311455 
lr = 0.005 Loss 50/250 Loss is L =0.027565110474824905 
lr = 0.005 Loss 51/250 Loss is L =0.027265353128314018 
lr = 0.005 Loss 52/250 Loss is L =0.027465282008051872 
lr = 0.005 Loss 53/250 Loss is L =0.025268999859690666 
lr = 0.005 Loss 54/250 Loss is L =0.027794966474175453 
lr = 0.005 Loss 55/250 Loss is L =0.027771754190325737 
lr = 0.005 Loss 56/250 Loss is L =0.026466310024261475 
lr = 0.005 Loss 57/250 Loss is L =0.028668373823165894 
lr = 0.005 Loss 58/250 Loss is L =0.026076925918459892 
lr = 0.005 Loss 59/250 Loss is L =0.027640054002404213 
lr = 0.005 Loss 60/250 Loss is L =0.02638782002031803 
lr = 0.005 Loss 61/250 Loss is L =0.02636958658695221 
lr = 0.005 Loss 62/250 Loss is L =0.02872471883893013 
lr = 0.005 Loss 63/250 Loss is L =0.028544319793581963 
lr = 0.005 Loss 64/250 Loss is L =0.02532893419265747 
lr = 0.005 Loss 65/250 Loss is L =0.027936387807130814 
lr = 0.005 Loss 66/250 Loss is L =0.02745855413377285 
lr = 0.005 Loss 67/250 Loss is L =0.026858443394303322 
lr = 0.005 Loss 68/250 Loss is L =0.02734975516796112 
lr = 0.005 Loss 69/250 Loss is L =0.027684634551405907 
lr = 0.005 Loss 70/250 Loss is L =0.027735034003853798 
lr = 0.005 Loss 71/250 Loss is L =0.029596218839287758 
lr = 0.005 Loss 72/250 Loss is L =0.02640935778617859 
lr = 0.005 Loss 73/250 Loss is L =0.027940725907683372 
lr = 0.005 Loss 74/250 Loss is L =0.026080040261149406 
lr = 0.005 Loss 75/250 Loss is L =0.028311774134635925 
lr = 0.005 Loss 76/250 Loss is L =0.026119545102119446 
lr = 0.005 Loss 77/250 Loss is L =0.02622944675385952 
lr = 0.005 Loss 78/250 Loss is L =0.02883186750113964 
lr = 0.005 Loss 79/250 Loss is L =0.026218891143798828 
lr = 0.005 Loss 80/250 Loss is L =0.025586841627955437 
lr = 0.005 Loss 81/250 Loss is L =0.028149908408522606 
lr = 0.005 Loss 82/250 Loss is L =0.025574445724487305 
lr = 0.005 Loss 83/250 Loss is L =0.029099320992827415 
lr = 0.005 Loss 84/250 Loss is L =0.02895045280456543 
lr = 0.005 Loss 85/250 Loss is L =0.026709819212555885 
lr = 0.005 Loss 86/250 Loss is L =0.026269514113664627 
lr = 0.005 Loss 87/250 Loss is L =0.026914507150650024 
lr = 0.005 Loss 88/250 Loss is L =0.027981221675872803 
lr = 0.005 Loss 89/250 Loss is L =0.027459174394607544 
lr = 0.005 Loss 90/250 Loss is L =0.02828383445739746 
lr = 0.005 Loss 91/250 Loss is L =0.02794717624783516 
lr = 0.005 Loss 92/250 Loss is L =0.027642851695418358 
lr = 0.005 Loss 93/250 Loss is L =0.026653766632080078 
lr = 0.005 Loss 94/250 Loss is L =0.028340110555291176 
lr = 0.005 Loss 95/250 Loss is L =0.0283352080732584 
lr = 0.005 Loss 96/250 Loss is L =0.02745351754128933 
lr = 0.005 Loss 97/250 Loss is L =0.026257667690515518 
lr = 0.005 Loss 98/250 Loss is L =0.02814163640141487 
lr = 0.005 Loss 99/250 Loss is L =0.026350537315011024 
lr = 0.005 Loss 100/250 Loss is L =0.02749812602996826 
lr = 0.005 Loss 101/250 Loss is L =0.028090571984648705 
lr = 0.005 Loss 102/250 Loss is L =0.025859171524643898 
lr = 0.005 Loss 103/250 Loss is L =0.026274818927049637 
lr = 0.005 Loss 104/250 Loss is L =0.02628566324710846 
lr = 0.005 Loss 105/250 Loss is L =0.026755088940262794 
lr = 0.005 Loss 106/250 Loss is L =0.025886042043566704 
lr = 0.005 Loss 107/250 Loss is L =0.028340166434645653 
lr = 0.005 Loss 108/250 Loss is L =0.02601190283894539 
lr = 0.005 Loss 109/250 Loss is L =0.025110138580203056 
lr = 0.005 Loss 110/250 Loss is L =0.02816828526556492 
lr = 0.005 Loss 111/250 Loss is L =0.028154999017715454 
lr = 0.005 Loss 112/250 Loss is L =0.02796207182109356 
lr = 0.005 Loss 113/250 Loss is L =0.029999462887644768 
lr = 0.005 Loss 114/250 Loss is L =0.026486963033676147 
lr = 0.005 Loss 115/250 Loss is L =0.027897119522094727 
lr = 0.005 Loss 116/250 Loss is L =0.025519341230392456 
lr = 0.005 Loss 117/250 Loss is L =0.027143413200974464 
lr = 0.005 Loss 118/250 Loss is L =0.025442907586693764 
lr = 0.005 Loss 119/250 Loss is L =0.02694646082818508 
lr = 0.005 Loss 120/250 Loss is L =0.026620537042617798 
lr = 0.005 Loss 121/250 Loss is L =0.027168024331331253 
lr = 0.005 Loss 122/250 Loss is L =0.02681908570230007 
lr = 0.005 Loss 123/250 Loss is L =0.027414560317993164 
lr = 0.005 Loss 124/250 Loss is L =0.026751434430480003 
lr = 0.005 Loss 125/250 Loss is L =0.027271835133433342 
lr = 0.005 Loss 126/250 Loss is L =0.026531079784035683 
lr = 0.005 Loss 127/250 Loss is L =0.026813065633177757 
lr = 0.005 Loss 128/250 Loss is L =0.02602638676762581 
lr = 0.005 Loss 129/250 Loss is L =0.02879362367093563 
lr = 0.005 Loss 130/250 Loss is L =0.028323734179139137 
lr = 0.005 Loss 131/250 Loss is L =0.027760088443756104 
lr = 0.005 Loss 132/250 Loss is L =0.027719123288989067 
lr = 0.005 Loss 133/250 Loss is L =0.027366479858756065 
lr = 0.005 Loss 134/250 Loss is L =0.0265443604439497 
lr = 0.005 Loss 135/250 Loss is L =0.026540547609329224 
lr = 0.005 Loss 136/250 Loss is L =0.026785442605614662 
lr = 0.005 Loss 137/250 Loss is L =0.026642540469765663 
lr = 0.005 Loss 138/250 Loss is L =0.027142584323883057 
lr = 0.005 Loss 139/250 Loss is L =0.026549825444817543 
lr = 0.005 Loss 140/250 Loss is L =0.02704361453652382 
lr = 0.005 Loss 141/250 Loss is L =0.028808975592255592 
lr = 0.005 Loss 142/250 Loss is L =0.0267587099224329 
lr = 0.005 Loss 143/250 Loss is L =0.026338109746575356 
lr = 0.005 Loss 144/250 Loss is L =0.028669286519289017 
lr = 0.005 Loss 145/250 Loss is L =0.027578204870224 
lr = 0.005 Loss 146/250 Loss is L =0.02597162127494812 
lr = 0.005 Loss 147/250 Loss is L =0.026691241189837456 
lr = 0.005 Loss 148/250 Loss is L =0.028381256386637688 
lr = 0.005 Loss 149/250 Loss is L =0.027460360899567604 
lr = 0.005 Loss 150/250 Loss is L =0.026428380981087685 
lr = 0.005 Loss 151/250 Loss is L =0.026346761733293533 
lr = 0.005 Loss 152/250 Loss is L =0.029185844585299492 
lr = 0.005 Loss 153/250 Loss is L =0.026873081922531128 
lr = 0.005 Loss 154/250 Loss is L =0.02693553827702999 
lr = 0.005 Loss 155/250 Loss is L =0.02796710468828678 
lr = 0.005 Loss 156/250 Loss is L =0.029436469078063965 
lr = 0.005 Loss 157/250 Loss is L =0.02941947616636753 
lr = 0.005 Loss 158/250 Loss is L =0.028242452070116997 
lr = 0.005 Loss 159/250 Loss is L =0.027830535545945168 
lr = 0.005 Loss 160/250 Loss is L =0.02710047923028469 
lr = 0.005 Loss 161/250 Loss is L =0.02706930600106716 
lr = 0.005 Loss 162/250 Loss is L =0.02793852426111698 
lr = 0.005 Loss 163/250 Loss is L =0.027249401435256004 
lr = 0.005 Loss 164/250 Loss is L =0.029269812628626823 
lr = 0.005 Loss 165/250 Loss is L =0.024780794978141785 
lr = 0.005 Loss 166/250 Loss is L =0.026927143335342407 
lr = 0.005 Loss 167/250 Loss is L =0.026463910937309265 
lr = 0.005 Loss 168/250 Loss is L =0.026667511090636253 
lr = 0.005 Loss 169/250 Loss is L =0.028953522443771362 
lr = 0.005 Loss 170/250 Loss is L =0.025630855932831764 
lr = 0.005 Loss 171/250 Loss is L =0.02599107101559639 
lr = 0.005 Loss 172/250 Loss is L =0.02734643779695034 
lr = 0.005 Loss 173/250 Loss is L =0.02805902436375618 
lr = 0.005 Loss 174/250 Loss is L =0.02678707242012024 
lr = 0.005 Loss 175/250 Loss is L =0.027845187112689018 
lr = 0.005 Loss 176/250 Loss is L =0.025881338864564896 
lr = 0.005 Loss 177/250 Loss is L =0.025192944332957268 
lr = 0.005 Loss 178/250 Loss is L =0.02549549750983715 
lr = 0.005 Loss 179/250 Loss is L =0.02858125977218151 
lr = 0.005 Loss 180/250 Loss is L =0.02720300853252411 
lr = 0.005 Loss 181/250 Loss is L =0.025116046890616417 
lr = 0.005 Loss 182/250 Loss is L =0.026280511170625687 
lr = 0.005 Loss 183/250 Loss is L =0.027973681688308716 
lr = 0.005 Loss 184/250 Loss is L =0.029857808724045753 
lr = 0.005 Loss 185/250 Loss is L =0.027381813153624535 
lr = 0.005 Loss 186/250 Loss is L =0.031108899042010307 
lr = 0.005 Loss 187/250 Loss is L =0.026698006317019463 
lr = 0.005 Loss 188/250 Loss is L =0.030017906799912453 
lr = 0.005 Loss 189/250 Loss is L =0.027105707675218582 
lr = 0.005 Loss 190/250 Loss is L =0.026814794167876244 
lr = 0.005 Loss 191/250 Loss is L =0.02640496753156185 
lr = 0.005 Loss 192/250 Loss is L =0.02744620107114315 
lr = 0.005 Loss 193/250 Loss is L =0.027907630428671837 
lr = 0.005 Loss 194/250 Loss is L =0.02613191120326519 
lr = 0.005 Loss 195/250 Loss is L =0.027776140719652176 
lr = 0.005 Loss 196/250 Loss is L =0.02731068804860115 
lr = 0.005 Loss 197/250 Loss is L =0.026481077075004578 
lr = 0.005 Loss 198/250 Loss is L =0.02650640718638897 
lr = 0.005 Loss 199/250 Loss is L =0.025427786633372307 
lr = 0.005 Loss 200/250 Loss is L =0.025076940655708313 
lr = 0.005 Loss 201/250 Loss is L =0.028207728639245033 
lr = 0.005 Loss 202/250 Loss is L =0.02875598706305027 
lr = 0.005 Loss 203/250 Loss is L =0.02732229232788086 
lr = 0.005 Loss 204/250 Loss is L =0.02668122760951519 
lr = 0.005 Loss 205/250 Loss is L =0.0247319545596838 
lr = 0.005 Loss 206/250 Loss is L =0.025868559256196022 
lr = 0.005 Loss 207/250 Loss is L =0.02585623972117901 
lr = 0.005 Loss 208/250 Loss is L =0.02894144132733345 
lr = 0.005 Loss 209/250 Loss is L =0.02759801223874092 
lr = 0.005 Loss 210/250 Loss is L =0.027659375220537186 
lr = 0.005 Loss 211/250 Loss is L =0.02629965916275978 
lr = 0.005 Loss 212/250 Loss is L =0.025894731283187866 
lr = 0.005 Loss 213/250 Loss is L =0.026546036824584007 
lr = 0.005 Loss 214/250 Loss is L =0.028262991458177567 
lr = 0.005 Loss 215/250 Loss is L =0.025803441181778908 
lr = 0.005 Loss 216/250 Loss is L =0.02637324668467045 
lr = 0.005 Loss 217/250 Loss is L =0.028498340398073196 
lr = 0.005 Loss 218/250 Loss is L =0.025913730263710022 
lr = 0.005 Loss 219/250 Loss is L =0.027054209262132645 
lr = 0.005 Loss 220/250 Loss is L =0.02731909230351448 
lr = 0.005 Loss 221/250 Loss is L =0.02808011882007122 
lr = 0.005 Loss 222/250 Loss is L =0.028415918350219727 
lr = 0.005 Loss 223/250 Loss is L =0.027215078473091125 
lr = 0.005 Loss 224/250 Loss is L =0.02843557670712471 
lr = 0.005 Loss 225/250 Loss is L =0.02828296460211277 
lr = 0.005 Loss 226/250 Loss is L =0.025543317198753357 
lr = 0.005 Loss 227/250 Loss is L =0.02627035416662693 
lr = 0.005 Loss 228/250 Loss is L =0.027215583249926567 
lr = 0.005 Loss 229/250 Loss is L =0.02581419050693512 
lr = 0.005 Loss 230/250 Loss is L =0.028012722730636597 
lr = 0.005 Loss 231/250 Loss is L =0.025414112955331802 
lr = 0.005 Loss 232/250 Loss is L =0.02652137354016304 
lr = 0.005 Loss 233/250 Loss is L =0.02629060111939907 
lr = 0.005 Loss 234/250 Loss is L =0.028129925951361656 
lr = 0.005 Loss 235/250 Loss is L =0.027444100007414818 
lr = 0.005 Loss 236/250 Loss is L =0.02586408331990242 
lr = 0.005 Loss 237/250 Loss is L =0.026698900386691093 
lr = 0.005 Loss 238/250 Loss is L =0.02593066729605198 
lr = 0.005 Loss 239/250 Loss is L =0.02713068202137947 
lr = 0.005 Loss 240/250 Loss is L =0.027901211753487587 
lr = 0.005 Loss 241/250 Loss is L =0.02747582271695137 
lr = 0.005 Loss 242/250 Loss is L =0.02756420336663723 
lr = 0.005 Loss 243/250 Loss is L =0.026340758427977562 
lr = 0.005 Loss 244/250 Loss is L =0.029454683884978294 
lr = 0.005 Loss 245/250 Loss is L =0.028492197394371033 
lr = 0.005 Loss 246/250 Loss is L =0.027934575453400612 
lr = 0.005 Loss 247/250 Loss is L =0.02791808359324932 
lr = 0.005 Loss 248/250 Loss is L =0.025124583393335342 
lr = 0.005 Loss 249/250 Loss is L =0.029619643464684486 
lr = 0.005 Loss 250/250 Loss is L =0.02591710351407528 
lr = 0.01 Loss 1/250 Loss is L =0.031481172889471054 
lr = 0.01 Loss 2/250 Loss is L =0.023322319611907005 
lr = 0.01 Loss 3/250 Loss is L =0.02010977268218994 
lr = 0.01 Loss 4/250 Loss is L =0.018809840083122253 
lr = 0.01 Loss 5/250 Loss is L =0.015318733640015125 
lr = 0.01 Loss 6/250 Loss is L =0.01402487512677908 
lr = 0.01 Loss 7/250 Loss is L =0.014525984413921833 
lr = 0.01 Loss 8/250 Loss is L =0.011229808442294598 
lr = 0.01 Loss 9/250 Loss is L =0.010700814425945282 
lr = 0.01 Loss 10/250 Loss is L =0.010571041144430637 
lr = 0.01 Loss 11/250 Loss is L =0.010679756291210651 
lr = 0.01 Loss 12/250 Loss is L =0.009612460620701313 
lr = 0.01 Loss 13/250 Loss is L =0.009342167526483536 
lr = 0.01 Loss 14/250 Loss is L =0.009745621122419834 
lr = 0.01 Loss 15/250 Loss is L =0.009650975465774536 
lr = 0.01 Loss 16/250 Loss is L =0.008482093922793865 
lr = 0.01 Loss 17/250 Loss is L =0.00925367884337902 
lr = 0.01 Loss 18/250 Loss is L =0.008957430720329285 
lr = 0.01 Loss 19/250 Loss is L =0.007933174259960651 
lr = 0.01 Loss 20/250 Loss is L =0.00859204214066267 
lr = 0.01 Loss 21/250 Loss is L =0.008912977762520313 
lr = 0.01 Loss 22/250 Loss is L =0.007738334592431784 
lr = 0.01 Loss 23/250 Loss is L =0.008891711942851543 
lr = 0.01 Loss 24/250 Loss is L =0.007356345187872648 
lr = 0.01 Loss 25/250 Loss is L =0.007547060493379831 
lr = 0.01 Loss 26/250 Loss is L =0.008094944059848785 
lr = 0.01 Loss 27/250 Loss is L =0.00900642853230238 
lr = 0.01 Loss 28/250 Loss is L =0.008806098252534866 
lr = 0.01 Loss 29/250 Loss is L =0.008350769989192486 
lr = 0.01 Loss 30/250 Loss is L =0.009158948436379433 
lr = 0.01 Loss 31/250 Loss is L =0.009125412441790104 
lr = 0.01 Loss 32/250 Loss is L =0.008449630811810493 
lr = 0.01 Loss 33/250 Loss is L =0.007629416882991791 
lr = 0.01 Loss 34/250 Loss is L =0.008080965839326382 
lr = 0.01 Loss 35/250 Loss is L =0.008602394722402096 
lr = 0.01 Loss 36/250 Loss is L =0.007595935370773077 
lr = 0.01 Loss 37/250 Loss is L =0.008296884596347809 
lr = 0.01 Loss 38/250 Loss is L =0.00885678268969059 
lr = 0.01 Loss 39/250 Loss is L =0.007567092776298523 
lr = 0.01 Loss 40/250 Loss is L =0.008337120525538921 
lr = 0.01 Loss 41/250 Loss is L =0.008089371956884861 
lr = 0.01 Loss 42/250 Loss is L =0.007672456558793783 
lr = 0.01 Loss 43/250 Loss is L =0.008055907674133778 
lr = 0.01 Loss 44/250 Loss is L =0.007294190116226673 
lr = 0.01 Loss 45/250 Loss is L =0.008060449734330177 
lr = 0.01 Loss 46/250 Loss is L =0.00798854697495699 
lr = 0.01 Loss 47/250 Loss is L =0.008734496310353279 
lr = 0.01 Loss 48/250 Loss is L =0.007629015948623419 
lr = 0.01 Loss 49/250 Loss is L =0.008202383294701576 
lr = 0.01 Loss 50/250 Loss is L =0.009419982321560383 
lr = 0.01 Loss 51/250 Loss is L =0.007715743966400623 
lr = 0.01 Loss 52/250 Loss is L =0.007416886277496815 
lr = 0.01 Loss 53/250 Loss is L =0.007849684916436672 
lr = 0.01 Loss 54/250 Loss is L =0.0077683404088020325 
lr = 0.01 Loss 55/250 Loss is L =0.006661686580628157 
lr = 0.01 Loss 56/250 Loss is L =0.007500267121940851 
lr = 0.01 Loss 57/250 Loss is L =0.007191218435764313 
lr = 0.01 Loss 58/250 Loss is L =0.007947335951030254 
lr = 0.01 Loss 59/250 Loss is L =0.00720292329788208 
lr = 0.01 Loss 60/250 Loss is L =0.0067815701477229595 
lr = 0.01 Loss 61/250 Loss is L =0.007483636029064655 
lr = 0.01 Loss 62/250 Loss is L =0.007412813603878021 
lr = 0.01 Loss 63/250 Loss is L =0.008439832367002964 
lr = 0.01 Loss 64/250 Loss is L =0.007233330048620701 
lr = 0.01 Loss 65/250 Loss is L =0.0072742062620818615 
lr = 0.01 Loss 66/250 Loss is L =0.008219542913138866 
lr = 0.01 Loss 67/250 Loss is L =0.007721796631813049 
lr = 0.01 Loss 68/250 Loss is L =0.0076250843703746796 
lr = 0.01 Loss 69/250 Loss is L =0.007180897053331137 
lr = 0.01 Loss 70/250 Loss is L =0.0067807212471961975 
lr = 0.01 Loss 71/250 Loss is L =0.006823175586760044 
lr = 0.01 Loss 72/250 Loss is L =0.0075802928768098354 
lr = 0.01 Loss 73/250 Loss is L =0.0073456475511193275 
lr = 0.01 Loss 74/250 Loss is L =0.006361697800457478 
lr = 0.01 Loss 75/250 Loss is L =0.00804680772125721 
lr = 0.01 Loss 76/250 Loss is L =0.006705488543957472 
lr = 0.01 Loss 77/250 Loss is L =0.0070611401461064816 
lr = 0.01 Loss 78/250 Loss is L =0.006933850701898336 
lr = 0.01 Loss 79/250 Loss is L =0.007123302202671766 
lr = 0.01 Loss 80/250 Loss is L =0.007115259766578674 
lr = 0.01 Loss 81/250 Loss is L =0.006845058407634497 
lr = 0.01 Loss 82/250 Loss is L =0.007022980600595474 
lr = 0.01 Loss 83/250 Loss is L =0.00729592377319932 
lr = 0.01 Loss 84/250 Loss is L =0.006843150593340397 
lr = 0.01 Loss 85/250 Loss is L =0.006460785865783691 
lr = 0.01 Loss 86/250 Loss is L =0.0067710913717746735 
lr = 0.01 Loss 87/250 Loss is L =0.007068566977977753 
lr = 0.01 Loss 88/250 Loss is L =0.007712529506534338 
lr = 0.01 Loss 89/250 Loss is L =0.007706638425588608 
lr = 0.01 Loss 90/250 Loss is L =0.006978912744671106 
lr = 0.01 Loss 91/250 Loss is L =0.006923840846866369 
lr = 0.01 Loss 92/250 Loss is L =0.007047004532068968 
lr = 0.01 Loss 93/250 Loss is L =0.007307016756385565 
lr = 0.01 Loss 94/250 Loss is L =0.006863133516162634 
lr = 0.01 Loss 95/250 Loss is L =0.007222562562674284 
lr = 0.01 Loss 96/250 Loss is L =0.007172276731580496 
lr = 0.01 Loss 97/250 Loss is L =0.006913496647030115 
lr = 0.01 Loss 98/250 Loss is L =0.007987931370735168 
lr = 0.01 Loss 99/250 Loss is L =0.006671698298305273 
lr = 0.01 Loss 100/250 Loss is L =0.006474336143583059 
lr = 0.01 Loss 101/250 Loss is L =0.006960183382034302 
lr = 0.01 Loss 102/250 Loss is L =0.007273061666637659 
lr = 0.01 Loss 103/250 Loss is L =0.006422840990126133 
lr = 0.01 Loss 104/250 Loss is L =0.006867310497909784 
lr = 0.01 Loss 105/250 Loss is L =0.00633228337392211 
lr = 0.01 Loss 106/250 Loss is L =0.00692895008251071 
lr = 0.01 Loss 107/250 Loss is L =0.006580568850040436 
lr = 0.01 Loss 108/250 Loss is L =0.007677692919969559 
lr = 0.01 Loss 109/250 Loss is L =0.006659985985606909 
lr = 0.01 Loss 110/250 Loss is L =0.007245228625833988 
lr = 0.01 Loss 111/250 Loss is L =0.006989389192312956 
lr = 0.01 Loss 112/250 Loss is L =0.006588086485862732 
lr = 0.01 Loss 113/250 Loss is L =0.006186602637171745 
lr = 0.01 Loss 114/250 Loss is L =0.006901307497173548 
lr = 0.01 Loss 115/250 Loss is L =0.006116217467933893 
lr = 0.01 Loss 116/250 Loss is L =0.006768564227968454 
lr = 0.01 Loss 117/250 Loss is L =0.006162366829812527 
lr = 0.01 Loss 118/250 Loss is L =0.006506435107439756 
lr = 0.01 Loss 119/250 Loss is L =0.0068810745142400265 
lr = 0.01 Loss 120/250 Loss is L =0.006525167729705572 
lr = 0.01 Loss 121/250 Loss is L =0.007926039397716522 
lr = 0.01 Loss 122/250 Loss is L =0.007182200439274311 
lr = 0.01 Loss 123/250 Loss is L =0.006590935867279768 
lr = 0.01 Loss 124/250 Loss is L =0.006653863471001387 
lr = 0.01 Loss 125/250 Loss is L =0.006500232964754105 
lr = 0.01 Loss 126/250 Loss is L =0.007291998248547316 
lr = 0.01 Loss 127/250 Loss is L =0.006894090678542852 
lr = 0.01 Loss 128/250 Loss is L =0.007498383056372404 
lr = 0.01 Loss 129/250 Loss is L =0.007115862797945738 
lr = 0.01 Loss 130/250 Loss is L =0.0075444504618644714 
lr = 0.01 Loss 131/250 Loss is L =0.006588771939277649 
lr = 0.01 Loss 132/250 Loss is L =0.006943538784980774 
lr = 0.01 Loss 133/250 Loss is L =0.006944984197616577 
lr = 0.01 Loss 134/250 Loss is L =0.006263033486902714 
lr = 0.01 Loss 135/250 Loss is L =0.0059761181473731995 
lr = 0.01 Loss 136/250 Loss is L =0.005871160421520472 
lr = 0.01 Loss 137/250 Loss is L =0.007222781423479319 
lr = 0.01 Loss 138/250 Loss is L =0.006836464162915945 
lr = 0.01 Loss 139/250 Loss is L =0.006938676815479994 
lr = 0.01 Loss 140/250 Loss is L =0.007024925202131271 
lr = 0.01 Loss 141/250 Loss is L =0.006489531137049198 
lr = 0.01 Loss 142/250 Loss is L =0.007833994925022125 
lr = 0.01 Loss 143/250 Loss is L =0.006559857167303562 
lr = 0.01 Loss 144/250 Loss is L =0.006287075113505125 
lr = 0.01 Loss 145/250 Loss is L =0.006244172342121601 
lr = 0.01 Loss 146/250 Loss is L =0.006242681294679642 
lr = 0.01 Loss 147/250 Loss is L =0.007089190185070038 
lr = 0.01 Loss 148/250 Loss is L =0.006820029113441706 
lr = 0.01 Loss 149/250 Loss is L =0.007143715862184763 
lr = 0.01 Loss 150/250 Loss is L =0.006834269966930151 
lr = 0.01 Loss 151/250 Loss is L =0.007089070975780487 
lr = 0.01 Loss 152/250 Loss is L =0.006261718459427357 
lr = 0.01 Loss 153/250 Loss is L =0.0067771258763968945 
lr = 0.01 Loss 154/250 Loss is L =0.006357474718242884 
lr = 0.01 Loss 155/250 Loss is L =0.006511883344501257 
lr = 0.01 Loss 156/250 Loss is L =0.006864978466182947 
lr = 0.01 Loss 157/250 Loss is L =0.0073713078163564205 
lr = 0.01 Loss 158/250 Loss is L =0.006458357907831669 
lr = 0.01 Loss 159/250 Loss is L =0.0061921426095068455 
lr = 0.01 Loss 160/250 Loss is L =0.006541769485920668 
lr = 0.01 Loss 161/250 Loss is L =0.007384099066257477 
lr = 0.01 Loss 162/250 Loss is L =0.006684929132461548 
lr = 0.01 Loss 163/250 Loss is L =0.006649137940257788 
lr = 0.01 Loss 164/250 Loss is L =0.006973819341510534 
lr = 0.01 Loss 165/250 Loss is L =0.006784867029637098 
lr = 0.01 Loss 166/250 Loss is L =0.007418961729854345 
lr = 0.01 Loss 167/250 Loss is L =0.0064423964358866215 
lr = 0.01 Loss 168/250 Loss is L =0.00679248059168458 
lr = 0.01 Loss 169/250 Loss is L =0.00760632986202836 
lr = 0.01 Loss 170/250 Loss is L =0.007299396675080061 
lr = 0.01 Loss 171/250 Loss is L =0.00701345968991518 
lr = 0.01 Loss 172/250 Loss is L =0.007407877128571272 
lr = 0.01 Loss 173/250 Loss is L =0.006453163921833038 
lr = 0.01 Loss 174/250 Loss is L =0.006384207401424646 
lr = 0.01 Loss 175/250 Loss is L =0.0071842181496322155 
lr = 0.01 Loss 176/250 Loss is L =0.006149435881525278 
lr = 0.01 Loss 177/250 Loss is L =0.0064201015047729015 
lr = 0.01 Loss 178/250 Loss is L =0.006241853814572096 
lr = 0.01 Loss 179/250 Loss is L =0.0063769035041332245 
lr = 0.01 Loss 180/250 Loss is L =0.006619115825742483 
lr = 0.01 Loss 181/250 Loss is L =0.0066365450620651245 
lr = 0.01 Loss 182/250 Loss is L =0.007243300322443247 
lr = 0.01 Loss 183/250 Loss is L =0.006908129435032606 
lr = 0.01 Loss 184/250 Loss is L =0.006652393378317356 
lr = 0.01 Loss 185/250 Loss is L =0.006925077177584171 
lr = 0.01 Loss 186/250 Loss is L =0.006587828043848276 
lr = 0.01 Loss 187/250 Loss is L =0.0074776047840714455 
lr = 0.01 Loss 188/250 Loss is L =0.007499802857637405 
lr = 0.01 Loss 189/250 Loss is L =0.006358189973980188 
lr = 0.01 Loss 190/250 Loss is L =0.006075522396713495 
lr = 0.01 Loss 191/250 Loss is L =0.006489365827292204 
lr = 0.01 Loss 192/250 Loss is L =0.006329253315925598 
lr = 0.01 Loss 193/250 Loss is L =0.006609580013900995 
lr = 0.01 Loss 194/250 Loss is L =0.007082581520080566 
lr = 0.01 Loss 195/250 Loss is L =0.0067032030783593655 
lr = 0.01 Loss 196/250 Loss is L =0.006886908318847418 
lr = 0.01 Loss 197/250 Loss is L =0.007201289292424917 
lr = 0.01 Loss 198/250 Loss is L =0.006245176773518324 
lr = 0.01 Loss 199/250 Loss is L =0.0072899372316896915 
lr = 0.01 Loss 200/250 Loss is L =0.007226766552776098 
lr = 0.01 Loss 201/250 Loss is L =0.0060730441473424435 
lr = 0.01 Loss 202/250 Loss is L =0.006571447942405939 
lr = 0.01 Loss 203/250 Loss is L =0.006356523372232914 
lr = 0.01 Loss 204/250 Loss is L =0.006745264865458012 
lr = 0.01 Loss 205/250 Loss is L =0.007438373751938343 
lr = 0.01 Loss 206/250 Loss is L =0.006361855659633875 
lr = 0.01 Loss 207/250 Loss is L =0.006234596949070692 
lr = 0.01 Loss 208/250 Loss is L =0.0070721968077123165 
lr = 0.01 Loss 209/250 Loss is L =0.006819517817348242 
lr = 0.01 Loss 210/250 Loss is L =0.006065977271646261 
lr = 0.01 Loss 211/250 Loss is L =0.006329154130071402 
lr = 0.01 Loss 212/250 Loss is L =0.0062954844906926155 
lr = 0.01 Loss 213/250 Loss is L =0.006965942680835724 
lr = 0.01 Loss 214/250 Loss is L =0.006729400251060724 
lr = 0.01 Loss 215/250 Loss is L =0.006400201003998518 
lr = 0.01 Loss 216/250 Loss is L =0.006367447320371866 
lr = 0.01 Loss 217/250 Loss is L =0.0067481412552297115 
lr = 0.01 Loss 218/250 Loss is L =0.006536073982715607 
lr = 0.01 Loss 219/250 Loss is L =0.006512586027383804 
lr = 0.01 Loss 220/250 Loss is L =0.0068444060161709785 
lr = 0.01 Loss 221/250 Loss is L =0.006852603051811457 
lr = 0.01 Loss 222/250 Loss is L =0.007103250827640295 
lr = 0.01 Loss 223/250 Loss is L =0.006433954928070307 
lr = 0.01 Loss 224/250 Loss is L =0.0068764942698180676 
lr = 0.01 Loss 225/250 Loss is L =0.006264224648475647 
lr = 0.01 Loss 226/250 Loss is L =0.006412859540432692 
lr = 0.01 Loss 227/250 Loss is L =0.006505330093204975 
lr = 0.01 Loss 228/250 Loss is L =0.006326949689537287 
lr = 0.01 Loss 229/250 Loss is L =0.0065322937443852425 
lr = 0.01 Loss 230/250 Loss is L =0.006479993462562561 
lr = 0.01 Loss 231/250 Loss is L =0.007176464889198542 
lr = 0.01 Loss 232/250 Loss is L =0.0067868903279304504 
lr = 0.01 Loss 233/250 Loss is L =0.006910732481628656 
lr = 0.01 Loss 234/250 Loss is L =0.007030119188129902 
lr = 0.01 Loss 235/250 Loss is L =0.006390751805156469 
lr = 0.01 Loss 236/250 Loss is L =0.00686210161074996 
lr = 0.01 Loss 237/250 Loss is L =0.00669658649712801 
lr = 0.01 Loss 238/250 Loss is L =0.007192124612629414 
lr = 0.01 Loss 239/250 Loss is L =0.006854030769318342 
lr = 0.01 Loss 240/250 Loss is L =0.007364246528595686 
lr = 0.01 Loss 241/250 Loss is L =0.006760530173778534 
lr = 0.01 Loss 242/250 Loss is L =0.0077147106640040874 
lr = 0.01 Loss 243/250 Loss is L =0.007047298830002546 
lr = 0.01 Loss 244/250 Loss is L =0.006880725268274546 
lr = 0.01 Loss 245/250 Loss is L =0.007569827139377594 
lr = 0.01 Loss 246/250 Loss is L =0.006555639207363129 
lr = 0.01 Loss 247/250 Loss is L =0.0066764564253389835 
lr = 0.01 Loss 248/250 Loss is L =0.006648392882198095 
lr = 0.01 Loss 249/250 Loss is L =0.006811162922531366 
lr = 0.01 Loss 250/250 Loss is L =0.005991991609334946 
lr = 0.5 Loss 1/250 Loss is L =0.10338202863931656 
lr = 0.5 Loss 2/250 Loss is L =0.09824201464653015 
lr = 0.5 Loss 3/250 Loss is L =0.10148041695356369 
lr = 0.5 Loss 4/250 Loss is L =0.09011822938919067 
lr = 0.5 Loss 5/250 Loss is L =0.09504660964012146 
lr = 0.5 Loss 6/250 Loss is L =0.08954669535160065 
lr = 0.5 Loss 7/250 Loss is L =0.08494214713573456 
lr = 0.5 Loss 8/250 Loss is L =0.09347816556692123 
lr = 0.5 Loss 9/250 Loss is L =0.09659548103809357 
lr = 0.5 Loss 10/250 Loss is L =0.09018130600452423 
lr = 0.5 Loss 11/250 Loss is L =0.09597311168909073 
lr = 0.5 Loss 12/250 Loss is L =0.09746583551168442 
lr = 0.5 Loss 13/250 Loss is L =0.1029837504029274 
lr = 0.5 Loss 14/250 Loss is L =0.08958709239959717 
lr = 0.5 Loss 15/250 Loss is L =0.10048653930425644 
lr = 0.5 Loss 16/250 Loss is L =0.09306321293115616 
lr = 0.5 Loss 17/250 Loss is L =0.0917019471526146 
lr = 0.5 Loss 18/250 Loss is L =0.09549397230148315 
lr = 0.5 Loss 19/250 Loss is L =0.09561409801244736 
lr = 0.5 Loss 20/250 Loss is L =0.09464450180530548 
lr = 0.5 Loss 21/250 Loss is L =0.092515729367733 
lr = 0.5 Loss 22/250 Loss is L =0.10539114475250244 
lr = 0.5 Loss 23/250 Loss is L =0.0950407087802887 
lr = 0.5 Loss 24/250 Loss is L =0.08609110862016678 
lr = 0.5 Loss 25/250 Loss is L =0.08514540642499924 
lr = 0.5 Loss 26/250 Loss is L =0.09509741514921188 
lr = 0.5 Loss 27/250 Loss is L =0.08128587901592255 
lr = 0.5 Loss 28/250 Loss is L =0.08877187967300415 
lr = 0.5 Loss 29/250 Loss is L =0.08921518921852112 
lr = 0.5 Loss 30/250 Loss is L =0.08831826597452164 
lr = 0.5 Loss 31/250 Loss is L =0.08614194393157959 
lr = 0.5 Loss 32/250 Loss is L =0.07068135589361191 
lr = 0.5 Loss 33/250 Loss is L =0.06516078859567642 
lr = 0.5 Loss 34/250 Loss is L =0.058687806129455566 
lr = 0.5 Loss 35/250 Loss is L =0.06361764669418335 
lr = 0.5 Loss 36/250 Loss is L =0.06668491661548615 
lr = 0.5 Loss 37/250 Loss is L =0.06359148025512695 
lr = 0.5 Loss 38/250 Loss is L =0.06497236341238022 
lr = 0.5 Loss 39/250 Loss is L =0.061291176825761795 
lr = 0.5 Loss 40/250 Loss is L =0.06576951593160629 
lr = 0.5 Loss 41/250 Loss is L =0.06379301846027374 
lr = 0.5 Loss 42/250 Loss is L =0.06473318487405777 
lr = 0.5 Loss 43/250 Loss is L =0.0659395381808281 
lr = 0.5 Loss 44/250 Loss is L =0.06350366026163101 
lr = 0.5 Loss 45/250 Loss is L =0.0645010694861412 
lr = 0.5 Loss 46/250 Loss is L =0.06926167011260986 
lr = 0.5 Loss 47/250 Loss is L =0.06605540215969086 
lr = 0.5 Loss 48/250 Loss is L =0.06731896847486496 
lr = 0.5 Loss 49/250 Loss is L =0.06902220845222473 
lr = 0.5 Loss 50/250 Loss is L =0.06166356801986694 
lr = 0.5 Loss 51/250 Loss is L =0.0656944066286087 
lr = 0.5 Loss 52/250 Loss is L =0.05909091234207153 
lr = 0.5 Loss 53/250 Loss is L =0.06504358351230621 
lr = 0.5 Loss 54/250 Loss is L =0.06105377897620201 
lr = 0.5 Loss 55/250 Loss is L =0.06780507415533066 
lr = 0.5 Loss 56/250 Loss is L =0.06997234374284744 
lr = 0.5 Loss 57/250 Loss is L =0.06270727515220642 
lr = 0.5 Loss 58/250 Loss is L =0.06929042190313339 
lr = 0.5 Loss 59/250 Loss is L =0.060951437801122665 
lr = 0.5 Loss 60/250 Loss is L =0.06372376531362534 
lr = 0.5 Loss 61/250 Loss is L =0.06571176648139954 
lr = 0.5 Loss 62/250 Loss is L =0.058598846197128296 
lr = 0.5 Loss 63/250 Loss is L =0.0640048161149025 
lr = 0.5 Loss 64/250 Loss is L =0.06765570491552353 
lr = 0.5 Loss 65/250 Loss is L =0.06715501844882965 
lr = 0.5 Loss 66/250 Loss is L =0.06973571330308914 
lr = 0.5 Loss 67/250 Loss is L =0.06368497759103775 
lr = 0.5 Loss 68/250 Loss is L =0.06533098965883255 
lr = 0.5 Loss 69/250 Loss is L =0.0645662322640419 
lr = 0.5 Loss 70/250 Loss is L =0.06718643754720688 
lr = 0.5 Loss 71/250 Loss is L =0.068133145570755 
lr = 0.5 Loss 72/250 Loss is L =0.0595705583691597 
lr = 0.5 Loss 73/250 Loss is L =0.06100555881857872 
lr = 0.5 Loss 74/250 Loss is L =0.06555365025997162 
lr = 0.5 Loss 75/250 Loss is L =0.06421617418527603 
lr = 0.5 Loss 76/250 Loss is L =0.05874593183398247 
lr = 0.5 Loss 77/250 Loss is L =0.06276365369558334 
lr = 0.5 Loss 78/250 Loss is L =0.06416911631822586 
lr = 0.5 Loss 79/250 Loss is L =0.07229539006948471 
lr = 0.5 Loss 80/250 Loss is L =0.06570518761873245 
lr = 0.5 Loss 81/250 Loss is L =0.06691781431436539 
lr = 0.5 Loss 82/250 Loss is L =0.06224384531378746 
lr = 0.5 Loss 83/250 Loss is L =0.06768038123846054 
lr = 0.5 Loss 84/250 Loss is L =0.06378500908613205 
lr = 0.5 Loss 85/250 Loss is L =0.06332653015851974 
lr = 0.5 Loss 86/250 Loss is L =0.06863578408956528 
lr = 0.5 Loss 87/250 Loss is L =0.06451336294412613 
lr = 0.5 Loss 88/250 Loss is L =0.06664680689573288 
lr = 0.5 Loss 89/250 Loss is L =0.06832411140203476 
lr = 0.5 Loss 90/250 Loss is L =0.06307556480169296 
lr = 0.5 Loss 91/250 Loss is L =0.068142831325531 
lr = 0.5 Loss 92/250 Loss is L =0.0689612552523613 
lr = 0.5 Loss 93/250 Loss is L =0.061296939849853516 
lr = 0.5 Loss 94/250 Loss is L =0.06732410192489624 
lr = 0.5 Loss 95/250 Loss is L =0.06763490289449692 
lr = 0.5 Loss 96/250 Loss is L =0.06445768475532532 
lr = 0.5 Loss 97/250 Loss is L =0.07417172938585281 
lr = 0.5 Loss 98/250 Loss is L =0.06853951513767242 
lr = 0.5 Loss 99/250 Loss is L =0.07350517809391022 
lr = 0.5 Loss 100/250 Loss is L =0.06974468380212784 
lr = 0.5 Loss 101/250 Loss is L =0.0672587901353836 
lr = 0.5 Loss 102/250 Loss is L =0.06685621291399002 
lr = 0.5 Loss 103/250 Loss is L =0.06323777884244919 
lr = 0.5 Loss 104/250 Loss is L =0.06256016343832016 
lr = 0.5 Loss 105/250 Loss is L =0.06252246350049973 
lr = 0.5 Loss 106/250 Loss is L =0.06211261823773384 
lr = 0.5 Loss 107/250 Loss is L =0.0646369606256485 
lr = 0.5 Loss 108/250 Loss is L =0.06595455855131149 
lr = 0.5 Loss 109/250 Loss is L =0.06495122611522675 
lr = 0.5 Loss 110/250 Loss is L =0.06289472430944443 
lr = 0.5 Loss 111/250 Loss is L =0.06190330907702446 
lr = 0.5 Loss 112/250 Loss is L =0.06283092498779297 
lr = 0.5 Loss 113/250 Loss is L =0.06116028502583504 
lr = 0.5 Loss 114/250 Loss is L =0.05979855731129646 
lr = 0.5 Loss 115/250 Loss is L =0.06301521509885788 
lr = 0.5 Loss 116/250 Loss is L =0.06324218958616257 
lr = 0.5 Loss 117/250 Loss is L =0.0660003051161766 
lr = 0.5 Loss 118/250 Loss is L =0.06744637340307236 
lr = 0.5 Loss 119/250 Loss is L =0.06563378870487213 
lr = 0.5 Loss 120/250 Loss is L =0.06669661402702332 
lr = 0.5 Loss 121/250 Loss is L =0.06073112040758133 
lr = 0.5 Loss 122/250 Loss is L =0.0644744262099266 
lr = 0.5 Loss 123/250 Loss is L =0.07203380018472672 
lr = 0.5 Loss 124/250 Loss is L =0.07007984071969986 
lr = 0.5 Loss 125/250 Loss is L =0.06591390073299408 
lr = 0.5 Loss 126/250 Loss is L =0.06515432149171829 
lr = 0.5 Loss 127/250 Loss is L =0.05946747213602066 
lr = 0.5 Loss 128/250 Loss is L =0.06456349045038223 
lr = 0.5 Loss 129/250 Loss is L =0.05929906293749809 
lr = 0.5 Loss 130/250 Loss is L =0.06669235229492188 
lr = 0.5 Loss 131/250 Loss is L =0.06372985243797302 
lr = 0.5 Loss 132/250 Loss is L =0.06144498661160469 
lr = 0.5 Loss 133/250 Loss is L =0.057245444506406784 
lr = 0.5 Loss 134/250 Loss is L =0.06440138071775436 
lr = 0.5 Loss 135/250 Loss is L =0.06406332552433014 
lr = 0.5 Loss 136/250 Loss is L =0.06249554827809334 
lr = 0.5 Loss 137/250 Loss is L =0.06200244650244713 
lr = 0.5 Loss 138/250 Loss is L =0.06627760827541351 
lr = 0.5 Loss 139/250 Loss is L =0.06288161128759384 
lr = 0.5 Loss 140/250 Loss is L =0.06656359881162643 
lr = 0.5 Loss 141/250 Loss is L =0.0645233616232872 
lr = 0.5 Loss 142/250 Loss is L =0.06362521648406982 
lr = 0.5 Loss 143/250 Loss is L =0.060610730201005936 
lr = 0.5 Loss 144/250 Loss is L =0.061124563217163086 
lr = 0.5 Loss 145/250 Loss is L =0.06318215280771255 
lr = 0.5 Loss 146/250 Loss is L =0.06546181440353394 
lr = 0.5 Loss 147/250 Loss is L =0.061838727444410324 
lr = 0.5 Loss 148/250 Loss is L =0.06271716952323914 
lr = 0.5 Loss 149/250 Loss is L =0.07171033322811127 
lr = 0.5 Loss 150/250 Loss is L =0.06484837830066681 
lr = 0.5 Loss 151/250 Loss is L =0.06473689526319504 
lr = 0.5 Loss 152/250 Loss is L =0.06337028741836548 
lr = 0.5 Loss 153/250 Loss is L =0.06585124135017395 
lr = 0.5 Loss 154/250 Loss is L =0.062087107449769974 
lr = 0.5 Loss 155/250 Loss is L =0.062196195125579834 
lr = 0.5 Loss 156/250 Loss is L =0.06856723129749298 
lr = 0.5 Loss 157/250 Loss is L =0.06428122520446777 
lr = 0.5 Loss 158/250 Loss is L =0.06400425732135773 
lr = 0.5 Loss 159/250 Loss is L =0.06365466862916946 
lr = 0.5 Loss 160/250 Loss is L =0.06466574221849442 
lr = 0.5 Loss 161/250 Loss is L =0.06184113770723343 
lr = 0.5 Loss 162/250 Loss is L =0.060611188411712646 
lr = 0.5 Loss 163/250 Loss is L =0.06173370033502579 
lr = 0.5 Loss 164/250 Loss is L =0.06478112190961838 
lr = 0.5 Loss 165/250 Loss is L =0.06681454926729202 
lr = 0.5 Loss 166/250 Loss is L =0.06241973862051964 
lr = 0.5 Loss 167/250 Loss is L =0.06373684108257294 
lr = 0.5 Loss 168/250 Loss is L =0.06225014850497246 
lr = 0.5 Loss 169/250 Loss is L =0.06678732484579086 
lr = 0.5 Loss 170/250 Loss is L =0.06070767715573311 
lr = 0.5 Loss 171/250 Loss is L =0.06648188829421997 
lr = 0.5 Loss 172/250 Loss is L =0.06520658731460571 
lr = 0.5 Loss 173/250 Loss is L =0.06019104644656181 
lr = 0.5 Loss 174/250 Loss is L =0.06205276399850845 
lr = 0.5 Loss 175/250 Loss is L =0.06252791732549667 
lr = 0.5 Loss 176/250 Loss is L =0.07269921153783798 
lr = 0.5 Loss 177/250 Loss is L =0.07011502981185913 
lr = 0.5 Loss 178/250 Loss is L =0.058487918227910995 
lr = 0.5 Loss 179/250 Loss is L =0.0583835132420063 
lr = 0.5 Loss 180/250 Loss is L =0.06848873198032379 
lr = 0.5 Loss 181/250 Loss is L =0.059770163148641586 
lr = 0.5 Loss 182/250 Loss is L =0.06323879212141037 
lr = 0.5 Loss 183/250 Loss is L =0.05836101993918419 
lr = 0.5 Loss 184/250 Loss is L =0.0604933500289917 
lr = 0.5 Loss 185/250 Loss is L =0.06385563313961029 
lr = 0.5 Loss 186/250 Loss is L =0.06280802935361862 
lr = 0.5 Loss 187/250 Loss is L =0.06055977940559387 
lr = 0.5 Loss 188/250 Loss is L =0.06066984683275223 
lr = 0.5 Loss 189/250 Loss is L =0.0628962442278862 
lr = 0.5 Loss 190/250 Loss is L =0.06434150785207748 
lr = 0.5 Loss 191/250 Loss is L =0.06283801048994064 
lr = 0.5 Loss 192/250 Loss is L =0.06332995742559433 
lr = 0.5 Loss 193/250 Loss is L =0.057468920946121216 
lr = 0.5 Loss 194/250 Loss is L =0.06377243995666504 
lr = 0.5 Loss 195/250 Loss is L =0.06753691285848618 
lr = 0.5 Loss 196/250 Loss is L =0.06610122323036194 
lr = 0.5 Loss 197/250 Loss is L =0.06373578310012817 
lr = 0.5 Loss 198/250 Loss is L =0.05763108283281326 
lr = 0.5 Loss 199/250 Loss is L =0.061989445239305496 
lr = 0.5 Loss 200/250 Loss is L =0.06180930137634277 
lr = 0.5 Loss 201/250 Loss is L =0.06252844631671906 
lr = 0.5 Loss 202/250 Loss is L =0.06220327690243721 
lr = 0.5 Loss 203/250 Loss is L =0.05722496658563614 
lr = 0.5 Loss 204/250 Loss is L =0.06569328904151917 
lr = 0.5 Loss 205/250 Loss is L =0.06639029830694199 
lr = 0.5 Loss 206/250 Loss is L =0.06462129205465317 
lr = 0.5 Loss 207/250 Loss is L =0.0629250705242157 
lr = 0.5 Loss 208/250 Loss is L =0.06771918386220932 
lr = 0.5 Loss 209/250 Loss is L =0.06704472750425339 
lr = 0.5 Loss 210/250 Loss is L =0.060278501361608505 
lr = 0.5 Loss 211/250 Loss is L =0.0670141950249672 
lr = 0.5 Loss 212/250 Loss is L =0.06126479059457779 
lr = 0.5 Loss 213/250 Loss is L =0.06318230926990509 
lr = 0.5 Loss 214/250 Loss is L =0.060315217822790146 
lr = 0.5 Loss 215/250 Loss is L =0.06721595674753189 
lr = 0.5 Loss 216/250 Loss is L =0.0634831115603447 
lr = 0.5 Loss 217/250 Loss is L =0.06403665244579315 
lr = 0.5 Loss 218/250 Loss is L =0.06498079746961594 
lr = 0.5 Loss 219/250 Loss is L =0.06837214529514313 
lr = 0.5 Loss 220/250 Loss is L =0.0617072694003582 
lr = 0.5 Loss 221/250 Loss is L =0.06345701217651367 
lr = 0.5 Loss 222/250 Loss is L =0.0626424252986908 
lr = 0.5 Loss 223/250 Loss is L =0.06852193176746368 
lr = 0.5 Loss 224/250 Loss is L =0.0667293593287468 
lr = 0.5 Loss 225/250 Loss is L =0.06474903970956802 
lr = 0.5 Loss 226/250 Loss is L =0.06646128743886948 
lr = 0.5 Loss 227/250 Loss is L =0.06483318656682968 
lr = 0.5 Loss 228/250 Loss is L =0.06688319891691208 
lr = 0.5 Loss 229/250 Loss is L =0.06419654935598373 
lr = 0.5 Loss 230/250 Loss is L =0.06012941524386406 
lr = 0.5 Loss 231/250 Loss is L =0.05916876345872879 
lr = 0.5 Loss 232/250 Loss is L =0.06469402462244034 
lr = 0.5 Loss 233/250 Loss is L =0.06878101080656052 
lr = 0.5 Loss 234/250 Loss is L =0.061635423451662064 
lr = 0.5 Loss 235/250 Loss is L =0.06625290960073471 
lr = 0.5 Loss 236/250 Loss is L =0.06182808801531792 
lr = 0.5 Loss 237/250 Loss is L =0.0692751333117485 
lr = 0.5 Loss 238/250 Loss is L =0.061404284089803696 
lr = 0.5 Loss 239/250 Loss is L =0.06372655928134918 
lr = 0.5 Loss 240/250 Loss is L =0.06771153956651688 
lr = 0.5 Loss 241/250 Loss is L =0.0640183612704277 
lr = 0.5 Loss 242/250 Loss is L =0.062139321118593216 
lr = 0.5 Loss 243/250 Loss is L =0.06215769052505493 
lr = 0.5 Loss 244/250 Loss is L =0.06522122025489807 
lr = 0.5 Loss 245/250 Loss is L =0.06251005083322525 
lr = 0.5 Loss 246/250 Loss is L =0.05956226587295532 
lr = 0.5 Loss 247/250 Loss is L =0.06347166746854782 
lr = 0.5 Loss 248/250 Loss is L =0.06493326276540756 
lr = 0.5 Loss 249/250 Loss is L =0.06555462628602982 
lr = 0.5 Loss 250/250 Loss is L =0.05949357897043228 
